[2024-12-09T05:09:17.001+0000] {processor.py:186} INFO - Started process (PID=145) to work on /home/airflow/.local/lib/python3.12/site-packages/airflow/example_dags/example_sensors.py
[2024-12-09T05:09:17.001+0000] {processor.py:914} INFO - Processing file /home/airflow/.local/lib/python3.12/site-packages/airflow/example_dags/example_sensors.py for tasks to queue
[2024-12-09T05:09:17.002+0000] {logging_mixin.py:190} INFO - [2024-12-09T05:09:17.002+0000] {dagbag.py:588} INFO - Filling up the DagBag from /home/airflow/.local/lib/python3.12/site-packages/airflow/example_dags/example_sensors.py
[2024-12-09T05:09:17.009+0000] {processor.py:925} INFO - DAG(s) 'example_sensors' retrieved from /home/airflow/.local/lib/python3.12/site-packages/airflow/example_dags/example_sensors.py
[2024-12-09T05:09:17.023+0000] {logging_mixin.py:190} INFO - [2024-12-09T05:09:17.023+0000] {dag.py:3239} INFO - Sync 1 DAGs
[2024-12-09T05:09:17.030+0000] {logging_mixin.py:190} INFO - [2024-12-09T05:09:17.030+0000] {dag.py:4180} INFO - Setting next_dagrun for example_sensors to None, run_after=None
[2024-12-09T05:09:17.040+0000] {processor.py:208} INFO - Processing /home/airflow/.local/lib/python3.12/site-packages/airflow/example_dags/example_sensors.py took 0.042 seconds
[2024-12-09T05:09:47.675+0000] {processor.py:186} INFO - Started process (PID=208) to work on /home/airflow/.local/lib/python3.12/site-packages/airflow/example_dags/example_sensors.py
[2024-12-09T05:09:47.676+0000] {processor.py:914} INFO - Processing file /home/airflow/.local/lib/python3.12/site-packages/airflow/example_dags/example_sensors.py for tasks to queue
[2024-12-09T05:09:47.677+0000] {logging_mixin.py:190} INFO - [2024-12-09T05:09:47.677+0000] {dagbag.py:588} INFO - Filling up the DagBag from /home/airflow/.local/lib/python3.12/site-packages/airflow/example_dags/example_sensors.py
[2024-12-09T05:09:47.682+0000] {processor.py:925} INFO - DAG(s) 'example_sensors' retrieved from /home/airflow/.local/lib/python3.12/site-packages/airflow/example_dags/example_sensors.py
[2024-12-09T05:09:47.695+0000] {logging_mixin.py:190} INFO - [2024-12-09T05:09:47.695+0000] {dag.py:3239} INFO - Sync 1 DAGs
[2024-12-09T05:09:47.703+0000] {logging_mixin.py:190} INFO - [2024-12-09T05:09:47.702+0000] {dag.py:4180} INFO - Setting next_dagrun for example_sensors to None, run_after=None
[2024-12-09T05:09:47.712+0000] {processor.py:208} INFO - Processing /home/airflow/.local/lib/python3.12/site-packages/airflow/example_dags/example_sensors.py took 0.040 seconds
[2024-12-09T05:10:18.298+0000] {processor.py:186} INFO - Started process (PID=271) to work on /home/airflow/.local/lib/python3.12/site-packages/airflow/example_dags/example_sensors.py
[2024-12-09T05:10:18.298+0000] {processor.py:914} INFO - Processing file /home/airflow/.local/lib/python3.12/site-packages/airflow/example_dags/example_sensors.py for tasks to queue
[2024-12-09T05:10:18.300+0000] {logging_mixin.py:190} INFO - [2024-12-09T05:10:18.300+0000] {dagbag.py:588} INFO - Filling up the DagBag from /home/airflow/.local/lib/python3.12/site-packages/airflow/example_dags/example_sensors.py
[2024-12-09T05:10:18.306+0000] {processor.py:925} INFO - DAG(s) 'example_sensors' retrieved from /home/airflow/.local/lib/python3.12/site-packages/airflow/example_dags/example_sensors.py
[2024-12-09T05:10:18.319+0000] {logging_mixin.py:190} INFO - [2024-12-09T05:10:18.319+0000] {dag.py:3239} INFO - Sync 1 DAGs
[2024-12-09T05:10:18.327+0000] {logging_mixin.py:190} INFO - [2024-12-09T05:10:18.327+0000] {dag.py:4180} INFO - Setting next_dagrun for example_sensors to None, run_after=None
[2024-12-09T05:10:18.336+0000] {processor.py:208} INFO - Processing /home/airflow/.local/lib/python3.12/site-packages/airflow/example_dags/example_sensors.py took 0.041 seconds
[2024-12-09T05:10:48.974+0000] {processor.py:186} INFO - Started process (PID=334) to work on /home/airflow/.local/lib/python3.12/site-packages/airflow/example_dags/example_sensors.py
[2024-12-09T05:10:48.974+0000] {processor.py:914} INFO - Processing file /home/airflow/.local/lib/python3.12/site-packages/airflow/example_dags/example_sensors.py for tasks to queue
[2024-12-09T05:10:48.976+0000] {logging_mixin.py:190} INFO - [2024-12-09T05:10:48.975+0000] {dagbag.py:588} INFO - Filling up the DagBag from /home/airflow/.local/lib/python3.12/site-packages/airflow/example_dags/example_sensors.py
[2024-12-09T05:10:48.981+0000] {processor.py:925} INFO - DAG(s) 'example_sensors' retrieved from /home/airflow/.local/lib/python3.12/site-packages/airflow/example_dags/example_sensors.py
[2024-12-09T05:10:48.996+0000] {logging_mixin.py:190} INFO - [2024-12-09T05:10:48.995+0000] {dag.py:3239} INFO - Sync 1 DAGs
[2024-12-09T05:10:49.003+0000] {logging_mixin.py:190} INFO - [2024-12-09T05:10:49.003+0000] {dag.py:4180} INFO - Setting next_dagrun for example_sensors to None, run_after=None
[2024-12-09T05:10:49.013+0000] {processor.py:208} INFO - Processing /home/airflow/.local/lib/python3.12/site-packages/airflow/example_dags/example_sensors.py took 0.043 seconds
[2024-12-09T05:11:19.610+0000] {processor.py:186} INFO - Started process (PID=396) to work on /home/airflow/.local/lib/python3.12/site-packages/airflow/example_dags/example_sensors.py
[2024-12-09T05:11:19.611+0000] {processor.py:914} INFO - Processing file /home/airflow/.local/lib/python3.12/site-packages/airflow/example_dags/example_sensors.py for tasks to queue
[2024-12-09T05:11:19.612+0000] {logging_mixin.py:190} INFO - [2024-12-09T05:11:19.612+0000] {dagbag.py:588} INFO - Filling up the DagBag from /home/airflow/.local/lib/python3.12/site-packages/airflow/example_dags/example_sensors.py
[2024-12-09T05:11:19.618+0000] {processor.py:925} INFO - DAG(s) 'example_sensors' retrieved from /home/airflow/.local/lib/python3.12/site-packages/airflow/example_dags/example_sensors.py
[2024-12-09T05:11:19.631+0000] {logging_mixin.py:190} INFO - [2024-12-09T05:11:19.631+0000] {dag.py:3239} INFO - Sync 1 DAGs
[2024-12-09T05:11:19.638+0000] {logging_mixin.py:190} INFO - [2024-12-09T05:11:19.638+0000] {dag.py:4180} INFO - Setting next_dagrun for example_sensors to None, run_after=None
[2024-12-09T05:11:19.647+0000] {processor.py:208} INFO - Processing /home/airflow/.local/lib/python3.12/site-packages/airflow/example_dags/example_sensors.py took 0.040 seconds
[2024-12-09T05:11:50.314+0000] {processor.py:186} INFO - Started process (PID=459) to work on /home/airflow/.local/lib/python3.12/site-packages/airflow/example_dags/example_sensors.py
[2024-12-09T05:11:50.315+0000] {processor.py:914} INFO - Processing file /home/airflow/.local/lib/python3.12/site-packages/airflow/example_dags/example_sensors.py for tasks to queue
[2024-12-09T05:11:50.316+0000] {logging_mixin.py:190} INFO - [2024-12-09T05:11:50.316+0000] {dagbag.py:588} INFO - Filling up the DagBag from /home/airflow/.local/lib/python3.12/site-packages/airflow/example_dags/example_sensors.py
[2024-12-09T05:11:50.322+0000] {processor.py:925} INFO - DAG(s) 'example_sensors' retrieved from /home/airflow/.local/lib/python3.12/site-packages/airflow/example_dags/example_sensors.py
[2024-12-09T05:11:50.335+0000] {logging_mixin.py:190} INFO - [2024-12-09T05:11:50.335+0000] {dag.py:3239} INFO - Sync 1 DAGs
[2024-12-09T05:11:50.342+0000] {logging_mixin.py:190} INFO - [2024-12-09T05:11:50.342+0000] {dag.py:4180} INFO - Setting next_dagrun for example_sensors to None, run_after=None
[2024-12-09T05:11:50.352+0000] {processor.py:208} INFO - Processing /home/airflow/.local/lib/python3.12/site-packages/airflow/example_dags/example_sensors.py took 0.041 seconds
[2024-12-09T05:12:20.913+0000] {processor.py:186} INFO - Started process (PID=523) to work on /home/airflow/.local/lib/python3.12/site-packages/airflow/example_dags/example_sensors.py
[2024-12-09T05:12:20.913+0000] {processor.py:914} INFO - Processing file /home/airflow/.local/lib/python3.12/site-packages/airflow/example_dags/example_sensors.py for tasks to queue
[2024-12-09T05:12:20.915+0000] {logging_mixin.py:190} INFO - [2024-12-09T05:12:20.915+0000] {dagbag.py:588} INFO - Filling up the DagBag from /home/airflow/.local/lib/python3.12/site-packages/airflow/example_dags/example_sensors.py
[2024-12-09T05:12:20.921+0000] {processor.py:925} INFO - DAG(s) 'example_sensors' retrieved from /home/airflow/.local/lib/python3.12/site-packages/airflow/example_dags/example_sensors.py
[2024-12-09T05:12:20.936+0000] {logging_mixin.py:190} INFO - [2024-12-09T05:12:20.936+0000] {dag.py:3239} INFO - Sync 1 DAGs
[2024-12-09T05:12:20.944+0000] {logging_mixin.py:190} INFO - [2024-12-09T05:12:20.944+0000] {dag.py:4180} INFO - Setting next_dagrun for example_sensors to None, run_after=None
[2024-12-09T05:12:20.954+0000] {processor.py:208} INFO - Processing /home/airflow/.local/lib/python3.12/site-packages/airflow/example_dags/example_sensors.py took 0.045 seconds
[2024-12-09T05:12:51.547+0000] {processor.py:186} INFO - Started process (PID=587) to work on /home/airflow/.local/lib/python3.12/site-packages/airflow/example_dags/example_sensors.py
[2024-12-09T05:12:51.548+0000] {processor.py:914} INFO - Processing file /home/airflow/.local/lib/python3.12/site-packages/airflow/example_dags/example_sensors.py for tasks to queue
[2024-12-09T05:12:51.549+0000] {logging_mixin.py:190} INFO - [2024-12-09T05:12:51.549+0000] {dagbag.py:588} INFO - Filling up the DagBag from /home/airflow/.local/lib/python3.12/site-packages/airflow/example_dags/example_sensors.py
[2024-12-09T05:12:51.555+0000] {processor.py:925} INFO - DAG(s) 'example_sensors' retrieved from /home/airflow/.local/lib/python3.12/site-packages/airflow/example_dags/example_sensors.py
[2024-12-09T05:12:51.569+0000] {logging_mixin.py:190} INFO - [2024-12-09T05:12:51.568+0000] {dag.py:3239} INFO - Sync 1 DAGs
[2024-12-09T05:12:51.576+0000] {logging_mixin.py:190} INFO - [2024-12-09T05:12:51.576+0000] {dag.py:4180} INFO - Setting next_dagrun for example_sensors to None, run_after=None
[2024-12-09T05:12:51.585+0000] {processor.py:208} INFO - Processing /home/airflow/.local/lib/python3.12/site-packages/airflow/example_dags/example_sensors.py took 0.041 seconds
[2024-12-09T05:13:22.234+0000] {processor.py:186} INFO - Started process (PID=649) to work on /home/airflow/.local/lib/python3.12/site-packages/airflow/example_dags/example_sensors.py
[2024-12-09T05:13:22.235+0000] {processor.py:914} INFO - Processing file /home/airflow/.local/lib/python3.12/site-packages/airflow/example_dags/example_sensors.py for tasks to queue
[2024-12-09T05:13:22.237+0000] {logging_mixin.py:190} INFO - [2024-12-09T05:13:22.236+0000] {dagbag.py:588} INFO - Filling up the DagBag from /home/airflow/.local/lib/python3.12/site-packages/airflow/example_dags/example_sensors.py
[2024-12-09T05:13:22.243+0000] {processor.py:925} INFO - DAG(s) 'example_sensors' retrieved from /home/airflow/.local/lib/python3.12/site-packages/airflow/example_dags/example_sensors.py
[2024-12-09T05:13:22.258+0000] {logging_mixin.py:190} INFO - [2024-12-09T05:13:22.258+0000] {dag.py:3239} INFO - Sync 1 DAGs
[2024-12-09T05:13:22.267+0000] {logging_mixin.py:190} INFO - [2024-12-09T05:13:22.267+0000] {dag.py:4180} INFO - Setting next_dagrun for example_sensors to None, run_after=None
[2024-12-09T05:13:22.279+0000] {processor.py:208} INFO - Processing /home/airflow/.local/lib/python3.12/site-packages/airflow/example_dags/example_sensors.py took 0.048 seconds
[2024-12-09T05:13:52.810+0000] {processor.py:186} INFO - Started process (PID=713) to work on /home/airflow/.local/lib/python3.12/site-packages/airflow/example_dags/example_sensors.py
[2024-12-09T05:13:52.811+0000] {processor.py:914} INFO - Processing file /home/airflow/.local/lib/python3.12/site-packages/airflow/example_dags/example_sensors.py for tasks to queue
[2024-12-09T05:13:52.812+0000] {logging_mixin.py:190} INFO - [2024-12-09T05:13:52.812+0000] {dagbag.py:588} INFO - Filling up the DagBag from /home/airflow/.local/lib/python3.12/site-packages/airflow/example_dags/example_sensors.py
[2024-12-09T05:13:52.818+0000] {processor.py:925} INFO - DAG(s) 'example_sensors' retrieved from /home/airflow/.local/lib/python3.12/site-packages/airflow/example_dags/example_sensors.py
[2024-12-09T05:13:52.832+0000] {logging_mixin.py:190} INFO - [2024-12-09T05:13:52.832+0000] {dag.py:3239} INFO - Sync 1 DAGs
[2024-12-09T05:13:52.840+0000] {logging_mixin.py:190} INFO - [2024-12-09T05:13:52.840+0000] {dag.py:4180} INFO - Setting next_dagrun for example_sensors to None, run_after=None
[2024-12-09T05:13:52.850+0000] {processor.py:208} INFO - Processing /home/airflow/.local/lib/python3.12/site-packages/airflow/example_dags/example_sensors.py took 0.043 seconds
[2024-12-09T05:14:23.370+0000] {processor.py:186} INFO - Started process (PID=776) to work on /home/airflow/.local/lib/python3.12/site-packages/airflow/example_dags/example_sensors.py
[2024-12-09T05:14:23.371+0000] {processor.py:914} INFO - Processing file /home/airflow/.local/lib/python3.12/site-packages/airflow/example_dags/example_sensors.py for tasks to queue
[2024-12-09T05:14:23.372+0000] {logging_mixin.py:190} INFO - [2024-12-09T05:14:23.372+0000] {dagbag.py:588} INFO - Filling up the DagBag from /home/airflow/.local/lib/python3.12/site-packages/airflow/example_dags/example_sensors.py
[2024-12-09T05:14:23.379+0000] {processor.py:925} INFO - DAG(s) 'example_sensors' retrieved from /home/airflow/.local/lib/python3.12/site-packages/airflow/example_dags/example_sensors.py
[2024-12-09T05:14:23.392+0000] {logging_mixin.py:190} INFO - [2024-12-09T05:14:23.392+0000] {dag.py:3239} INFO - Sync 1 DAGs
[2024-12-09T05:14:23.400+0000] {logging_mixin.py:190} INFO - [2024-12-09T05:14:23.400+0000] {dag.py:4180} INFO - Setting next_dagrun for example_sensors to None, run_after=None
[2024-12-09T05:14:23.410+0000] {processor.py:208} INFO - Processing /home/airflow/.local/lib/python3.12/site-packages/airflow/example_dags/example_sensors.py took 0.043 seconds
[2024-12-09T05:14:54.038+0000] {processor.py:186} INFO - Started process (PID=839) to work on /home/airflow/.local/lib/python3.12/site-packages/airflow/example_dags/example_sensors.py
[2024-12-09T05:14:54.038+0000] {processor.py:914} INFO - Processing file /home/airflow/.local/lib/python3.12/site-packages/airflow/example_dags/example_sensors.py for tasks to queue
[2024-12-09T05:14:54.040+0000] {logging_mixin.py:190} INFO - [2024-12-09T05:14:54.040+0000] {dagbag.py:588} INFO - Filling up the DagBag from /home/airflow/.local/lib/python3.12/site-packages/airflow/example_dags/example_sensors.py
[2024-12-09T05:14:54.045+0000] {processor.py:925} INFO - DAG(s) 'example_sensors' retrieved from /home/airflow/.local/lib/python3.12/site-packages/airflow/example_dags/example_sensors.py
[2024-12-09T05:14:54.059+0000] {logging_mixin.py:190} INFO - [2024-12-09T05:14:54.059+0000] {dag.py:3239} INFO - Sync 1 DAGs
[2024-12-09T05:14:54.067+0000] {logging_mixin.py:190} INFO - [2024-12-09T05:14:54.067+0000] {dag.py:4180} INFO - Setting next_dagrun for example_sensors to None, run_after=None
[2024-12-09T05:14:54.076+0000] {processor.py:208} INFO - Processing /home/airflow/.local/lib/python3.12/site-packages/airflow/example_dags/example_sensors.py took 0.042 seconds
[2024-12-09T05:15:24.650+0000] {processor.py:186} INFO - Started process (PID=901) to work on /home/airflow/.local/lib/python3.12/site-packages/airflow/example_dags/example_sensors.py
[2024-12-09T05:15:24.650+0000] {processor.py:914} INFO - Processing file /home/airflow/.local/lib/python3.12/site-packages/airflow/example_dags/example_sensors.py for tasks to queue
[2024-12-09T05:15:24.652+0000] {logging_mixin.py:190} INFO - [2024-12-09T05:15:24.652+0000] {dagbag.py:588} INFO - Filling up the DagBag from /home/airflow/.local/lib/python3.12/site-packages/airflow/example_dags/example_sensors.py
[2024-12-09T05:15:24.658+0000] {processor.py:925} INFO - DAG(s) 'example_sensors' retrieved from /home/airflow/.local/lib/python3.12/site-packages/airflow/example_dags/example_sensors.py
[2024-12-09T05:15:24.672+0000] {logging_mixin.py:190} INFO - [2024-12-09T05:15:24.671+0000] {dag.py:3239} INFO - Sync 1 DAGs
[2024-12-09T05:15:24.679+0000] {logging_mixin.py:190} INFO - [2024-12-09T05:15:24.679+0000] {dag.py:4180} INFO - Setting next_dagrun for example_sensors to None, run_after=None
[2024-12-09T05:15:24.689+0000] {processor.py:208} INFO - Processing /home/airflow/.local/lib/python3.12/site-packages/airflow/example_dags/example_sensors.py took 0.042 seconds
[2024-12-09T05:15:55.309+0000] {processor.py:186} INFO - Started process (PID=964) to work on /home/airflow/.local/lib/python3.12/site-packages/airflow/example_dags/example_sensors.py
[2024-12-09T05:15:55.310+0000] {processor.py:914} INFO - Processing file /home/airflow/.local/lib/python3.12/site-packages/airflow/example_dags/example_sensors.py for tasks to queue
[2024-12-09T05:15:55.311+0000] {logging_mixin.py:190} INFO - [2024-12-09T05:15:55.311+0000] {dagbag.py:588} INFO - Filling up the DagBag from /home/airflow/.local/lib/python3.12/site-packages/airflow/example_dags/example_sensors.py
[2024-12-09T05:15:55.317+0000] {processor.py:925} INFO - DAG(s) 'example_sensors' retrieved from /home/airflow/.local/lib/python3.12/site-packages/airflow/example_dags/example_sensors.py
[2024-12-09T05:15:55.331+0000] {logging_mixin.py:190} INFO - [2024-12-09T05:15:55.331+0000] {dag.py:3239} INFO - Sync 1 DAGs
[2024-12-09T05:15:55.339+0000] {logging_mixin.py:190} INFO - [2024-12-09T05:15:55.339+0000] {dag.py:4180} INFO - Setting next_dagrun for example_sensors to None, run_after=None
[2024-12-09T05:15:55.348+0000] {processor.py:208} INFO - Processing /home/airflow/.local/lib/python3.12/site-packages/airflow/example_dags/example_sensors.py took 0.042 seconds
[2024-12-09T05:16:25.930+0000] {processor.py:186} INFO - Started process (PID=1027) to work on /home/airflow/.local/lib/python3.12/site-packages/airflow/example_dags/example_sensors.py
[2024-12-09T05:16:25.930+0000] {processor.py:914} INFO - Processing file /home/airflow/.local/lib/python3.12/site-packages/airflow/example_dags/example_sensors.py for tasks to queue
[2024-12-09T05:16:25.932+0000] {logging_mixin.py:190} INFO - [2024-12-09T05:16:25.931+0000] {dagbag.py:588} INFO - Filling up the DagBag from /home/airflow/.local/lib/python3.12/site-packages/airflow/example_dags/example_sensors.py
[2024-12-09T05:16:25.937+0000] {processor.py:925} INFO - DAG(s) 'example_sensors' retrieved from /home/airflow/.local/lib/python3.12/site-packages/airflow/example_dags/example_sensors.py
[2024-12-09T05:16:25.951+0000] {logging_mixin.py:190} INFO - [2024-12-09T05:16:25.951+0000] {dag.py:3239} INFO - Sync 1 DAGs
[2024-12-09T05:16:25.959+0000] {logging_mixin.py:190} INFO - [2024-12-09T05:16:25.959+0000] {dag.py:4180} INFO - Setting next_dagrun for example_sensors to None, run_after=None
[2024-12-09T05:16:25.968+0000] {processor.py:208} INFO - Processing /home/airflow/.local/lib/python3.12/site-packages/airflow/example_dags/example_sensors.py took 0.042 seconds
[2024-12-09T05:16:56.931+0000] {processor.py:186} INFO - Started process (PID=1091) to work on /home/airflow/.local/lib/python3.12/site-packages/airflow/example_dags/example_sensors.py
[2024-12-09T05:16:56.932+0000] {processor.py:914} INFO - Processing file /home/airflow/.local/lib/python3.12/site-packages/airflow/example_dags/example_sensors.py for tasks to queue
[2024-12-09T05:16:56.933+0000] {logging_mixin.py:190} INFO - [2024-12-09T05:16:56.933+0000] {dagbag.py:588} INFO - Filling up the DagBag from /home/airflow/.local/lib/python3.12/site-packages/airflow/example_dags/example_sensors.py
[2024-12-09T05:16:56.939+0000] {processor.py:925} INFO - DAG(s) 'example_sensors' retrieved from /home/airflow/.local/lib/python3.12/site-packages/airflow/example_dags/example_sensors.py
[2024-12-09T05:16:56.953+0000] {logging_mixin.py:190} INFO - [2024-12-09T05:16:56.953+0000] {dag.py:3239} INFO - Sync 1 DAGs
[2024-12-09T05:16:56.960+0000] {logging_mixin.py:190} INFO - [2024-12-09T05:16:56.960+0000] {dag.py:4180} INFO - Setting next_dagrun for example_sensors to None, run_after=None
[2024-12-09T05:16:56.970+0000] {processor.py:208} INFO - Processing /home/airflow/.local/lib/python3.12/site-packages/airflow/example_dags/example_sensors.py took 0.042 seconds
