[2024-12-09T05:09:16.943+0000] {processor.py:186} INFO - Started process (PID=144) to work on /home/airflow/.local/lib/python3.12/site-packages/airflow/example_dags/example_latest_only.py
[2024-12-09T05:09:16.944+0000] {processor.py:914} INFO - Processing file /home/airflow/.local/lib/python3.12/site-packages/airflow/example_dags/example_latest_only.py for tasks to queue
[2024-12-09T05:09:16.945+0000] {logging_mixin.py:190} INFO - [2024-12-09T05:09:16.945+0000] {dagbag.py:588} INFO - Filling up the DagBag from /home/airflow/.local/lib/python3.12/site-packages/airflow/example_dags/example_latest_only.py
[2024-12-09T05:09:16.949+0000] {processor.py:925} INFO - DAG(s) 'latest_only' retrieved from /home/airflow/.local/lib/python3.12/site-packages/airflow/example_dags/example_latest_only.py
[2024-12-09T05:09:16.959+0000] {logging_mixin.py:190} INFO - [2024-12-09T05:09:16.959+0000] {dag.py:3239} INFO - Sync 1 DAGs
[2024-12-09T05:09:16.971+0000] {logging_mixin.py:190} INFO - [2024-12-09T05:09:16.971+0000] {dag.py:4180} INFO - Setting next_dagrun for latest_only to 2024-12-09 00:00:00+00:00, run_after=2024-12-09 04:00:00+00:00
[2024-12-09T05:09:16.980+0000] {processor.py:208} INFO - Processing /home/airflow/.local/lib/python3.12/site-packages/airflow/example_dags/example_latest_only.py took 0.041 seconds
[2024-12-09T05:09:47.623+0000] {processor.py:186} INFO - Started process (PID=207) to work on /home/airflow/.local/lib/python3.12/site-packages/airflow/example_dags/example_latest_only.py
[2024-12-09T05:09:47.624+0000] {processor.py:914} INFO - Processing file /home/airflow/.local/lib/python3.12/site-packages/airflow/example_dags/example_latest_only.py for tasks to queue
[2024-12-09T05:09:47.625+0000] {logging_mixin.py:190} INFO - [2024-12-09T05:09:47.625+0000] {dagbag.py:588} INFO - Filling up the DagBag from /home/airflow/.local/lib/python3.12/site-packages/airflow/example_dags/example_latest_only.py
[2024-12-09T05:09:47.629+0000] {processor.py:925} INFO - DAG(s) 'latest_only' retrieved from /home/airflow/.local/lib/python3.12/site-packages/airflow/example_dags/example_latest_only.py
[2024-12-09T05:09:47.638+0000] {logging_mixin.py:190} INFO - [2024-12-09T05:09:47.638+0000] {dag.py:3239} INFO - Sync 1 DAGs
[2024-12-09T05:09:47.650+0000] {logging_mixin.py:190} INFO - [2024-12-09T05:09:47.650+0000] {dag.py:4180} INFO - Setting next_dagrun for latest_only to 2024-12-09 00:00:00+00:00, run_after=2024-12-09 04:00:00+00:00
[2024-12-09T05:09:47.660+0000] {processor.py:208} INFO - Processing /home/airflow/.local/lib/python3.12/site-packages/airflow/example_dags/example_latest_only.py took 0.040 seconds
[2024-12-09T05:10:18.240+0000] {processor.py:186} INFO - Started process (PID=270) to work on /home/airflow/.local/lib/python3.12/site-packages/airflow/example_dags/example_latest_only.py
[2024-12-09T05:10:18.241+0000] {processor.py:914} INFO - Processing file /home/airflow/.local/lib/python3.12/site-packages/airflow/example_dags/example_latest_only.py for tasks to queue
[2024-12-09T05:10:18.242+0000] {logging_mixin.py:190} INFO - [2024-12-09T05:10:18.242+0000] {dagbag.py:588} INFO - Filling up the DagBag from /home/airflow/.local/lib/python3.12/site-packages/airflow/example_dags/example_latest_only.py
[2024-12-09T05:10:18.246+0000] {processor.py:925} INFO - DAG(s) 'latest_only' retrieved from /home/airflow/.local/lib/python3.12/site-packages/airflow/example_dags/example_latest_only.py
[2024-12-09T05:10:18.257+0000] {logging_mixin.py:190} INFO - [2024-12-09T05:10:18.256+0000] {dag.py:3239} INFO - Sync 1 DAGs
[2024-12-09T05:10:18.268+0000] {logging_mixin.py:190} INFO - [2024-12-09T05:10:18.268+0000] {dag.py:4180} INFO - Setting next_dagrun for latest_only to 2024-12-09 00:00:00+00:00, run_after=2024-12-09 04:00:00+00:00
[2024-12-09T05:10:18.278+0000] {processor.py:208} INFO - Processing /home/airflow/.local/lib/python3.12/site-packages/airflow/example_dags/example_latest_only.py took 0.041 seconds
[2024-12-09T05:10:48.914+0000] {processor.py:186} INFO - Started process (PID=333) to work on /home/airflow/.local/lib/python3.12/site-packages/airflow/example_dags/example_latest_only.py
[2024-12-09T05:10:48.914+0000] {processor.py:914} INFO - Processing file /home/airflow/.local/lib/python3.12/site-packages/airflow/example_dags/example_latest_only.py for tasks to queue
[2024-12-09T05:10:48.916+0000] {logging_mixin.py:190} INFO - [2024-12-09T05:10:48.916+0000] {dagbag.py:588} INFO - Filling up the DagBag from /home/airflow/.local/lib/python3.12/site-packages/airflow/example_dags/example_latest_only.py
[2024-12-09T05:10:48.920+0000] {processor.py:925} INFO - DAG(s) 'latest_only' retrieved from /home/airflow/.local/lib/python3.12/site-packages/airflow/example_dags/example_latest_only.py
[2024-12-09T05:10:48.930+0000] {logging_mixin.py:190} INFO - [2024-12-09T05:10:48.930+0000] {dag.py:3239} INFO - Sync 1 DAGs
[2024-12-09T05:10:48.942+0000] {logging_mixin.py:190} INFO - [2024-12-09T05:10:48.942+0000] {dag.py:4180} INFO - Setting next_dagrun for latest_only to 2024-12-09 00:00:00+00:00, run_after=2024-12-09 04:00:00+00:00
[2024-12-09T05:10:48.953+0000] {processor.py:208} INFO - Processing /home/airflow/.local/lib/python3.12/site-packages/airflow/example_dags/example_latest_only.py took 0.042 seconds
[2024-12-09T05:11:19.580+0000] {processor.py:186} INFO - Started process (PID=395) to work on /home/airflow/.local/lib/python3.12/site-packages/airflow/example_dags/example_latest_only.py
[2024-12-09T05:11:19.581+0000] {processor.py:914} INFO - Processing file /home/airflow/.local/lib/python3.12/site-packages/airflow/example_dags/example_latest_only.py for tasks to queue
[2024-12-09T05:11:19.582+0000] {logging_mixin.py:190} INFO - [2024-12-09T05:11:19.582+0000] {dagbag.py:588} INFO - Filling up the DagBag from /home/airflow/.local/lib/python3.12/site-packages/airflow/example_dags/example_latest_only.py
[2024-12-09T05:11:19.586+0000] {processor.py:925} INFO - DAG(s) 'latest_only' retrieved from /home/airflow/.local/lib/python3.12/site-packages/airflow/example_dags/example_latest_only.py
[2024-12-09T05:11:19.595+0000] {logging_mixin.py:190} INFO - [2024-12-09T05:11:19.595+0000] {dag.py:3239} INFO - Sync 1 DAGs
[2024-12-09T05:11:19.607+0000] {logging_mixin.py:190} INFO - [2024-12-09T05:11:19.607+0000] {dag.py:4180} INFO - Setting next_dagrun for latest_only to 2024-12-09 00:00:00+00:00, run_after=2024-12-09 04:00:00+00:00
[2024-12-09T05:11:19.616+0000] {processor.py:208} INFO - Processing /home/airflow/.local/lib/python3.12/site-packages/airflow/example_dags/example_latest_only.py took 0.038 seconds
[2024-12-09T05:11:50.271+0000] {processor.py:186} INFO - Started process (PID=458) to work on /home/airflow/.local/lib/python3.12/site-packages/airflow/example_dags/example_latest_only.py
[2024-12-09T05:11:50.272+0000] {processor.py:914} INFO - Processing file /home/airflow/.local/lib/python3.12/site-packages/airflow/example_dags/example_latest_only.py for tasks to queue
[2024-12-09T05:11:50.273+0000] {logging_mixin.py:190} INFO - [2024-12-09T05:11:50.273+0000] {dagbag.py:588} INFO - Filling up the DagBag from /home/airflow/.local/lib/python3.12/site-packages/airflow/example_dags/example_latest_only.py
[2024-12-09T05:11:50.277+0000] {processor.py:925} INFO - DAG(s) 'latest_only' retrieved from /home/airflow/.local/lib/python3.12/site-packages/airflow/example_dags/example_latest_only.py
[2024-12-09T05:11:50.286+0000] {logging_mixin.py:190} INFO - [2024-12-09T05:11:50.286+0000] {dag.py:3239} INFO - Sync 1 DAGs
[2024-12-09T05:11:50.298+0000] {logging_mixin.py:190} INFO - [2024-12-09T05:11:50.298+0000] {dag.py:4180} INFO - Setting next_dagrun for latest_only to 2024-12-09 00:00:00+00:00, run_after=2024-12-09 04:00:00+00:00
[2024-12-09T05:11:50.307+0000] {processor.py:208} INFO - Processing /home/airflow/.local/lib/python3.12/site-packages/airflow/example_dags/example_latest_only.py took 0.039 seconds
[2024-12-09T05:12:20.858+0000] {processor.py:186} INFO - Started process (PID=522) to work on /home/airflow/.local/lib/python3.12/site-packages/airflow/example_dags/example_latest_only.py
[2024-12-09T05:12:20.858+0000] {processor.py:914} INFO - Processing file /home/airflow/.local/lib/python3.12/site-packages/airflow/example_dags/example_latest_only.py for tasks to queue
[2024-12-09T05:12:20.860+0000] {logging_mixin.py:190} INFO - [2024-12-09T05:12:20.859+0000] {dagbag.py:588} INFO - Filling up the DagBag from /home/airflow/.local/lib/python3.12/site-packages/airflow/example_dags/example_latest_only.py
[2024-12-09T05:12:20.864+0000] {processor.py:925} INFO - DAG(s) 'latest_only' retrieved from /home/airflow/.local/lib/python3.12/site-packages/airflow/example_dags/example_latest_only.py
[2024-12-09T05:12:20.874+0000] {logging_mixin.py:190} INFO - [2024-12-09T05:12:20.874+0000] {dag.py:3239} INFO - Sync 1 DAGs
[2024-12-09T05:12:20.887+0000] {logging_mixin.py:190} INFO - [2024-12-09T05:12:20.886+0000] {dag.py:4180} INFO - Setting next_dagrun for latest_only to 2024-12-09 00:00:00+00:00, run_after=2024-12-09 04:00:00+00:00
[2024-12-09T05:12:20.896+0000] {processor.py:208} INFO - Processing /home/airflow/.local/lib/python3.12/site-packages/airflow/example_dags/example_latest_only.py took 0.041 seconds
[2024-12-09T05:12:51.492+0000] {processor.py:186} INFO - Started process (PID=586) to work on /home/airflow/.local/lib/python3.12/site-packages/airflow/example_dags/example_latest_only.py
[2024-12-09T05:12:51.492+0000] {processor.py:914} INFO - Processing file /home/airflow/.local/lib/python3.12/site-packages/airflow/example_dags/example_latest_only.py for tasks to queue
[2024-12-09T05:12:51.493+0000] {logging_mixin.py:190} INFO - [2024-12-09T05:12:51.493+0000] {dagbag.py:588} INFO - Filling up the DagBag from /home/airflow/.local/lib/python3.12/site-packages/airflow/example_dags/example_latest_only.py
[2024-12-09T05:12:51.497+0000] {processor.py:925} INFO - DAG(s) 'latest_only' retrieved from /home/airflow/.local/lib/python3.12/site-packages/airflow/example_dags/example_latest_only.py
[2024-12-09T05:12:51.508+0000] {logging_mixin.py:190} INFO - [2024-12-09T05:12:51.508+0000] {dag.py:3239} INFO - Sync 1 DAGs
[2024-12-09T05:12:51.521+0000] {logging_mixin.py:190} INFO - [2024-12-09T05:12:51.521+0000] {dag.py:4180} INFO - Setting next_dagrun for latest_only to 2024-12-09 00:00:00+00:00, run_after=2024-12-09 04:00:00+00:00
[2024-12-09T05:12:51.531+0000] {processor.py:208} INFO - Processing /home/airflow/.local/lib/python3.12/site-packages/airflow/example_dags/example_latest_only.py took 0.042 seconds
[2024-12-09T05:13:22.187+0000] {processor.py:186} INFO - Started process (PID=648) to work on /home/airflow/.local/lib/python3.12/site-packages/airflow/example_dags/example_latest_only.py
[2024-12-09T05:13:22.188+0000] {processor.py:914} INFO - Processing file /home/airflow/.local/lib/python3.12/site-packages/airflow/example_dags/example_latest_only.py for tasks to queue
[2024-12-09T05:13:22.189+0000] {logging_mixin.py:190} INFO - [2024-12-09T05:13:22.189+0000] {dagbag.py:588} INFO - Filling up the DagBag from /home/airflow/.local/lib/python3.12/site-packages/airflow/example_dags/example_latest_only.py
[2024-12-09T05:13:22.193+0000] {processor.py:925} INFO - DAG(s) 'latest_only' retrieved from /home/airflow/.local/lib/python3.12/site-packages/airflow/example_dags/example_latest_only.py
[2024-12-09T05:13:22.202+0000] {logging_mixin.py:190} INFO - [2024-12-09T05:13:22.202+0000] {dag.py:3239} INFO - Sync 1 DAGs
[2024-12-09T05:13:22.215+0000] {logging_mixin.py:190} INFO - [2024-12-09T05:13:22.214+0000] {dag.py:4180} INFO - Setting next_dagrun for latest_only to 2024-12-09 00:00:00+00:00, run_after=2024-12-09 04:00:00+00:00
[2024-12-09T05:13:22.225+0000] {processor.py:208} INFO - Processing /home/airflow/.local/lib/python3.12/site-packages/airflow/example_dags/example_latest_only.py took 0.040 seconds
[2024-12-09T05:13:52.756+0000] {processor.py:186} INFO - Started process (PID=712) to work on /home/airflow/.local/lib/python3.12/site-packages/airflow/example_dags/example_latest_only.py
[2024-12-09T05:13:52.756+0000] {processor.py:914} INFO - Processing file /home/airflow/.local/lib/python3.12/site-packages/airflow/example_dags/example_latest_only.py for tasks to queue
[2024-12-09T05:13:52.758+0000] {logging_mixin.py:190} INFO - [2024-12-09T05:13:52.758+0000] {dagbag.py:588} INFO - Filling up the DagBag from /home/airflow/.local/lib/python3.12/site-packages/airflow/example_dags/example_latest_only.py
[2024-12-09T05:13:52.762+0000] {processor.py:925} INFO - DAG(s) 'latest_only' retrieved from /home/airflow/.local/lib/python3.12/site-packages/airflow/example_dags/example_latest_only.py
[2024-12-09T05:13:52.771+0000] {logging_mixin.py:190} INFO - [2024-12-09T05:13:52.771+0000] {dag.py:3239} INFO - Sync 1 DAGs
[2024-12-09T05:13:52.785+0000] {logging_mixin.py:190} INFO - [2024-12-09T05:13:52.784+0000] {dag.py:4180} INFO - Setting next_dagrun for latest_only to 2024-12-09 00:00:00+00:00, run_after=2024-12-09 04:00:00+00:00
[2024-12-09T05:13:52.795+0000] {processor.py:208} INFO - Processing /home/airflow/.local/lib/python3.12/site-packages/airflow/example_dags/example_latest_only.py took 0.042 seconds
[2024-12-09T05:14:23.316+0000] {processor.py:186} INFO - Started process (PID=775) to work on /home/airflow/.local/lib/python3.12/site-packages/airflow/example_dags/example_latest_only.py
[2024-12-09T05:14:23.317+0000] {processor.py:914} INFO - Processing file /home/airflow/.local/lib/python3.12/site-packages/airflow/example_dags/example_latest_only.py for tasks to queue
[2024-12-09T05:14:23.318+0000] {logging_mixin.py:190} INFO - [2024-12-09T05:14:23.318+0000] {dagbag.py:588} INFO - Filling up the DagBag from /home/airflow/.local/lib/python3.12/site-packages/airflow/example_dags/example_latest_only.py
[2024-12-09T05:14:23.322+0000] {processor.py:925} INFO - DAG(s) 'latest_only' retrieved from /home/airflow/.local/lib/python3.12/site-packages/airflow/example_dags/example_latest_only.py
[2024-12-09T05:14:23.332+0000] {logging_mixin.py:190} INFO - [2024-12-09T05:14:23.332+0000] {dag.py:3239} INFO - Sync 1 DAGs
[2024-12-09T05:14:23.345+0000] {logging_mixin.py:190} INFO - [2024-12-09T05:14:23.345+0000] {dag.py:4180} INFO - Setting next_dagrun for latest_only to 2024-12-09 00:00:00+00:00, run_after=2024-12-09 04:00:00+00:00
[2024-12-09T05:14:23.354+0000] {processor.py:208} INFO - Processing /home/airflow/.local/lib/python3.12/site-packages/airflow/example_dags/example_latest_only.py took 0.041 seconds
[2024-12-09T05:14:53.980+0000] {processor.py:186} INFO - Started process (PID=838) to work on /home/airflow/.local/lib/python3.12/site-packages/airflow/example_dags/example_latest_only.py
[2024-12-09T05:14:53.981+0000] {processor.py:914} INFO - Processing file /home/airflow/.local/lib/python3.12/site-packages/airflow/example_dags/example_latest_only.py for tasks to queue
[2024-12-09T05:14:53.983+0000] {logging_mixin.py:190} INFO - [2024-12-09T05:14:53.982+0000] {dagbag.py:588} INFO - Filling up the DagBag from /home/airflow/.local/lib/python3.12/site-packages/airflow/example_dags/example_latest_only.py
[2024-12-09T05:14:53.987+0000] {processor.py:925} INFO - DAG(s) 'latest_only' retrieved from /home/airflow/.local/lib/python3.12/site-packages/airflow/example_dags/example_latest_only.py
[2024-12-09T05:14:53.998+0000] {logging_mixin.py:190} INFO - [2024-12-09T05:14:53.997+0000] {dag.py:3239} INFO - Sync 1 DAGs
[2024-12-09T05:14:54.011+0000] {logging_mixin.py:190} INFO - [2024-12-09T05:14:54.011+0000] {dag.py:4180} INFO - Setting next_dagrun for latest_only to 2024-12-09 00:00:00+00:00, run_after=2024-12-09 04:00:00+00:00
[2024-12-09T05:14:54.021+0000] {processor.py:208} INFO - Processing /home/airflow/.local/lib/python3.12/site-packages/airflow/example_dags/example_latest_only.py took 0.044 seconds
[2024-12-09T05:15:24.619+0000] {processor.py:186} INFO - Started process (PID=900) to work on /home/airflow/.local/lib/python3.12/site-packages/airflow/example_dags/example_latest_only.py
[2024-12-09T05:15:24.620+0000] {processor.py:914} INFO - Processing file /home/airflow/.local/lib/python3.12/site-packages/airflow/example_dags/example_latest_only.py for tasks to queue
[2024-12-09T05:15:24.621+0000] {logging_mixin.py:190} INFO - [2024-12-09T05:15:24.621+0000] {dagbag.py:588} INFO - Filling up the DagBag from /home/airflow/.local/lib/python3.12/site-packages/airflow/example_dags/example_latest_only.py
[2024-12-09T05:15:24.625+0000] {processor.py:925} INFO - DAG(s) 'latest_only' retrieved from /home/airflow/.local/lib/python3.12/site-packages/airflow/example_dags/example_latest_only.py
[2024-12-09T05:15:24.635+0000] {logging_mixin.py:190} INFO - [2024-12-09T05:15:24.635+0000] {dag.py:3239} INFO - Sync 1 DAGs
[2024-12-09T05:15:24.648+0000] {logging_mixin.py:190} INFO - [2024-12-09T05:15:24.648+0000] {dag.py:4180} INFO - Setting next_dagrun for latest_only to 2024-12-09 00:00:00+00:00, run_after=2024-12-09 04:00:00+00:00
[2024-12-09T05:15:24.658+0000] {processor.py:208} INFO - Processing /home/airflow/.local/lib/python3.12/site-packages/airflow/example_dags/example_latest_only.py took 0.042 seconds
[2024-12-09T05:15:55.267+0000] {processor.py:186} INFO - Started process (PID=963) to work on /home/airflow/.local/lib/python3.12/site-packages/airflow/example_dags/example_latest_only.py
[2024-12-09T05:15:55.268+0000] {processor.py:914} INFO - Processing file /home/airflow/.local/lib/python3.12/site-packages/airflow/example_dags/example_latest_only.py for tasks to queue
[2024-12-09T05:15:55.269+0000] {logging_mixin.py:190} INFO - [2024-12-09T05:15:55.269+0000] {dagbag.py:588} INFO - Filling up the DagBag from /home/airflow/.local/lib/python3.12/site-packages/airflow/example_dags/example_latest_only.py
[2024-12-09T05:15:55.273+0000] {processor.py:925} INFO - DAG(s) 'latest_only' retrieved from /home/airflow/.local/lib/python3.12/site-packages/airflow/example_dags/example_latest_only.py
[2024-12-09T05:15:55.283+0000] {logging_mixin.py:190} INFO - [2024-12-09T05:15:55.283+0000] {dag.py:3239} INFO - Sync 1 DAGs
[2024-12-09T05:15:55.295+0000] {logging_mixin.py:190} INFO - [2024-12-09T05:15:55.295+0000] {dag.py:4180} INFO - Setting next_dagrun for latest_only to 2024-12-09 00:00:00+00:00, run_after=2024-12-09 04:00:00+00:00
[2024-12-09T05:15:55.305+0000] {processor.py:208} INFO - Processing /home/airflow/.local/lib/python3.12/site-packages/airflow/example_dags/example_latest_only.py took 0.041 seconds
[2024-12-09T05:16:25.875+0000] {processor.py:186} INFO - Started process (PID=1026) to work on /home/airflow/.local/lib/python3.12/site-packages/airflow/example_dags/example_latest_only.py
[2024-12-09T05:16:25.875+0000] {processor.py:914} INFO - Processing file /home/airflow/.local/lib/python3.12/site-packages/airflow/example_dags/example_latest_only.py for tasks to queue
[2024-12-09T05:16:25.877+0000] {logging_mixin.py:190} INFO - [2024-12-09T05:16:25.876+0000] {dagbag.py:588} INFO - Filling up the DagBag from /home/airflow/.local/lib/python3.12/site-packages/airflow/example_dags/example_latest_only.py
[2024-12-09T05:16:25.881+0000] {processor.py:925} INFO - DAG(s) 'latest_only' retrieved from /home/airflow/.local/lib/python3.12/site-packages/airflow/example_dags/example_latest_only.py
[2024-12-09T05:16:25.890+0000] {logging_mixin.py:190} INFO - [2024-12-09T05:16:25.890+0000] {dag.py:3239} INFO - Sync 1 DAGs
[2024-12-09T05:16:25.902+0000] {logging_mixin.py:190} INFO - [2024-12-09T05:16:25.902+0000] {dag.py:4180} INFO - Setting next_dagrun for latest_only to 2024-12-09 00:00:00+00:00, run_after=2024-12-09 04:00:00+00:00
[2024-12-09T05:16:25.912+0000] {processor.py:208} INFO - Processing /home/airflow/.local/lib/python3.12/site-packages/airflow/example_dags/example_latest_only.py took 0.041 seconds
[2024-12-09T05:16:56.911+0000] {processor.py:186} INFO - Started process (PID=1090) to work on /home/airflow/.local/lib/python3.12/site-packages/airflow/example_dags/example_latest_only.py
[2024-12-09T05:16:56.912+0000] {processor.py:914} INFO - Processing file /home/airflow/.local/lib/python3.12/site-packages/airflow/example_dags/example_latest_only.py for tasks to queue
[2024-12-09T05:16:56.914+0000] {logging_mixin.py:190} INFO - [2024-12-09T05:16:56.913+0000] {dagbag.py:588} INFO - Filling up the DagBag from /home/airflow/.local/lib/python3.12/site-packages/airflow/example_dags/example_latest_only.py
[2024-12-09T05:16:56.918+0000] {processor.py:925} INFO - DAG(s) 'latest_only' retrieved from /home/airflow/.local/lib/python3.12/site-packages/airflow/example_dags/example_latest_only.py
[2024-12-09T05:16:56.927+0000] {logging_mixin.py:190} INFO - [2024-12-09T05:16:56.927+0000] {dag.py:3239} INFO - Sync 1 DAGs
[2024-12-09T05:16:56.940+0000] {logging_mixin.py:190} INFO - [2024-12-09T05:16:56.940+0000] {dag.py:4180} INFO - Setting next_dagrun for latest_only to 2024-12-09 00:00:00+00:00, run_after=2024-12-09 04:00:00+00:00
[2024-12-09T05:16:56.949+0000] {processor.py:208} INFO - Processing /home/airflow/.local/lib/python3.12/site-packages/airflow/example_dags/example_latest_only.py took 0.041 seconds
