[2024-12-09T05:09:17.403+0000] {processor.py:186} INFO - Started process (PID=154) to work on /home/airflow/.local/lib/python3.12/site-packages/airflow/example_dags/example_latest_only_with_trigger.py
[2024-12-09T05:09:17.403+0000] {processor.py:914} INFO - Processing file /home/airflow/.local/lib/python3.12/site-packages/airflow/example_dags/example_latest_only_with_trigger.py for tasks to queue
[2024-12-09T05:09:17.405+0000] {logging_mixin.py:190} INFO - [2024-12-09T05:09:17.404+0000] {dagbag.py:588} INFO - Filling up the DagBag from /home/airflow/.local/lib/python3.12/site-packages/airflow/example_dags/example_latest_only_with_trigger.py
[2024-12-09T05:09:17.409+0000] {processor.py:925} INFO - DAG(s) 'latest_only_with_trigger' retrieved from /home/airflow/.local/lib/python3.12/site-packages/airflow/example_dags/example_latest_only_with_trigger.py
[2024-12-09T05:09:17.420+0000] {logging_mixin.py:190} INFO - [2024-12-09T05:09:17.420+0000] {dag.py:3239} INFO - Sync 1 DAGs
[2024-12-09T05:09:17.434+0000] {logging_mixin.py:190} INFO - [2024-12-09T05:09:17.434+0000] {dag.py:4180} INFO - Setting next_dagrun for latest_only_with_trigger to 2024-12-09 00:00:00+00:00, run_after=2024-12-09 04:00:00+00:00
[2024-12-09T05:09:17.443+0000] {processor.py:208} INFO - Processing /home/airflow/.local/lib/python3.12/site-packages/airflow/example_dags/example_latest_only_with_trigger.py took 0.043 seconds
[2024-12-09T05:09:48.061+0000] {processor.py:186} INFO - Started process (PID=217) to work on /home/airflow/.local/lib/python3.12/site-packages/airflow/example_dags/example_latest_only_with_trigger.py
[2024-12-09T05:09:48.061+0000] {processor.py:914} INFO - Processing file /home/airflow/.local/lib/python3.12/site-packages/airflow/example_dags/example_latest_only_with_trigger.py for tasks to queue
[2024-12-09T05:09:48.062+0000] {logging_mixin.py:190} INFO - [2024-12-09T05:09:48.062+0000] {dagbag.py:588} INFO - Filling up the DagBag from /home/airflow/.local/lib/python3.12/site-packages/airflow/example_dags/example_latest_only_with_trigger.py
[2024-12-09T05:09:48.067+0000] {processor.py:925} INFO - DAG(s) 'latest_only_with_trigger' retrieved from /home/airflow/.local/lib/python3.12/site-packages/airflow/example_dags/example_latest_only_with_trigger.py
[2024-12-09T05:09:48.076+0000] {logging_mixin.py:190} INFO - [2024-12-09T05:09:48.076+0000] {dag.py:3239} INFO - Sync 1 DAGs
[2024-12-09T05:09:48.088+0000] {logging_mixin.py:190} INFO - [2024-12-09T05:09:48.088+0000] {dag.py:4180} INFO - Setting next_dagrun for latest_only_with_trigger to 2024-12-09 00:00:00+00:00, run_after=2024-12-09 04:00:00+00:00
[2024-12-09T05:09:48.097+0000] {processor.py:208} INFO - Processing /home/airflow/.local/lib/python3.12/site-packages/airflow/example_dags/example_latest_only_with_trigger.py took 0.039 seconds
[2024-12-09T05:10:18.751+0000] {processor.py:186} INFO - Started process (PID=280) to work on /home/airflow/.local/lib/python3.12/site-packages/airflow/example_dags/example_latest_only_with_trigger.py
[2024-12-09T05:10:18.751+0000] {processor.py:914} INFO - Processing file /home/airflow/.local/lib/python3.12/site-packages/airflow/example_dags/example_latest_only_with_trigger.py for tasks to queue
[2024-12-09T05:10:18.752+0000] {logging_mixin.py:190} INFO - [2024-12-09T05:10:18.752+0000] {dagbag.py:588} INFO - Filling up the DagBag from /home/airflow/.local/lib/python3.12/site-packages/airflow/example_dags/example_latest_only_with_trigger.py
[2024-12-09T05:10:18.757+0000] {processor.py:925} INFO - DAG(s) 'latest_only_with_trigger' retrieved from /home/airflow/.local/lib/python3.12/site-packages/airflow/example_dags/example_latest_only_with_trigger.py
[2024-12-09T05:10:18.767+0000] {logging_mixin.py:190} INFO - [2024-12-09T05:10:18.767+0000] {dag.py:3239} INFO - Sync 1 DAGs
[2024-12-09T05:10:18.779+0000] {logging_mixin.py:190} INFO - [2024-12-09T05:10:18.779+0000] {dag.py:4180} INFO - Setting next_dagrun for latest_only_with_trigger to 2024-12-09 00:00:00+00:00, run_after=2024-12-09 04:00:00+00:00
[2024-12-09T05:10:18.788+0000] {processor.py:208} INFO - Processing /home/airflow/.local/lib/python3.12/site-packages/airflow/example_dags/example_latest_only_with_trigger.py took 0.041 seconds
[2024-12-09T05:10:49.366+0000] {processor.py:186} INFO - Started process (PID=343) to work on /home/airflow/.local/lib/python3.12/site-packages/airflow/example_dags/example_latest_only_with_trigger.py
[2024-12-09T05:10:49.366+0000] {processor.py:914} INFO - Processing file /home/airflow/.local/lib/python3.12/site-packages/airflow/example_dags/example_latest_only_with_trigger.py for tasks to queue
[2024-12-09T05:10:49.367+0000] {logging_mixin.py:190} INFO - [2024-12-09T05:10:49.367+0000] {dagbag.py:588} INFO - Filling up the DagBag from /home/airflow/.local/lib/python3.12/site-packages/airflow/example_dags/example_latest_only_with_trigger.py
[2024-12-09T05:10:49.372+0000] {processor.py:925} INFO - DAG(s) 'latest_only_with_trigger' retrieved from /home/airflow/.local/lib/python3.12/site-packages/airflow/example_dags/example_latest_only_with_trigger.py
[2024-12-09T05:10:49.383+0000] {logging_mixin.py:190} INFO - [2024-12-09T05:10:49.383+0000] {dag.py:3239} INFO - Sync 1 DAGs
[2024-12-09T05:10:49.396+0000] {logging_mixin.py:190} INFO - [2024-12-09T05:10:49.396+0000] {dag.py:4180} INFO - Setting next_dagrun for latest_only_with_trigger to 2024-12-09 00:00:00+00:00, run_after=2024-12-09 04:00:00+00:00
[2024-12-09T05:10:49.405+0000] {processor.py:208} INFO - Processing /home/airflow/.local/lib/python3.12/site-packages/airflow/example_dags/example_latest_only_with_trigger.py took 0.043 seconds
[2024-12-09T05:11:20.055+0000] {processor.py:186} INFO - Started process (PID=406) to work on /home/airflow/.local/lib/python3.12/site-packages/airflow/example_dags/example_latest_only_with_trigger.py
[2024-12-09T05:11:20.056+0000] {processor.py:914} INFO - Processing file /home/airflow/.local/lib/python3.12/site-packages/airflow/example_dags/example_latest_only_with_trigger.py for tasks to queue
[2024-12-09T05:11:20.057+0000] {logging_mixin.py:190} INFO - [2024-12-09T05:11:20.057+0000] {dagbag.py:588} INFO - Filling up the DagBag from /home/airflow/.local/lib/python3.12/site-packages/airflow/example_dags/example_latest_only_with_trigger.py
[2024-12-09T05:11:20.061+0000] {processor.py:925} INFO - DAG(s) 'latest_only_with_trigger' retrieved from /home/airflow/.local/lib/python3.12/site-packages/airflow/example_dags/example_latest_only_with_trigger.py
[2024-12-09T05:11:20.072+0000] {logging_mixin.py:190} INFO - [2024-12-09T05:11:20.072+0000] {dag.py:3239} INFO - Sync 1 DAGs
[2024-12-09T05:11:20.085+0000] {logging_mixin.py:190} INFO - [2024-12-09T05:11:20.085+0000] {dag.py:4180} INFO - Setting next_dagrun for latest_only_with_trigger to 2024-12-09 00:00:00+00:00, run_after=2024-12-09 04:00:00+00:00
[2024-12-09T05:11:20.094+0000] {processor.py:208} INFO - Processing /home/airflow/.local/lib/python3.12/site-packages/airflow/example_dags/example_latest_only_with_trigger.py took 0.043 seconds
[2024-12-09T05:11:50.759+0000] {processor.py:186} INFO - Started process (PID=469) to work on /home/airflow/.local/lib/python3.12/site-packages/airflow/example_dags/example_latest_only_with_trigger.py
[2024-12-09T05:11:50.759+0000] {processor.py:914} INFO - Processing file /home/airflow/.local/lib/python3.12/site-packages/airflow/example_dags/example_latest_only_with_trigger.py for tasks to queue
[2024-12-09T05:11:50.761+0000] {logging_mixin.py:190} INFO - [2024-12-09T05:11:50.761+0000] {dagbag.py:588} INFO - Filling up the DagBag from /home/airflow/.local/lib/python3.12/site-packages/airflow/example_dags/example_latest_only_with_trigger.py
[2024-12-09T05:11:50.766+0000] {processor.py:925} INFO - DAG(s) 'latest_only_with_trigger' retrieved from /home/airflow/.local/lib/python3.12/site-packages/airflow/example_dags/example_latest_only_with_trigger.py
[2024-12-09T05:11:50.777+0000] {logging_mixin.py:190} INFO - [2024-12-09T05:11:50.776+0000] {dag.py:3239} INFO - Sync 1 DAGs
[2024-12-09T05:11:50.788+0000] {logging_mixin.py:190} INFO - [2024-12-09T05:11:50.788+0000] {dag.py:4180} INFO - Setting next_dagrun for latest_only_with_trigger to 2024-12-09 00:00:00+00:00, run_after=2024-12-09 04:00:00+00:00
[2024-12-09T05:11:50.797+0000] {processor.py:208} INFO - Processing /home/airflow/.local/lib/python3.12/site-packages/airflow/example_dags/example_latest_only_with_trigger.py took 0.041 seconds
[2024-12-09T05:12:21.299+0000] {processor.py:186} INFO - Started process (PID=532) to work on /home/airflow/.local/lib/python3.12/site-packages/airflow/example_dags/example_latest_only_with_trigger.py
[2024-12-09T05:12:21.300+0000] {processor.py:914} INFO - Processing file /home/airflow/.local/lib/python3.12/site-packages/airflow/example_dags/example_latest_only_with_trigger.py for tasks to queue
[2024-12-09T05:12:21.301+0000] {logging_mixin.py:190} INFO - [2024-12-09T05:12:21.301+0000] {dagbag.py:588} INFO - Filling up the DagBag from /home/airflow/.local/lib/python3.12/site-packages/airflow/example_dags/example_latest_only_with_trigger.py
[2024-12-09T05:12:21.305+0000] {processor.py:925} INFO - DAG(s) 'latest_only_with_trigger' retrieved from /home/airflow/.local/lib/python3.12/site-packages/airflow/example_dags/example_latest_only_with_trigger.py
[2024-12-09T05:12:21.316+0000] {logging_mixin.py:190} INFO - [2024-12-09T05:12:21.315+0000] {dag.py:3239} INFO - Sync 1 DAGs
[2024-12-09T05:12:21.328+0000] {logging_mixin.py:190} INFO - [2024-12-09T05:12:21.328+0000] {dag.py:4180} INFO - Setting next_dagrun for latest_only_with_trigger to 2024-12-09 00:00:00+00:00, run_after=2024-12-09 04:00:00+00:00
[2024-12-09T05:12:21.338+0000] {processor.py:208} INFO - Processing /home/airflow/.local/lib/python3.12/site-packages/airflow/example_dags/example_latest_only_with_trigger.py took 0.042 seconds
[2024-12-09T05:12:51.958+0000] {processor.py:186} INFO - Started process (PID=596) to work on /home/airflow/.local/lib/python3.12/site-packages/airflow/example_dags/example_latest_only_with_trigger.py
[2024-12-09T05:12:51.959+0000] {processor.py:914} INFO - Processing file /home/airflow/.local/lib/python3.12/site-packages/airflow/example_dags/example_latest_only_with_trigger.py for tasks to queue
[2024-12-09T05:12:51.960+0000] {logging_mixin.py:190} INFO - [2024-12-09T05:12:51.960+0000] {dagbag.py:588} INFO - Filling up the DagBag from /home/airflow/.local/lib/python3.12/site-packages/airflow/example_dags/example_latest_only_with_trigger.py
[2024-12-09T05:12:51.964+0000] {processor.py:925} INFO - DAG(s) 'latest_only_with_trigger' retrieved from /home/airflow/.local/lib/python3.12/site-packages/airflow/example_dags/example_latest_only_with_trigger.py
[2024-12-09T05:12:51.974+0000] {logging_mixin.py:190} INFO - [2024-12-09T05:12:51.974+0000] {dag.py:3239} INFO - Sync 1 DAGs
[2024-12-09T05:12:51.986+0000] {logging_mixin.py:190} INFO - [2024-12-09T05:12:51.986+0000] {dag.py:4180} INFO - Setting next_dagrun for latest_only_with_trigger to 2024-12-09 00:00:00+00:00, run_after=2024-12-09 04:00:00+00:00
[2024-12-09T05:12:51.995+0000] {processor.py:208} INFO - Processing /home/airflow/.local/lib/python3.12/site-packages/airflow/example_dags/example_latest_only_with_trigger.py took 0.041 seconds
[2024-12-09T05:13:22.687+0000] {processor.py:186} INFO - Started process (PID=659) to work on /home/airflow/.local/lib/python3.12/site-packages/airflow/example_dags/example_latest_only_with_trigger.py
[2024-12-09T05:13:22.687+0000] {processor.py:914} INFO - Processing file /home/airflow/.local/lib/python3.12/site-packages/airflow/example_dags/example_latest_only_with_trigger.py for tasks to queue
[2024-12-09T05:13:22.689+0000] {logging_mixin.py:190} INFO - [2024-12-09T05:13:22.688+0000] {dagbag.py:588} INFO - Filling up the DagBag from /home/airflow/.local/lib/python3.12/site-packages/airflow/example_dags/example_latest_only_with_trigger.py
[2024-12-09T05:13:22.693+0000] {processor.py:925} INFO - DAG(s) 'latest_only_with_trigger' retrieved from /home/airflow/.local/lib/python3.12/site-packages/airflow/example_dags/example_latest_only_with_trigger.py
[2024-12-09T05:13:22.703+0000] {logging_mixin.py:190} INFO - [2024-12-09T05:13:22.703+0000] {dag.py:3239} INFO - Sync 1 DAGs
[2024-12-09T05:13:22.717+0000] {logging_mixin.py:190} INFO - [2024-12-09T05:13:22.716+0000] {dag.py:4180} INFO - Setting next_dagrun for latest_only_with_trigger to 2024-12-09 00:00:00+00:00, run_after=2024-12-09 04:00:00+00:00
[2024-12-09T05:13:22.726+0000] {processor.py:208} INFO - Processing /home/airflow/.local/lib/python3.12/site-packages/airflow/example_dags/example_latest_only_with_trigger.py took 0.043 seconds
[2024-12-09T05:13:53.197+0000] {processor.py:186} INFO - Started process (PID=722) to work on /home/airflow/.local/lib/python3.12/site-packages/airflow/example_dags/example_latest_only_with_trigger.py
[2024-12-09T05:13:53.198+0000] {processor.py:914} INFO - Processing file /home/airflow/.local/lib/python3.12/site-packages/airflow/example_dags/example_latest_only_with_trigger.py for tasks to queue
[2024-12-09T05:13:53.199+0000] {logging_mixin.py:190} INFO - [2024-12-09T05:13:53.199+0000] {dagbag.py:588} INFO - Filling up the DagBag from /home/airflow/.local/lib/python3.12/site-packages/airflow/example_dags/example_latest_only_with_trigger.py
[2024-12-09T05:13:53.203+0000] {processor.py:925} INFO - DAG(s) 'latest_only_with_trigger' retrieved from /home/airflow/.local/lib/python3.12/site-packages/airflow/example_dags/example_latest_only_with_trigger.py
[2024-12-09T05:13:53.214+0000] {logging_mixin.py:190} INFO - [2024-12-09T05:13:53.214+0000] {dag.py:3239} INFO - Sync 1 DAGs
[2024-12-09T05:13:53.227+0000] {logging_mixin.py:190} INFO - [2024-12-09T05:13:53.227+0000] {dag.py:4180} INFO - Setting next_dagrun for latest_only_with_trigger to 2024-12-09 00:00:00+00:00, run_after=2024-12-09 04:00:00+00:00
[2024-12-09T05:13:53.236+0000] {processor.py:208} INFO - Processing /home/airflow/.local/lib/python3.12/site-packages/airflow/example_dags/example_latest_only_with_trigger.py took 0.042 seconds
[2024-12-09T05:14:23.753+0000] {processor.py:186} INFO - Started process (PID=785) to work on /home/airflow/.local/lib/python3.12/site-packages/airflow/example_dags/example_latest_only_with_trigger.py
[2024-12-09T05:14:23.753+0000] {processor.py:914} INFO - Processing file /home/airflow/.local/lib/python3.12/site-packages/airflow/example_dags/example_latest_only_with_trigger.py for tasks to queue
[2024-12-09T05:14:23.755+0000] {logging_mixin.py:190} INFO - [2024-12-09T05:14:23.754+0000] {dagbag.py:588} INFO - Filling up the DagBag from /home/airflow/.local/lib/python3.12/site-packages/airflow/example_dags/example_latest_only_with_trigger.py
[2024-12-09T05:14:23.759+0000] {processor.py:925} INFO - DAG(s) 'latest_only_with_trigger' retrieved from /home/airflow/.local/lib/python3.12/site-packages/airflow/example_dags/example_latest_only_with_trigger.py
[2024-12-09T05:14:23.770+0000] {logging_mixin.py:190} INFO - [2024-12-09T05:14:23.770+0000] {dag.py:3239} INFO - Sync 1 DAGs
[2024-12-09T05:14:23.783+0000] {logging_mixin.py:190} INFO - [2024-12-09T05:14:23.783+0000] {dag.py:4180} INFO - Setting next_dagrun for latest_only_with_trigger to 2024-12-09 00:00:00+00:00, run_after=2024-12-09 04:00:00+00:00
[2024-12-09T05:14:23.793+0000] {processor.py:208} INFO - Processing /home/airflow/.local/lib/python3.12/site-packages/airflow/example_dags/example_latest_only_with_trigger.py took 0.043 seconds
[2024-12-09T05:14:54.441+0000] {processor.py:186} INFO - Started process (PID=848) to work on /home/airflow/.local/lib/python3.12/site-packages/airflow/example_dags/example_latest_only_with_trigger.py
[2024-12-09T05:14:54.441+0000] {processor.py:914} INFO - Processing file /home/airflow/.local/lib/python3.12/site-packages/airflow/example_dags/example_latest_only_with_trigger.py for tasks to queue
[2024-12-09T05:14:54.442+0000] {logging_mixin.py:190} INFO - [2024-12-09T05:14:54.442+0000] {dagbag.py:588} INFO - Filling up the DagBag from /home/airflow/.local/lib/python3.12/site-packages/airflow/example_dags/example_latest_only_with_trigger.py
[2024-12-09T05:14:54.446+0000] {processor.py:925} INFO - DAG(s) 'latest_only_with_trigger' retrieved from /home/airflow/.local/lib/python3.12/site-packages/airflow/example_dags/example_latest_only_with_trigger.py
[2024-12-09T05:14:54.457+0000] {logging_mixin.py:190} INFO - [2024-12-09T05:14:54.457+0000] {dag.py:3239} INFO - Sync 1 DAGs
[2024-12-09T05:14:54.469+0000] {logging_mixin.py:190} INFO - [2024-12-09T05:14:54.469+0000] {dag.py:4180} INFO - Setting next_dagrun for latest_only_with_trigger to 2024-12-09 00:00:00+00:00, run_after=2024-12-09 04:00:00+00:00
[2024-12-09T05:14:54.478+0000] {processor.py:208} INFO - Processing /home/airflow/.local/lib/python3.12/site-packages/airflow/example_dags/example_latest_only_with_trigger.py took 0.041 seconds
[2024-12-09T05:15:25.199+0000] {processor.py:186} INFO - Started process (PID=911) to work on /home/airflow/.local/lib/python3.12/site-packages/airflow/example_dags/example_latest_only_with_trigger.py
[2024-12-09T05:15:25.200+0000] {processor.py:914} INFO - Processing file /home/airflow/.local/lib/python3.12/site-packages/airflow/example_dags/example_latest_only_with_trigger.py for tasks to queue
[2024-12-09T05:15:25.201+0000] {logging_mixin.py:190} INFO - [2024-12-09T05:15:25.201+0000] {dagbag.py:588} INFO - Filling up the DagBag from /home/airflow/.local/lib/python3.12/site-packages/airflow/example_dags/example_latest_only_with_trigger.py
[2024-12-09T05:15:25.206+0000] {processor.py:925} INFO - DAG(s) 'latest_only_with_trigger' retrieved from /home/airflow/.local/lib/python3.12/site-packages/airflow/example_dags/example_latest_only_with_trigger.py
[2024-12-09T05:15:25.217+0000] {logging_mixin.py:190} INFO - [2024-12-09T05:15:25.217+0000] {dag.py:3239} INFO - Sync 1 DAGs
[2024-12-09T05:15:25.231+0000] {logging_mixin.py:190} INFO - [2024-12-09T05:15:25.230+0000] {dag.py:4180} INFO - Setting next_dagrun for latest_only_with_trigger to 2024-12-09 00:00:00+00:00, run_after=2024-12-09 04:00:00+00:00
[2024-12-09T05:15:25.241+0000] {processor.py:208} INFO - Processing /home/airflow/.local/lib/python3.12/site-packages/airflow/example_dags/example_latest_only_with_trigger.py took 0.045 seconds
[2024-12-09T05:15:55.731+0000] {processor.py:186} INFO - Started process (PID=974) to work on /home/airflow/.local/lib/python3.12/site-packages/airflow/example_dags/example_latest_only_with_trigger.py
[2024-12-09T05:15:55.731+0000] {processor.py:914} INFO - Processing file /home/airflow/.local/lib/python3.12/site-packages/airflow/example_dags/example_latest_only_with_trigger.py for tasks to queue
[2024-12-09T05:15:55.733+0000] {logging_mixin.py:190} INFO - [2024-12-09T05:15:55.732+0000] {dagbag.py:588} INFO - Filling up the DagBag from /home/airflow/.local/lib/python3.12/site-packages/airflow/example_dags/example_latest_only_with_trigger.py
[2024-12-09T05:15:55.737+0000] {processor.py:925} INFO - DAG(s) 'latest_only_with_trigger' retrieved from /home/airflow/.local/lib/python3.12/site-packages/airflow/example_dags/example_latest_only_with_trigger.py
[2024-12-09T05:15:55.748+0000] {logging_mixin.py:190} INFO - [2024-12-09T05:15:55.748+0000] {dag.py:3239} INFO - Sync 1 DAGs
[2024-12-09T05:15:55.760+0000] {logging_mixin.py:190} INFO - [2024-12-09T05:15:55.760+0000] {dag.py:4180} INFO - Setting next_dagrun for latest_only_with_trigger to 2024-12-09 00:00:00+00:00, run_after=2024-12-09 04:00:00+00:00
[2024-12-09T05:15:55.770+0000] {processor.py:208} INFO - Processing /home/airflow/.local/lib/python3.12/site-packages/airflow/example_dags/example_latest_only_with_trigger.py took 0.042 seconds
[2024-12-09T05:16:26.655+0000] {processor.py:186} INFO - Started process (PID=1037) to work on /home/airflow/.local/lib/python3.12/site-packages/airflow/example_dags/example_latest_only_with_trigger.py
[2024-12-09T05:16:26.656+0000] {processor.py:914} INFO - Processing file /home/airflow/.local/lib/python3.12/site-packages/airflow/example_dags/example_latest_only_with_trigger.py for tasks to queue
[2024-12-09T05:16:26.657+0000] {logging_mixin.py:190} INFO - [2024-12-09T05:16:26.657+0000] {dagbag.py:588} INFO - Filling up the DagBag from /home/airflow/.local/lib/python3.12/site-packages/airflow/example_dags/example_latest_only_with_trigger.py
[2024-12-09T05:16:26.661+0000] {processor.py:925} INFO - DAG(s) 'latest_only_with_trigger' retrieved from /home/airflow/.local/lib/python3.12/site-packages/airflow/example_dags/example_latest_only_with_trigger.py
[2024-12-09T05:16:26.671+0000] {logging_mixin.py:190} INFO - [2024-12-09T05:16:26.671+0000] {dag.py:3239} INFO - Sync 1 DAGs
[2024-12-09T05:16:26.684+0000] {logging_mixin.py:190} INFO - [2024-12-09T05:16:26.684+0000] {dag.py:4180} INFO - Setting next_dagrun for latest_only_with_trigger to 2024-12-09 00:00:00+00:00, run_after=2024-12-09 04:00:00+00:00
[2024-12-09T05:16:26.694+0000] {processor.py:208} INFO - Processing /home/airflow/.local/lib/python3.12/site-packages/airflow/example_dags/example_latest_only_with_trigger.py took 0.042 seconds
[2024-12-09T05:16:57.185+0000] {processor.py:186} INFO - Started process (PID=1100) to work on /home/airflow/.local/lib/python3.12/site-packages/airflow/example_dags/example_latest_only_with_trigger.py
[2024-12-09T05:16:57.185+0000] {processor.py:914} INFO - Processing file /home/airflow/.local/lib/python3.12/site-packages/airflow/example_dags/example_latest_only_with_trigger.py for tasks to queue
[2024-12-09T05:16:57.187+0000] {logging_mixin.py:190} INFO - [2024-12-09T05:16:57.186+0000] {dagbag.py:588} INFO - Filling up the DagBag from /home/airflow/.local/lib/python3.12/site-packages/airflow/example_dags/example_latest_only_with_trigger.py
[2024-12-09T05:16:57.191+0000] {processor.py:925} INFO - DAG(s) 'latest_only_with_trigger' retrieved from /home/airflow/.local/lib/python3.12/site-packages/airflow/example_dags/example_latest_only_with_trigger.py
[2024-12-09T05:16:57.201+0000] {logging_mixin.py:190} INFO - [2024-12-09T05:16:57.201+0000] {dag.py:3239} INFO - Sync 1 DAGs
[2024-12-09T05:16:57.213+0000] {logging_mixin.py:190} INFO - [2024-12-09T05:16:57.213+0000] {dag.py:4180} INFO - Setting next_dagrun for latest_only_with_trigger to 2024-12-09 00:00:00+00:00, run_after=2024-12-09 04:00:00+00:00
[2024-12-09T05:16:57.222+0000] {processor.py:208} INFO - Processing /home/airflow/.local/lib/python3.12/site-packages/airflow/example_dags/example_latest_only_with_trigger.py took 0.040 seconds
