[2024-12-09T05:09:14.593+0000] {processor.py:186} INFO - Started process (PID=107) to work on /home/airflow/.local/lib/python3.12/site-packages/airflow/example_dags/example_short_circuit_operator.py
[2024-12-09T05:09:14.593+0000] {processor.py:914} INFO - Processing file /home/airflow/.local/lib/python3.12/site-packages/airflow/example_dags/example_short_circuit_operator.py for tasks to queue
[2024-12-09T05:09:14.595+0000] {logging_mixin.py:190} INFO - [2024-12-09T05:09:14.595+0000] {dagbag.py:588} INFO - Filling up the DagBag from /home/airflow/.local/lib/python3.12/site-packages/airflow/example_dags/example_short_circuit_operator.py
[2024-12-09T05:09:14.608+0000] {processor.py:925} INFO - DAG(s) 'example_short_circuit_operator' retrieved from /home/airflow/.local/lib/python3.12/site-packages/airflow/example_dags/example_short_circuit_operator.py
[2024-12-09T05:09:14.628+0000] {logging_mixin.py:190} INFO - [2024-12-09T05:09:14.628+0000] {dag.py:3239} INFO - Sync 1 DAGs
[2024-12-09T05:09:14.638+0000] {logging_mixin.py:190} INFO - [2024-12-09T05:09:14.637+0000] {dag.py:4180} INFO - Setting next_dagrun for example_short_circuit_operator to None, run_after=None
[2024-12-09T05:09:14.647+0000] {processor.py:208} INFO - Processing /home/airflow/.local/lib/python3.12/site-packages/airflow/example_dags/example_short_circuit_operator.py took 0.057 seconds
[2024-12-09T05:09:44.869+0000] {processor.py:186} INFO - Started process (PID=170) to work on /home/airflow/.local/lib/python3.12/site-packages/airflow/example_dags/example_short_circuit_operator.py
[2024-12-09T05:09:44.869+0000] {processor.py:914} INFO - Processing file /home/airflow/.local/lib/python3.12/site-packages/airflow/example_dags/example_short_circuit_operator.py for tasks to queue
[2024-12-09T05:09:44.871+0000] {logging_mixin.py:190} INFO - [2024-12-09T05:09:44.871+0000] {dagbag.py:588} INFO - Filling up the DagBag from /home/airflow/.local/lib/python3.12/site-packages/airflow/example_dags/example_short_circuit_operator.py
[2024-12-09T05:09:44.876+0000] {processor.py:925} INFO - DAG(s) 'example_short_circuit_operator' retrieved from /home/airflow/.local/lib/python3.12/site-packages/airflow/example_dags/example_short_circuit_operator.py
[2024-12-09T05:09:44.887+0000] {logging_mixin.py:190} INFO - [2024-12-09T05:09:44.887+0000] {dag.py:3239} INFO - Sync 1 DAGs
[2024-12-09T05:09:44.894+0000] {logging_mixin.py:190} INFO - [2024-12-09T05:09:44.894+0000] {dag.py:4180} INFO - Setting next_dagrun for example_short_circuit_operator to None, run_after=None
[2024-12-09T05:09:44.905+0000] {processor.py:208} INFO - Processing /home/airflow/.local/lib/python3.12/site-packages/airflow/example_dags/example_short_circuit_operator.py took 0.039 seconds
[2024-12-09T05:10:15.456+0000] {processor.py:186} INFO - Started process (PID=233) to work on /home/airflow/.local/lib/python3.12/site-packages/airflow/example_dags/example_short_circuit_operator.py
[2024-12-09T05:10:15.457+0000] {processor.py:914} INFO - Processing file /home/airflow/.local/lib/python3.12/site-packages/airflow/example_dags/example_short_circuit_operator.py for tasks to queue
[2024-12-09T05:10:15.458+0000] {logging_mixin.py:190} INFO - [2024-12-09T05:10:15.458+0000] {dagbag.py:588} INFO - Filling up the DagBag from /home/airflow/.local/lib/python3.12/site-packages/airflow/example_dags/example_short_circuit_operator.py
[2024-12-09T05:10:15.463+0000] {processor.py:925} INFO - DAG(s) 'example_short_circuit_operator' retrieved from /home/airflow/.local/lib/python3.12/site-packages/airflow/example_dags/example_short_circuit_operator.py
[2024-12-09T05:10:15.475+0000] {logging_mixin.py:190} INFO - [2024-12-09T05:10:15.474+0000] {dag.py:3239} INFO - Sync 1 DAGs
[2024-12-09T05:10:15.482+0000] {logging_mixin.py:190} INFO - [2024-12-09T05:10:15.482+0000] {dag.py:4180} INFO - Setting next_dagrun for example_short_circuit_operator to None, run_after=None
[2024-12-09T05:10:15.493+0000] {processor.py:208} INFO - Processing /home/airflow/.local/lib/python3.12/site-packages/airflow/example_dags/example_short_circuit_operator.py took 0.040 seconds
[2024-12-09T05:10:46.152+0000] {processor.py:186} INFO - Started process (PID=296) to work on /home/airflow/.local/lib/python3.12/site-packages/airflow/example_dags/example_short_circuit_operator.py
[2024-12-09T05:10:46.153+0000] {processor.py:914} INFO - Processing file /home/airflow/.local/lib/python3.12/site-packages/airflow/example_dags/example_short_circuit_operator.py for tasks to queue
[2024-12-09T05:10:46.154+0000] {logging_mixin.py:190} INFO - [2024-12-09T05:10:46.154+0000] {dagbag.py:588} INFO - Filling up the DagBag from /home/airflow/.local/lib/python3.12/site-packages/airflow/example_dags/example_short_circuit_operator.py
[2024-12-09T05:10:46.160+0000] {processor.py:925} INFO - DAG(s) 'example_short_circuit_operator' retrieved from /home/airflow/.local/lib/python3.12/site-packages/airflow/example_dags/example_short_circuit_operator.py
[2024-12-09T05:10:46.172+0000] {logging_mixin.py:190} INFO - [2024-12-09T05:10:46.172+0000] {dag.py:3239} INFO - Sync 1 DAGs
[2024-12-09T05:10:46.180+0000] {logging_mixin.py:190} INFO - [2024-12-09T05:10:46.180+0000] {dag.py:4180} INFO - Setting next_dagrun for example_short_circuit_operator to None, run_after=None
[2024-12-09T05:10:46.191+0000] {processor.py:208} INFO - Processing /home/airflow/.local/lib/python3.12/site-packages/airflow/example_dags/example_short_circuit_operator.py took 0.042 seconds
[2024-12-09T05:11:16.732+0000] {processor.py:186} INFO - Started process (PID=359) to work on /home/airflow/.local/lib/python3.12/site-packages/airflow/example_dags/example_short_circuit_operator.py
[2024-12-09T05:11:16.733+0000] {processor.py:914} INFO - Processing file /home/airflow/.local/lib/python3.12/site-packages/airflow/example_dags/example_short_circuit_operator.py for tasks to queue
[2024-12-09T05:11:16.734+0000] {logging_mixin.py:190} INFO - [2024-12-09T05:11:16.734+0000] {dagbag.py:588} INFO - Filling up the DagBag from /home/airflow/.local/lib/python3.12/site-packages/airflow/example_dags/example_short_circuit_operator.py
[2024-12-09T05:11:16.739+0000] {processor.py:925} INFO - DAG(s) 'example_short_circuit_operator' retrieved from /home/airflow/.local/lib/python3.12/site-packages/airflow/example_dags/example_short_circuit_operator.py
[2024-12-09T05:11:16.750+0000] {logging_mixin.py:190} INFO - [2024-12-09T05:11:16.750+0000] {dag.py:3239} INFO - Sync 1 DAGs
[2024-12-09T05:11:16.758+0000] {logging_mixin.py:190} INFO - [2024-12-09T05:11:16.758+0000] {dag.py:4180} INFO - Setting next_dagrun for example_short_circuit_operator to None, run_after=None
[2024-12-09T05:11:16.767+0000] {processor.py:208} INFO - Processing /home/airflow/.local/lib/python3.12/site-packages/airflow/example_dags/example_short_circuit_operator.py took 0.038 seconds
[2024-12-09T05:11:47.407+0000] {processor.py:186} INFO - Started process (PID=422) to work on /home/airflow/.local/lib/python3.12/site-packages/airflow/example_dags/example_short_circuit_operator.py
[2024-12-09T05:11:47.408+0000] {processor.py:914} INFO - Processing file /home/airflow/.local/lib/python3.12/site-packages/airflow/example_dags/example_short_circuit_operator.py for tasks to queue
[2024-12-09T05:11:47.409+0000] {logging_mixin.py:190} INFO - [2024-12-09T05:11:47.409+0000] {dagbag.py:588} INFO - Filling up the DagBag from /home/airflow/.local/lib/python3.12/site-packages/airflow/example_dags/example_short_circuit_operator.py
[2024-12-09T05:11:47.414+0000] {processor.py:925} INFO - DAG(s) 'example_short_circuit_operator' retrieved from /home/airflow/.local/lib/python3.12/site-packages/airflow/example_dags/example_short_circuit_operator.py
[2024-12-09T05:11:47.428+0000] {logging_mixin.py:190} INFO - [2024-12-09T05:11:47.428+0000] {dag.py:3239} INFO - Sync 1 DAGs
[2024-12-09T05:11:47.439+0000] {logging_mixin.py:190} INFO - [2024-12-09T05:11:47.439+0000] {dag.py:4180} INFO - Setting next_dagrun for example_short_circuit_operator to None, run_after=None
[2024-12-09T05:11:47.453+0000] {processor.py:208} INFO - Processing /home/airflow/.local/lib/python3.12/site-packages/airflow/example_dags/example_short_circuit_operator.py took 0.050 seconds
[2024-12-09T05:12:18.117+0000] {processor.py:186} INFO - Started process (PID=485) to work on /home/airflow/.local/lib/python3.12/site-packages/airflow/example_dags/example_short_circuit_operator.py
[2024-12-09T05:12:18.118+0000] {processor.py:914} INFO - Processing file /home/airflow/.local/lib/python3.12/site-packages/airflow/example_dags/example_short_circuit_operator.py for tasks to queue
[2024-12-09T05:12:18.119+0000] {logging_mixin.py:190} INFO - [2024-12-09T05:12:18.119+0000] {dagbag.py:588} INFO - Filling up the DagBag from /home/airflow/.local/lib/python3.12/site-packages/airflow/example_dags/example_short_circuit_operator.py
[2024-12-09T05:12:18.124+0000] {processor.py:925} INFO - DAG(s) 'example_short_circuit_operator' retrieved from /home/airflow/.local/lib/python3.12/site-packages/airflow/example_dags/example_short_circuit_operator.py
[2024-12-09T05:12:18.136+0000] {logging_mixin.py:190} INFO - [2024-12-09T05:12:18.136+0000] {dag.py:3239} INFO - Sync 1 DAGs
[2024-12-09T05:12:18.144+0000] {logging_mixin.py:190} INFO - [2024-12-09T05:12:18.143+0000] {dag.py:4180} INFO - Setting next_dagrun for example_short_circuit_operator to None, run_after=None
[2024-12-09T05:12:18.153+0000] {processor.py:208} INFO - Processing /home/airflow/.local/lib/python3.12/site-packages/airflow/example_dags/example_short_circuit_operator.py took 0.039 seconds
[2024-12-09T05:12:48.655+0000] {processor.py:186} INFO - Started process (PID=549) to work on /home/airflow/.local/lib/python3.12/site-packages/airflow/example_dags/example_short_circuit_operator.py
[2024-12-09T05:12:48.656+0000] {processor.py:914} INFO - Processing file /home/airflow/.local/lib/python3.12/site-packages/airflow/example_dags/example_short_circuit_operator.py for tasks to queue
[2024-12-09T05:12:48.657+0000] {logging_mixin.py:190} INFO - [2024-12-09T05:12:48.657+0000] {dagbag.py:588} INFO - Filling up the DagBag from /home/airflow/.local/lib/python3.12/site-packages/airflow/example_dags/example_short_circuit_operator.py
[2024-12-09T05:12:48.662+0000] {processor.py:925} INFO - DAG(s) 'example_short_circuit_operator' retrieved from /home/airflow/.local/lib/python3.12/site-packages/airflow/example_dags/example_short_circuit_operator.py
[2024-12-09T05:12:48.674+0000] {logging_mixin.py:190} INFO - [2024-12-09T05:12:48.674+0000] {dag.py:3239} INFO - Sync 1 DAGs
[2024-12-09T05:12:48.681+0000] {logging_mixin.py:190} INFO - [2024-12-09T05:12:48.681+0000] {dag.py:4180} INFO - Setting next_dagrun for example_short_circuit_operator to None, run_after=None
[2024-12-09T05:12:48.691+0000] {processor.py:208} INFO - Processing /home/airflow/.local/lib/python3.12/site-packages/airflow/example_dags/example_short_circuit_operator.py took 0.039 seconds
[2024-12-09T05:13:19.313+0000] {processor.py:186} INFO - Started process (PID=612) to work on /home/airflow/.local/lib/python3.12/site-packages/airflow/example_dags/example_short_circuit_operator.py
[2024-12-09T05:13:19.314+0000] {processor.py:914} INFO - Processing file /home/airflow/.local/lib/python3.12/site-packages/airflow/example_dags/example_short_circuit_operator.py for tasks to queue
[2024-12-09T05:13:19.315+0000] {logging_mixin.py:190} INFO - [2024-12-09T05:13:19.315+0000] {dagbag.py:588} INFO - Filling up the DagBag from /home/airflow/.local/lib/python3.12/site-packages/airflow/example_dags/example_short_circuit_operator.py
[2024-12-09T05:13:19.320+0000] {processor.py:925} INFO - DAG(s) 'example_short_circuit_operator' retrieved from /home/airflow/.local/lib/python3.12/site-packages/airflow/example_dags/example_short_circuit_operator.py
[2024-12-09T05:13:19.332+0000] {logging_mixin.py:190} INFO - [2024-12-09T05:13:19.332+0000] {dag.py:3239} INFO - Sync 1 DAGs
[2024-12-09T05:13:19.339+0000] {logging_mixin.py:190} INFO - [2024-12-09T05:13:19.339+0000] {dag.py:4180} INFO - Setting next_dagrun for example_short_circuit_operator to None, run_after=None
[2024-12-09T05:13:19.350+0000] {processor.py:208} INFO - Processing /home/airflow/.local/lib/python3.12/site-packages/airflow/example_dags/example_short_circuit_operator.py took 0.040 seconds
[2024-12-09T05:13:50.029+0000] {processor.py:186} INFO - Started process (PID=675) to work on /home/airflow/.local/lib/python3.12/site-packages/airflow/example_dags/example_short_circuit_operator.py
[2024-12-09T05:13:50.029+0000] {processor.py:914} INFO - Processing file /home/airflow/.local/lib/python3.12/site-packages/airflow/example_dags/example_short_circuit_operator.py for tasks to queue
[2024-12-09T05:13:50.031+0000] {logging_mixin.py:190} INFO - [2024-12-09T05:13:50.031+0000] {dagbag.py:588} INFO - Filling up the DagBag from /home/airflow/.local/lib/python3.12/site-packages/airflow/example_dags/example_short_circuit_operator.py
[2024-12-09T05:13:50.036+0000] {processor.py:925} INFO - DAG(s) 'example_short_circuit_operator' retrieved from /home/airflow/.local/lib/python3.12/site-packages/airflow/example_dags/example_short_circuit_operator.py
[2024-12-09T05:13:50.049+0000] {logging_mixin.py:190} INFO - [2024-12-09T05:13:50.049+0000] {dag.py:3239} INFO - Sync 1 DAGs
[2024-12-09T05:13:50.057+0000] {logging_mixin.py:190} INFO - [2024-12-09T05:13:50.057+0000] {dag.py:4180} INFO - Setting next_dagrun for example_short_circuit_operator to None, run_after=None
[2024-12-09T05:13:50.069+0000] {processor.py:208} INFO - Processing /home/airflow/.local/lib/python3.12/site-packages/airflow/example_dags/example_short_circuit_operator.py took 0.044 seconds
[2024-12-09T05:14:20.594+0000] {processor.py:186} INFO - Started process (PID=738) to work on /home/airflow/.local/lib/python3.12/site-packages/airflow/example_dags/example_short_circuit_operator.py
[2024-12-09T05:14:20.594+0000] {processor.py:914} INFO - Processing file /home/airflow/.local/lib/python3.12/site-packages/airflow/example_dags/example_short_circuit_operator.py for tasks to queue
[2024-12-09T05:14:20.596+0000] {logging_mixin.py:190} INFO - [2024-12-09T05:14:20.595+0000] {dagbag.py:588} INFO - Filling up the DagBag from /home/airflow/.local/lib/python3.12/site-packages/airflow/example_dags/example_short_circuit_operator.py
[2024-12-09T05:14:20.600+0000] {processor.py:925} INFO - DAG(s) 'example_short_circuit_operator' retrieved from /home/airflow/.local/lib/python3.12/site-packages/airflow/example_dags/example_short_circuit_operator.py
[2024-12-09T05:14:20.613+0000] {logging_mixin.py:190} INFO - [2024-12-09T05:14:20.612+0000] {dag.py:3239} INFO - Sync 1 DAGs
[2024-12-09T05:14:20.620+0000] {logging_mixin.py:190} INFO - [2024-12-09T05:14:20.620+0000] {dag.py:4180} INFO - Setting next_dagrun for example_short_circuit_operator to None, run_after=None
[2024-12-09T05:14:20.630+0000] {processor.py:208} INFO - Processing /home/airflow/.local/lib/python3.12/site-packages/airflow/example_dags/example_short_circuit_operator.py took 0.039 seconds
[2024-12-09T05:14:51.155+0000] {processor.py:186} INFO - Started process (PID=801) to work on /home/airflow/.local/lib/python3.12/site-packages/airflow/example_dags/example_short_circuit_operator.py
[2024-12-09T05:14:51.156+0000] {processor.py:914} INFO - Processing file /home/airflow/.local/lib/python3.12/site-packages/airflow/example_dags/example_short_circuit_operator.py for tasks to queue
[2024-12-09T05:14:51.158+0000] {logging_mixin.py:190} INFO - [2024-12-09T05:14:51.157+0000] {dagbag.py:588} INFO - Filling up the DagBag from /home/airflow/.local/lib/python3.12/site-packages/airflow/example_dags/example_short_circuit_operator.py
[2024-12-09T05:14:51.162+0000] {processor.py:925} INFO - DAG(s) 'example_short_circuit_operator' retrieved from /home/airflow/.local/lib/python3.12/site-packages/airflow/example_dags/example_short_circuit_operator.py
[2024-12-09T05:14:51.174+0000] {logging_mixin.py:190} INFO - [2024-12-09T05:14:51.174+0000] {dag.py:3239} INFO - Sync 1 DAGs
[2024-12-09T05:14:51.181+0000] {logging_mixin.py:190} INFO - [2024-12-09T05:14:51.181+0000] {dag.py:4180} INFO - Setting next_dagrun for example_short_circuit_operator to None, run_after=None
[2024-12-09T05:14:51.191+0000] {processor.py:208} INFO - Processing /home/airflow/.local/lib/python3.12/site-packages/airflow/example_dags/example_short_circuit_operator.py took 0.039 seconds
[2024-12-09T05:15:21.887+0000] {processor.py:186} INFO - Started process (PID=864) to work on /home/airflow/.local/lib/python3.12/site-packages/airflow/example_dags/example_short_circuit_operator.py
[2024-12-09T05:15:21.888+0000] {processor.py:914} INFO - Processing file /home/airflow/.local/lib/python3.12/site-packages/airflow/example_dags/example_short_circuit_operator.py for tasks to queue
[2024-12-09T05:15:21.889+0000] {logging_mixin.py:190} INFO - [2024-12-09T05:15:21.889+0000] {dagbag.py:588} INFO - Filling up the DagBag from /home/airflow/.local/lib/python3.12/site-packages/airflow/example_dags/example_short_circuit_operator.py
[2024-12-09T05:15:21.894+0000] {processor.py:925} INFO - DAG(s) 'example_short_circuit_operator' retrieved from /home/airflow/.local/lib/python3.12/site-packages/airflow/example_dags/example_short_circuit_operator.py
[2024-12-09T05:15:21.905+0000] {logging_mixin.py:190} INFO - [2024-12-09T05:15:21.905+0000] {dag.py:3239} INFO - Sync 1 DAGs
[2024-12-09T05:15:21.912+0000] {logging_mixin.py:190} INFO - [2024-12-09T05:15:21.912+0000] {dag.py:4180} INFO - Setting next_dagrun for example_short_circuit_operator to None, run_after=None
[2024-12-09T05:15:21.922+0000] {processor.py:208} INFO - Processing /home/airflow/.local/lib/python3.12/site-packages/airflow/example_dags/example_short_circuit_operator.py took 0.038 seconds
[2024-12-09T05:15:52.579+0000] {processor.py:186} INFO - Started process (PID=927) to work on /home/airflow/.local/lib/python3.12/site-packages/airflow/example_dags/example_short_circuit_operator.py
[2024-12-09T05:15:52.580+0000] {processor.py:914} INFO - Processing file /home/airflow/.local/lib/python3.12/site-packages/airflow/example_dags/example_short_circuit_operator.py for tasks to queue
[2024-12-09T05:15:52.581+0000] {logging_mixin.py:190} INFO - [2024-12-09T05:15:52.581+0000] {dagbag.py:588} INFO - Filling up the DagBag from /home/airflow/.local/lib/python3.12/site-packages/airflow/example_dags/example_short_circuit_operator.py
[2024-12-09T05:15:52.586+0000] {processor.py:925} INFO - DAG(s) 'example_short_circuit_operator' retrieved from /home/airflow/.local/lib/python3.12/site-packages/airflow/example_dags/example_short_circuit_operator.py
[2024-12-09T05:15:52.598+0000] {logging_mixin.py:190} INFO - [2024-12-09T05:15:52.598+0000] {dag.py:3239} INFO - Sync 1 DAGs
[2024-12-09T05:15:52.606+0000] {logging_mixin.py:190} INFO - [2024-12-09T05:15:52.606+0000] {dag.py:4180} INFO - Setting next_dagrun for example_short_circuit_operator to None, run_after=None
[2024-12-09T05:15:52.618+0000] {processor.py:208} INFO - Processing /home/airflow/.local/lib/python3.12/site-packages/airflow/example_dags/example_short_circuit_operator.py took 0.042 seconds
[2024-12-09T05:16:23.113+0000] {processor.py:186} INFO - Started process (PID=990) to work on /home/airflow/.local/lib/python3.12/site-packages/airflow/example_dags/example_short_circuit_operator.py
[2024-12-09T05:16:23.114+0000] {processor.py:914} INFO - Processing file /home/airflow/.local/lib/python3.12/site-packages/airflow/example_dags/example_short_circuit_operator.py for tasks to queue
[2024-12-09T05:16:23.115+0000] {logging_mixin.py:190} INFO - [2024-12-09T05:16:23.115+0000] {dagbag.py:588} INFO - Filling up the DagBag from /home/airflow/.local/lib/python3.12/site-packages/airflow/example_dags/example_short_circuit_operator.py
[2024-12-09T05:16:23.120+0000] {processor.py:925} INFO - DAG(s) 'example_short_circuit_operator' retrieved from /home/airflow/.local/lib/python3.12/site-packages/airflow/example_dags/example_short_circuit_operator.py
[2024-12-09T05:16:23.132+0000] {logging_mixin.py:190} INFO - [2024-12-09T05:16:23.132+0000] {dag.py:3239} INFO - Sync 1 DAGs
[2024-12-09T05:16:23.140+0000] {logging_mixin.py:190} INFO - [2024-12-09T05:16:23.140+0000] {dag.py:4180} INFO - Setting next_dagrun for example_short_circuit_operator to None, run_after=None
[2024-12-09T05:16:23.150+0000] {processor.py:208} INFO - Processing /home/airflow/.local/lib/python3.12/site-packages/airflow/example_dags/example_short_circuit_operator.py took 0.040 seconds
[2024-12-09T05:16:53.998+0000] {processor.py:186} INFO - Started process (PID=1053) to work on /home/airflow/.local/lib/python3.12/site-packages/airflow/example_dags/example_short_circuit_operator.py
[2024-12-09T05:16:53.998+0000] {processor.py:914} INFO - Processing file /home/airflow/.local/lib/python3.12/site-packages/airflow/example_dags/example_short_circuit_operator.py for tasks to queue
[2024-12-09T05:16:54.000+0000] {logging_mixin.py:190} INFO - [2024-12-09T05:16:53.999+0000] {dagbag.py:588} INFO - Filling up the DagBag from /home/airflow/.local/lib/python3.12/site-packages/airflow/example_dags/example_short_circuit_operator.py
[2024-12-09T05:16:54.004+0000] {processor.py:925} INFO - DAG(s) 'example_short_circuit_operator' retrieved from /home/airflow/.local/lib/python3.12/site-packages/airflow/example_dags/example_short_circuit_operator.py
[2024-12-09T05:16:54.017+0000] {logging_mixin.py:190} INFO - [2024-12-09T05:16:54.017+0000] {dag.py:3239} INFO - Sync 1 DAGs
[2024-12-09T05:16:54.025+0000] {logging_mixin.py:190} INFO - [2024-12-09T05:16:54.025+0000] {dag.py:4180} INFO - Setting next_dagrun for example_short_circuit_operator to None, run_after=None
[2024-12-09T05:16:54.035+0000] {processor.py:208} INFO - Processing /home/airflow/.local/lib/python3.12/site-packages/airflow/example_dags/example_short_circuit_operator.py took 0.040 seconds
