[2024-12-09T05:09:15.918+0000] {processor.py:186} INFO - Started process (PID=119) to work on /home/airflow/.local/lib/python3.12/site-packages/airflow/example_dags/example_kubernetes_executor.py
[2024-12-09T05:09:15.919+0000] {processor.py:914} INFO - Processing file /home/airflow/.local/lib/python3.12/site-packages/airflow/example_dags/example_kubernetes_executor.py for tasks to queue
[2024-12-09T05:09:15.920+0000] {logging_mixin.py:190} INFO - [2024-12-09T05:09:15.920+0000] {dagbag.py:588} INFO - Filling up the DagBag from /home/airflow/.local/lib/python3.12/site-packages/airflow/example_dags/example_kubernetes_executor.py
[2024-12-09T05:09:15.928+0000] {processor.py:925} INFO - DAG(s) 'example_kubernetes_executor' retrieved from /home/airflow/.local/lib/python3.12/site-packages/airflow/example_dags/example_kubernetes_executor.py
[2024-12-09T05:09:15.950+0000] {logging_mixin.py:190} INFO - [2024-12-09T05:09:15.950+0000] {dag.py:3239} INFO - Sync 1 DAGs
[2024-12-09T05:09:15.959+0000] {logging_mixin.py:190} INFO - [2024-12-09T05:09:15.958+0000] {dag.py:4180} INFO - Setting next_dagrun for example_kubernetes_executor to None, run_after=None
[2024-12-09T05:09:15.969+0000] {processor.py:208} INFO - Processing /home/airflow/.local/lib/python3.12/site-packages/airflow/example_dags/example_kubernetes_executor.py took 0.053 seconds
[2024-12-09T05:09:46.707+0000] {processor.py:186} INFO - Started process (PID=182) to work on /home/airflow/.local/lib/python3.12/site-packages/airflow/example_dags/example_kubernetes_executor.py
[2024-12-09T05:09:46.707+0000] {processor.py:914} INFO - Processing file /home/airflow/.local/lib/python3.12/site-packages/airflow/example_dags/example_kubernetes_executor.py for tasks to queue
[2024-12-09T05:09:46.709+0000] {logging_mixin.py:190} INFO - [2024-12-09T05:09:46.708+0000] {dagbag.py:588} INFO - Filling up the DagBag from /home/airflow/.local/lib/python3.12/site-packages/airflow/example_dags/example_kubernetes_executor.py
[2024-12-09T05:09:46.716+0000] {processor.py:925} INFO - DAG(s) 'example_kubernetes_executor' retrieved from /home/airflow/.local/lib/python3.12/site-packages/airflow/example_dags/example_kubernetes_executor.py
[2024-12-09T05:09:46.735+0000] {logging_mixin.py:190} INFO - [2024-12-09T05:09:46.734+0000] {dag.py:3239} INFO - Sync 1 DAGs
[2024-12-09T05:09:46.742+0000] {logging_mixin.py:190} INFO - [2024-12-09T05:09:46.742+0000] {dag.py:4180} INFO - Setting next_dagrun for example_kubernetes_executor to None, run_after=None
[2024-12-09T05:09:46.752+0000] {processor.py:208} INFO - Processing /home/airflow/.local/lib/python3.12/site-packages/airflow/example_dags/example_kubernetes_executor.py took 0.049 seconds
[2024-12-09T05:10:17.267+0000] {processor.py:186} INFO - Started process (PID=245) to work on /home/airflow/.local/lib/python3.12/site-packages/airflow/example_dags/example_kubernetes_executor.py
[2024-12-09T05:10:17.268+0000] {processor.py:914} INFO - Processing file /home/airflow/.local/lib/python3.12/site-packages/airflow/example_dags/example_kubernetes_executor.py for tasks to queue
[2024-12-09T05:10:17.269+0000] {logging_mixin.py:190} INFO - [2024-12-09T05:10:17.269+0000] {dagbag.py:588} INFO - Filling up the DagBag from /home/airflow/.local/lib/python3.12/site-packages/airflow/example_dags/example_kubernetes_executor.py
[2024-12-09T05:10:17.277+0000] {processor.py:925} INFO - DAG(s) 'example_kubernetes_executor' retrieved from /home/airflow/.local/lib/python3.12/site-packages/airflow/example_dags/example_kubernetes_executor.py
[2024-12-09T05:10:17.296+0000] {logging_mixin.py:190} INFO - [2024-12-09T05:10:17.296+0000] {dag.py:3239} INFO - Sync 1 DAGs
[2024-12-09T05:10:17.304+0000] {logging_mixin.py:190} INFO - [2024-12-09T05:10:17.304+0000] {dag.py:4180} INFO - Setting next_dagrun for example_kubernetes_executor to None, run_after=None
[2024-12-09T05:10:17.316+0000] {processor.py:208} INFO - Processing /home/airflow/.local/lib/python3.12/site-packages/airflow/example_dags/example_kubernetes_executor.py took 0.053 seconds
[2024-12-09T05:10:47.854+0000] {processor.py:186} INFO - Started process (PID=308) to work on /home/airflow/.local/lib/python3.12/site-packages/airflow/example_dags/example_kubernetes_executor.py
[2024-12-09T05:10:47.855+0000] {processor.py:914} INFO - Processing file /home/airflow/.local/lib/python3.12/site-packages/airflow/example_dags/example_kubernetes_executor.py for tasks to queue
[2024-12-09T05:10:47.856+0000] {logging_mixin.py:190} INFO - [2024-12-09T05:10:47.856+0000] {dagbag.py:588} INFO - Filling up the DagBag from /home/airflow/.local/lib/python3.12/site-packages/airflow/example_dags/example_kubernetes_executor.py
[2024-12-09T05:10:47.864+0000] {processor.py:925} INFO - DAG(s) 'example_kubernetes_executor' retrieved from /home/airflow/.local/lib/python3.12/site-packages/airflow/example_dags/example_kubernetes_executor.py
[2024-12-09T05:10:47.882+0000] {logging_mixin.py:190} INFO - [2024-12-09T05:10:47.882+0000] {dag.py:3239} INFO - Sync 1 DAGs
[2024-12-09T05:10:47.890+0000] {logging_mixin.py:190} INFO - [2024-12-09T05:10:47.889+0000] {dag.py:4180} INFO - Setting next_dagrun for example_kubernetes_executor to None, run_after=None
[2024-12-09T05:10:47.899+0000] {processor.py:208} INFO - Processing /home/airflow/.local/lib/python3.12/site-packages/airflow/example_dags/example_kubernetes_executor.py took 0.048 seconds
[2024-12-09T05:11:18.738+0000] {processor.py:186} INFO - Started process (PID=371) to work on /home/airflow/.local/lib/python3.12/site-packages/airflow/example_dags/example_kubernetes_executor.py
[2024-12-09T05:11:18.740+0000] {processor.py:914} INFO - Processing file /home/airflow/.local/lib/python3.12/site-packages/airflow/example_dags/example_kubernetes_executor.py for tasks to queue
[2024-12-09T05:11:18.741+0000] {logging_mixin.py:190} INFO - [2024-12-09T05:11:18.741+0000] {dagbag.py:588} INFO - Filling up the DagBag from /home/airflow/.local/lib/python3.12/site-packages/airflow/example_dags/example_kubernetes_executor.py
[2024-12-09T05:11:18.749+0000] {processor.py:925} INFO - DAG(s) 'example_kubernetes_executor' retrieved from /home/airflow/.local/lib/python3.12/site-packages/airflow/example_dags/example_kubernetes_executor.py
[2024-12-09T05:11:18.767+0000] {logging_mixin.py:190} INFO - [2024-12-09T05:11:18.767+0000] {dag.py:3239} INFO - Sync 1 DAGs
[2024-12-09T05:11:18.775+0000] {logging_mixin.py:190} INFO - [2024-12-09T05:11:18.775+0000] {dag.py:4180} INFO - Setting next_dagrun for example_kubernetes_executor to None, run_after=None
[2024-12-09T05:11:18.785+0000] {processor.py:208} INFO - Processing /home/airflow/.local/lib/python3.12/site-packages/airflow/example_dags/example_kubernetes_executor.py took 0.050 seconds
[2024-12-09T05:11:49.162+0000] {processor.py:186} INFO - Started process (PID=434) to work on /home/airflow/.local/lib/python3.12/site-packages/airflow/example_dags/example_kubernetes_executor.py
[2024-12-09T05:11:49.163+0000] {processor.py:914} INFO - Processing file /home/airflow/.local/lib/python3.12/site-packages/airflow/example_dags/example_kubernetes_executor.py for tasks to queue
[2024-12-09T05:11:49.164+0000] {logging_mixin.py:190} INFO - [2024-12-09T05:11:49.164+0000] {dagbag.py:588} INFO - Filling up the DagBag from /home/airflow/.local/lib/python3.12/site-packages/airflow/example_dags/example_kubernetes_executor.py
[2024-12-09T05:11:49.172+0000] {processor.py:925} INFO - DAG(s) 'example_kubernetes_executor' retrieved from /home/airflow/.local/lib/python3.12/site-packages/airflow/example_dags/example_kubernetes_executor.py
[2024-12-09T05:11:49.192+0000] {logging_mixin.py:190} INFO - [2024-12-09T05:11:49.192+0000] {dag.py:3239} INFO - Sync 1 DAGs
[2024-12-09T05:11:49.200+0000] {logging_mixin.py:190} INFO - [2024-12-09T05:11:49.199+0000] {dag.py:4180} INFO - Setting next_dagrun for example_kubernetes_executor to None, run_after=None
[2024-12-09T05:11:49.209+0000] {processor.py:208} INFO - Processing /home/airflow/.local/lib/python3.12/site-packages/airflow/example_dags/example_kubernetes_executor.py took 0.051 seconds
[2024-12-09T05:12:19.772+0000] {processor.py:186} INFO - Started process (PID=496) to work on /home/airflow/.local/lib/python3.12/site-packages/airflow/example_dags/example_kubernetes_executor.py
[2024-12-09T05:12:19.773+0000] {processor.py:914} INFO - Processing file /home/airflow/.local/lib/python3.12/site-packages/airflow/example_dags/example_kubernetes_executor.py for tasks to queue
[2024-12-09T05:12:19.774+0000] {logging_mixin.py:190} INFO - [2024-12-09T05:12:19.774+0000] {dagbag.py:588} INFO - Filling up the DagBag from /home/airflow/.local/lib/python3.12/site-packages/airflow/example_dags/example_kubernetes_executor.py
[2024-12-09T05:12:19.782+0000] {processor.py:925} INFO - DAG(s) 'example_kubernetes_executor' retrieved from /home/airflow/.local/lib/python3.12/site-packages/airflow/example_dags/example_kubernetes_executor.py
[2024-12-09T05:12:19.801+0000] {logging_mixin.py:190} INFO - [2024-12-09T05:12:19.800+0000] {dag.py:3239} INFO - Sync 1 DAGs
[2024-12-09T05:12:19.808+0000] {logging_mixin.py:190} INFO - [2024-12-09T05:12:19.808+0000] {dag.py:4180} INFO - Setting next_dagrun for example_kubernetes_executor to None, run_after=None
[2024-12-09T05:12:19.818+0000] {processor.py:208} INFO - Processing /home/airflow/.local/lib/python3.12/site-packages/airflow/example_dags/example_kubernetes_executor.py took 0.049 seconds
[2024-12-09T05:12:50.471+0000] {processor.py:186} INFO - Started process (PID=561) to work on /home/airflow/.local/lib/python3.12/site-packages/airflow/example_dags/example_kubernetes_executor.py
[2024-12-09T05:12:50.472+0000] {processor.py:914} INFO - Processing file /home/airflow/.local/lib/python3.12/site-packages/airflow/example_dags/example_kubernetes_executor.py for tasks to queue
[2024-12-09T05:12:50.473+0000] {logging_mixin.py:190} INFO - [2024-12-09T05:12:50.473+0000] {dagbag.py:588} INFO - Filling up the DagBag from /home/airflow/.local/lib/python3.12/site-packages/airflow/example_dags/example_kubernetes_executor.py
[2024-12-09T05:12:50.482+0000] {processor.py:925} INFO - DAG(s) 'example_kubernetes_executor' retrieved from /home/airflow/.local/lib/python3.12/site-packages/airflow/example_dags/example_kubernetes_executor.py
[2024-12-09T05:12:50.503+0000] {logging_mixin.py:190} INFO - [2024-12-09T05:12:50.503+0000] {dag.py:3239} INFO - Sync 1 DAGs
[2024-12-09T05:12:50.512+0000] {logging_mixin.py:190} INFO - [2024-12-09T05:12:50.512+0000] {dag.py:4180} INFO - Setting next_dagrun for example_kubernetes_executor to None, run_after=None
[2024-12-09T05:12:50.523+0000] {processor.py:208} INFO - Processing /home/airflow/.local/lib/python3.12/site-packages/airflow/example_dags/example_kubernetes_executor.py took 0.056 seconds
[2024-12-09T05:13:21.352+0000] {processor.py:186} INFO - Started process (PID=624) to work on /home/airflow/.local/lib/python3.12/site-packages/airflow/example_dags/example_kubernetes_executor.py
[2024-12-09T05:13:21.353+0000] {processor.py:914} INFO - Processing file /home/airflow/.local/lib/python3.12/site-packages/airflow/example_dags/example_kubernetes_executor.py for tasks to queue
[2024-12-09T05:13:21.354+0000] {logging_mixin.py:190} INFO - [2024-12-09T05:13:21.354+0000] {dagbag.py:588} INFO - Filling up the DagBag from /home/airflow/.local/lib/python3.12/site-packages/airflow/example_dags/example_kubernetes_executor.py
[2024-12-09T05:13:21.361+0000] {processor.py:925} INFO - DAG(s) 'example_kubernetes_executor' retrieved from /home/airflow/.local/lib/python3.12/site-packages/airflow/example_dags/example_kubernetes_executor.py
[2024-12-09T05:13:21.379+0000] {logging_mixin.py:190} INFO - [2024-12-09T05:13:21.379+0000] {dag.py:3239} INFO - Sync 1 DAGs
[2024-12-09T05:13:21.388+0000] {logging_mixin.py:190} INFO - [2024-12-09T05:13:21.388+0000] {dag.py:4180} INFO - Setting next_dagrun for example_kubernetes_executor to None, run_after=None
[2024-12-09T05:13:21.397+0000] {processor.py:208} INFO - Processing /home/airflow/.local/lib/python3.12/site-packages/airflow/example_dags/example_kubernetes_executor.py took 0.048 seconds
[2024-12-09T05:13:51.749+0000] {processor.py:186} INFO - Started process (PID=687) to work on /home/airflow/.local/lib/python3.12/site-packages/airflow/example_dags/example_kubernetes_executor.py
[2024-12-09T05:13:51.750+0000] {processor.py:914} INFO - Processing file /home/airflow/.local/lib/python3.12/site-packages/airflow/example_dags/example_kubernetes_executor.py for tasks to queue
[2024-12-09T05:13:51.751+0000] {logging_mixin.py:190} INFO - [2024-12-09T05:13:51.751+0000] {dagbag.py:588} INFO - Filling up the DagBag from /home/airflow/.local/lib/python3.12/site-packages/airflow/example_dags/example_kubernetes_executor.py
[2024-12-09T05:13:51.759+0000] {processor.py:925} INFO - DAG(s) 'example_kubernetes_executor' retrieved from /home/airflow/.local/lib/python3.12/site-packages/airflow/example_dags/example_kubernetes_executor.py
[2024-12-09T05:13:51.778+0000] {logging_mixin.py:190} INFO - [2024-12-09T05:13:51.778+0000] {dag.py:3239} INFO - Sync 1 DAGs
[2024-12-09T05:13:51.786+0000] {logging_mixin.py:190} INFO - [2024-12-09T05:13:51.786+0000] {dag.py:4180} INFO - Setting next_dagrun for example_kubernetes_executor to None, run_after=None
[2024-12-09T05:13:51.796+0000] {processor.py:208} INFO - Processing /home/airflow/.local/lib/python3.12/site-packages/airflow/example_dags/example_kubernetes_executor.py took 0.050 seconds
[2024-12-09T05:14:22.302+0000] {processor.py:186} INFO - Started process (PID=750) to work on /home/airflow/.local/lib/python3.12/site-packages/airflow/example_dags/example_kubernetes_executor.py
[2024-12-09T05:14:22.303+0000] {processor.py:914} INFO - Processing file /home/airflow/.local/lib/python3.12/site-packages/airflow/example_dags/example_kubernetes_executor.py for tasks to queue
[2024-12-09T05:14:22.304+0000] {logging_mixin.py:190} INFO - [2024-12-09T05:14:22.304+0000] {dagbag.py:588} INFO - Filling up the DagBag from /home/airflow/.local/lib/python3.12/site-packages/airflow/example_dags/example_kubernetes_executor.py
[2024-12-09T05:14:22.312+0000] {processor.py:925} INFO - DAG(s) 'example_kubernetes_executor' retrieved from /home/airflow/.local/lib/python3.12/site-packages/airflow/example_dags/example_kubernetes_executor.py
[2024-12-09T05:14:22.331+0000] {logging_mixin.py:190} INFO - [2024-12-09T05:14:22.331+0000] {dag.py:3239} INFO - Sync 1 DAGs
[2024-12-09T05:14:22.339+0000] {logging_mixin.py:190} INFO - [2024-12-09T05:14:22.339+0000] {dag.py:4180} INFO - Setting next_dagrun for example_kubernetes_executor to None, run_after=None
[2024-12-09T05:14:22.351+0000] {processor.py:208} INFO - Processing /home/airflow/.local/lib/python3.12/site-packages/airflow/example_dags/example_kubernetes_executor.py took 0.052 seconds
[2024-12-09T05:14:52.860+0000] {processor.py:186} INFO - Started process (PID=813) to work on /home/airflow/.local/lib/python3.12/site-packages/airflow/example_dags/example_kubernetes_executor.py
[2024-12-09T05:14:52.861+0000] {processor.py:914} INFO - Processing file /home/airflow/.local/lib/python3.12/site-packages/airflow/example_dags/example_kubernetes_executor.py for tasks to queue
[2024-12-09T05:14:52.862+0000] {logging_mixin.py:190} INFO - [2024-12-09T05:14:52.862+0000] {dagbag.py:588} INFO - Filling up the DagBag from /home/airflow/.local/lib/python3.12/site-packages/airflow/example_dags/example_kubernetes_executor.py
[2024-12-09T05:14:52.869+0000] {processor.py:925} INFO - DAG(s) 'example_kubernetes_executor' retrieved from /home/airflow/.local/lib/python3.12/site-packages/airflow/example_dags/example_kubernetes_executor.py
[2024-12-09T05:14:52.889+0000] {logging_mixin.py:190} INFO - [2024-12-09T05:14:52.889+0000] {dag.py:3239} INFO - Sync 1 DAGs
[2024-12-09T05:14:52.897+0000] {logging_mixin.py:190} INFO - [2024-12-09T05:14:52.897+0000] {dag.py:4180} INFO - Setting next_dagrun for example_kubernetes_executor to None, run_after=None
[2024-12-09T05:14:52.907+0000] {processor.py:208} INFO - Processing /home/airflow/.local/lib/python3.12/site-packages/airflow/example_dags/example_kubernetes_executor.py took 0.050 seconds
[2024-12-09T05:15:23.536+0000] {processor.py:186} INFO - Started process (PID=875) to work on /home/airflow/.local/lib/python3.12/site-packages/airflow/example_dags/example_kubernetes_executor.py
[2024-12-09T05:15:23.536+0000] {processor.py:914} INFO - Processing file /home/airflow/.local/lib/python3.12/site-packages/airflow/example_dags/example_kubernetes_executor.py for tasks to queue
[2024-12-09T05:15:23.538+0000] {logging_mixin.py:190} INFO - [2024-12-09T05:15:23.537+0000] {dagbag.py:588} INFO - Filling up the DagBag from /home/airflow/.local/lib/python3.12/site-packages/airflow/example_dags/example_kubernetes_executor.py
[2024-12-09T05:15:23.545+0000] {processor.py:925} INFO - DAG(s) 'example_kubernetes_executor' retrieved from /home/airflow/.local/lib/python3.12/site-packages/airflow/example_dags/example_kubernetes_executor.py
[2024-12-09T05:15:23.568+0000] {logging_mixin.py:190} INFO - [2024-12-09T05:15:23.568+0000] {dag.py:3239} INFO - Sync 1 DAGs
[2024-12-09T05:15:23.576+0000] {logging_mixin.py:190} INFO - [2024-12-09T05:15:23.576+0000] {dag.py:4180} INFO - Setting next_dagrun for example_kubernetes_executor to None, run_after=None
[2024-12-09T05:15:23.585+0000] {processor.py:208} INFO - Processing /home/airflow/.local/lib/python3.12/site-packages/airflow/example_dags/example_kubernetes_executor.py took 0.052 seconds
[2024-12-09T05:15:54.246+0000] {processor.py:186} INFO - Started process (PID=938) to work on /home/airflow/.local/lib/python3.12/site-packages/airflow/example_dags/example_kubernetes_executor.py
[2024-12-09T05:15:54.246+0000] {processor.py:914} INFO - Processing file /home/airflow/.local/lib/python3.12/site-packages/airflow/example_dags/example_kubernetes_executor.py for tasks to queue
[2024-12-09T05:15:54.248+0000] {logging_mixin.py:190} INFO - [2024-12-09T05:15:54.247+0000] {dagbag.py:588} INFO - Filling up the DagBag from /home/airflow/.local/lib/python3.12/site-packages/airflow/example_dags/example_kubernetes_executor.py
[2024-12-09T05:15:54.256+0000] {processor.py:925} INFO - DAG(s) 'example_kubernetes_executor' retrieved from /home/airflow/.local/lib/python3.12/site-packages/airflow/example_dags/example_kubernetes_executor.py
[2024-12-09T05:15:54.275+0000] {logging_mixin.py:190} INFO - [2024-12-09T05:15:54.275+0000] {dag.py:3239} INFO - Sync 1 DAGs
[2024-12-09T05:15:54.283+0000] {logging_mixin.py:190} INFO - [2024-12-09T05:15:54.283+0000] {dag.py:4180} INFO - Setting next_dagrun for example_kubernetes_executor to None, run_after=None
[2024-12-09T05:15:54.293+0000] {processor.py:208} INFO - Processing /home/airflow/.local/lib/python3.12/site-packages/airflow/example_dags/example_kubernetes_executor.py took 0.051 seconds
[2024-12-09T05:16:24.832+0000] {processor.py:186} INFO - Started process (PID=1001) to work on /home/airflow/.local/lib/python3.12/site-packages/airflow/example_dags/example_kubernetes_executor.py
[2024-12-09T05:16:24.832+0000] {processor.py:914} INFO - Processing file /home/airflow/.local/lib/python3.12/site-packages/airflow/example_dags/example_kubernetes_executor.py for tasks to queue
[2024-12-09T05:16:24.834+0000] {logging_mixin.py:190} INFO - [2024-12-09T05:16:24.833+0000] {dagbag.py:588} INFO - Filling up the DagBag from /home/airflow/.local/lib/python3.12/site-packages/airflow/example_dags/example_kubernetes_executor.py
[2024-12-09T05:16:24.842+0000] {processor.py:925} INFO - DAG(s) 'example_kubernetes_executor' retrieved from /home/airflow/.local/lib/python3.12/site-packages/airflow/example_dags/example_kubernetes_executor.py
[2024-12-09T05:16:24.861+0000] {logging_mixin.py:190} INFO - [2024-12-09T05:16:24.860+0000] {dag.py:3239} INFO - Sync 1 DAGs
[2024-12-09T05:16:24.869+0000] {logging_mixin.py:190} INFO - [2024-12-09T05:16:24.869+0000] {dag.py:4180} INFO - Setting next_dagrun for example_kubernetes_executor to None, run_after=None
[2024-12-09T05:16:24.879+0000] {processor.py:208} INFO - Processing /home/airflow/.local/lib/python3.12/site-packages/airflow/example_dags/example_kubernetes_executor.py took 0.051 seconds
[2024-12-09T05:16:55.661+0000] {processor.py:186} INFO - Started process (PID=1064) to work on /home/airflow/.local/lib/python3.12/site-packages/airflow/example_dags/example_kubernetes_executor.py
[2024-12-09T05:16:55.662+0000] {processor.py:914} INFO - Processing file /home/airflow/.local/lib/python3.12/site-packages/airflow/example_dags/example_kubernetes_executor.py for tasks to queue
[2024-12-09T05:16:55.663+0000] {logging_mixin.py:190} INFO - [2024-12-09T05:16:55.663+0000] {dagbag.py:588} INFO - Filling up the DagBag from /home/airflow/.local/lib/python3.12/site-packages/airflow/example_dags/example_kubernetes_executor.py
[2024-12-09T05:16:55.671+0000] {processor.py:925} INFO - DAG(s) 'example_kubernetes_executor' retrieved from /home/airflow/.local/lib/python3.12/site-packages/airflow/example_dags/example_kubernetes_executor.py
[2024-12-09T05:16:55.691+0000] {logging_mixin.py:190} INFO - [2024-12-09T05:16:55.691+0000] {dag.py:3239} INFO - Sync 1 DAGs
[2024-12-09T05:16:55.700+0000] {logging_mixin.py:190} INFO - [2024-12-09T05:16:55.700+0000] {dag.py:4180} INFO - Setting next_dagrun for example_kubernetes_executor to None, run_after=None
[2024-12-09T05:16:55.710+0000] {processor.py:208} INFO - Processing /home/airflow/.local/lib/python3.12/site-packages/airflow/example_dags/example_kubernetes_executor.py took 0.052 seconds
