[2024-12-09T05:09:16.546+0000] {processor.py:186} INFO - Started process (PID=132) to work on /home/airflow/.local/lib/python3.12/site-packages/airflow/example_dags/example_task_group.py
[2024-12-09T05:09:16.546+0000] {processor.py:914} INFO - Processing file /home/airflow/.local/lib/python3.12/site-packages/airflow/example_dags/example_task_group.py for tasks to queue
[2024-12-09T05:09:16.548+0000] {logging_mixin.py:190} INFO - [2024-12-09T05:09:16.548+0000] {dagbag.py:588} INFO - Filling up the DagBag from /home/airflow/.local/lib/python3.12/site-packages/airflow/example_dags/example_task_group.py
[2024-12-09T05:09:16.553+0000] {processor.py:925} INFO - DAG(s) 'example_task_group' retrieved from /home/airflow/.local/lib/python3.12/site-packages/airflow/example_dags/example_task_group.py
[2024-12-09T05:09:16.567+0000] {logging_mixin.py:190} INFO - [2024-12-09T05:09:16.567+0000] {dag.py:3239} INFO - Sync 1 DAGs
[2024-12-09T05:09:16.574+0000] {logging_mixin.py:190} INFO - [2024-12-09T05:09:16.574+0000] {dag.py:4180} INFO - Setting next_dagrun for example_task_group to None, run_after=None
[2024-12-09T05:09:16.583+0000] {processor.py:208} INFO - Processing /home/airflow/.local/lib/python3.12/site-packages/airflow/example_dags/example_task_group.py took 0.041 seconds
[2024-12-09T05:09:47.261+0000] {processor.py:186} INFO - Started process (PID=195) to work on /home/airflow/.local/lib/python3.12/site-packages/airflow/example_dags/example_task_group.py
[2024-12-09T05:09:47.261+0000] {processor.py:914} INFO - Processing file /home/airflow/.local/lib/python3.12/site-packages/airflow/example_dags/example_task_group.py for tasks to queue
[2024-12-09T05:09:47.263+0000] {logging_mixin.py:190} INFO - [2024-12-09T05:09:47.263+0000] {dagbag.py:588} INFO - Filling up the DagBag from /home/airflow/.local/lib/python3.12/site-packages/airflow/example_dags/example_task_group.py
[2024-12-09T05:09:47.267+0000] {processor.py:925} INFO - DAG(s) 'example_task_group' retrieved from /home/airflow/.local/lib/python3.12/site-packages/airflow/example_dags/example_task_group.py
[2024-12-09T05:09:47.278+0000] {logging_mixin.py:190} INFO - [2024-12-09T05:09:47.278+0000] {dag.py:3239} INFO - Sync 1 DAGs
[2024-12-09T05:09:47.285+0000] {logging_mixin.py:190} INFO - [2024-12-09T05:09:47.285+0000] {dag.py:4180} INFO - Setting next_dagrun for example_task_group to None, run_after=None
[2024-12-09T05:09:47.294+0000] {processor.py:208} INFO - Processing /home/airflow/.local/lib/python3.12/site-packages/airflow/example_dags/example_task_group.py took 0.036 seconds
[2024-12-09T05:10:17.892+0000] {processor.py:186} INFO - Started process (PID=258) to work on /home/airflow/.local/lib/python3.12/site-packages/airflow/example_dags/example_task_group.py
[2024-12-09T05:10:17.893+0000] {processor.py:914} INFO - Processing file /home/airflow/.local/lib/python3.12/site-packages/airflow/example_dags/example_task_group.py for tasks to queue
[2024-12-09T05:10:17.895+0000] {logging_mixin.py:190} INFO - [2024-12-09T05:10:17.894+0000] {dagbag.py:588} INFO - Filling up the DagBag from /home/airflow/.local/lib/python3.12/site-packages/airflow/example_dags/example_task_group.py
[2024-12-09T05:10:17.900+0000] {processor.py:925} INFO - DAG(s) 'example_task_group' retrieved from /home/airflow/.local/lib/python3.12/site-packages/airflow/example_dags/example_task_group.py
[2024-12-09T05:10:17.913+0000] {logging_mixin.py:190} INFO - [2024-12-09T05:10:17.912+0000] {dag.py:3239} INFO - Sync 1 DAGs
[2024-12-09T05:10:17.921+0000] {logging_mixin.py:190} INFO - [2024-12-09T05:10:17.921+0000] {dag.py:4180} INFO - Setting next_dagrun for example_task_group to None, run_after=None
[2024-12-09T05:10:17.931+0000] {processor.py:208} INFO - Processing /home/airflow/.local/lib/python3.12/site-packages/airflow/example_dags/example_task_group.py took 0.041 seconds
[2024-12-09T05:10:48.470+0000] {processor.py:186} INFO - Started process (PID=321) to work on /home/airflow/.local/lib/python3.12/site-packages/airflow/example_dags/example_task_group.py
[2024-12-09T05:10:48.471+0000] {processor.py:914} INFO - Processing file /home/airflow/.local/lib/python3.12/site-packages/airflow/example_dags/example_task_group.py for tasks to queue
[2024-12-09T05:10:48.472+0000] {logging_mixin.py:190} INFO - [2024-12-09T05:10:48.472+0000] {dagbag.py:588} INFO - Filling up the DagBag from /home/airflow/.local/lib/python3.12/site-packages/airflow/example_dags/example_task_group.py
[2024-12-09T05:10:48.477+0000] {processor.py:925} INFO - DAG(s) 'example_task_group' retrieved from /home/airflow/.local/lib/python3.12/site-packages/airflow/example_dags/example_task_group.py
[2024-12-09T05:10:48.489+0000] {logging_mixin.py:190} INFO - [2024-12-09T05:10:48.488+0000] {dag.py:3239} INFO - Sync 1 DAGs
[2024-12-09T05:10:48.497+0000] {logging_mixin.py:190} INFO - [2024-12-09T05:10:48.496+0000] {dag.py:4180} INFO - Setting next_dagrun for example_task_group to None, run_after=None
[2024-12-09T05:10:48.507+0000] {processor.py:208} INFO - Processing /home/airflow/.local/lib/python3.12/site-packages/airflow/example_dags/example_task_group.py took 0.040 seconds
[2024-12-09T05:11:19.181+0000] {processor.py:186} INFO - Started process (PID=384) to work on /home/airflow/.local/lib/python3.12/site-packages/airflow/example_dags/example_task_group.py
[2024-12-09T05:11:19.182+0000] {processor.py:914} INFO - Processing file /home/airflow/.local/lib/python3.12/site-packages/airflow/example_dags/example_task_group.py for tasks to queue
[2024-12-09T05:11:19.183+0000] {logging_mixin.py:190} INFO - [2024-12-09T05:11:19.183+0000] {dagbag.py:588} INFO - Filling up the DagBag from /home/airflow/.local/lib/python3.12/site-packages/airflow/example_dags/example_task_group.py
[2024-12-09T05:11:19.188+0000] {processor.py:925} INFO - DAG(s) 'example_task_group' retrieved from /home/airflow/.local/lib/python3.12/site-packages/airflow/example_dags/example_task_group.py
[2024-12-09T05:11:19.200+0000] {logging_mixin.py:190} INFO - [2024-12-09T05:11:19.199+0000] {dag.py:3239} INFO - Sync 1 DAGs
[2024-12-09T05:11:19.207+0000] {logging_mixin.py:190} INFO - [2024-12-09T05:11:19.207+0000] {dag.py:4180} INFO - Setting next_dagrun for example_task_group to None, run_after=None
[2024-12-09T05:11:19.218+0000] {processor.py:208} INFO - Processing /home/airflow/.local/lib/python3.12/site-packages/airflow/example_dags/example_task_group.py took 0.039 seconds
[2024-12-09T05:11:49.860+0000] {processor.py:186} INFO - Started process (PID=447) to work on /home/airflow/.local/lib/python3.12/site-packages/airflow/example_dags/example_task_group.py
[2024-12-09T05:11:49.861+0000] {processor.py:914} INFO - Processing file /home/airflow/.local/lib/python3.12/site-packages/airflow/example_dags/example_task_group.py for tasks to queue
[2024-12-09T05:11:49.862+0000] {logging_mixin.py:190} INFO - [2024-12-09T05:11:49.862+0000] {dagbag.py:588} INFO - Filling up the DagBag from /home/airflow/.local/lib/python3.12/site-packages/airflow/example_dags/example_task_group.py
[2024-12-09T05:11:49.867+0000] {processor.py:925} INFO - DAG(s) 'example_task_group' retrieved from /home/airflow/.local/lib/python3.12/site-packages/airflow/example_dags/example_task_group.py
[2024-12-09T05:11:49.880+0000] {logging_mixin.py:190} INFO - [2024-12-09T05:11:49.879+0000] {dag.py:3239} INFO - Sync 1 DAGs
[2024-12-09T05:11:49.888+0000] {logging_mixin.py:190} INFO - [2024-12-09T05:11:49.888+0000] {dag.py:4180} INFO - Setting next_dagrun for example_task_group to None, run_after=None
[2024-12-09T05:11:49.899+0000] {processor.py:208} INFO - Processing /home/airflow/.local/lib/python3.12/site-packages/airflow/example_dags/example_task_group.py took 0.042 seconds
[2024-12-09T05:12:20.371+0000] {processor.py:186} INFO - Started process (PID=510) to work on /home/airflow/.local/lib/python3.12/site-packages/airflow/example_dags/example_task_group.py
[2024-12-09T05:12:20.372+0000] {processor.py:914} INFO - Processing file /home/airflow/.local/lib/python3.12/site-packages/airflow/example_dags/example_task_group.py for tasks to queue
[2024-12-09T05:12:20.373+0000] {logging_mixin.py:190} INFO - [2024-12-09T05:12:20.373+0000] {dagbag.py:588} INFO - Filling up the DagBag from /home/airflow/.local/lib/python3.12/site-packages/airflow/example_dags/example_task_group.py
[2024-12-09T05:12:20.378+0000] {processor.py:925} INFO - DAG(s) 'example_task_group' retrieved from /home/airflow/.local/lib/python3.12/site-packages/airflow/example_dags/example_task_group.py
[2024-12-09T05:12:20.389+0000] {logging_mixin.py:190} INFO - [2024-12-09T05:12:20.389+0000] {dag.py:3239} INFO - Sync 1 DAGs
[2024-12-09T05:12:20.397+0000] {logging_mixin.py:190} INFO - [2024-12-09T05:12:20.397+0000] {dag.py:4180} INFO - Setting next_dagrun for example_task_group to None, run_after=None
[2024-12-09T05:12:20.406+0000] {processor.py:208} INFO - Processing /home/airflow/.local/lib/python3.12/site-packages/airflow/example_dags/example_task_group.py took 0.038 seconds
[2024-12-09T05:12:51.083+0000] {processor.py:186} INFO - Started process (PID=574) to work on /home/airflow/.local/lib/python3.12/site-packages/airflow/example_dags/example_task_group.py
[2024-12-09T05:12:51.084+0000] {processor.py:914} INFO - Processing file /home/airflow/.local/lib/python3.12/site-packages/airflow/example_dags/example_task_group.py for tasks to queue
[2024-12-09T05:12:51.085+0000] {logging_mixin.py:190} INFO - [2024-12-09T05:12:51.085+0000] {dagbag.py:588} INFO - Filling up the DagBag from /home/airflow/.local/lib/python3.12/site-packages/airflow/example_dags/example_task_group.py
[2024-12-09T05:12:51.090+0000] {processor.py:925} INFO - DAG(s) 'example_task_group' retrieved from /home/airflow/.local/lib/python3.12/site-packages/airflow/example_dags/example_task_group.py
[2024-12-09T05:12:51.101+0000] {logging_mixin.py:190} INFO - [2024-12-09T05:12:51.101+0000] {dag.py:3239} INFO - Sync 1 DAGs
[2024-12-09T05:12:51.109+0000] {logging_mixin.py:190} INFO - [2024-12-09T05:12:51.108+0000] {dag.py:4180} INFO - Setting next_dagrun for example_task_group to None, run_after=None
[2024-12-09T05:12:51.118+0000] {processor.py:208} INFO - Processing /home/airflow/.local/lib/python3.12/site-packages/airflow/example_dags/example_task_group.py took 0.039 seconds
[2024-12-09T05:13:21.820+0000] {processor.py:186} INFO - Started process (PID=637) to work on /home/airflow/.local/lib/python3.12/site-packages/airflow/example_dags/example_task_group.py
[2024-12-09T05:13:21.821+0000] {processor.py:914} INFO - Processing file /home/airflow/.local/lib/python3.12/site-packages/airflow/example_dags/example_task_group.py for tasks to queue
[2024-12-09T05:13:21.822+0000] {logging_mixin.py:190} INFO - [2024-12-09T05:13:21.822+0000] {dagbag.py:588} INFO - Filling up the DagBag from /home/airflow/.local/lib/python3.12/site-packages/airflow/example_dags/example_task_group.py
[2024-12-09T05:13:21.827+0000] {processor.py:925} INFO - DAG(s) 'example_task_group' retrieved from /home/airflow/.local/lib/python3.12/site-packages/airflow/example_dags/example_task_group.py
[2024-12-09T05:13:21.838+0000] {logging_mixin.py:190} INFO - [2024-12-09T05:13:21.838+0000] {dag.py:3239} INFO - Sync 1 DAGs
[2024-12-09T05:13:21.846+0000] {logging_mixin.py:190} INFO - [2024-12-09T05:13:21.846+0000] {dag.py:4180} INFO - Setting next_dagrun for example_task_group to None, run_after=None
[2024-12-09T05:13:21.856+0000] {processor.py:208} INFO - Processing /home/airflow/.local/lib/python3.12/site-packages/airflow/example_dags/example_task_group.py took 0.039 seconds
[2024-12-09T05:13:52.341+0000] {processor.py:186} INFO - Started process (PID=700) to work on /home/airflow/.local/lib/python3.12/site-packages/airflow/example_dags/example_task_group.py
[2024-12-09T05:13:52.342+0000] {processor.py:914} INFO - Processing file /home/airflow/.local/lib/python3.12/site-packages/airflow/example_dags/example_task_group.py for tasks to queue
[2024-12-09T05:13:52.343+0000] {logging_mixin.py:190} INFO - [2024-12-09T05:13:52.343+0000] {dagbag.py:588} INFO - Filling up the DagBag from /home/airflow/.local/lib/python3.12/site-packages/airflow/example_dags/example_task_group.py
[2024-12-09T05:13:52.348+0000] {processor.py:925} INFO - DAG(s) 'example_task_group' retrieved from /home/airflow/.local/lib/python3.12/site-packages/airflow/example_dags/example_task_group.py
[2024-12-09T05:13:52.359+0000] {logging_mixin.py:190} INFO - [2024-12-09T05:13:52.359+0000] {dag.py:3239} INFO - Sync 1 DAGs
[2024-12-09T05:13:52.367+0000] {logging_mixin.py:190} INFO - [2024-12-09T05:13:52.367+0000] {dag.py:4180} INFO - Setting next_dagrun for example_task_group to None, run_after=None
[2024-12-09T05:13:52.377+0000] {processor.py:208} INFO - Processing /home/airflow/.local/lib/python3.12/site-packages/airflow/example_dags/example_task_group.py took 0.039 seconds
[2024-12-09T05:14:22.877+0000] {processor.py:186} INFO - Started process (PID=763) to work on /home/airflow/.local/lib/python3.12/site-packages/airflow/example_dags/example_task_group.py
[2024-12-09T05:14:22.878+0000] {processor.py:914} INFO - Processing file /home/airflow/.local/lib/python3.12/site-packages/airflow/example_dags/example_task_group.py for tasks to queue
[2024-12-09T05:14:22.879+0000] {logging_mixin.py:190} INFO - [2024-12-09T05:14:22.879+0000] {dagbag.py:588} INFO - Filling up the DagBag from /home/airflow/.local/lib/python3.12/site-packages/airflow/example_dags/example_task_group.py
[2024-12-09T05:14:22.884+0000] {processor.py:925} INFO - DAG(s) 'example_task_group' retrieved from /home/airflow/.local/lib/python3.12/site-packages/airflow/example_dags/example_task_group.py
[2024-12-09T05:14:22.896+0000] {logging_mixin.py:190} INFO - [2024-12-09T05:14:22.896+0000] {dag.py:3239} INFO - Sync 1 DAGs
[2024-12-09T05:14:22.903+0000] {logging_mixin.py:190} INFO - [2024-12-09T05:14:22.903+0000] {dag.py:4180} INFO - Setting next_dagrun for example_task_group to None, run_after=None
[2024-12-09T05:14:22.913+0000] {processor.py:208} INFO - Processing /home/airflow/.local/lib/python3.12/site-packages/airflow/example_dags/example_task_group.py took 0.039 seconds
[2024-12-09T05:14:53.442+0000] {processor.py:186} INFO - Started process (PID=826) to work on /home/airflow/.local/lib/python3.12/site-packages/airflow/example_dags/example_task_group.py
[2024-12-09T05:14:53.443+0000] {processor.py:914} INFO - Processing file /home/airflow/.local/lib/python3.12/site-packages/airflow/example_dags/example_task_group.py for tasks to queue
[2024-12-09T05:14:53.445+0000] {logging_mixin.py:190} INFO - [2024-12-09T05:14:53.444+0000] {dagbag.py:588} INFO - Filling up the DagBag from /home/airflow/.local/lib/python3.12/site-packages/airflow/example_dags/example_task_group.py
[2024-12-09T05:14:53.450+0000] {processor.py:925} INFO - DAG(s) 'example_task_group' retrieved from /home/airflow/.local/lib/python3.12/site-packages/airflow/example_dags/example_task_group.py
[2024-12-09T05:14:53.462+0000] {logging_mixin.py:190} INFO - [2024-12-09T05:14:53.462+0000] {dag.py:3239} INFO - Sync 1 DAGs
[2024-12-09T05:14:53.471+0000] {logging_mixin.py:190} INFO - [2024-12-09T05:14:53.471+0000] {dag.py:4180} INFO - Setting next_dagrun for example_task_group to None, run_after=None
[2024-12-09T05:14:53.481+0000] {processor.py:208} INFO - Processing /home/airflow/.local/lib/python3.12/site-packages/airflow/example_dags/example_task_group.py took 0.042 seconds
[2024-12-09T05:15:24.151+0000] {processor.py:186} INFO - Started process (PID=888) to work on /home/airflow/.local/lib/python3.12/site-packages/airflow/example_dags/example_task_group.py
[2024-12-09T05:15:24.152+0000] {processor.py:914} INFO - Processing file /home/airflow/.local/lib/python3.12/site-packages/airflow/example_dags/example_task_group.py for tasks to queue
[2024-12-09T05:15:24.153+0000] {logging_mixin.py:190} INFO - [2024-12-09T05:15:24.153+0000] {dagbag.py:588} INFO - Filling up the DagBag from /home/airflow/.local/lib/python3.12/site-packages/airflow/example_dags/example_task_group.py
[2024-12-09T05:15:24.158+0000] {processor.py:925} INFO - DAG(s) 'example_task_group' retrieved from /home/airflow/.local/lib/python3.12/site-packages/airflow/example_dags/example_task_group.py
[2024-12-09T05:15:24.169+0000] {logging_mixin.py:190} INFO - [2024-12-09T05:15:24.169+0000] {dag.py:3239} INFO - Sync 1 DAGs
[2024-12-09T05:15:24.176+0000] {logging_mixin.py:190} INFO - [2024-12-09T05:15:24.176+0000] {dag.py:4180} INFO - Setting next_dagrun for example_task_group to None, run_after=None
[2024-12-09T05:15:24.186+0000] {processor.py:208} INFO - Processing /home/airflow/.local/lib/python3.12/site-packages/airflow/example_dags/example_task_group.py took 0.038 seconds
[2024-12-09T05:15:54.791+0000] {processor.py:186} INFO - Started process (PID=951) to work on /home/airflow/.local/lib/python3.12/site-packages/airflow/example_dags/example_task_group.py
[2024-12-09T05:15:54.791+0000] {processor.py:914} INFO - Processing file /home/airflow/.local/lib/python3.12/site-packages/airflow/example_dags/example_task_group.py for tasks to queue
[2024-12-09T05:15:54.792+0000] {logging_mixin.py:190} INFO - [2024-12-09T05:15:54.792+0000] {dagbag.py:588} INFO - Filling up the DagBag from /home/airflow/.local/lib/python3.12/site-packages/airflow/example_dags/example_task_group.py
[2024-12-09T05:15:54.797+0000] {processor.py:925} INFO - DAG(s) 'example_task_group' retrieved from /home/airflow/.local/lib/python3.12/site-packages/airflow/example_dags/example_task_group.py
[2024-12-09T05:15:54.808+0000] {logging_mixin.py:190} INFO - [2024-12-09T05:15:54.808+0000] {dag.py:3239} INFO - Sync 1 DAGs
[2024-12-09T05:15:54.816+0000] {logging_mixin.py:190} INFO - [2024-12-09T05:15:54.816+0000] {dag.py:4180} INFO - Setting next_dagrun for example_task_group to None, run_after=None
[2024-12-09T05:15:54.825+0000] {processor.py:208} INFO - Processing /home/airflow/.local/lib/python3.12/site-packages/airflow/example_dags/example_task_group.py took 0.038 seconds
[2024-12-09T05:16:25.358+0000] {processor.py:186} INFO - Started process (PID=1014) to work on /home/airflow/.local/lib/python3.12/site-packages/airflow/example_dags/example_task_group.py
[2024-12-09T05:16:25.359+0000] {processor.py:914} INFO - Processing file /home/airflow/.local/lib/python3.12/site-packages/airflow/example_dags/example_task_group.py for tasks to queue
[2024-12-09T05:16:25.360+0000] {logging_mixin.py:190} INFO - [2024-12-09T05:16:25.360+0000] {dagbag.py:588} INFO - Filling up the DagBag from /home/airflow/.local/lib/python3.12/site-packages/airflow/example_dags/example_task_group.py
[2024-12-09T05:16:25.365+0000] {processor.py:925} INFO - DAG(s) 'example_task_group' retrieved from /home/airflow/.local/lib/python3.12/site-packages/airflow/example_dags/example_task_group.py
[2024-12-09T05:16:25.377+0000] {logging_mixin.py:190} INFO - [2024-12-09T05:16:25.377+0000] {dag.py:3239} INFO - Sync 1 DAGs
[2024-12-09T05:16:25.385+0000] {logging_mixin.py:190} INFO - [2024-12-09T05:16:25.385+0000] {dag.py:4180} INFO - Setting next_dagrun for example_task_group to None, run_after=None
[2024-12-09T05:16:25.394+0000] {processor.py:208} INFO - Processing /home/airflow/.local/lib/python3.12/site-packages/airflow/example_dags/example_task_group.py took 0.039 seconds
[2024-12-09T05:16:56.230+0000] {processor.py:186} INFO - Started process (PID=1077) to work on /home/airflow/.local/lib/python3.12/site-packages/airflow/example_dags/example_task_group.py
[2024-12-09T05:16:56.231+0000] {processor.py:914} INFO - Processing file /home/airflow/.local/lib/python3.12/site-packages/airflow/example_dags/example_task_group.py for tasks to queue
[2024-12-09T05:16:56.232+0000] {logging_mixin.py:190} INFO - [2024-12-09T05:16:56.232+0000] {dagbag.py:588} INFO - Filling up the DagBag from /home/airflow/.local/lib/python3.12/site-packages/airflow/example_dags/example_task_group.py
[2024-12-09T05:16:56.237+0000] {processor.py:925} INFO - DAG(s) 'example_task_group' retrieved from /home/airflow/.local/lib/python3.12/site-packages/airflow/example_dags/example_task_group.py
[2024-12-09T05:16:56.248+0000] {logging_mixin.py:190} INFO - [2024-12-09T05:16:56.248+0000] {dag.py:3239} INFO - Sync 1 DAGs
[2024-12-09T05:16:56.256+0000] {logging_mixin.py:190} INFO - [2024-12-09T05:16:56.256+0000] {dag.py:4180} INFO - Setting next_dagrun for example_task_group to None, run_after=None
[2024-12-09T05:16:56.266+0000] {processor.py:208} INFO - Processing /home/airflow/.local/lib/python3.12/site-packages/airflow/example_dags/example_task_group.py took 0.039 seconds
