[2024-12-09T05:09:16.434+0000] {processor.py:186} INFO - Started process (PID=128) to work on /home/airflow/.local/lib/python3.12/site-packages/airflow/example_dags/example_workday_timetable.py
[2024-12-09T05:09:16.434+0000] {processor.py:914} INFO - Processing file /home/airflow/.local/lib/python3.12/site-packages/airflow/example_dags/example_workday_timetable.py for tasks to queue
[2024-12-09T05:09:16.435+0000] {logging_mixin.py:190} INFO - [2024-12-09T05:09:16.435+0000] {dagbag.py:588} INFO - Filling up the DagBag from /home/airflow/.local/lib/python3.12/site-packages/airflow/example_dags/example_workday_timetable.py
[2024-12-09T05:09:16.439+0000] {processor.py:925} INFO - DAG(s) 'example_workday_timetable' retrieved from /home/airflow/.local/lib/python3.12/site-packages/airflow/example_dags/example_workday_timetable.py
[2024-12-09T05:09:16.452+0000] {logging_mixin.py:190} INFO - [2024-12-09T05:09:16.452+0000] {dag.py:3239} INFO - Sync 1 DAGs
[2024-12-09T05:09:16.482+0000] {logging_mixin.py:190} INFO - [2024-12-09T05:09:16.482+0000] {dag.py:4180} INFO - Setting next_dagrun for example_workday_timetable to 2021-01-04 00:00:00+00:00, run_after=2021-01-05 00:00:00+00:00
[2024-12-09T05:09:16.492+0000] {processor.py:208} INFO - Processing /home/airflow/.local/lib/python3.12/site-packages/airflow/example_dags/example_workday_timetable.py took 0.061 seconds
[2024-12-09T05:09:47.134+0000] {processor.py:186} INFO - Started process (PID=191) to work on /home/airflow/.local/lib/python3.12/site-packages/airflow/example_dags/example_workday_timetable.py
[2024-12-09T05:09:47.135+0000] {processor.py:914} INFO - Processing file /home/airflow/.local/lib/python3.12/site-packages/airflow/example_dags/example_workday_timetable.py for tasks to queue
[2024-12-09T05:09:47.136+0000] {logging_mixin.py:190} INFO - [2024-12-09T05:09:47.136+0000] {dagbag.py:588} INFO - Filling up the DagBag from /home/airflow/.local/lib/python3.12/site-packages/airflow/example_dags/example_workday_timetable.py
[2024-12-09T05:09:47.139+0000] {processor.py:925} INFO - DAG(s) 'example_workday_timetable' retrieved from /home/airflow/.local/lib/python3.12/site-packages/airflow/example_dags/example_workday_timetable.py
[2024-12-09T05:09:47.149+0000] {logging_mixin.py:190} INFO - [2024-12-09T05:09:47.149+0000] {dag.py:3239} INFO - Sync 1 DAGs
[2024-12-09T05:09:47.179+0000] {logging_mixin.py:190} INFO - [2024-12-09T05:09:47.179+0000] {dag.py:4180} INFO - Setting next_dagrun for example_workday_timetable to 2021-01-04 00:00:00+00:00, run_after=2021-01-05 00:00:00+00:00
[2024-12-09T05:09:47.188+0000] {processor.py:208} INFO - Processing /home/airflow/.local/lib/python3.12/site-packages/airflow/example_dags/example_workday_timetable.py took 0.057 seconds
[2024-12-09T05:10:17.714+0000] {processor.py:186} INFO - Started process (PID=254) to work on /home/airflow/.local/lib/python3.12/site-packages/airflow/example_dags/example_workday_timetable.py
[2024-12-09T05:10:17.714+0000] {processor.py:914} INFO - Processing file /home/airflow/.local/lib/python3.12/site-packages/airflow/example_dags/example_workday_timetable.py for tasks to queue
[2024-12-09T05:10:17.716+0000] {logging_mixin.py:190} INFO - [2024-12-09T05:10:17.716+0000] {dagbag.py:588} INFO - Filling up the DagBag from /home/airflow/.local/lib/python3.12/site-packages/airflow/example_dags/example_workday_timetable.py
[2024-12-09T05:10:17.719+0000] {processor.py:925} INFO - DAG(s) 'example_workday_timetable' retrieved from /home/airflow/.local/lib/python3.12/site-packages/airflow/example_dags/example_workday_timetable.py
[2024-12-09T05:10:17.729+0000] {logging_mixin.py:190} INFO - [2024-12-09T05:10:17.729+0000] {dag.py:3239} INFO - Sync 1 DAGs
[2024-12-09T05:10:17.760+0000] {logging_mixin.py:190} INFO - [2024-12-09T05:10:17.760+0000] {dag.py:4180} INFO - Setting next_dagrun for example_workday_timetable to 2021-01-04 00:00:00+00:00, run_after=2021-01-05 00:00:00+00:00
[2024-12-09T05:10:17.770+0000] {processor.py:208} INFO - Processing /home/airflow/.local/lib/python3.12/site-packages/airflow/example_dags/example_workday_timetable.py took 0.059 seconds
[2024-12-09T05:10:48.238+0000] {processor.py:186} INFO - Started process (PID=316) to work on /home/airflow/.local/lib/python3.12/site-packages/airflow/example_dags/example_workday_timetable.py
[2024-12-09T05:10:48.239+0000] {processor.py:914} INFO - Processing file /home/airflow/.local/lib/python3.12/site-packages/airflow/example_dags/example_workday_timetable.py for tasks to queue
[2024-12-09T05:10:48.240+0000] {logging_mixin.py:190} INFO - [2024-12-09T05:10:48.240+0000] {dagbag.py:588} INFO - Filling up the DagBag from /home/airflow/.local/lib/python3.12/site-packages/airflow/example_dags/example_workday_timetable.py
[2024-12-09T05:10:48.243+0000] {processor.py:925} INFO - DAG(s) 'example_workday_timetable' retrieved from /home/airflow/.local/lib/python3.12/site-packages/airflow/example_dags/example_workday_timetable.py
[2024-12-09T05:10:48.253+0000] {logging_mixin.py:190} INFO - [2024-12-09T05:10:48.253+0000] {dag.py:3239} INFO - Sync 1 DAGs
[2024-12-09T05:10:48.285+0000] {logging_mixin.py:190} INFO - [2024-12-09T05:10:48.285+0000] {dag.py:4180} INFO - Setting next_dagrun for example_workday_timetable to 2021-01-04 00:00:00+00:00, run_after=2021-01-05 00:00:00+00:00
[2024-12-09T05:10:48.295+0000] {processor.py:208} INFO - Processing /home/airflow/.local/lib/python3.12/site-packages/airflow/example_dags/example_workday_timetable.py took 0.060 seconds
[2024-12-09T05:11:19.005+0000] {processor.py:186} INFO - Started process (PID=379) to work on /home/airflow/.local/lib/python3.12/site-packages/airflow/example_dags/example_workday_timetable.py
[2024-12-09T05:11:19.006+0000] {processor.py:914} INFO - Processing file /home/airflow/.local/lib/python3.12/site-packages/airflow/example_dags/example_workday_timetable.py for tasks to queue
[2024-12-09T05:11:19.007+0000] {logging_mixin.py:190} INFO - [2024-12-09T05:11:19.007+0000] {dagbag.py:588} INFO - Filling up the DagBag from /home/airflow/.local/lib/python3.12/site-packages/airflow/example_dags/example_workday_timetable.py
[2024-12-09T05:11:19.011+0000] {processor.py:925} INFO - DAG(s) 'example_workday_timetable' retrieved from /home/airflow/.local/lib/python3.12/site-packages/airflow/example_dags/example_workday_timetable.py
[2024-12-09T05:11:19.021+0000] {logging_mixin.py:190} INFO - [2024-12-09T05:11:19.021+0000] {dag.py:3239} INFO - Sync 1 DAGs
[2024-12-09T05:11:19.052+0000] {logging_mixin.py:190} INFO - [2024-12-09T05:11:19.052+0000] {dag.py:4180} INFO - Setting next_dagrun for example_workday_timetable to 2021-01-04 00:00:00+00:00, run_after=2021-01-05 00:00:00+00:00
[2024-12-09T05:11:19.062+0000] {processor.py:208} INFO - Processing /home/airflow/.local/lib/python3.12/site-packages/airflow/example_dags/example_workday_timetable.py took 0.060 seconds
[2024-12-09T05:11:49.604+0000] {processor.py:186} INFO - Started process (PID=442) to work on /home/airflow/.local/lib/python3.12/site-packages/airflow/example_dags/example_workday_timetable.py
[2024-12-09T05:11:49.605+0000] {processor.py:914} INFO - Processing file /home/airflow/.local/lib/python3.12/site-packages/airflow/example_dags/example_workday_timetable.py for tasks to queue
[2024-12-09T05:11:49.606+0000] {logging_mixin.py:190} INFO - [2024-12-09T05:11:49.606+0000] {dagbag.py:588} INFO - Filling up the DagBag from /home/airflow/.local/lib/python3.12/site-packages/airflow/example_dags/example_workday_timetable.py
[2024-12-09T05:11:49.609+0000] {processor.py:925} INFO - DAG(s) 'example_workday_timetable' retrieved from /home/airflow/.local/lib/python3.12/site-packages/airflow/example_dags/example_workday_timetable.py
[2024-12-09T05:11:49.619+0000] {logging_mixin.py:190} INFO - [2024-12-09T05:11:49.619+0000] {dag.py:3239} INFO - Sync 1 DAGs
[2024-12-09T05:11:49.650+0000] {logging_mixin.py:190} INFO - [2024-12-09T05:11:49.650+0000] {dag.py:4180} INFO - Setting next_dagrun for example_workday_timetable to 2021-01-04 00:00:00+00:00, run_after=2021-01-05 00:00:00+00:00
[2024-12-09T05:11:49.660+0000] {processor.py:208} INFO - Processing /home/airflow/.local/lib/python3.12/site-packages/airflow/example_dags/example_workday_timetable.py took 0.060 seconds
[2024-12-09T05:12:20.188+0000] {processor.py:186} INFO - Started process (PID=505) to work on /home/airflow/.local/lib/python3.12/site-packages/airflow/example_dags/example_workday_timetable.py
[2024-12-09T05:12:20.189+0000] {processor.py:914} INFO - Processing file /home/airflow/.local/lib/python3.12/site-packages/airflow/example_dags/example_workday_timetable.py for tasks to queue
[2024-12-09T05:12:20.190+0000] {logging_mixin.py:190} INFO - [2024-12-09T05:12:20.190+0000] {dagbag.py:588} INFO - Filling up the DagBag from /home/airflow/.local/lib/python3.12/site-packages/airflow/example_dags/example_workday_timetable.py
[2024-12-09T05:12:20.194+0000] {processor.py:925} INFO - DAG(s) 'example_workday_timetable' retrieved from /home/airflow/.local/lib/python3.12/site-packages/airflow/example_dags/example_workday_timetable.py
[2024-12-09T05:12:20.204+0000] {logging_mixin.py:190} INFO - [2024-12-09T05:12:20.204+0000] {dag.py:3239} INFO - Sync 1 DAGs
[2024-12-09T05:12:20.236+0000] {logging_mixin.py:190} INFO - [2024-12-09T05:12:20.236+0000] {dag.py:4180} INFO - Setting next_dagrun for example_workday_timetable to 2021-01-04 00:00:00+00:00, run_after=2021-01-05 00:00:00+00:00
[2024-12-09T05:12:20.246+0000] {processor.py:208} INFO - Processing /home/airflow/.local/lib/python3.12/site-packages/airflow/example_dags/example_workday_timetable.py took 0.061 seconds
[2024-12-09T05:12:50.837+0000] {processor.py:186} INFO - Started process (PID=570) to work on /home/airflow/.local/lib/python3.12/site-packages/airflow/example_dags/example_workday_timetable.py
[2024-12-09T05:12:50.837+0000] {processor.py:914} INFO - Processing file /home/airflow/.local/lib/python3.12/site-packages/airflow/example_dags/example_workday_timetable.py for tasks to queue
[2024-12-09T05:12:50.839+0000] {logging_mixin.py:190} INFO - [2024-12-09T05:12:50.838+0000] {dagbag.py:588} INFO - Filling up the DagBag from /home/airflow/.local/lib/python3.12/site-packages/airflow/example_dags/example_workday_timetable.py
[2024-12-09T05:12:50.842+0000] {processor.py:925} INFO - DAG(s) 'example_workday_timetable' retrieved from /home/airflow/.local/lib/python3.12/site-packages/airflow/example_dags/example_workday_timetable.py
[2024-12-09T05:12:50.852+0000] {logging_mixin.py:190} INFO - [2024-12-09T05:12:50.852+0000] {dag.py:3239} INFO - Sync 1 DAGs
[2024-12-09T05:12:50.884+0000] {logging_mixin.py:190} INFO - [2024-12-09T05:12:50.884+0000] {dag.py:4180} INFO - Setting next_dagrun for example_workday_timetable to 2021-01-04 00:00:00+00:00, run_after=2021-01-05 00:00:00+00:00
[2024-12-09T05:12:50.894+0000] {processor.py:208} INFO - Processing /home/airflow/.local/lib/python3.12/site-packages/airflow/example_dags/example_workday_timetable.py took 0.060 seconds
[2024-12-09T05:13:21.598+0000] {processor.py:186} INFO - Started process (PID=632) to work on /home/airflow/.local/lib/python3.12/site-packages/airflow/example_dags/example_workday_timetable.py
[2024-12-09T05:13:21.598+0000] {processor.py:914} INFO - Processing file /home/airflow/.local/lib/python3.12/site-packages/airflow/example_dags/example_workday_timetable.py for tasks to queue
[2024-12-09T05:13:21.599+0000] {logging_mixin.py:190} INFO - [2024-12-09T05:13:21.599+0000] {dagbag.py:588} INFO - Filling up the DagBag from /home/airflow/.local/lib/python3.12/site-packages/airflow/example_dags/example_workday_timetable.py
[2024-12-09T05:13:21.603+0000] {processor.py:925} INFO - DAG(s) 'example_workday_timetable' retrieved from /home/airflow/.local/lib/python3.12/site-packages/airflow/example_dags/example_workday_timetable.py
[2024-12-09T05:13:21.612+0000] {logging_mixin.py:190} INFO - [2024-12-09T05:13:21.612+0000] {dag.py:3239} INFO - Sync 1 DAGs
[2024-12-09T05:13:21.642+0000] {logging_mixin.py:190} INFO - [2024-12-09T05:13:21.642+0000] {dag.py:4180} INFO - Setting next_dagrun for example_workday_timetable to 2021-01-04 00:00:00+00:00, run_after=2021-01-05 00:00:00+00:00
[2024-12-09T05:13:21.652+0000] {processor.py:208} INFO - Processing /home/airflow/.local/lib/python3.12/site-packages/airflow/example_dags/example_workday_timetable.py took 0.058 seconds
[2024-12-09T05:13:52.114+0000] {processor.py:186} INFO - Started process (PID=695) to work on /home/airflow/.local/lib/python3.12/site-packages/airflow/example_dags/example_workday_timetable.py
[2024-12-09T05:13:52.114+0000] {processor.py:914} INFO - Processing file /home/airflow/.local/lib/python3.12/site-packages/airflow/example_dags/example_workday_timetable.py for tasks to queue
[2024-12-09T05:13:52.115+0000] {logging_mixin.py:190} INFO - [2024-12-09T05:13:52.115+0000] {dagbag.py:588} INFO - Filling up the DagBag from /home/airflow/.local/lib/python3.12/site-packages/airflow/example_dags/example_workday_timetable.py
[2024-12-09T05:13:52.119+0000] {processor.py:925} INFO - DAG(s) 'example_workday_timetable' retrieved from /home/airflow/.local/lib/python3.12/site-packages/airflow/example_dags/example_workday_timetable.py
[2024-12-09T05:13:52.128+0000] {logging_mixin.py:190} INFO - [2024-12-09T05:13:52.128+0000] {dag.py:3239} INFO - Sync 1 DAGs
[2024-12-09T05:13:52.159+0000] {logging_mixin.py:190} INFO - [2024-12-09T05:13:52.158+0000] {dag.py:4180} INFO - Setting next_dagrun for example_workday_timetable to 2021-01-04 00:00:00+00:00, run_after=2021-01-05 00:00:00+00:00
[2024-12-09T05:13:52.169+0000] {processor.py:208} INFO - Processing /home/airflow/.local/lib/python3.12/site-packages/airflow/example_dags/example_workday_timetable.py took 0.058 seconds
[2024-12-09T05:14:22.648+0000] {processor.py:186} INFO - Started process (PID=758) to work on /home/airflow/.local/lib/python3.12/site-packages/airflow/example_dags/example_workday_timetable.py
[2024-12-09T05:14:22.649+0000] {processor.py:914} INFO - Processing file /home/airflow/.local/lib/python3.12/site-packages/airflow/example_dags/example_workday_timetable.py for tasks to queue
[2024-12-09T05:14:22.650+0000] {logging_mixin.py:190} INFO - [2024-12-09T05:14:22.650+0000] {dagbag.py:588} INFO - Filling up the DagBag from /home/airflow/.local/lib/python3.12/site-packages/airflow/example_dags/example_workday_timetable.py
[2024-12-09T05:14:22.653+0000] {processor.py:925} INFO - DAG(s) 'example_workday_timetable' retrieved from /home/airflow/.local/lib/python3.12/site-packages/airflow/example_dags/example_workday_timetable.py
[2024-12-09T05:14:22.662+0000] {logging_mixin.py:190} INFO - [2024-12-09T05:14:22.662+0000] {dag.py:3239} INFO - Sync 1 DAGs
[2024-12-09T05:14:22.693+0000] {logging_mixin.py:190} INFO - [2024-12-09T05:14:22.693+0000] {dag.py:4180} INFO - Setting next_dagrun for example_workday_timetable to 2021-01-04 00:00:00+00:00, run_after=2021-01-05 00:00:00+00:00
[2024-12-09T05:14:22.703+0000] {processor.py:208} INFO - Processing /home/airflow/.local/lib/python3.12/site-packages/airflow/example_dags/example_workday_timetable.py took 0.058 seconds
[2024-12-09T05:14:53.217+0000] {processor.py:186} INFO - Started process (PID=821) to work on /home/airflow/.local/lib/python3.12/site-packages/airflow/example_dags/example_workday_timetable.py
[2024-12-09T05:14:53.217+0000] {processor.py:914} INFO - Processing file /home/airflow/.local/lib/python3.12/site-packages/airflow/example_dags/example_workday_timetable.py for tasks to queue
[2024-12-09T05:14:53.219+0000] {logging_mixin.py:190} INFO - [2024-12-09T05:14:53.218+0000] {dagbag.py:588} INFO - Filling up the DagBag from /home/airflow/.local/lib/python3.12/site-packages/airflow/example_dags/example_workday_timetable.py
[2024-12-09T05:14:53.222+0000] {processor.py:925} INFO - DAG(s) 'example_workday_timetable' retrieved from /home/airflow/.local/lib/python3.12/site-packages/airflow/example_dags/example_workday_timetable.py
[2024-12-09T05:14:53.232+0000] {logging_mixin.py:190} INFO - [2024-12-09T05:14:53.232+0000] {dag.py:3239} INFO - Sync 1 DAGs
[2024-12-09T05:14:53.263+0000] {logging_mixin.py:190} INFO - [2024-12-09T05:14:53.262+0000] {dag.py:4180} INFO - Setting next_dagrun for example_workday_timetable to 2021-01-04 00:00:00+00:00, run_after=2021-01-05 00:00:00+00:00
[2024-12-09T05:14:53.273+0000] {processor.py:208} INFO - Processing /home/airflow/.local/lib/python3.12/site-packages/airflow/example_dags/example_workday_timetable.py took 0.059 seconds
[2024-12-09T05:15:23.970+0000] {processor.py:186} INFO - Started process (PID=884) to work on /home/airflow/.local/lib/python3.12/site-packages/airflow/example_dags/example_workday_timetable.py
[2024-12-09T05:15:23.971+0000] {processor.py:914} INFO - Processing file /home/airflow/.local/lib/python3.12/site-packages/airflow/example_dags/example_workday_timetable.py for tasks to queue
[2024-12-09T05:15:23.972+0000] {logging_mixin.py:190} INFO - [2024-12-09T05:15:23.972+0000] {dagbag.py:588} INFO - Filling up the DagBag from /home/airflow/.local/lib/python3.12/site-packages/airflow/example_dags/example_workday_timetable.py
[2024-12-09T05:15:23.975+0000] {processor.py:925} INFO - DAG(s) 'example_workday_timetable' retrieved from /home/airflow/.local/lib/python3.12/site-packages/airflow/example_dags/example_workday_timetable.py
[2024-12-09T05:15:23.985+0000] {logging_mixin.py:190} INFO - [2024-12-09T05:15:23.985+0000] {dag.py:3239} INFO - Sync 1 DAGs
[2024-12-09T05:15:24.016+0000] {logging_mixin.py:190} INFO - [2024-12-09T05:15:24.016+0000] {dag.py:4180} INFO - Setting next_dagrun for example_workday_timetable to 2021-01-04 00:00:00+00:00, run_after=2021-01-05 00:00:00+00:00
[2024-12-09T05:15:24.026+0000] {processor.py:208} INFO - Processing /home/airflow/.local/lib/python3.12/site-packages/airflow/example_dags/example_workday_timetable.py took 0.060 seconds
[2024-12-09T05:15:54.663+0000] {processor.py:186} INFO - Started process (PID=947) to work on /home/airflow/.local/lib/python3.12/site-packages/airflow/example_dags/example_workday_timetable.py
[2024-12-09T05:15:54.664+0000] {processor.py:914} INFO - Processing file /home/airflow/.local/lib/python3.12/site-packages/airflow/example_dags/example_workday_timetable.py for tasks to queue
[2024-12-09T05:15:54.665+0000] {logging_mixin.py:190} INFO - [2024-12-09T05:15:54.665+0000] {dagbag.py:588} INFO - Filling up the DagBag from /home/airflow/.local/lib/python3.12/site-packages/airflow/example_dags/example_workday_timetable.py
[2024-12-09T05:15:54.668+0000] {processor.py:925} INFO - DAG(s) 'example_workday_timetable' retrieved from /home/airflow/.local/lib/python3.12/site-packages/airflow/example_dags/example_workday_timetable.py
[2024-12-09T05:15:54.679+0000] {logging_mixin.py:190} INFO - [2024-12-09T05:15:54.679+0000] {dag.py:3239} INFO - Sync 1 DAGs
[2024-12-09T05:15:54.709+0000] {logging_mixin.py:190} INFO - [2024-12-09T05:15:54.709+0000] {dag.py:4180} INFO - Setting next_dagrun for example_workday_timetable to 2021-01-04 00:00:00+00:00, run_after=2021-01-05 00:00:00+00:00
[2024-12-09T05:15:54.719+0000] {processor.py:208} INFO - Processing /home/airflow/.local/lib/python3.12/site-packages/airflow/example_dags/example_workday_timetable.py took 0.059 seconds
[2024-12-09T05:16:25.113+0000] {processor.py:186} INFO - Started process (PID=1010) to work on /home/airflow/.local/lib/python3.12/site-packages/airflow/example_dags/example_workday_timetable.py
[2024-12-09T05:16:25.114+0000] {processor.py:914} INFO - Processing file /home/airflow/.local/lib/python3.12/site-packages/airflow/example_dags/example_workday_timetable.py for tasks to queue
[2024-12-09T05:16:25.115+0000] {logging_mixin.py:190} INFO - [2024-12-09T05:16:25.115+0000] {dagbag.py:588} INFO - Filling up the DagBag from /home/airflow/.local/lib/python3.12/site-packages/airflow/example_dags/example_workday_timetable.py
[2024-12-09T05:16:25.118+0000] {processor.py:925} INFO - DAG(s) 'example_workday_timetable' retrieved from /home/airflow/.local/lib/python3.12/site-packages/airflow/example_dags/example_workday_timetable.py
[2024-12-09T05:16:25.129+0000] {logging_mixin.py:190} INFO - [2024-12-09T05:16:25.128+0000] {dag.py:3239} INFO - Sync 1 DAGs
[2024-12-09T05:16:25.159+0000] {logging_mixin.py:190} INFO - [2024-12-09T05:16:25.159+0000] {dag.py:4180} INFO - Setting next_dagrun for example_workday_timetable to 2021-01-04 00:00:00+00:00, run_after=2021-01-05 00:00:00+00:00
[2024-12-09T05:16:25.169+0000] {processor.py:208} INFO - Processing /home/airflow/.local/lib/python3.12/site-packages/airflow/example_dags/example_workday_timetable.py took 0.059 seconds
[2024-12-09T05:16:56.001+0000] {processor.py:186} INFO - Started process (PID=1073) to work on /home/airflow/.local/lib/python3.12/site-packages/airflow/example_dags/example_workday_timetable.py
[2024-12-09T05:16:56.002+0000] {processor.py:914} INFO - Processing file /home/airflow/.local/lib/python3.12/site-packages/airflow/example_dags/example_workday_timetable.py for tasks to queue
[2024-12-09T05:16:56.003+0000] {logging_mixin.py:190} INFO - [2024-12-09T05:16:56.003+0000] {dagbag.py:588} INFO - Filling up the DagBag from /home/airflow/.local/lib/python3.12/site-packages/airflow/example_dags/example_workday_timetable.py
[2024-12-09T05:16:56.007+0000] {processor.py:925} INFO - DAG(s) 'example_workday_timetable' retrieved from /home/airflow/.local/lib/python3.12/site-packages/airflow/example_dags/example_workday_timetable.py
[2024-12-09T05:16:56.018+0000] {logging_mixin.py:190} INFO - [2024-12-09T05:16:56.018+0000] {dag.py:3239} INFO - Sync 1 DAGs
[2024-12-09T05:16:56.051+0000] {logging_mixin.py:190} INFO - [2024-12-09T05:16:56.051+0000] {dag.py:4180} INFO - Setting next_dagrun for example_workday_timetable to 2021-01-04 00:00:00+00:00, run_after=2021-01-05 00:00:00+00:00
[2024-12-09T05:16:56.062+0000] {processor.py:208} INFO - Processing /home/airflow/.local/lib/python3.12/site-packages/airflow/example_dags/example_workday_timetable.py took 0.064 seconds
