[2024-12-09T05:09:15.995+0000] {processor.py:186} INFO - Started process (PID=121) to work on /home/airflow/.local/lib/python3.12/site-packages/airflow/example_dags/example_dataset_alias.py
[2024-12-09T05:09:15.996+0000] {processor.py:914} INFO - Processing file /home/airflow/.local/lib/python3.12/site-packages/airflow/example_dags/example_dataset_alias.py for tasks to queue
[2024-12-09T05:09:15.998+0000] {logging_mixin.py:190} INFO - [2024-12-09T05:09:15.997+0000] {dagbag.py:588} INFO - Filling up the DagBag from /home/airflow/.local/lib/python3.12/site-packages/airflow/example_dags/example_dataset_alias.py
[2024-12-09T05:09:16.312+0000] {processor.py:925} INFO - DAG(s) 'dataset_alias_example_alias_producer', 'dataset_s3_bucket_consumer', 'dataset_alias_example_alias_consumer', 'dataset_s3_bucket_producer' retrieved from /home/airflow/.local/lib/python3.12/site-packages/airflow/example_dags/example_dataset_alias.py
[2024-12-09T05:09:16.323+0000] {logging_mixin.py:190} INFO - [2024-12-09T05:09:16.323+0000] {dag.py:3239} INFO - Sync 4 DAGs
[2024-12-09T05:09:16.335+0000] {logging_mixin.py:190} INFO - [2024-12-09T05:09:16.334+0000] {dag.py:4180} INFO - Setting next_dagrun for dataset_alias_example_alias_consumer to None, run_after=None
[2024-12-09T05:09:16.336+0000] {logging_mixin.py:190} INFO - [2024-12-09T05:09:16.336+0000] {dag.py:4180} INFO - Setting next_dagrun for dataset_alias_example_alias_producer to None, run_after=None
[2024-12-09T05:09:16.337+0000] {logging_mixin.py:190} INFO - [2024-12-09T05:09:16.337+0000] {dag.py:4180} INFO - Setting next_dagrun for dataset_s3_bucket_consumer to None, run_after=None
[2024-12-09T05:09:16.338+0000] {logging_mixin.py:190} INFO - [2024-12-09T05:09:16.338+0000] {dag.py:4180} INFO - Setting next_dagrun for dataset_s3_bucket_producer to None, run_after=None
[2024-12-09T05:09:16.348+0000] {processor.py:208} INFO - Processing /home/airflow/.local/lib/python3.12/site-packages/airflow/example_dags/example_dataset_alias.py took 0.356 seconds
[2024-12-09T05:09:46.772+0000] {processor.py:186} INFO - Started process (PID=184) to work on /home/airflow/.local/lib/python3.12/site-packages/airflow/example_dags/example_dataset_alias.py
[2024-12-09T05:09:46.773+0000] {processor.py:914} INFO - Processing file /home/airflow/.local/lib/python3.12/site-packages/airflow/example_dags/example_dataset_alias.py for tasks to queue
[2024-12-09T05:09:46.774+0000] {logging_mixin.py:190} INFO - [2024-12-09T05:09:46.774+0000] {dagbag.py:588} INFO - Filling up the DagBag from /home/airflow/.local/lib/python3.12/site-packages/airflow/example_dags/example_dataset_alias.py
[2024-12-09T05:09:47.079+0000] {processor.py:925} INFO - DAG(s) 'dataset_alias_example_alias_consumer', 'dataset_alias_example_alias_producer', 'dataset_s3_bucket_consumer', 'dataset_s3_bucket_producer' retrieved from /home/airflow/.local/lib/python3.12/site-packages/airflow/example_dags/example_dataset_alias.py
[2024-12-09T05:09:47.089+0000] {logging_mixin.py:190} INFO - [2024-12-09T05:09:47.088+0000] {dag.py:3239} INFO - Sync 4 DAGs
[2024-12-09T05:09:47.100+0000] {logging_mixin.py:190} INFO - [2024-12-09T05:09:47.100+0000] {dag.py:4180} INFO - Setting next_dagrun for dataset_alias_example_alias_consumer to None, run_after=None
[2024-12-09T05:09:47.103+0000] {logging_mixin.py:190} INFO - [2024-12-09T05:09:47.103+0000] {dag.py:4180} INFO - Setting next_dagrun for dataset_alias_example_alias_producer to None, run_after=None
[2024-12-09T05:09:47.104+0000] {logging_mixin.py:190} INFO - [2024-12-09T05:09:47.104+0000] {dag.py:4180} INFO - Setting next_dagrun for dataset_s3_bucket_consumer to None, run_after=None
[2024-12-09T05:09:47.105+0000] {logging_mixin.py:190} INFO - [2024-12-09T05:09:47.105+0000] {dag.py:4180} INFO - Setting next_dagrun for dataset_s3_bucket_producer to None, run_after=None
[2024-12-09T05:09:47.115+0000] {processor.py:208} INFO - Processing /home/airflow/.local/lib/python3.12/site-packages/airflow/example_dags/example_dataset_alias.py took 0.346 seconds
[2024-12-09T05:10:17.472+0000] {processor.py:186} INFO - Started process (PID=250) to work on /home/airflow/.local/lib/python3.12/site-packages/airflow/example_dags/example_dataset_alias.py
[2024-12-09T05:10:17.473+0000] {processor.py:914} INFO - Processing file /home/airflow/.local/lib/python3.12/site-packages/airflow/example_dags/example_dataset_alias.py for tasks to queue
[2024-12-09T05:10:17.475+0000] {logging_mixin.py:190} INFO - [2024-12-09T05:10:17.475+0000] {dagbag.py:588} INFO - Filling up the DagBag from /home/airflow/.local/lib/python3.12/site-packages/airflow/example_dags/example_dataset_alias.py
[2024-12-09T05:10:17.794+0000] {processor.py:925} INFO - DAG(s) 'dataset_alias_example_alias_producer', 'dataset_alias_example_alias_consumer', 'dataset_s3_bucket_producer', 'dataset_s3_bucket_consumer' retrieved from /home/airflow/.local/lib/python3.12/site-packages/airflow/example_dags/example_dataset_alias.py
[2024-12-09T05:10:17.805+0000] {logging_mixin.py:190} INFO - [2024-12-09T05:10:17.805+0000] {dag.py:3239} INFO - Sync 4 DAGs
[2024-12-09T05:10:17.816+0000] {logging_mixin.py:190} INFO - [2024-12-09T05:10:17.816+0000] {dag.py:4180} INFO - Setting next_dagrun for dataset_alias_example_alias_consumer to None, run_after=None
[2024-12-09T05:10:17.817+0000] {logging_mixin.py:190} INFO - [2024-12-09T05:10:17.817+0000] {dag.py:4180} INFO - Setting next_dagrun for dataset_alias_example_alias_producer to None, run_after=None
[2024-12-09T05:10:17.818+0000] {logging_mixin.py:190} INFO - [2024-12-09T05:10:17.818+0000] {dag.py:4180} INFO - Setting next_dagrun for dataset_s3_bucket_consumer to None, run_after=None
[2024-12-09T05:10:17.819+0000] {logging_mixin.py:190} INFO - [2024-12-09T05:10:17.819+0000] {dag.py:4180} INFO - Setting next_dagrun for dataset_s3_bucket_producer to None, run_after=None
[2024-12-09T05:10:17.829+0000] {processor.py:208} INFO - Processing /home/airflow/.local/lib/python3.12/site-packages/airflow/example_dags/example_dataset_alias.py took 0.361 seconds
[2024-12-09T05:10:48.265+0000] {processor.py:186} INFO - Started process (PID=317) to work on /home/airflow/.local/lib/python3.12/site-packages/airflow/example_dags/example_dataset_alias.py
[2024-12-09T05:10:48.265+0000] {processor.py:914} INFO - Processing file /home/airflow/.local/lib/python3.12/site-packages/airflow/example_dags/example_dataset_alias.py for tasks to queue
[2024-12-09T05:10:48.267+0000] {logging_mixin.py:190} INFO - [2024-12-09T05:10:48.267+0000] {dagbag.py:588} INFO - Filling up the DagBag from /home/airflow/.local/lib/python3.12/site-packages/airflow/example_dags/example_dataset_alias.py
[2024-12-09T05:10:48.581+0000] {processor.py:925} INFO - DAG(s) 'dataset_alias_example_alias_consumer', 'dataset_alias_example_alias_producer', 'dataset_s3_bucket_consumer', 'dataset_s3_bucket_producer' retrieved from /home/airflow/.local/lib/python3.12/site-packages/airflow/example_dags/example_dataset_alias.py
[2024-12-09T05:10:48.593+0000] {logging_mixin.py:190} INFO - [2024-12-09T05:10:48.593+0000] {dag.py:3239} INFO - Sync 4 DAGs
[2024-12-09T05:10:48.605+0000] {logging_mixin.py:190} INFO - [2024-12-09T05:10:48.604+0000] {dag.py:4180} INFO - Setting next_dagrun for dataset_alias_example_alias_consumer to None, run_after=None
[2024-12-09T05:10:48.606+0000] {logging_mixin.py:190} INFO - [2024-12-09T05:10:48.606+0000] {dag.py:4180} INFO - Setting next_dagrun for dataset_alias_example_alias_producer to None, run_after=None
[2024-12-09T05:10:48.607+0000] {logging_mixin.py:190} INFO - [2024-12-09T05:10:48.607+0000] {dag.py:4180} INFO - Setting next_dagrun for dataset_s3_bucket_consumer to None, run_after=None
[2024-12-09T05:10:48.608+0000] {logging_mixin.py:190} INFO - [2024-12-09T05:10:48.608+0000] {dag.py:4180} INFO - Setting next_dagrun for dataset_s3_bucket_producer to None, run_after=None
[2024-12-09T05:10:48.620+0000] {processor.py:208} INFO - Processing /home/airflow/.local/lib/python3.12/site-packages/airflow/example_dags/example_dataset_alias.py took 0.358 seconds
[2024-12-09T05:11:19.067+0000] {processor.py:186} INFO - Started process (PID=381) to work on /home/airflow/.local/lib/python3.12/site-packages/airflow/example_dags/example_dataset_alias.py
[2024-12-09T05:11:19.067+0000] {processor.py:914} INFO - Processing file /home/airflow/.local/lib/python3.12/site-packages/airflow/example_dags/example_dataset_alias.py for tasks to queue
[2024-12-09T05:11:19.068+0000] {logging_mixin.py:190} INFO - [2024-12-09T05:11:19.068+0000] {dagbag.py:588} INFO - Filling up the DagBag from /home/airflow/.local/lib/python3.12/site-packages/airflow/example_dags/example_dataset_alias.py
[2024-12-09T05:11:19.372+0000] {processor.py:925} INFO - DAG(s) 'dataset_s3_bucket_producer', 'dataset_alias_example_alias_consumer', 'dataset_alias_example_alias_producer', 'dataset_s3_bucket_consumer' retrieved from /home/airflow/.local/lib/python3.12/site-packages/airflow/example_dags/example_dataset_alias.py
[2024-12-09T05:11:19.382+0000] {logging_mixin.py:190} INFO - [2024-12-09T05:11:19.381+0000] {dag.py:3239} INFO - Sync 4 DAGs
[2024-12-09T05:11:19.394+0000] {logging_mixin.py:190} INFO - [2024-12-09T05:11:19.394+0000] {dag.py:4180} INFO - Setting next_dagrun for dataset_alias_example_alias_consumer to None, run_after=None
[2024-12-09T05:11:19.395+0000] {logging_mixin.py:190} INFO - [2024-12-09T05:11:19.395+0000] {dag.py:4180} INFO - Setting next_dagrun for dataset_alias_example_alias_producer to None, run_after=None
[2024-12-09T05:11:19.396+0000] {logging_mixin.py:190} INFO - [2024-12-09T05:11:19.396+0000] {dag.py:4180} INFO - Setting next_dagrun for dataset_s3_bucket_consumer to None, run_after=None
[2024-12-09T05:11:19.397+0000] {logging_mixin.py:190} INFO - [2024-12-09T05:11:19.397+0000] {dag.py:4180} INFO - Setting next_dagrun for dataset_s3_bucket_producer to None, run_after=None
[2024-12-09T05:11:19.408+0000] {processor.py:208} INFO - Processing /home/airflow/.local/lib/python3.12/site-packages/airflow/example_dags/example_dataset_alias.py took 0.345 seconds
[2024-12-09T05:11:49.744+0000] {processor.py:186} INFO - Started process (PID=444) to work on /home/airflow/.local/lib/python3.12/site-packages/airflow/example_dags/example_dataset_alias.py
[2024-12-09T05:11:49.745+0000] {processor.py:914} INFO - Processing file /home/airflow/.local/lib/python3.12/site-packages/airflow/example_dags/example_dataset_alias.py for tasks to queue
[2024-12-09T05:11:49.746+0000] {logging_mixin.py:190} INFO - [2024-12-09T05:11:49.746+0000] {dagbag.py:588} INFO - Filling up the DagBag from /home/airflow/.local/lib/python3.12/site-packages/airflow/example_dags/example_dataset_alias.py
[2024-12-09T05:11:50.060+0000] {processor.py:925} INFO - DAG(s) 'dataset_s3_bucket_consumer', 'dataset_alias_example_alias_producer', 'dataset_alias_example_alias_consumer', 'dataset_s3_bucket_producer' retrieved from /home/airflow/.local/lib/python3.12/site-packages/airflow/example_dags/example_dataset_alias.py
[2024-12-09T05:11:50.071+0000] {logging_mixin.py:190} INFO - [2024-12-09T05:11:50.070+0000] {dag.py:3239} INFO - Sync 4 DAGs
[2024-12-09T05:11:50.083+0000] {logging_mixin.py:190} INFO - [2024-12-09T05:11:50.083+0000] {dag.py:4180} INFO - Setting next_dagrun for dataset_alias_example_alias_consumer to None, run_after=None
[2024-12-09T05:11:50.084+0000] {logging_mixin.py:190} INFO - [2024-12-09T05:11:50.084+0000] {dag.py:4180} INFO - Setting next_dagrun for dataset_alias_example_alias_producer to None, run_after=None
[2024-12-09T05:11:50.085+0000] {logging_mixin.py:190} INFO - [2024-12-09T05:11:50.085+0000] {dag.py:4180} INFO - Setting next_dagrun for dataset_s3_bucket_consumer to None, run_after=None
[2024-12-09T05:11:50.086+0000] {logging_mixin.py:190} INFO - [2024-12-09T05:11:50.086+0000] {dag.py:4180} INFO - Setting next_dagrun for dataset_s3_bucket_producer to None, run_after=None
[2024-12-09T05:11:50.096+0000] {processor.py:208} INFO - Processing /home/airflow/.local/lib/python3.12/site-packages/airflow/example_dags/example_dataset_alias.py took 0.356 seconds
[2024-12-09T05:12:20.282+0000] {processor.py:186} INFO - Started process (PID=508) to work on /home/airflow/.local/lib/python3.12/site-packages/airflow/example_dags/example_dataset_alias.py
[2024-12-09T05:12:20.282+0000] {processor.py:914} INFO - Processing file /home/airflow/.local/lib/python3.12/site-packages/airflow/example_dags/example_dataset_alias.py for tasks to queue
[2024-12-09T05:12:20.284+0000] {logging_mixin.py:190} INFO - [2024-12-09T05:12:20.284+0000] {dagbag.py:588} INFO - Filling up the DagBag from /home/airflow/.local/lib/python3.12/site-packages/airflow/example_dags/example_dataset_alias.py
[2024-12-09T05:12:20.617+0000] {processor.py:925} INFO - DAG(s) 'dataset_alias_example_alias_consumer', 'dataset_alias_example_alias_producer', 'dataset_s3_bucket_producer', 'dataset_s3_bucket_consumer' retrieved from /home/airflow/.local/lib/python3.12/site-packages/airflow/example_dags/example_dataset_alias.py
[2024-12-09T05:12:20.629+0000] {logging_mixin.py:190} INFO - [2024-12-09T05:12:20.628+0000] {dag.py:3239} INFO - Sync 4 DAGs
[2024-12-09T05:12:20.642+0000] {logging_mixin.py:190} INFO - [2024-12-09T05:12:20.642+0000] {dag.py:4180} INFO - Setting next_dagrun for dataset_alias_example_alias_consumer to None, run_after=None
[2024-12-09T05:12:20.644+0000] {logging_mixin.py:190} INFO - [2024-12-09T05:12:20.643+0000] {dag.py:4180} INFO - Setting next_dagrun for dataset_alias_example_alias_producer to None, run_after=None
[2024-12-09T05:12:20.644+0000] {logging_mixin.py:190} INFO - [2024-12-09T05:12:20.644+0000] {dag.py:4180} INFO - Setting next_dagrun for dataset_s3_bucket_consumer to None, run_after=None
[2024-12-09T05:12:20.645+0000] {logging_mixin.py:190} INFO - [2024-12-09T05:12:20.645+0000] {dag.py:4180} INFO - Setting next_dagrun for dataset_s3_bucket_producer to None, run_after=None
[2024-12-09T05:12:20.656+0000] {processor.py:208} INFO - Processing /home/airflow/.local/lib/python3.12/site-packages/airflow/example_dags/example_dataset_alias.py took 0.378 seconds
[2024-12-09T05:12:50.810+0000] {processor.py:186} INFO - Started process (PID=569) to work on /home/airflow/.local/lib/python3.12/site-packages/airflow/example_dags/example_dataset_alias.py
[2024-12-09T05:12:50.811+0000] {processor.py:914} INFO - Processing file /home/airflow/.local/lib/python3.12/site-packages/airflow/example_dags/example_dataset_alias.py for tasks to queue
[2024-12-09T05:12:50.812+0000] {logging_mixin.py:190} INFO - [2024-12-09T05:12:50.812+0000] {dagbag.py:588} INFO - Filling up the DagBag from /home/airflow/.local/lib/python3.12/site-packages/airflow/example_dags/example_dataset_alias.py
[2024-12-09T05:12:51.128+0000] {processor.py:925} INFO - DAG(s) 'dataset_s3_bucket_producer', 'dataset_alias_example_alias_producer', 'dataset_alias_example_alias_consumer', 'dataset_s3_bucket_consumer' retrieved from /home/airflow/.local/lib/python3.12/site-packages/airflow/example_dags/example_dataset_alias.py
[2024-12-09T05:12:51.140+0000] {logging_mixin.py:190} INFO - [2024-12-09T05:12:51.139+0000] {dag.py:3239} INFO - Sync 4 DAGs
[2024-12-09T05:12:51.151+0000] {logging_mixin.py:190} INFO - [2024-12-09T05:12:51.151+0000] {dag.py:4180} INFO - Setting next_dagrun for dataset_alias_example_alias_consumer to None, run_after=None
[2024-12-09T05:12:51.153+0000] {logging_mixin.py:190} INFO - [2024-12-09T05:12:51.153+0000] {dag.py:4180} INFO - Setting next_dagrun for dataset_alias_example_alias_producer to None, run_after=None
[2024-12-09T05:12:51.155+0000] {logging_mixin.py:190} INFO - [2024-12-09T05:12:51.154+0000] {dag.py:4180} INFO - Setting next_dagrun for dataset_s3_bucket_consumer to None, run_after=None
[2024-12-09T05:12:51.155+0000] {logging_mixin.py:190} INFO - [2024-12-09T05:12:51.155+0000] {dag.py:4180} INFO - Setting next_dagrun for dataset_s3_bucket_producer to None, run_after=None
[2024-12-09T05:12:51.166+0000] {processor.py:208} INFO - Processing /home/airflow/.local/lib/python3.12/site-packages/airflow/example_dags/example_dataset_alias.py took 0.359 seconds
[2024-12-09T05:13:21.619+0000] {processor.py:186} INFO - Started process (PID=633) to work on /home/airflow/.local/lib/python3.12/site-packages/airflow/example_dags/example_dataset_alias.py
[2024-12-09T05:13:21.620+0000] {processor.py:914} INFO - Processing file /home/airflow/.local/lib/python3.12/site-packages/airflow/example_dags/example_dataset_alias.py for tasks to queue
[2024-12-09T05:13:21.621+0000] {logging_mixin.py:190} INFO - [2024-12-09T05:13:21.621+0000] {dagbag.py:588} INFO - Filling up the DagBag from /home/airflow/.local/lib/python3.12/site-packages/airflow/example_dags/example_dataset_alias.py
[2024-12-09T05:13:21.945+0000] {processor.py:925} INFO - DAG(s) 'dataset_alias_example_alias_consumer', 'dataset_s3_bucket_consumer', 'dataset_alias_example_alias_producer', 'dataset_s3_bucket_producer' retrieved from /home/airflow/.local/lib/python3.12/site-packages/airflow/example_dags/example_dataset_alias.py
[2024-12-09T05:13:21.956+0000] {logging_mixin.py:190} INFO - [2024-12-09T05:13:21.955+0000] {dag.py:3239} INFO - Sync 4 DAGs
[2024-12-09T05:13:21.967+0000] {logging_mixin.py:190} INFO - [2024-12-09T05:13:21.967+0000] {dag.py:4180} INFO - Setting next_dagrun for dataset_alias_example_alias_consumer to None, run_after=None
[2024-12-09T05:13:21.969+0000] {logging_mixin.py:190} INFO - [2024-12-09T05:13:21.968+0000] {dag.py:4180} INFO - Setting next_dagrun for dataset_alias_example_alias_producer to None, run_after=None
[2024-12-09T05:13:21.969+0000] {logging_mixin.py:190} INFO - [2024-12-09T05:13:21.969+0000] {dag.py:4180} INFO - Setting next_dagrun for dataset_s3_bucket_consumer to None, run_after=None
[2024-12-09T05:13:21.970+0000] {logging_mixin.py:190} INFO - [2024-12-09T05:13:21.970+0000] {dag.py:4180} INFO - Setting next_dagrun for dataset_s3_bucket_producer to None, run_after=None
[2024-12-09T05:13:21.982+0000] {processor.py:208} INFO - Processing /home/airflow/.local/lib/python3.12/site-packages/airflow/example_dags/example_dataset_alias.py took 0.366 seconds
[2024-12-09T05:13:52.160+0000] {processor.py:186} INFO - Started process (PID=696) to work on /home/airflow/.local/lib/python3.12/site-packages/airflow/example_dags/example_dataset_alias.py
[2024-12-09T05:13:52.161+0000] {processor.py:914} INFO - Processing file /home/airflow/.local/lib/python3.12/site-packages/airflow/example_dags/example_dataset_alias.py for tasks to queue
[2024-12-09T05:13:52.162+0000] {logging_mixin.py:190} INFO - [2024-12-09T05:13:52.162+0000] {dagbag.py:588} INFO - Filling up the DagBag from /home/airflow/.local/lib/python3.12/site-packages/airflow/example_dags/example_dataset_alias.py
[2024-12-09T05:13:52.472+0000] {processor.py:925} INFO - DAG(s) 'dataset_alias_example_alias_producer', 'dataset_alias_example_alias_consumer', 'dataset_s3_bucket_consumer', 'dataset_s3_bucket_producer' retrieved from /home/airflow/.local/lib/python3.12/site-packages/airflow/example_dags/example_dataset_alias.py
[2024-12-09T05:13:52.483+0000] {logging_mixin.py:190} INFO - [2024-12-09T05:13:52.483+0000] {dag.py:3239} INFO - Sync 4 DAGs
[2024-12-09T05:13:52.494+0000] {logging_mixin.py:190} INFO - [2024-12-09T05:13:52.494+0000] {dag.py:4180} INFO - Setting next_dagrun for dataset_alias_example_alias_consumer to None, run_after=None
[2024-12-09T05:13:52.495+0000] {logging_mixin.py:190} INFO - [2024-12-09T05:13:52.495+0000] {dag.py:4180} INFO - Setting next_dagrun for dataset_alias_example_alias_producer to None, run_after=None
[2024-12-09T05:13:52.496+0000] {logging_mixin.py:190} INFO - [2024-12-09T05:13:52.496+0000] {dag.py:4180} INFO - Setting next_dagrun for dataset_s3_bucket_consumer to None, run_after=None
[2024-12-09T05:13:52.497+0000] {logging_mixin.py:190} INFO - [2024-12-09T05:13:52.497+0000] {dag.py:4180} INFO - Setting next_dagrun for dataset_s3_bucket_producer to None, run_after=None
[2024-12-09T05:13:52.507+0000] {processor.py:208} INFO - Processing /home/airflow/.local/lib/python3.12/site-packages/airflow/example_dags/example_dataset_alias.py took 0.350 seconds
[2024-12-09T05:14:22.693+0000] {processor.py:186} INFO - Started process (PID=759) to work on /home/airflow/.local/lib/python3.12/site-packages/airflow/example_dags/example_dataset_alias.py
[2024-12-09T05:14:22.693+0000] {processor.py:914} INFO - Processing file /home/airflow/.local/lib/python3.12/site-packages/airflow/example_dags/example_dataset_alias.py for tasks to queue
[2024-12-09T05:14:22.695+0000] {logging_mixin.py:190} INFO - [2024-12-09T05:14:22.694+0000] {dagbag.py:588} INFO - Filling up the DagBag from /home/airflow/.local/lib/python3.12/site-packages/airflow/example_dags/example_dataset_alias.py
[2024-12-09T05:14:23.008+0000] {processor.py:925} INFO - DAG(s) 'dataset_s3_bucket_producer', 'dataset_s3_bucket_consumer', 'dataset_alias_example_alias_producer', 'dataset_alias_example_alias_consumer' retrieved from /home/airflow/.local/lib/python3.12/site-packages/airflow/example_dags/example_dataset_alias.py
[2024-12-09T05:14:23.020+0000] {logging_mixin.py:190} INFO - [2024-12-09T05:14:23.019+0000] {dag.py:3239} INFO - Sync 4 DAGs
[2024-12-09T05:14:23.032+0000] {logging_mixin.py:190} INFO - [2024-12-09T05:14:23.031+0000] {dag.py:4180} INFO - Setting next_dagrun for dataset_alias_example_alias_consumer to None, run_after=None
[2024-12-09T05:14:23.033+0000] {logging_mixin.py:190} INFO - [2024-12-09T05:14:23.033+0000] {dag.py:4180} INFO - Setting next_dagrun for dataset_alias_example_alias_producer to None, run_after=None
[2024-12-09T05:14:23.034+0000] {logging_mixin.py:190} INFO - [2024-12-09T05:14:23.034+0000] {dag.py:4180} INFO - Setting next_dagrun for dataset_s3_bucket_consumer to None, run_after=None
[2024-12-09T05:14:23.035+0000] {logging_mixin.py:190} INFO - [2024-12-09T05:14:23.035+0000] {dag.py:4180} INFO - Setting next_dagrun for dataset_s3_bucket_producer to None, run_after=None
[2024-12-09T05:14:23.046+0000] {processor.py:208} INFO - Processing /home/airflow/.local/lib/python3.12/site-packages/airflow/example_dags/example_dataset_alias.py took 0.356 seconds
[2024-12-09T05:14:53.290+0000] {processor.py:186} INFO - Started process (PID=823) to work on /home/airflow/.local/lib/python3.12/site-packages/airflow/example_dags/example_dataset_alias.py
[2024-12-09T05:14:53.290+0000] {processor.py:914} INFO - Processing file /home/airflow/.local/lib/python3.12/site-packages/airflow/example_dags/example_dataset_alias.py for tasks to queue
[2024-12-09T05:14:53.292+0000] {logging_mixin.py:190} INFO - [2024-12-09T05:14:53.291+0000] {dagbag.py:588} INFO - Filling up the DagBag from /home/airflow/.local/lib/python3.12/site-packages/airflow/example_dags/example_dataset_alias.py
[2024-12-09T05:14:53.619+0000] {processor.py:925} INFO - DAG(s) 'dataset_alias_example_alias_consumer', 'dataset_s3_bucket_producer', 'dataset_s3_bucket_consumer', 'dataset_alias_example_alias_producer' retrieved from /home/airflow/.local/lib/python3.12/site-packages/airflow/example_dags/example_dataset_alias.py
[2024-12-09T05:14:53.631+0000] {logging_mixin.py:190} INFO - [2024-12-09T05:14:53.630+0000] {dag.py:3239} INFO - Sync 4 DAGs
[2024-12-09T05:14:53.646+0000] {logging_mixin.py:190} INFO - [2024-12-09T05:14:53.645+0000] {dag.py:4180} INFO - Setting next_dagrun for dataset_alias_example_alias_consumer to None, run_after=None
[2024-12-09T05:14:53.648+0000] {logging_mixin.py:190} INFO - [2024-12-09T05:14:53.648+0000] {dag.py:4180} INFO - Setting next_dagrun for dataset_alias_example_alias_producer to None, run_after=None
[2024-12-09T05:14:53.649+0000] {logging_mixin.py:190} INFO - [2024-12-09T05:14:53.649+0000] {dag.py:4180} INFO - Setting next_dagrun for dataset_s3_bucket_consumer to None, run_after=None
[2024-12-09T05:14:53.650+0000] {logging_mixin.py:190} INFO - [2024-12-09T05:14:53.650+0000] {dag.py:4180} INFO - Setting next_dagrun for dataset_s3_bucket_producer to None, run_after=None
[2024-12-09T05:14:53.662+0000] {processor.py:208} INFO - Processing /home/airflow/.local/lib/python3.12/site-packages/airflow/example_dags/example_dataset_alias.py took 0.376 seconds
[2024-12-09T05:15:24.202+0000] {processor.py:186} INFO - Started process (PID=890) to work on /home/airflow/.local/lib/python3.12/site-packages/airflow/example_dags/example_dataset_alias.py
[2024-12-09T05:15:24.203+0000] {processor.py:914} INFO - Processing file /home/airflow/.local/lib/python3.12/site-packages/airflow/example_dags/example_dataset_alias.py for tasks to queue
[2024-12-09T05:15:24.204+0000] {logging_mixin.py:190} INFO - [2024-12-09T05:15:24.204+0000] {dagbag.py:588} INFO - Filling up the DagBag from /home/airflow/.local/lib/python3.12/site-packages/airflow/example_dags/example_dataset_alias.py
[2024-12-09T05:15:24.512+0000] {processor.py:925} INFO - DAG(s) 'dataset_s3_bucket_producer', 'dataset_s3_bucket_consumer', 'dataset_alias_example_alias_producer', 'dataset_alias_example_alias_consumer' retrieved from /home/airflow/.local/lib/python3.12/site-packages/airflow/example_dags/example_dataset_alias.py
[2024-12-09T05:15:24.524+0000] {logging_mixin.py:190} INFO - [2024-12-09T05:15:24.523+0000] {dag.py:3239} INFO - Sync 4 DAGs
[2024-12-09T05:15:24.536+0000] {logging_mixin.py:190} INFO - [2024-12-09T05:15:24.535+0000] {dag.py:4180} INFO - Setting next_dagrun for dataset_alias_example_alias_consumer to None, run_after=None
[2024-12-09T05:15:24.537+0000] {logging_mixin.py:190} INFO - [2024-12-09T05:15:24.537+0000] {dag.py:4180} INFO - Setting next_dagrun for dataset_alias_example_alias_producer to None, run_after=None
[2024-12-09T05:15:24.538+0000] {logging_mixin.py:190} INFO - [2024-12-09T05:15:24.537+0000] {dag.py:4180} INFO - Setting next_dagrun for dataset_s3_bucket_consumer to None, run_after=None
[2024-12-09T05:15:24.538+0000] {logging_mixin.py:190} INFO - [2024-12-09T05:15:24.538+0000] {dag.py:4180} INFO - Setting next_dagrun for dataset_s3_bucket_producer to None, run_after=None
[2024-12-09T05:15:24.549+0000] {processor.py:208} INFO - Processing /home/airflow/.local/lib/python3.12/site-packages/airflow/example_dags/example_dataset_alias.py took 0.350 seconds
[2024-12-09T05:15:54.894+0000] {processor.py:186} INFO - Started process (PID=955) to work on /home/airflow/.local/lib/python3.12/site-packages/airflow/example_dags/example_dataset_alias.py
[2024-12-09T05:15:54.895+0000] {processor.py:914} INFO - Processing file /home/airflow/.local/lib/python3.12/site-packages/airflow/example_dags/example_dataset_alias.py for tasks to queue
[2024-12-09T05:15:54.896+0000] {logging_mixin.py:190} INFO - [2024-12-09T05:15:54.896+0000] {dagbag.py:588} INFO - Filling up the DagBag from /home/airflow/.local/lib/python3.12/site-packages/airflow/example_dags/example_dataset_alias.py
[2024-12-09T05:15:55.209+0000] {processor.py:925} INFO - DAG(s) 'dataset_s3_bucket_producer', 'dataset_s3_bucket_consumer', 'dataset_alias_example_alias_consumer', 'dataset_alias_example_alias_producer' retrieved from /home/airflow/.local/lib/python3.12/site-packages/airflow/example_dags/example_dataset_alias.py
[2024-12-09T05:15:55.221+0000] {logging_mixin.py:190} INFO - [2024-12-09T05:15:55.221+0000] {dag.py:3239} INFO - Sync 4 DAGs
[2024-12-09T05:15:55.233+0000] {logging_mixin.py:190} INFO - [2024-12-09T05:15:55.233+0000] {dag.py:4180} INFO - Setting next_dagrun for dataset_alias_example_alias_consumer to None, run_after=None
[2024-12-09T05:15:55.235+0000] {logging_mixin.py:190} INFO - [2024-12-09T05:15:55.234+0000] {dag.py:4180} INFO - Setting next_dagrun for dataset_alias_example_alias_producer to None, run_after=None
[2024-12-09T05:15:55.235+0000] {logging_mixin.py:190} INFO - [2024-12-09T05:15:55.235+0000] {dag.py:4180} INFO - Setting next_dagrun for dataset_s3_bucket_consumer to None, run_after=None
[2024-12-09T05:15:55.236+0000] {logging_mixin.py:190} INFO - [2024-12-09T05:15:55.236+0000] {dag.py:4180} INFO - Setting next_dagrun for dataset_s3_bucket_producer to None, run_after=None
[2024-12-09T05:15:55.246+0000] {processor.py:208} INFO - Processing /home/airflow/.local/lib/python3.12/site-packages/airflow/example_dags/example_dataset_alias.py took 0.356 seconds
[2024-12-09T05:16:25.558+0000] {processor.py:186} INFO - Started process (PID=1020) to work on /home/airflow/.local/lib/python3.12/site-packages/airflow/example_dags/example_dataset_alias.py
[2024-12-09T05:16:25.559+0000] {processor.py:914} INFO - Processing file /home/airflow/.local/lib/python3.12/site-packages/airflow/example_dags/example_dataset_alias.py for tasks to queue
[2024-12-09T05:16:25.560+0000] {logging_mixin.py:190} INFO - [2024-12-09T05:16:25.560+0000] {dagbag.py:588} INFO - Filling up the DagBag from /home/airflow/.local/lib/python3.12/site-packages/airflow/example_dags/example_dataset_alias.py
[2024-12-09T05:16:25.872+0000] {processor.py:925} INFO - DAG(s) 'dataset_s3_bucket_producer', 'dataset_s3_bucket_consumer', 'dataset_alias_example_alias_consumer', 'dataset_alias_example_alias_producer' retrieved from /home/airflow/.local/lib/python3.12/site-packages/airflow/example_dags/example_dataset_alias.py
[2024-12-09T05:16:25.884+0000] {logging_mixin.py:190} INFO - [2024-12-09T05:16:25.883+0000] {dag.py:3239} INFO - Sync 4 DAGs
[2024-12-09T05:16:25.895+0000] {logging_mixin.py:190} INFO - [2024-12-09T05:16:25.895+0000] {dag.py:4180} INFO - Setting next_dagrun for dataset_alias_example_alias_consumer to None, run_after=None
[2024-12-09T05:16:25.897+0000] {logging_mixin.py:190} INFO - [2024-12-09T05:16:25.896+0000] {dag.py:4180} INFO - Setting next_dagrun for dataset_alias_example_alias_producer to None, run_after=None
[2024-12-09T05:16:25.898+0000] {logging_mixin.py:190} INFO - [2024-12-09T05:16:25.897+0000] {dag.py:4180} INFO - Setting next_dagrun for dataset_s3_bucket_consumer to None, run_after=None
[2024-12-09T05:16:25.898+0000] {logging_mixin.py:190} INFO - [2024-12-09T05:16:25.898+0000] {dag.py:4180} INFO - Setting next_dagrun for dataset_s3_bucket_producer to None, run_after=None
[2024-12-09T05:16:25.909+0000] {processor.py:208} INFO - Processing /home/airflow/.local/lib/python3.12/site-packages/airflow/example_dags/example_dataset_alias.py took 0.354 seconds
[2024-12-09T05:16:56.536+0000] {processor.py:186} INFO - Started process (PID=1088) to work on /home/airflow/.local/lib/python3.12/site-packages/airflow/example_dags/example_dataset_alias.py
[2024-12-09T05:16:56.536+0000] {processor.py:914} INFO - Processing file /home/airflow/.local/lib/python3.12/site-packages/airflow/example_dags/example_dataset_alias.py for tasks to queue
[2024-12-09T05:16:56.538+0000] {logging_mixin.py:190} INFO - [2024-12-09T05:16:56.537+0000] {dagbag.py:588} INFO - Filling up the DagBag from /home/airflow/.local/lib/python3.12/site-packages/airflow/example_dags/example_dataset_alias.py
[2024-12-09T05:16:56.854+0000] {processor.py:925} INFO - DAG(s) 'dataset_s3_bucket_producer', 'dataset_alias_example_alias_producer', 'dataset_alias_example_alias_consumer', 'dataset_s3_bucket_consumer' retrieved from /home/airflow/.local/lib/python3.12/site-packages/airflow/example_dags/example_dataset_alias.py
[2024-12-09T05:16:56.866+0000] {logging_mixin.py:190} INFO - [2024-12-09T05:16:56.866+0000] {dag.py:3239} INFO - Sync 4 DAGs
[2024-12-09T05:16:56.878+0000] {logging_mixin.py:190} INFO - [2024-12-09T05:16:56.878+0000] {dag.py:4180} INFO - Setting next_dagrun for dataset_alias_example_alias_consumer to None, run_after=None
[2024-12-09T05:16:56.879+0000] {logging_mixin.py:190} INFO - [2024-12-09T05:16:56.879+0000] {dag.py:4180} INFO - Setting next_dagrun for dataset_alias_example_alias_producer to None, run_after=None
[2024-12-09T05:16:56.880+0000] {logging_mixin.py:190} INFO - [2024-12-09T05:16:56.880+0000] {dag.py:4180} INFO - Setting next_dagrun for dataset_s3_bucket_consumer to None, run_after=None
[2024-12-09T05:16:56.881+0000] {logging_mixin.py:190} INFO - [2024-12-09T05:16:56.881+0000] {dag.py:4180} INFO - Setting next_dagrun for dataset_s3_bucket_producer to None, run_after=None
[2024-12-09T05:16:56.892+0000] {processor.py:208} INFO - Processing /home/airflow/.local/lib/python3.12/site-packages/airflow/example_dags/example_dataset_alias.py took 0.360 seconds
