[2024-12-09T05:09:15.526+0000] {processor.py:186} INFO - Started process (PID=114) to work on /home/airflow/.local/lib/python3.12/site-packages/airflow/example_dags/example_bash_operator.py
[2024-12-09T05:09:15.526+0000] {processor.py:914} INFO - Processing file /home/airflow/.local/lib/python3.12/site-packages/airflow/example_dags/example_bash_operator.py for tasks to queue
[2024-12-09T05:09:15.528+0000] {logging_mixin.py:190} INFO - [2024-12-09T05:09:15.528+0000] {dagbag.py:588} INFO - Filling up the DagBag from /home/airflow/.local/lib/python3.12/site-packages/airflow/example_dags/example_bash_operator.py
[2024-12-09T05:09:15.542+0000] {processor.py:925} INFO - DAG(s) 'example_bash_operator' retrieved from /home/airflow/.local/lib/python3.12/site-packages/airflow/example_dags/example_bash_operator.py
[2024-12-09T05:09:15.560+0000] {logging_mixin.py:190} INFO - [2024-12-09T05:09:15.560+0000] {dag.py:3239} INFO - Sync 1 DAGs
[2024-12-09T05:09:15.574+0000] {logging_mixin.py:190} INFO - [2024-12-09T05:09:15.574+0000] {dag.py:4180} INFO - Setting next_dagrun for example_bash_operator to 2024-12-08 00:00:00+00:00, run_after=2024-12-09 00:00:00+00:00
[2024-12-09T05:09:15.584+0000] {processor.py:208} INFO - Processing /home/airflow/.local/lib/python3.12/site-packages/airflow/example_dags/example_bash_operator.py took 0.062 seconds
[2024-12-09T05:09:46.380+0000] {processor.py:186} INFO - Started process (PID=177) to work on /home/airflow/.local/lib/python3.12/site-packages/airflow/example_dags/example_bash_operator.py
[2024-12-09T05:09:46.386+0000] {processor.py:914} INFO - Processing file /home/airflow/.local/lib/python3.12/site-packages/airflow/example_dags/example_bash_operator.py for tasks to queue
[2024-12-09T05:09:46.387+0000] {logging_mixin.py:190} INFO - [2024-12-09T05:09:46.387+0000] {dagbag.py:588} INFO - Filling up the DagBag from /home/airflow/.local/lib/python3.12/site-packages/airflow/example_dags/example_bash_operator.py
[2024-12-09T05:09:46.394+0000] {processor.py:925} INFO - DAG(s) 'example_bash_operator' retrieved from /home/airflow/.local/lib/python3.12/site-packages/airflow/example_dags/example_bash_operator.py
[2024-12-09T05:09:46.408+0000] {logging_mixin.py:190} INFO - [2024-12-09T05:09:46.408+0000] {dag.py:3239} INFO - Sync 1 DAGs
[2024-12-09T05:09:46.420+0000] {logging_mixin.py:190} INFO - [2024-12-09T05:09:46.420+0000] {dag.py:4180} INFO - Setting next_dagrun for example_bash_operator to 2024-12-08 00:00:00+00:00, run_after=2024-12-09 00:00:00+00:00
[2024-12-09T05:09:46.429+0000] {processor.py:208} INFO - Processing /home/airflow/.local/lib/python3.12/site-packages/airflow/example_dags/example_bash_operator.py took 0.052 seconds
[2024-12-09T05:10:16.975+0000] {processor.py:186} INFO - Started process (PID=239) to work on /home/airflow/.local/lib/python3.12/site-packages/airflow/example_dags/example_bash_operator.py
[2024-12-09T05:10:16.975+0000] {processor.py:914} INFO - Processing file /home/airflow/.local/lib/python3.12/site-packages/airflow/example_dags/example_bash_operator.py for tasks to queue
[2024-12-09T05:10:16.976+0000] {logging_mixin.py:190} INFO - [2024-12-09T05:10:16.976+0000] {dagbag.py:588} INFO - Filling up the DagBag from /home/airflow/.local/lib/python3.12/site-packages/airflow/example_dags/example_bash_operator.py
[2024-12-09T05:10:16.983+0000] {processor.py:925} INFO - DAG(s) 'example_bash_operator' retrieved from /home/airflow/.local/lib/python3.12/site-packages/airflow/example_dags/example_bash_operator.py
[2024-12-09T05:10:16.996+0000] {logging_mixin.py:190} INFO - [2024-12-09T05:10:16.996+0000] {dag.py:3239} INFO - Sync 1 DAGs
[2024-12-09T05:10:17.009+0000] {logging_mixin.py:190} INFO - [2024-12-09T05:10:17.009+0000] {dag.py:4180} INFO - Setting next_dagrun for example_bash_operator to 2024-12-08 00:00:00+00:00, run_after=2024-12-09 00:00:00+00:00
[2024-12-09T05:10:17.018+0000] {processor.py:208} INFO - Processing /home/airflow/.local/lib/python3.12/site-packages/airflow/example_dags/example_bash_operator.py took 0.046 seconds
[2024-12-09T05:10:47.670+0000] {processor.py:186} INFO - Started process (PID=302) to work on /home/airflow/.local/lib/python3.12/site-packages/airflow/example_dags/example_bash_operator.py
[2024-12-09T05:10:47.670+0000] {processor.py:914} INFO - Processing file /home/airflow/.local/lib/python3.12/site-packages/airflow/example_dags/example_bash_operator.py for tasks to queue
[2024-12-09T05:10:47.672+0000] {logging_mixin.py:190} INFO - [2024-12-09T05:10:47.671+0000] {dagbag.py:588} INFO - Filling up the DagBag from /home/airflow/.local/lib/python3.12/site-packages/airflow/example_dags/example_bash_operator.py
[2024-12-09T05:10:47.679+0000] {processor.py:925} INFO - DAG(s) 'example_bash_operator' retrieved from /home/airflow/.local/lib/python3.12/site-packages/airflow/example_dags/example_bash_operator.py
[2024-12-09T05:10:47.693+0000] {logging_mixin.py:190} INFO - [2024-12-09T05:10:47.693+0000] {dag.py:3239} INFO - Sync 1 DAGs
[2024-12-09T05:10:47.706+0000] {logging_mixin.py:190} INFO - [2024-12-09T05:10:47.706+0000] {dag.py:4180} INFO - Setting next_dagrun for example_bash_operator to 2024-12-08 00:00:00+00:00, run_after=2024-12-09 00:00:00+00:00
[2024-12-09T05:10:47.716+0000] {processor.py:208} INFO - Processing /home/airflow/.local/lib/python3.12/site-packages/airflow/example_dags/example_bash_operator.py took 0.049 seconds
[2024-12-09T05:11:18.217+0000] {processor.py:186} INFO - Started process (PID=365) to work on /home/airflow/.local/lib/python3.12/site-packages/airflow/example_dags/example_bash_operator.py
[2024-12-09T05:11:18.217+0000] {processor.py:914} INFO - Processing file /home/airflow/.local/lib/python3.12/site-packages/airflow/example_dags/example_bash_operator.py for tasks to queue
[2024-12-09T05:11:18.218+0000] {logging_mixin.py:190} INFO - [2024-12-09T05:11:18.218+0000] {dagbag.py:588} INFO - Filling up the DagBag from /home/airflow/.local/lib/python3.12/site-packages/airflow/example_dags/example_bash_operator.py
[2024-12-09T05:11:18.226+0000] {processor.py:925} INFO - DAG(s) 'example_bash_operator' retrieved from /home/airflow/.local/lib/python3.12/site-packages/airflow/example_dags/example_bash_operator.py
[2024-12-09T05:11:18.240+0000] {logging_mixin.py:190} INFO - [2024-12-09T05:11:18.239+0000] {dag.py:3239} INFO - Sync 1 DAGs
[2024-12-09T05:11:18.253+0000] {logging_mixin.py:190} INFO - [2024-12-09T05:11:18.252+0000] {dag.py:4180} INFO - Setting next_dagrun for example_bash_operator to 2024-12-08 00:00:00+00:00, run_after=2024-12-09 00:00:00+00:00
[2024-12-09T05:11:18.261+0000] {processor.py:208} INFO - Processing /home/airflow/.local/lib/python3.12/site-packages/airflow/example_dags/example_bash_operator.py took 0.048 seconds
[2024-12-09T05:11:48.944+0000] {processor.py:186} INFO - Started process (PID=428) to work on /home/airflow/.local/lib/python3.12/site-packages/airflow/example_dags/example_bash_operator.py
[2024-12-09T05:11:48.944+0000] {processor.py:914} INFO - Processing file /home/airflow/.local/lib/python3.12/site-packages/airflow/example_dags/example_bash_operator.py for tasks to queue
[2024-12-09T05:11:48.946+0000] {logging_mixin.py:190} INFO - [2024-12-09T05:11:48.946+0000] {dagbag.py:588} INFO - Filling up the DagBag from /home/airflow/.local/lib/python3.12/site-packages/airflow/example_dags/example_bash_operator.py
[2024-12-09T05:11:48.954+0000] {processor.py:925} INFO - DAG(s) 'example_bash_operator' retrieved from /home/airflow/.local/lib/python3.12/site-packages/airflow/example_dags/example_bash_operator.py
[2024-12-09T05:11:48.969+0000] {logging_mixin.py:190} INFO - [2024-12-09T05:11:48.969+0000] {dag.py:3239} INFO - Sync 1 DAGs
[2024-12-09T05:11:48.982+0000] {logging_mixin.py:190} INFO - [2024-12-09T05:11:48.982+0000] {dag.py:4180} INFO - Setting next_dagrun for example_bash_operator to 2024-12-08 00:00:00+00:00, run_after=2024-12-09 00:00:00+00:00
[2024-12-09T05:11:48.991+0000] {processor.py:208} INFO - Processing /home/airflow/.local/lib/python3.12/site-packages/airflow/example_dags/example_bash_operator.py took 0.051 seconds
[2024-12-09T05:12:19.608+0000] {processor.py:186} INFO - Started process (PID=491) to work on /home/airflow/.local/lib/python3.12/site-packages/airflow/example_dags/example_bash_operator.py
[2024-12-09T05:12:19.609+0000] {processor.py:914} INFO - Processing file /home/airflow/.local/lib/python3.12/site-packages/airflow/example_dags/example_bash_operator.py for tasks to queue
[2024-12-09T05:12:19.610+0000] {logging_mixin.py:190} INFO - [2024-12-09T05:12:19.610+0000] {dagbag.py:588} INFO - Filling up the DagBag from /home/airflow/.local/lib/python3.12/site-packages/airflow/example_dags/example_bash_operator.py
[2024-12-09T05:12:19.618+0000] {processor.py:925} INFO - DAG(s) 'example_bash_operator' retrieved from /home/airflow/.local/lib/python3.12/site-packages/airflow/example_dags/example_bash_operator.py
[2024-12-09T05:12:19.632+0000] {logging_mixin.py:190} INFO - [2024-12-09T05:12:19.632+0000] {dag.py:3239} INFO - Sync 1 DAGs
[2024-12-09T05:12:19.646+0000] {logging_mixin.py:190} INFO - [2024-12-09T05:12:19.646+0000] {dag.py:4180} INFO - Setting next_dagrun for example_bash_operator to 2024-12-08 00:00:00+00:00, run_after=2024-12-09 00:00:00+00:00
[2024-12-09T05:12:19.655+0000] {processor.py:208} INFO - Processing /home/airflow/.local/lib/python3.12/site-packages/airflow/example_dags/example_bash_operator.py took 0.051 seconds
[2024-12-09T05:12:50.159+0000] {processor.py:186} INFO - Started process (PID=555) to work on /home/airflow/.local/lib/python3.12/site-packages/airflow/example_dags/example_bash_operator.py
[2024-12-09T05:12:50.160+0000] {processor.py:914} INFO - Processing file /home/airflow/.local/lib/python3.12/site-packages/airflow/example_dags/example_bash_operator.py for tasks to queue
[2024-12-09T05:12:50.161+0000] {logging_mixin.py:190} INFO - [2024-12-09T05:12:50.161+0000] {dagbag.py:588} INFO - Filling up the DagBag from /home/airflow/.local/lib/python3.12/site-packages/airflow/example_dags/example_bash_operator.py
[2024-12-09T05:12:50.169+0000] {processor.py:925} INFO - DAG(s) 'example_bash_operator' retrieved from /home/airflow/.local/lib/python3.12/site-packages/airflow/example_dags/example_bash_operator.py
[2024-12-09T05:12:50.184+0000] {logging_mixin.py:190} INFO - [2024-12-09T05:12:50.184+0000] {dag.py:3239} INFO - Sync 1 DAGs
[2024-12-09T05:12:50.199+0000] {logging_mixin.py:190} INFO - [2024-12-09T05:12:50.199+0000] {dag.py:4180} INFO - Setting next_dagrun for example_bash_operator to 2024-12-08 00:00:00+00:00, run_after=2024-12-09 00:00:00+00:00
[2024-12-09T05:12:50.210+0000] {processor.py:208} INFO - Processing /home/airflow/.local/lib/python3.12/site-packages/airflow/example_dags/example_bash_operator.py took 0.055 seconds
[2024-12-09T05:13:20.807+0000] {processor.py:186} INFO - Started process (PID=618) to work on /home/airflow/.local/lib/python3.12/site-packages/airflow/example_dags/example_bash_operator.py
[2024-12-09T05:13:20.807+0000] {processor.py:914} INFO - Processing file /home/airflow/.local/lib/python3.12/site-packages/airflow/example_dags/example_bash_operator.py for tasks to queue
[2024-12-09T05:13:20.809+0000] {logging_mixin.py:190} INFO - [2024-12-09T05:13:20.808+0000] {dagbag.py:588} INFO - Filling up the DagBag from /home/airflow/.local/lib/python3.12/site-packages/airflow/example_dags/example_bash_operator.py
[2024-12-09T05:13:20.816+0000] {processor.py:925} INFO - DAG(s) 'example_bash_operator' retrieved from /home/airflow/.local/lib/python3.12/site-packages/airflow/example_dags/example_bash_operator.py
[2024-12-09T05:13:20.830+0000] {logging_mixin.py:190} INFO - [2024-12-09T05:13:20.829+0000] {dag.py:3239} INFO - Sync 1 DAGs
[2024-12-09T05:13:20.842+0000] {logging_mixin.py:190} INFO - [2024-12-09T05:13:20.842+0000] {dag.py:4180} INFO - Setting next_dagrun for example_bash_operator to 2024-12-08 00:00:00+00:00, run_after=2024-12-09 00:00:00+00:00
[2024-12-09T05:13:20.852+0000] {processor.py:208} INFO - Processing /home/airflow/.local/lib/python3.12/site-packages/airflow/example_dags/example_bash_operator.py took 0.049 seconds
[2024-12-09T05:13:51.524+0000] {processor.py:186} INFO - Started process (PID=681) to work on /home/airflow/.local/lib/python3.12/site-packages/airflow/example_dags/example_bash_operator.py
[2024-12-09T05:13:51.524+0000] {processor.py:914} INFO - Processing file /home/airflow/.local/lib/python3.12/site-packages/airflow/example_dags/example_bash_operator.py for tasks to queue
[2024-12-09T05:13:51.526+0000] {logging_mixin.py:190} INFO - [2024-12-09T05:13:51.525+0000] {dagbag.py:588} INFO - Filling up the DagBag from /home/airflow/.local/lib/python3.12/site-packages/airflow/example_dags/example_bash_operator.py
[2024-12-09T05:13:51.533+0000] {processor.py:925} INFO - DAG(s) 'example_bash_operator' retrieved from /home/airflow/.local/lib/python3.12/site-packages/airflow/example_dags/example_bash_operator.py
[2024-12-09T05:13:51.546+0000] {logging_mixin.py:190} INFO - [2024-12-09T05:13:51.546+0000] {dag.py:3239} INFO - Sync 1 DAGs
[2024-12-09T05:13:51.559+0000] {logging_mixin.py:190} INFO - [2024-12-09T05:13:51.559+0000] {dag.py:4180} INFO - Setting next_dagrun for example_bash_operator to 2024-12-08 00:00:00+00:00, run_after=2024-12-09 00:00:00+00:00
[2024-12-09T05:13:51.569+0000] {processor.py:208} INFO - Processing /home/airflow/.local/lib/python3.12/site-packages/airflow/example_dags/example_bash_operator.py took 0.049 seconds
[2024-12-09T05:14:22.078+0000] {processor.py:186} INFO - Started process (PID=744) to work on /home/airflow/.local/lib/python3.12/site-packages/airflow/example_dags/example_bash_operator.py
[2024-12-09T05:14:22.080+0000] {processor.py:914} INFO - Processing file /home/airflow/.local/lib/python3.12/site-packages/airflow/example_dags/example_bash_operator.py for tasks to queue
[2024-12-09T05:14:22.082+0000] {logging_mixin.py:190} INFO - [2024-12-09T05:14:22.082+0000] {dagbag.py:588} INFO - Filling up the DagBag from /home/airflow/.local/lib/python3.12/site-packages/airflow/example_dags/example_bash_operator.py
[2024-12-09T05:14:22.091+0000] {processor.py:925} INFO - DAG(s) 'example_bash_operator' retrieved from /home/airflow/.local/lib/python3.12/site-packages/airflow/example_dags/example_bash_operator.py
[2024-12-09T05:14:22.105+0000] {logging_mixin.py:190} INFO - [2024-12-09T05:14:22.105+0000] {dag.py:3239} INFO - Sync 1 DAGs
[2024-12-09T05:14:22.118+0000] {logging_mixin.py:190} INFO - [2024-12-09T05:14:22.118+0000] {dag.py:4180} INFO - Setting next_dagrun for example_bash_operator to 2024-12-08 00:00:00+00:00, run_after=2024-12-09 00:00:00+00:00
[2024-12-09T05:14:22.128+0000] {processor.py:208} INFO - Processing /home/airflow/.local/lib/python3.12/site-packages/airflow/example_dags/example_bash_operator.py took 0.053 seconds
[2024-12-09T05:14:52.636+0000] {processor.py:186} INFO - Started process (PID=807) to work on /home/airflow/.local/lib/python3.12/site-packages/airflow/example_dags/example_bash_operator.py
[2024-12-09T05:14:52.637+0000] {processor.py:914} INFO - Processing file /home/airflow/.local/lib/python3.12/site-packages/airflow/example_dags/example_bash_operator.py for tasks to queue
[2024-12-09T05:14:52.638+0000] {logging_mixin.py:190} INFO - [2024-12-09T05:14:52.638+0000] {dagbag.py:588} INFO - Filling up the DagBag from /home/airflow/.local/lib/python3.12/site-packages/airflow/example_dags/example_bash_operator.py
[2024-12-09T05:14:52.646+0000] {processor.py:925} INFO - DAG(s) 'example_bash_operator' retrieved from /home/airflow/.local/lib/python3.12/site-packages/airflow/example_dags/example_bash_operator.py
[2024-12-09T05:14:52.662+0000] {logging_mixin.py:190} INFO - [2024-12-09T05:14:52.662+0000] {dag.py:3239} INFO - Sync 1 DAGs
[2024-12-09T05:14:52.676+0000] {logging_mixin.py:190} INFO - [2024-12-09T05:14:52.676+0000] {dag.py:4180} INFO - Setting next_dagrun for example_bash_operator to 2024-12-08 00:00:00+00:00, run_after=2024-12-09 00:00:00+00:00
[2024-12-09T05:14:52.686+0000] {processor.py:208} INFO - Processing /home/airflow/.local/lib/python3.12/site-packages/airflow/example_dags/example_bash_operator.py took 0.052 seconds
[2024-12-09T05:15:23.375+0000] {processor.py:186} INFO - Started process (PID=870) to work on /home/airflow/.local/lib/python3.12/site-packages/airflow/example_dags/example_bash_operator.py
[2024-12-09T05:15:23.376+0000] {processor.py:914} INFO - Processing file /home/airflow/.local/lib/python3.12/site-packages/airflow/example_dags/example_bash_operator.py for tasks to queue
[2024-12-09T05:15:23.377+0000] {logging_mixin.py:190} INFO - [2024-12-09T05:15:23.377+0000] {dagbag.py:588} INFO - Filling up the DagBag from /home/airflow/.local/lib/python3.12/site-packages/airflow/example_dags/example_bash_operator.py
[2024-12-09T05:15:23.385+0000] {processor.py:925} INFO - DAG(s) 'example_bash_operator' retrieved from /home/airflow/.local/lib/python3.12/site-packages/airflow/example_dags/example_bash_operator.py
[2024-12-09T05:15:23.399+0000] {logging_mixin.py:190} INFO - [2024-12-09T05:15:23.398+0000] {dag.py:3239} INFO - Sync 1 DAGs
[2024-12-09T05:15:23.411+0000] {logging_mixin.py:190} INFO - [2024-12-09T05:15:23.411+0000] {dag.py:4180} INFO - Setting next_dagrun for example_bash_operator to 2024-12-08 00:00:00+00:00, run_after=2024-12-09 00:00:00+00:00
[2024-12-09T05:15:23.420+0000] {processor.py:208} INFO - Processing /home/airflow/.local/lib/python3.12/site-packages/airflow/example_dags/example_bash_operator.py took 0.048 seconds
[2024-12-09T05:15:54.078+0000] {processor.py:186} INFO - Started process (PID=933) to work on /home/airflow/.local/lib/python3.12/site-packages/airflow/example_dags/example_bash_operator.py
[2024-12-09T05:15:54.078+0000] {processor.py:914} INFO - Processing file /home/airflow/.local/lib/python3.12/site-packages/airflow/example_dags/example_bash_operator.py for tasks to queue
[2024-12-09T05:15:54.080+0000] {logging_mixin.py:190} INFO - [2024-12-09T05:15:54.080+0000] {dagbag.py:588} INFO - Filling up the DagBag from /home/airflow/.local/lib/python3.12/site-packages/airflow/example_dags/example_bash_operator.py
[2024-12-09T05:15:54.088+0000] {processor.py:925} INFO - DAG(s) 'example_bash_operator' retrieved from /home/airflow/.local/lib/python3.12/site-packages/airflow/example_dags/example_bash_operator.py
[2024-12-09T05:15:54.102+0000] {logging_mixin.py:190} INFO - [2024-12-09T05:15:54.102+0000] {dag.py:3239} INFO - Sync 1 DAGs
[2024-12-09T05:15:54.115+0000] {logging_mixin.py:190} INFO - [2024-12-09T05:15:54.115+0000] {dag.py:4180} INFO - Setting next_dagrun for example_bash_operator to 2024-12-08 00:00:00+00:00, run_after=2024-12-09 00:00:00+00:00
[2024-12-09T05:15:54.125+0000] {processor.py:208} INFO - Processing /home/airflow/.local/lib/python3.12/site-packages/airflow/example_dags/example_bash_operator.py took 0.051 seconds
[2024-12-09T05:16:24.608+0000] {processor.py:186} INFO - Started process (PID=996) to work on /home/airflow/.local/lib/python3.12/site-packages/airflow/example_dags/example_bash_operator.py
[2024-12-09T05:16:24.609+0000] {processor.py:914} INFO - Processing file /home/airflow/.local/lib/python3.12/site-packages/airflow/example_dags/example_bash_operator.py for tasks to queue
[2024-12-09T05:16:24.610+0000] {logging_mixin.py:190} INFO - [2024-12-09T05:16:24.610+0000] {dagbag.py:588} INFO - Filling up the DagBag from /home/airflow/.local/lib/python3.12/site-packages/airflow/example_dags/example_bash_operator.py
[2024-12-09T05:16:24.617+0000] {processor.py:925} INFO - DAG(s) 'example_bash_operator' retrieved from /home/airflow/.local/lib/python3.12/site-packages/airflow/example_dags/example_bash_operator.py
[2024-12-09T05:16:24.632+0000] {logging_mixin.py:190} INFO - [2024-12-09T05:16:24.631+0000] {dag.py:3239} INFO - Sync 1 DAGs
[2024-12-09T05:16:24.644+0000] {logging_mixin.py:190} INFO - [2024-12-09T05:16:24.644+0000] {dag.py:4180} INFO - Setting next_dagrun for example_bash_operator to 2024-12-08 00:00:00+00:00, run_after=2024-12-09 00:00:00+00:00
[2024-12-09T05:16:24.653+0000] {processor.py:208} INFO - Processing /home/airflow/.local/lib/python3.12/site-packages/airflow/example_dags/example_bash_operator.py took 0.049 seconds
[2024-12-09T05:16:55.491+0000] {processor.py:186} INFO - Started process (PID=1059) to work on /home/airflow/.local/lib/python3.12/site-packages/airflow/example_dags/example_bash_operator.py
[2024-12-09T05:16:55.492+0000] {processor.py:914} INFO - Processing file /home/airflow/.local/lib/python3.12/site-packages/airflow/example_dags/example_bash_operator.py for tasks to queue
[2024-12-09T05:16:55.493+0000] {logging_mixin.py:190} INFO - [2024-12-09T05:16:55.493+0000] {dagbag.py:588} INFO - Filling up the DagBag from /home/airflow/.local/lib/python3.12/site-packages/airflow/example_dags/example_bash_operator.py
[2024-12-09T05:16:55.501+0000] {processor.py:925} INFO - DAG(s) 'example_bash_operator' retrieved from /home/airflow/.local/lib/python3.12/site-packages/airflow/example_dags/example_bash_operator.py
[2024-12-09T05:16:55.518+0000] {logging_mixin.py:190} INFO - [2024-12-09T05:16:55.518+0000] {dag.py:3239} INFO - Sync 1 DAGs
[2024-12-09T05:16:55.534+0000] {logging_mixin.py:190} INFO - [2024-12-09T05:16:55.534+0000] {dag.py:4180} INFO - Setting next_dagrun for example_bash_operator to 2024-12-08 00:00:00+00:00, run_after=2024-12-09 00:00:00+00:00
[2024-12-09T05:16:55.544+0000] {processor.py:208} INFO - Processing /home/airflow/.local/lib/python3.12/site-packages/airflow/example_dags/example_bash_operator.py took 0.057 seconds
