[2024-12-09T05:09:15.995+0000] {processor.py:186} INFO - Started process (PID=120) to work on /home/airflow/.local/lib/python3.12/site-packages/airflow/example_dags/example_display_name.py
[2024-12-09T05:09:15.996+0000] {processor.py:914} INFO - Processing file /home/airflow/.local/lib/python3.12/site-packages/airflow/example_dags/example_display_name.py for tasks to queue
[2024-12-09T05:09:15.998+0000] {logging_mixin.py:190} INFO - [2024-12-09T05:09:15.998+0000] {dagbag.py:588} INFO - Filling up the DagBag from /home/airflow/.local/lib/python3.12/site-packages/airflow/example_dags/example_display_name.py
[2024-12-09T05:09:16.002+0000] {processor.py:925} INFO - DAG(s) 'example_display_name' retrieved from /home/airflow/.local/lib/python3.12/site-packages/airflow/example_dags/example_display_name.py
[2024-12-09T05:09:16.016+0000] {logging_mixin.py:190} INFO - [2024-12-09T05:09:16.016+0000] {dag.py:3239} INFO - Sync 1 DAGs
[2024-12-09T05:09:16.024+0000] {logging_mixin.py:190} INFO - [2024-12-09T05:09:16.024+0000] {dag.py:4180} INFO - Setting next_dagrun for example_display_name to None, run_after=None
[2024-12-09T05:09:16.035+0000] {processor.py:208} INFO - Processing /home/airflow/.local/lib/python3.12/site-packages/airflow/example_dags/example_display_name.py took 0.042 seconds
[2024-12-09T05:09:46.772+0000] {processor.py:186} INFO - Started process (PID=183) to work on /home/airflow/.local/lib/python3.12/site-packages/airflow/example_dags/example_display_name.py
[2024-12-09T05:09:46.773+0000] {processor.py:914} INFO - Processing file /home/airflow/.local/lib/python3.12/site-packages/airflow/example_dags/example_display_name.py for tasks to queue
[2024-12-09T05:09:46.774+0000] {logging_mixin.py:190} INFO - [2024-12-09T05:09:46.774+0000] {dagbag.py:588} INFO - Filling up the DagBag from /home/airflow/.local/lib/python3.12/site-packages/airflow/example_dags/example_display_name.py
[2024-12-09T05:09:46.778+0000] {processor.py:925} INFO - DAG(s) 'example_display_name' retrieved from /home/airflow/.local/lib/python3.12/site-packages/airflow/example_dags/example_display_name.py
[2024-12-09T05:09:46.787+0000] {logging_mixin.py:190} INFO - [2024-12-09T05:09:46.787+0000] {dag.py:3239} INFO - Sync 1 DAGs
[2024-12-09T05:09:46.795+0000] {logging_mixin.py:190} INFO - [2024-12-09T05:09:46.795+0000] {dag.py:4180} INFO - Setting next_dagrun for example_display_name to None, run_after=None
[2024-12-09T05:09:46.804+0000] {processor.py:208} INFO - Processing /home/airflow/.local/lib/python3.12/site-packages/airflow/example_dags/example_display_name.py took 0.035 seconds
[2024-12-09T05:10:17.337+0000] {processor.py:186} INFO - Started process (PID=246) to work on /home/airflow/.local/lib/python3.12/site-packages/airflow/example_dags/example_display_name.py
[2024-12-09T05:10:17.338+0000] {processor.py:914} INFO - Processing file /home/airflow/.local/lib/python3.12/site-packages/airflow/example_dags/example_display_name.py for tasks to queue
[2024-12-09T05:10:17.340+0000] {logging_mixin.py:190} INFO - [2024-12-09T05:10:17.340+0000] {dagbag.py:588} INFO - Filling up the DagBag from /home/airflow/.local/lib/python3.12/site-packages/airflow/example_dags/example_display_name.py
[2024-12-09T05:10:17.345+0000] {processor.py:925} INFO - DAG(s) 'example_display_name' retrieved from /home/airflow/.local/lib/python3.12/site-packages/airflow/example_dags/example_display_name.py
[2024-12-09T05:10:17.356+0000] {logging_mixin.py:190} INFO - [2024-12-09T05:10:17.356+0000] {dag.py:3239} INFO - Sync 1 DAGs
[2024-12-09T05:10:17.364+0000] {logging_mixin.py:190} INFO - [2024-12-09T05:10:17.364+0000] {dag.py:4180} INFO - Setting next_dagrun for example_display_name to None, run_after=None
[2024-12-09T05:10:17.375+0000] {processor.py:208} INFO - Processing /home/airflow/.local/lib/python3.12/site-packages/airflow/example_dags/example_display_name.py took 0.041 seconds
[2024-12-09T05:10:47.916+0000] {processor.py:186} INFO - Started process (PID=309) to work on /home/airflow/.local/lib/python3.12/site-packages/airflow/example_dags/example_display_name.py
[2024-12-09T05:10:47.917+0000] {processor.py:914} INFO - Processing file /home/airflow/.local/lib/python3.12/site-packages/airflow/example_dags/example_display_name.py for tasks to queue
[2024-12-09T05:10:47.918+0000] {logging_mixin.py:190} INFO - [2024-12-09T05:10:47.918+0000] {dagbag.py:588} INFO - Filling up the DagBag from /home/airflow/.local/lib/python3.12/site-packages/airflow/example_dags/example_display_name.py
[2024-12-09T05:10:47.924+0000] {processor.py:925} INFO - DAG(s) 'example_display_name' retrieved from /home/airflow/.local/lib/python3.12/site-packages/airflow/example_dags/example_display_name.py
[2024-12-09T05:10:47.934+0000] {logging_mixin.py:190} INFO - [2024-12-09T05:10:47.934+0000] {dag.py:3239} INFO - Sync 1 DAGs
[2024-12-09T05:10:47.946+0000] {logging_mixin.py:190} INFO - [2024-12-09T05:10:47.946+0000] {dag.py:4180} INFO - Setting next_dagrun for example_display_name to None, run_after=None
[2024-12-09T05:10:47.959+0000] {processor.py:208} INFO - Processing /home/airflow/.local/lib/python3.12/site-packages/airflow/example_dags/example_display_name.py took 0.047 seconds
[2024-12-09T05:11:18.789+0000] {processor.py:186} INFO - Started process (PID=372) to work on /home/airflow/.local/lib/python3.12/site-packages/airflow/example_dags/example_display_name.py
[2024-12-09T05:11:18.789+0000] {processor.py:914} INFO - Processing file /home/airflow/.local/lib/python3.12/site-packages/airflow/example_dags/example_display_name.py for tasks to queue
[2024-12-09T05:11:18.791+0000] {logging_mixin.py:190} INFO - [2024-12-09T05:11:18.791+0000] {dagbag.py:588} INFO - Filling up the DagBag from /home/airflow/.local/lib/python3.12/site-packages/airflow/example_dags/example_display_name.py
[2024-12-09T05:11:18.795+0000] {processor.py:925} INFO - DAG(s) 'example_display_name' retrieved from /home/airflow/.local/lib/python3.12/site-packages/airflow/example_dags/example_display_name.py
[2024-12-09T05:11:18.805+0000] {logging_mixin.py:190} INFO - [2024-12-09T05:11:18.805+0000] {dag.py:3239} INFO - Sync 1 DAGs
[2024-12-09T05:11:18.813+0000] {logging_mixin.py:190} INFO - [2024-12-09T05:11:18.813+0000] {dag.py:4180} INFO - Setting next_dagrun for example_display_name to None, run_after=None
[2024-12-09T05:11:18.824+0000] {processor.py:208} INFO - Processing /home/airflow/.local/lib/python3.12/site-packages/airflow/example_dags/example_display_name.py took 0.038 seconds
[2024-12-09T05:11:49.225+0000] {processor.py:186} INFO - Started process (PID=435) to work on /home/airflow/.local/lib/python3.12/site-packages/airflow/example_dags/example_display_name.py
[2024-12-09T05:11:49.226+0000] {processor.py:914} INFO - Processing file /home/airflow/.local/lib/python3.12/site-packages/airflow/example_dags/example_display_name.py for tasks to queue
[2024-12-09T05:11:49.227+0000] {logging_mixin.py:190} INFO - [2024-12-09T05:11:49.227+0000] {dagbag.py:588} INFO - Filling up the DagBag from /home/airflow/.local/lib/python3.12/site-packages/airflow/example_dags/example_display_name.py
[2024-12-09T05:11:49.232+0000] {processor.py:925} INFO - DAG(s) 'example_display_name' retrieved from /home/airflow/.local/lib/python3.12/site-packages/airflow/example_dags/example_display_name.py
[2024-12-09T05:11:49.246+0000] {logging_mixin.py:190} INFO - [2024-12-09T05:11:49.246+0000] {dag.py:3239} INFO - Sync 1 DAGs
[2024-12-09T05:11:49.256+0000] {logging_mixin.py:190} INFO - [2024-12-09T05:11:49.256+0000] {dag.py:4180} INFO - Setting next_dagrun for example_display_name to None, run_after=None
[2024-12-09T05:11:49.268+0000] {processor.py:208} INFO - Processing /home/airflow/.local/lib/python3.12/site-packages/airflow/example_dags/example_display_name.py took 0.046 seconds
[2024-12-09T05:12:19.835+0000] {processor.py:186} INFO - Started process (PID=498) to work on /home/airflow/.local/lib/python3.12/site-packages/airflow/example_dags/example_display_name.py
[2024-12-09T05:12:19.836+0000] {processor.py:914} INFO - Processing file /home/airflow/.local/lib/python3.12/site-packages/airflow/example_dags/example_display_name.py for tasks to queue
[2024-12-09T05:12:19.837+0000] {logging_mixin.py:190} INFO - [2024-12-09T05:12:19.837+0000] {dagbag.py:588} INFO - Filling up the DagBag from /home/airflow/.local/lib/python3.12/site-packages/airflow/example_dags/example_display_name.py
[2024-12-09T05:12:19.842+0000] {processor.py:925} INFO - DAG(s) 'example_display_name' retrieved from /home/airflow/.local/lib/python3.12/site-packages/airflow/example_dags/example_display_name.py
[2024-12-09T05:12:19.852+0000] {logging_mixin.py:190} INFO - [2024-12-09T05:12:19.852+0000] {dag.py:3239} INFO - Sync 1 DAGs
[2024-12-09T05:12:19.861+0000] {logging_mixin.py:190} INFO - [2024-12-09T05:12:19.861+0000] {dag.py:4180} INFO - Setting next_dagrun for example_display_name to None, run_after=None
[2024-12-09T05:12:19.870+0000] {processor.py:208} INFO - Processing /home/airflow/.local/lib/python3.12/site-packages/airflow/example_dags/example_display_name.py took 0.038 seconds
[2024-12-09T05:12:50.544+0000] {processor.py:186} INFO - Started process (PID=562) to work on /home/airflow/.local/lib/python3.12/site-packages/airflow/example_dags/example_display_name.py
[2024-12-09T05:12:50.544+0000] {processor.py:914} INFO - Processing file /home/airflow/.local/lib/python3.12/site-packages/airflow/example_dags/example_display_name.py for tasks to queue
[2024-12-09T05:12:50.546+0000] {logging_mixin.py:190} INFO - [2024-12-09T05:12:50.546+0000] {dagbag.py:588} INFO - Filling up the DagBag from /home/airflow/.local/lib/python3.12/site-packages/airflow/example_dags/example_display_name.py
[2024-12-09T05:12:50.551+0000] {processor.py:925} INFO - DAG(s) 'example_display_name' retrieved from /home/airflow/.local/lib/python3.12/site-packages/airflow/example_dags/example_display_name.py
[2024-12-09T05:12:50.562+0000] {logging_mixin.py:190} INFO - [2024-12-09T05:12:50.561+0000] {dag.py:3239} INFO - Sync 1 DAGs
[2024-12-09T05:12:50.571+0000] {logging_mixin.py:190} INFO - [2024-12-09T05:12:50.571+0000] {dag.py:4180} INFO - Setting next_dagrun for example_display_name to None, run_after=None
[2024-12-09T05:12:50.582+0000] {processor.py:208} INFO - Processing /home/airflow/.local/lib/python3.12/site-packages/airflow/example_dags/example_display_name.py took 0.042 seconds
[2024-12-09T05:13:21.404+0000] {processor.py:186} INFO - Started process (PID=625) to work on /home/airflow/.local/lib/python3.12/site-packages/airflow/example_dags/example_display_name.py
[2024-12-09T05:13:21.405+0000] {processor.py:914} INFO - Processing file /home/airflow/.local/lib/python3.12/site-packages/airflow/example_dags/example_display_name.py for tasks to queue
[2024-12-09T05:13:21.406+0000] {logging_mixin.py:190} INFO - [2024-12-09T05:13:21.406+0000] {dagbag.py:588} INFO - Filling up the DagBag from /home/airflow/.local/lib/python3.12/site-packages/airflow/example_dags/example_display_name.py
[2024-12-09T05:13:21.410+0000] {processor.py:925} INFO - DAG(s) 'example_display_name' retrieved from /home/airflow/.local/lib/python3.12/site-packages/airflow/example_dags/example_display_name.py
[2024-12-09T05:13:21.420+0000] {logging_mixin.py:190} INFO - [2024-12-09T05:13:21.420+0000] {dag.py:3239} INFO - Sync 1 DAGs
[2024-12-09T05:13:21.427+0000] {logging_mixin.py:190} INFO - [2024-12-09T05:13:21.427+0000] {dag.py:4180} INFO - Setting next_dagrun for example_display_name to None, run_after=None
[2024-12-09T05:13:21.437+0000] {processor.py:208} INFO - Processing /home/airflow/.local/lib/python3.12/site-packages/airflow/example_dags/example_display_name.py took 0.036 seconds
[2024-12-09T05:13:51.812+0000] {processor.py:186} INFO - Started process (PID=688) to work on /home/airflow/.local/lib/python3.12/site-packages/airflow/example_dags/example_display_name.py
[2024-12-09T05:13:51.813+0000] {processor.py:914} INFO - Processing file /home/airflow/.local/lib/python3.12/site-packages/airflow/example_dags/example_display_name.py for tasks to queue
[2024-12-09T05:13:51.814+0000] {logging_mixin.py:190} INFO - [2024-12-09T05:13:51.814+0000] {dagbag.py:588} INFO - Filling up the DagBag from /home/airflow/.local/lib/python3.12/site-packages/airflow/example_dags/example_display_name.py
[2024-12-09T05:13:51.819+0000] {processor.py:925} INFO - DAG(s) 'example_display_name' retrieved from /home/airflow/.local/lib/python3.12/site-packages/airflow/example_dags/example_display_name.py
[2024-12-09T05:13:51.829+0000] {logging_mixin.py:190} INFO - [2024-12-09T05:13:51.829+0000] {dag.py:3239} INFO - Sync 1 DAGs
[2024-12-09T05:13:51.837+0000] {logging_mixin.py:190} INFO - [2024-12-09T05:13:51.837+0000] {dag.py:4180} INFO - Setting next_dagrun for example_display_name to None, run_after=None
[2024-12-09T05:13:51.851+0000] {processor.py:208} INFO - Processing /home/airflow/.local/lib/python3.12/site-packages/airflow/example_dags/example_display_name.py took 0.042 seconds
[2024-12-09T05:14:22.366+0000] {processor.py:186} INFO - Started process (PID=751) to work on /home/airflow/.local/lib/python3.12/site-packages/airflow/example_dags/example_display_name.py
[2024-12-09T05:14:22.367+0000] {processor.py:914} INFO - Processing file /home/airflow/.local/lib/python3.12/site-packages/airflow/example_dags/example_display_name.py for tasks to queue
[2024-12-09T05:14:22.368+0000] {logging_mixin.py:190} INFO - [2024-12-09T05:14:22.368+0000] {dagbag.py:588} INFO - Filling up the DagBag from /home/airflow/.local/lib/python3.12/site-packages/airflow/example_dags/example_display_name.py
[2024-12-09T05:14:22.373+0000] {processor.py:925} INFO - DAG(s) 'example_display_name' retrieved from /home/airflow/.local/lib/python3.12/site-packages/airflow/example_dags/example_display_name.py
[2024-12-09T05:14:22.383+0000] {logging_mixin.py:190} INFO - [2024-12-09T05:14:22.383+0000] {dag.py:3239} INFO - Sync 1 DAGs
[2024-12-09T05:14:22.391+0000] {logging_mixin.py:190} INFO - [2024-12-09T05:14:22.391+0000] {dag.py:4180} INFO - Setting next_dagrun for example_display_name to None, run_after=None
[2024-12-09T05:14:22.402+0000] {processor.py:208} INFO - Processing /home/airflow/.local/lib/python3.12/site-packages/airflow/example_dags/example_display_name.py took 0.039 seconds
[2024-12-09T05:14:52.924+0000] {processor.py:186} INFO - Started process (PID=814) to work on /home/airflow/.local/lib/python3.12/site-packages/airflow/example_dags/example_display_name.py
[2024-12-09T05:14:52.925+0000] {processor.py:914} INFO - Processing file /home/airflow/.local/lib/python3.12/site-packages/airflow/example_dags/example_display_name.py for tasks to queue
[2024-12-09T05:14:52.926+0000] {logging_mixin.py:190} INFO - [2024-12-09T05:14:52.926+0000] {dagbag.py:588} INFO - Filling up the DagBag from /home/airflow/.local/lib/python3.12/site-packages/airflow/example_dags/example_display_name.py
[2024-12-09T05:14:52.930+0000] {processor.py:925} INFO - DAG(s) 'example_display_name' retrieved from /home/airflow/.local/lib/python3.12/site-packages/airflow/example_dags/example_display_name.py
[2024-12-09T05:14:52.941+0000] {logging_mixin.py:190} INFO - [2024-12-09T05:14:52.940+0000] {dag.py:3239} INFO - Sync 1 DAGs
[2024-12-09T05:14:52.949+0000] {logging_mixin.py:190} INFO - [2024-12-09T05:14:52.948+0000] {dag.py:4180} INFO - Setting next_dagrun for example_display_name to None, run_after=None
[2024-12-09T05:14:52.959+0000] {processor.py:208} INFO - Processing /home/airflow/.local/lib/python3.12/site-packages/airflow/example_dags/example_display_name.py took 0.038 seconds
[2024-12-09T05:15:23.565+0000] {processor.py:186} INFO - Started process (PID=876) to work on /home/airflow/.local/lib/python3.12/site-packages/airflow/example_dags/example_display_name.py
[2024-12-09T05:15:23.566+0000] {processor.py:914} INFO - Processing file /home/airflow/.local/lib/python3.12/site-packages/airflow/example_dags/example_display_name.py for tasks to queue
[2024-12-09T05:15:23.567+0000] {logging_mixin.py:190} INFO - [2024-12-09T05:15:23.567+0000] {dagbag.py:588} INFO - Filling up the DagBag from /home/airflow/.local/lib/python3.12/site-packages/airflow/example_dags/example_display_name.py
[2024-12-09T05:15:23.572+0000] {processor.py:925} INFO - DAG(s) 'example_display_name' retrieved from /home/airflow/.local/lib/python3.12/site-packages/airflow/example_dags/example_display_name.py
[2024-12-09T05:15:23.582+0000] {logging_mixin.py:190} INFO - [2024-12-09T05:15:23.582+0000] {dag.py:3239} INFO - Sync 1 DAGs
[2024-12-09T05:15:23.589+0000] {logging_mixin.py:190} INFO - [2024-12-09T05:15:23.589+0000] {dag.py:4180} INFO - Setting next_dagrun for example_display_name to None, run_after=None
[2024-12-09T05:15:23.599+0000] {processor.py:208} INFO - Processing /home/airflow/.local/lib/python3.12/site-packages/airflow/example_dags/example_display_name.py took 0.037 seconds
[2024-12-09T05:15:54.287+0000] {processor.py:186} INFO - Started process (PID=939) to work on /home/airflow/.local/lib/python3.12/site-packages/airflow/example_dags/example_display_name.py
[2024-12-09T05:15:54.287+0000] {processor.py:914} INFO - Processing file /home/airflow/.local/lib/python3.12/site-packages/airflow/example_dags/example_display_name.py for tasks to queue
[2024-12-09T05:15:54.288+0000] {logging_mixin.py:190} INFO - [2024-12-09T05:15:54.288+0000] {dagbag.py:588} INFO - Filling up the DagBag from /home/airflow/.local/lib/python3.12/site-packages/airflow/example_dags/example_display_name.py
[2024-12-09T05:15:54.293+0000] {processor.py:925} INFO - DAG(s) 'example_display_name' retrieved from /home/airflow/.local/lib/python3.12/site-packages/airflow/example_dags/example_display_name.py
[2024-12-09T05:15:54.303+0000] {logging_mixin.py:190} INFO - [2024-12-09T05:15:54.303+0000] {dag.py:3239} INFO - Sync 1 DAGs
[2024-12-09T05:15:54.311+0000] {logging_mixin.py:190} INFO - [2024-12-09T05:15:54.311+0000] {dag.py:4180} INFO - Setting next_dagrun for example_display_name to None, run_after=None
[2024-12-09T05:15:54.321+0000] {processor.py:208} INFO - Processing /home/airflow/.local/lib/python3.12/site-packages/airflow/example_dags/example_display_name.py took 0.037 seconds
[2024-12-09T05:16:24.897+0000] {processor.py:186} INFO - Started process (PID=1002) to work on /home/airflow/.local/lib/python3.12/site-packages/airflow/example_dags/example_display_name.py
[2024-12-09T05:16:24.897+0000] {processor.py:914} INFO - Processing file /home/airflow/.local/lib/python3.12/site-packages/airflow/example_dags/example_display_name.py for tasks to queue
[2024-12-09T05:16:24.899+0000] {logging_mixin.py:190} INFO - [2024-12-09T05:16:24.898+0000] {dagbag.py:588} INFO - Filling up the DagBag from /home/airflow/.local/lib/python3.12/site-packages/airflow/example_dags/example_display_name.py
[2024-12-09T05:16:24.903+0000] {processor.py:925} INFO - DAG(s) 'example_display_name' retrieved from /home/airflow/.local/lib/python3.12/site-packages/airflow/example_dags/example_display_name.py
[2024-12-09T05:16:24.913+0000] {logging_mixin.py:190} INFO - [2024-12-09T05:16:24.913+0000] {dag.py:3239} INFO - Sync 1 DAGs
[2024-12-09T05:16:24.921+0000] {logging_mixin.py:190} INFO - [2024-12-09T05:16:24.921+0000] {dag.py:4180} INFO - Setting next_dagrun for example_display_name to None, run_after=None
[2024-12-09T05:16:24.930+0000] {processor.py:208} INFO - Processing /home/airflow/.local/lib/python3.12/site-packages/airflow/example_dags/example_display_name.py took 0.037 seconds
[2024-12-09T05:16:55.705+0000] {processor.py:186} INFO - Started process (PID=1065) to work on /home/airflow/.local/lib/python3.12/site-packages/airflow/example_dags/example_display_name.py
[2024-12-09T05:16:55.706+0000] {processor.py:914} INFO - Processing file /home/airflow/.local/lib/python3.12/site-packages/airflow/example_dags/example_display_name.py for tasks to queue
[2024-12-09T05:16:55.708+0000] {logging_mixin.py:190} INFO - [2024-12-09T05:16:55.707+0000] {dagbag.py:588} INFO - Filling up the DagBag from /home/airflow/.local/lib/python3.12/site-packages/airflow/example_dags/example_display_name.py
[2024-12-09T05:16:55.712+0000] {processor.py:925} INFO - DAG(s) 'example_display_name' retrieved from /home/airflow/.local/lib/python3.12/site-packages/airflow/example_dags/example_display_name.py
[2024-12-09T05:16:55.723+0000] {logging_mixin.py:190} INFO - [2024-12-09T05:16:55.722+0000] {dag.py:3239} INFO - Sync 1 DAGs
[2024-12-09T05:16:55.731+0000] {logging_mixin.py:190} INFO - [2024-12-09T05:16:55.730+0000] {dag.py:4180} INFO - Setting next_dagrun for example_display_name to None, run_after=None
[2024-12-09T05:16:55.741+0000] {processor.py:208} INFO - Processing /home/airflow/.local/lib/python3.12/site-packages/airflow/example_dags/example_display_name.py took 0.040 seconds
