[2024-12-09T05:09:15.500+0000] {processor.py:186} INFO - Started process (PID=113) to work on /home/airflow/.local/lib/python3.12/site-packages/airflow/example_dags/example_inlet_event_extra.py
[2024-12-09T05:09:15.501+0000] {processor.py:914} INFO - Processing file /home/airflow/.local/lib/python3.12/site-packages/airflow/example_dags/example_inlet_event_extra.py for tasks to queue
[2024-12-09T05:09:15.503+0000] {logging_mixin.py:190} INFO - [2024-12-09T05:09:15.502+0000] {dagbag.py:588} INFO - Filling up the DagBag from /home/airflow/.local/lib/python3.12/site-packages/airflow/example_dags/example_inlet_event_extra.py
[2024-12-09T05:09:15.831+0000] {processor.py:925} INFO - DAG(s) 'read_dataset_event_from_classic', 'read_dataset_event' retrieved from /home/airflow/.local/lib/python3.12/site-packages/airflow/example_dags/example_inlet_event_extra.py
[2024-12-09T05:09:15.846+0000] {logging_mixin.py:190} INFO - [2024-12-09T05:09:15.846+0000] {dag.py:3239} INFO - Sync 2 DAGs
[2024-12-09T05:09:15.858+0000] {logging_mixin.py:190} INFO - [2024-12-09T05:09:15.858+0000] {dag.py:4180} INFO - Setting next_dagrun for read_dataset_event to 2024-12-08 00:00:00+00:00, run_after=2024-12-09 00:00:00+00:00
[2024-12-09T05:09:15.866+0000] {logging_mixin.py:190} INFO - [2024-12-09T05:09:15.866+0000] {dag.py:4180} INFO - Setting next_dagrun for read_dataset_event_from_classic to 2024-12-08 00:00:00+00:00, run_after=2024-12-09 00:00:00+00:00
[2024-12-09T05:09:15.876+0000] {processor.py:208} INFO - Processing /home/airflow/.local/lib/python3.12/site-packages/airflow/example_dags/example_inlet_event_extra.py took 0.379 seconds
[2024-12-09T05:09:46.360+0000] {processor.py:186} INFO - Started process (PID=176) to work on /home/airflow/.local/lib/python3.12/site-packages/airflow/example_dags/example_inlet_event_extra.py
[2024-12-09T05:09:46.361+0000] {processor.py:914} INFO - Processing file /home/airflow/.local/lib/python3.12/site-packages/airflow/example_dags/example_inlet_event_extra.py for tasks to queue
[2024-12-09T05:09:46.362+0000] {logging_mixin.py:190} INFO - [2024-12-09T05:09:46.362+0000] {dagbag.py:588} INFO - Filling up the DagBag from /home/airflow/.local/lib/python3.12/site-packages/airflow/example_dags/example_inlet_event_extra.py
[2024-12-09T05:09:46.650+0000] {processor.py:925} INFO - DAG(s) 'read_dataset_event', 'read_dataset_event_from_classic' retrieved from /home/airflow/.local/lib/python3.12/site-packages/airflow/example_dags/example_inlet_event_extra.py
[2024-12-09T05:09:46.660+0000] {logging_mixin.py:190} INFO - [2024-12-09T05:09:46.660+0000] {dag.py:3239} INFO - Sync 2 DAGs
[2024-12-09T05:09:46.672+0000] {logging_mixin.py:190} INFO - [2024-12-09T05:09:46.672+0000] {dag.py:4180} INFO - Setting next_dagrun for read_dataset_event to 2024-12-08 00:00:00+00:00, run_after=2024-12-09 00:00:00+00:00
[2024-12-09T05:09:46.677+0000] {logging_mixin.py:190} INFO - [2024-12-09T05:09:46.677+0000] {dag.py:4180} INFO - Setting next_dagrun for read_dataset_event_from_classic to 2024-12-08 00:00:00+00:00, run_after=2024-12-09 00:00:00+00:00
[2024-12-09T05:09:46.684+0000] {processor.py:208} INFO - Processing /home/airflow/.local/lib/python3.12/site-packages/airflow/example_dags/example_inlet_event_extra.py took 0.327 seconds
[2024-12-09T05:10:17.033+0000] {processor.py:186} INFO - Started process (PID=241) to work on /home/airflow/.local/lib/python3.12/site-packages/airflow/example_dags/example_inlet_event_extra.py
[2024-12-09T05:10:17.034+0000] {processor.py:914} INFO - Processing file /home/airflow/.local/lib/python3.12/site-packages/airflow/example_dags/example_inlet_event_extra.py for tasks to queue
[2024-12-09T05:10:17.035+0000] {logging_mixin.py:190} INFO - [2024-12-09T05:10:17.035+0000] {dagbag.py:588} INFO - Filling up the DagBag from /home/airflow/.local/lib/python3.12/site-packages/airflow/example_dags/example_inlet_event_extra.py
[2024-12-09T05:10:17.350+0000] {processor.py:925} INFO - DAG(s) 'read_dataset_event', 'read_dataset_event_from_classic' retrieved from /home/airflow/.local/lib/python3.12/site-packages/airflow/example_dags/example_inlet_event_extra.py
[2024-12-09T05:10:17.362+0000] {logging_mixin.py:190} INFO - [2024-12-09T05:10:17.361+0000] {dag.py:3239} INFO - Sync 2 DAGs
[2024-12-09T05:10:17.376+0000] {logging_mixin.py:190} INFO - [2024-12-09T05:10:17.376+0000] {dag.py:4180} INFO - Setting next_dagrun for read_dataset_event to 2024-12-08 00:00:00+00:00, run_after=2024-12-09 00:00:00+00:00
[2024-12-09T05:10:17.379+0000] {logging_mixin.py:190} INFO - [2024-12-09T05:10:17.378+0000] {dag.py:4180} INFO - Setting next_dagrun for read_dataset_event_from_classic to 2024-12-08 00:00:00+00:00, run_after=2024-12-09 00:00:00+00:00
[2024-12-09T05:10:17.387+0000] {processor.py:208} INFO - Processing /home/airflow/.local/lib/python3.12/site-packages/airflow/example_dags/example_inlet_event_extra.py took 0.358 seconds
[2024-12-09T05:10:47.830+0000] {processor.py:186} INFO - Started process (PID=307) to work on /home/airflow/.local/lib/python3.12/site-packages/airflow/example_dags/example_inlet_event_extra.py
[2024-12-09T05:10:47.831+0000] {processor.py:914} INFO - Processing file /home/airflow/.local/lib/python3.12/site-packages/airflow/example_dags/example_inlet_event_extra.py for tasks to queue
[2024-12-09T05:10:47.833+0000] {logging_mixin.py:190} INFO - [2024-12-09T05:10:47.832+0000] {dagbag.py:588} INFO - Filling up the DagBag from /home/airflow/.local/lib/python3.12/site-packages/airflow/example_dags/example_inlet_event_extra.py
[2024-12-09T05:10:48.130+0000] {processor.py:925} INFO - DAG(s) 'read_dataset_event', 'read_dataset_event_from_classic' retrieved from /home/airflow/.local/lib/python3.12/site-packages/airflow/example_dags/example_inlet_event_extra.py
[2024-12-09T05:10:48.139+0000] {logging_mixin.py:190} INFO - [2024-12-09T05:10:48.139+0000] {dag.py:3239} INFO - Sync 2 DAGs
[2024-12-09T05:10:48.153+0000] {logging_mixin.py:190} INFO - [2024-12-09T05:10:48.152+0000] {dag.py:4180} INFO - Setting next_dagrun for read_dataset_event to 2024-12-08 00:00:00+00:00, run_after=2024-12-09 00:00:00+00:00
[2024-12-09T05:10:48.155+0000] {logging_mixin.py:190} INFO - [2024-12-09T05:10:48.155+0000] {dag.py:4180} INFO - Setting next_dagrun for read_dataset_event_from_classic to 2024-12-08 00:00:00+00:00, run_after=2024-12-09 00:00:00+00:00
[2024-12-09T05:10:48.163+0000] {processor.py:208} INFO - Processing /home/airflow/.local/lib/python3.12/site-packages/airflow/example_dags/example_inlet_event_extra.py took 0.336 seconds
[2024-12-09T05:11:18.376+0000] {processor.py:186} INFO - Started process (PID=369) to work on /home/airflow/.local/lib/python3.12/site-packages/airflow/example_dags/example_inlet_event_extra.py
[2024-12-09T05:11:18.377+0000] {processor.py:914} INFO - Processing file /home/airflow/.local/lib/python3.12/site-packages/airflow/example_dags/example_inlet_event_extra.py for tasks to queue
[2024-12-09T05:11:18.378+0000] {logging_mixin.py:190} INFO - [2024-12-09T05:11:18.378+0000] {dagbag.py:588} INFO - Filling up the DagBag from /home/airflow/.local/lib/python3.12/site-packages/airflow/example_dags/example_inlet_event_extra.py
[2024-12-09T05:11:18.677+0000] {processor.py:925} INFO - DAG(s) 'read_dataset_event_from_classic', 'read_dataset_event' retrieved from /home/airflow/.local/lib/python3.12/site-packages/airflow/example_dags/example_inlet_event_extra.py
[2024-12-09T05:11:18.688+0000] {logging_mixin.py:190} INFO - [2024-12-09T05:11:18.688+0000] {dag.py:3239} INFO - Sync 2 DAGs
[2024-12-09T05:11:18.702+0000] {logging_mixin.py:190} INFO - [2024-12-09T05:11:18.702+0000] {dag.py:4180} INFO - Setting next_dagrun for read_dataset_event to 2024-12-08 00:00:00+00:00, run_after=2024-12-09 00:00:00+00:00
[2024-12-09T05:11:18.704+0000] {logging_mixin.py:190} INFO - [2024-12-09T05:11:18.704+0000] {dag.py:4180} INFO - Setting next_dagrun for read_dataset_event_from_classic to 2024-12-08 00:00:00+00:00, run_after=2024-12-09 00:00:00+00:00
[2024-12-09T05:11:18.714+0000] {processor.py:208} INFO - Processing /home/airflow/.local/lib/python3.12/site-packages/airflow/example_dags/example_inlet_event_extra.py took 0.341 seconds
[2024-12-09T05:11:49.087+0000] {processor.py:186} INFO - Started process (PID=432) to work on /home/airflow/.local/lib/python3.12/site-packages/airflow/example_dags/example_inlet_event_extra.py
[2024-12-09T05:11:49.087+0000] {processor.py:914} INFO - Processing file /home/airflow/.local/lib/python3.12/site-packages/airflow/example_dags/example_inlet_event_extra.py for tasks to queue
[2024-12-09T05:11:49.088+0000] {logging_mixin.py:190} INFO - [2024-12-09T05:11:49.088+0000] {dagbag.py:588} INFO - Filling up the DagBag from /home/airflow/.local/lib/python3.12/site-packages/airflow/example_dags/example_inlet_event_extra.py
[2024-12-09T05:11:49.421+0000] {processor.py:925} INFO - DAG(s) 'read_dataset_event', 'read_dataset_event_from_classic' retrieved from /home/airflow/.local/lib/python3.12/site-packages/airflow/example_dags/example_inlet_event_extra.py
[2024-12-09T05:11:49.432+0000] {logging_mixin.py:190} INFO - [2024-12-09T05:11:49.432+0000] {dag.py:3239} INFO - Sync 2 DAGs
[2024-12-09T05:11:49.446+0000] {logging_mixin.py:190} INFO - [2024-12-09T05:11:49.446+0000] {dag.py:4180} INFO - Setting next_dagrun for read_dataset_event to 2024-12-08 00:00:00+00:00, run_after=2024-12-09 00:00:00+00:00
[2024-12-09T05:11:49.449+0000] {logging_mixin.py:190} INFO - [2024-12-09T05:11:49.448+0000] {dag.py:4180} INFO - Setting next_dagrun for read_dataset_event_from_classic to 2024-12-08 00:00:00+00:00, run_after=2024-12-09 00:00:00+00:00
[2024-12-09T05:11:49.459+0000] {processor.py:208} INFO - Processing /home/airflow/.local/lib/python3.12/site-packages/airflow/example_dags/example_inlet_event_extra.py took 0.376 seconds
[2024-12-09T05:12:19.804+0000] {processor.py:186} INFO - Started process (PID=497) to work on /home/airflow/.local/lib/python3.12/site-packages/airflow/example_dags/example_inlet_event_extra.py
[2024-12-09T05:12:19.804+0000] {processor.py:914} INFO - Processing file /home/airflow/.local/lib/python3.12/site-packages/airflow/example_dags/example_inlet_event_extra.py for tasks to queue
[2024-12-09T05:12:19.806+0000] {logging_mixin.py:190} INFO - [2024-12-09T05:12:19.805+0000] {dagbag.py:588} INFO - Filling up the DagBag from /home/airflow/.local/lib/python3.12/site-packages/airflow/example_dags/example_inlet_event_extra.py
[2024-12-09T05:12:20.117+0000] {processor.py:925} INFO - DAG(s) 'read_dataset_event', 'read_dataset_event_from_classic' retrieved from /home/airflow/.local/lib/python3.12/site-packages/airflow/example_dags/example_inlet_event_extra.py
[2024-12-09T05:12:20.127+0000] {logging_mixin.py:190} INFO - [2024-12-09T05:12:20.127+0000] {dag.py:3239} INFO - Sync 2 DAGs
[2024-12-09T05:12:20.140+0000] {logging_mixin.py:190} INFO - [2024-12-09T05:12:20.140+0000] {dag.py:4180} INFO - Setting next_dagrun for read_dataset_event to 2024-12-08 00:00:00+00:00, run_after=2024-12-09 00:00:00+00:00
[2024-12-09T05:12:20.145+0000] {logging_mixin.py:190} INFO - [2024-12-09T05:12:20.144+0000] {dag.py:4180} INFO - Setting next_dagrun for read_dataset_event_from_classic to 2024-12-08 00:00:00+00:00, run_after=2024-12-09 00:00:00+00:00
[2024-12-09T05:12:20.154+0000] {processor.py:208} INFO - Processing /home/airflow/.local/lib/python3.12/site-packages/airflow/example_dags/example_inlet_event_extra.py took 0.353 seconds
[2024-12-09T05:12:50.258+0000] {processor.py:186} INFO - Started process (PID=558) to work on /home/airflow/.local/lib/python3.12/site-packages/airflow/example_dags/example_inlet_event_extra.py
[2024-12-09T05:12:50.259+0000] {processor.py:914} INFO - Processing file /home/airflow/.local/lib/python3.12/site-packages/airflow/example_dags/example_inlet_event_extra.py for tasks to queue
[2024-12-09T05:12:50.260+0000] {logging_mixin.py:190} INFO - [2024-12-09T05:12:50.260+0000] {dagbag.py:588} INFO - Filling up the DagBag from /home/airflow/.local/lib/python3.12/site-packages/airflow/example_dags/example_inlet_event_extra.py
[2024-12-09T05:12:50.621+0000] {processor.py:925} INFO - DAG(s) 'read_dataset_event_from_classic', 'read_dataset_event' retrieved from /home/airflow/.local/lib/python3.12/site-packages/airflow/example_dags/example_inlet_event_extra.py
[2024-12-09T05:12:50.633+0000] {logging_mixin.py:190} INFO - [2024-12-09T05:12:50.633+0000] {dag.py:3239} INFO - Sync 2 DAGs
[2024-12-09T05:12:50.647+0000] {logging_mixin.py:190} INFO - [2024-12-09T05:12:50.647+0000] {dag.py:4180} INFO - Setting next_dagrun for read_dataset_event to 2024-12-08 00:00:00+00:00, run_after=2024-12-09 00:00:00+00:00
[2024-12-09T05:12:50.651+0000] {logging_mixin.py:190} INFO - [2024-12-09T05:12:50.651+0000] {dag.py:4180} INFO - Setting next_dagrun for read_dataset_event_from_classic to 2024-12-08 00:00:00+00:00, run_after=2024-12-09 00:00:00+00:00
[2024-12-09T05:12:50.661+0000] {processor.py:208} INFO - Processing /home/airflow/.local/lib/python3.12/site-packages/airflow/example_dags/example_inlet_event_extra.py took 0.406 seconds
[2024-12-09T05:13:20.964+0000] {processor.py:186} INFO - Started process (PID=622) to work on /home/airflow/.local/lib/python3.12/site-packages/airflow/example_dags/example_inlet_event_extra.py
[2024-12-09T05:13:20.965+0000] {processor.py:914} INFO - Processing file /home/airflow/.local/lib/python3.12/site-packages/airflow/example_dags/example_inlet_event_extra.py for tasks to queue
[2024-12-09T05:13:20.966+0000] {logging_mixin.py:190} INFO - [2024-12-09T05:13:20.966+0000] {dagbag.py:588} INFO - Filling up the DagBag from /home/airflow/.local/lib/python3.12/site-packages/airflow/example_dags/example_inlet_event_extra.py
[2024-12-09T05:13:21.287+0000] {processor.py:925} INFO - DAG(s) 'read_dataset_event', 'read_dataset_event_from_classic' retrieved from /home/airflow/.local/lib/python3.12/site-packages/airflow/example_dags/example_inlet_event_extra.py
[2024-12-09T05:13:21.299+0000] {logging_mixin.py:190} INFO - [2024-12-09T05:13:21.299+0000] {dag.py:3239} INFO - Sync 2 DAGs
[2024-12-09T05:13:21.313+0000] {logging_mixin.py:190} INFO - [2024-12-09T05:13:21.312+0000] {dag.py:4180} INFO - Setting next_dagrun for read_dataset_event to 2024-12-08 00:00:00+00:00, run_after=2024-12-09 00:00:00+00:00
[2024-12-09T05:13:21.316+0000] {logging_mixin.py:190} INFO - [2024-12-09T05:13:21.316+0000] {dag.py:4180} INFO - Setting next_dagrun for read_dataset_event_from_classic to 2024-12-08 00:00:00+00:00, run_after=2024-12-09 00:00:00+00:00
[2024-12-09T05:13:21.326+0000] {processor.py:208} INFO - Processing /home/airflow/.local/lib/python3.12/site-packages/airflow/example_dags/example_inlet_event_extra.py took 0.365 seconds
[2024-12-09T05:13:51.668+0000] {processor.py:186} INFO - Started process (PID=685) to work on /home/airflow/.local/lib/python3.12/site-packages/airflow/example_dags/example_inlet_event_extra.py
[2024-12-09T05:13:51.669+0000] {processor.py:914} INFO - Processing file /home/airflow/.local/lib/python3.12/site-packages/airflow/example_dags/example_inlet_event_extra.py for tasks to queue
[2024-12-09T05:13:51.670+0000] {logging_mixin.py:190} INFO - [2024-12-09T05:13:51.670+0000] {dagbag.py:588} INFO - Filling up the DagBag from /home/airflow/.local/lib/python3.12/site-packages/airflow/example_dags/example_inlet_event_extra.py
[2024-12-09T05:13:51.990+0000] {processor.py:925} INFO - DAG(s) 'read_dataset_event', 'read_dataset_event_from_classic' retrieved from /home/airflow/.local/lib/python3.12/site-packages/airflow/example_dags/example_inlet_event_extra.py
[2024-12-09T05:13:52.001+0000] {logging_mixin.py:190} INFO - [2024-12-09T05:13:52.001+0000] {dag.py:3239} INFO - Sync 2 DAGs
[2024-12-09T05:13:52.014+0000] {logging_mixin.py:190} INFO - [2024-12-09T05:13:52.013+0000] {dag.py:4180} INFO - Setting next_dagrun for read_dataset_event to 2024-12-08 00:00:00+00:00, run_after=2024-12-09 00:00:00+00:00
[2024-12-09T05:13:52.017+0000] {logging_mixin.py:190} INFO - [2024-12-09T05:13:52.017+0000] {dag.py:4180} INFO - Setting next_dagrun for read_dataset_event_from_classic to 2024-12-08 00:00:00+00:00, run_after=2024-12-09 00:00:00+00:00
[2024-12-09T05:13:52.026+0000] {processor.py:208} INFO - Processing /home/airflow/.local/lib/python3.12/site-packages/airflow/example_dags/example_inlet_event_extra.py took 0.361 seconds
[2024-12-09T05:14:22.222+0000] {processor.py:186} INFO - Started process (PID=748) to work on /home/airflow/.local/lib/python3.12/site-packages/airflow/example_dags/example_inlet_event_extra.py
[2024-12-09T05:14:22.222+0000] {processor.py:914} INFO - Processing file /home/airflow/.local/lib/python3.12/site-packages/airflow/example_dags/example_inlet_event_extra.py for tasks to queue
[2024-12-09T05:14:22.224+0000] {logging_mixin.py:190} INFO - [2024-12-09T05:14:22.224+0000] {dagbag.py:588} INFO - Filling up the DagBag from /home/airflow/.local/lib/python3.12/site-packages/airflow/example_dags/example_inlet_event_extra.py
[2024-12-09T05:14:22.532+0000] {processor.py:925} INFO - DAG(s) 'read_dataset_event_from_classic', 'read_dataset_event' retrieved from /home/airflow/.local/lib/python3.12/site-packages/airflow/example_dags/example_inlet_event_extra.py
[2024-12-09T05:14:22.544+0000] {logging_mixin.py:190} INFO - [2024-12-09T05:14:22.544+0000] {dag.py:3239} INFO - Sync 2 DAGs
[2024-12-09T05:14:22.557+0000] {logging_mixin.py:190} INFO - [2024-12-09T05:14:22.557+0000] {dag.py:4180} INFO - Setting next_dagrun for read_dataset_event to 2024-12-08 00:00:00+00:00, run_after=2024-12-09 00:00:00+00:00
[2024-12-09T05:14:22.559+0000] {logging_mixin.py:190} INFO - [2024-12-09T05:14:22.559+0000] {dag.py:4180} INFO - Setting next_dagrun for read_dataset_event_from_classic to 2024-12-08 00:00:00+00:00, run_after=2024-12-09 00:00:00+00:00
[2024-12-09T05:14:22.568+0000] {processor.py:208} INFO - Processing /home/airflow/.local/lib/python3.12/site-packages/airflow/example_dags/example_inlet_event_extra.py took 0.349 seconds
[2024-12-09T05:14:52.777+0000] {processor.py:186} INFO - Started process (PID=811) to work on /home/airflow/.local/lib/python3.12/site-packages/airflow/example_dags/example_inlet_event_extra.py
[2024-12-09T05:14:52.778+0000] {processor.py:914} INFO - Processing file /home/airflow/.local/lib/python3.12/site-packages/airflow/example_dags/example_inlet_event_extra.py for tasks to queue
[2024-12-09T05:14:52.779+0000] {logging_mixin.py:190} INFO - [2024-12-09T05:14:52.779+0000] {dagbag.py:588} INFO - Filling up the DagBag from /home/airflow/.local/lib/python3.12/site-packages/airflow/example_dags/example_inlet_event_extra.py
[2024-12-09T05:14:53.104+0000] {processor.py:925} INFO - DAG(s) 'read_dataset_event', 'read_dataset_event_from_classic' retrieved from /home/airflow/.local/lib/python3.12/site-packages/airflow/example_dags/example_inlet_event_extra.py
[2024-12-09T05:14:53.114+0000] {logging_mixin.py:190} INFO - [2024-12-09T05:14:53.113+0000] {dag.py:3239} INFO - Sync 2 DAGs
[2024-12-09T05:14:53.127+0000] {logging_mixin.py:190} INFO - [2024-12-09T05:14:53.127+0000] {dag.py:4180} INFO - Setting next_dagrun for read_dataset_event to 2024-12-08 00:00:00+00:00, run_after=2024-12-09 00:00:00+00:00
[2024-12-09T05:14:53.130+0000] {logging_mixin.py:190} INFO - [2024-12-09T05:14:53.130+0000] {dag.py:4180} INFO - Setting next_dagrun for read_dataset_event_from_classic to 2024-12-08 00:00:00+00:00, run_after=2024-12-09 00:00:00+00:00
[2024-12-09T05:14:53.138+0000] {processor.py:208} INFO - Processing /home/airflow/.local/lib/python3.12/site-packages/airflow/example_dags/example_inlet_event_extra.py took 0.364 seconds
[2024-12-09T05:15:23.602+0000] {processor.py:186} INFO - Started process (PID=877) to work on /home/airflow/.local/lib/python3.12/site-packages/airflow/example_dags/example_inlet_event_extra.py
[2024-12-09T05:15:23.603+0000] {processor.py:914} INFO - Processing file /home/airflow/.local/lib/python3.12/site-packages/airflow/example_dags/example_inlet_event_extra.py for tasks to queue
[2024-12-09T05:15:23.604+0000] {logging_mixin.py:190} INFO - [2024-12-09T05:15:23.604+0000] {dagbag.py:588} INFO - Filling up the DagBag from /home/airflow/.local/lib/python3.12/site-packages/airflow/example_dags/example_inlet_event_extra.py
[2024-12-09T05:15:23.914+0000] {processor.py:925} INFO - DAG(s) 'read_dataset_event', 'read_dataset_event_from_classic' retrieved from /home/airflow/.local/lib/python3.12/site-packages/airflow/example_dags/example_inlet_event_extra.py
[2024-12-09T05:15:23.924+0000] {logging_mixin.py:190} INFO - [2024-12-09T05:15:23.924+0000] {dag.py:3239} INFO - Sync 2 DAGs
[2024-12-09T05:15:23.937+0000] {logging_mixin.py:190} INFO - [2024-12-09T05:15:23.937+0000] {dag.py:4180} INFO - Setting next_dagrun for read_dataset_event to 2024-12-08 00:00:00+00:00, run_after=2024-12-09 00:00:00+00:00
[2024-12-09T05:15:23.940+0000] {logging_mixin.py:190} INFO - [2024-12-09T05:15:23.940+0000] {dag.py:4180} INFO - Setting next_dagrun for read_dataset_event_from_classic to 2024-12-08 00:00:00+00:00, run_after=2024-12-09 00:00:00+00:00
[2024-12-09T05:15:23.949+0000] {processor.py:208} INFO - Processing /home/airflow/.local/lib/python3.12/site-packages/airflow/example_dags/example_inlet_event_extra.py took 0.350 seconds
[2024-12-09T05:15:54.337+0000] {processor.py:186} INFO - Started process (PID=941) to work on /home/airflow/.local/lib/python3.12/site-packages/airflow/example_dags/example_inlet_event_extra.py
[2024-12-09T05:15:54.338+0000] {processor.py:914} INFO - Processing file /home/airflow/.local/lib/python3.12/site-packages/airflow/example_dags/example_inlet_event_extra.py for tasks to queue
[2024-12-09T05:15:54.339+0000] {logging_mixin.py:190} INFO - [2024-12-09T05:15:54.339+0000] {dagbag.py:588} INFO - Filling up the DagBag from /home/airflow/.local/lib/python3.12/site-packages/airflow/example_dags/example_inlet_event_extra.py
[2024-12-09T05:15:54.645+0000] {processor.py:925} INFO - DAG(s) 'read_dataset_event', 'read_dataset_event_from_classic' retrieved from /home/airflow/.local/lib/python3.12/site-packages/airflow/example_dags/example_inlet_event_extra.py
[2024-12-09T05:15:54.656+0000] {logging_mixin.py:190} INFO - [2024-12-09T05:15:54.655+0000] {dag.py:3239} INFO - Sync 2 DAGs
[2024-12-09T05:15:54.669+0000] {logging_mixin.py:190} INFO - [2024-12-09T05:15:54.669+0000] {dag.py:4180} INFO - Setting next_dagrun for read_dataset_event to 2024-12-08 00:00:00+00:00, run_after=2024-12-09 00:00:00+00:00
[2024-12-09T05:15:54.671+0000] {logging_mixin.py:190} INFO - [2024-12-09T05:15:54.671+0000] {dag.py:4180} INFO - Setting next_dagrun for read_dataset_event_from_classic to 2024-12-08 00:00:00+00:00, run_after=2024-12-09 00:00:00+00:00
[2024-12-09T05:15:54.680+0000] {processor.py:208} INFO - Processing /home/airflow/.local/lib/python3.12/site-packages/airflow/example_dags/example_inlet_event_extra.py took 0.346 seconds
[2024-12-09T05:16:25.083+0000] {processor.py:186} INFO - Started process (PID=1009) to work on /home/airflow/.local/lib/python3.12/site-packages/airflow/example_dags/example_inlet_event_extra.py
[2024-12-09T05:16:25.083+0000] {processor.py:914} INFO - Processing file /home/airflow/.local/lib/python3.12/site-packages/airflow/example_dags/example_inlet_event_extra.py for tasks to queue
[2024-12-09T05:16:25.085+0000] {logging_mixin.py:190} INFO - [2024-12-09T05:16:25.084+0000] {dagbag.py:588} INFO - Filling up the DagBag from /home/airflow/.local/lib/python3.12/site-packages/airflow/example_dags/example_inlet_event_extra.py
[2024-12-09T05:16:25.394+0000] {processor.py:925} INFO - DAG(s) 'read_dataset_event_from_classic', 'read_dataset_event' retrieved from /home/airflow/.local/lib/python3.12/site-packages/airflow/example_dags/example_inlet_event_extra.py
[2024-12-09T05:16:25.404+0000] {logging_mixin.py:190} INFO - [2024-12-09T05:16:25.404+0000] {dag.py:3239} INFO - Sync 2 DAGs
[2024-12-09T05:16:25.418+0000] {logging_mixin.py:190} INFO - [2024-12-09T05:16:25.418+0000] {dag.py:4180} INFO - Setting next_dagrun for read_dataset_event to 2024-12-08 00:00:00+00:00, run_after=2024-12-09 00:00:00+00:00
[2024-12-09T05:16:25.421+0000] {logging_mixin.py:190} INFO - [2024-12-09T05:16:25.421+0000] {dag.py:4180} INFO - Setting next_dagrun for read_dataset_event_from_classic to 2024-12-08 00:00:00+00:00, run_after=2024-12-09 00:00:00+00:00
[2024-12-09T05:16:25.429+0000] {processor.py:208} INFO - Processing /home/airflow/.local/lib/python3.12/site-packages/airflow/example_dags/example_inlet_event_extra.py took 0.350 seconds
[2024-12-09T05:16:55.894+0000] {processor.py:186} INFO - Started process (PID=1071) to work on /home/airflow/.local/lib/python3.12/site-packages/airflow/example_dags/example_inlet_event_extra.py
[2024-12-09T05:16:55.895+0000] {processor.py:914} INFO - Processing file /home/airflow/.local/lib/python3.12/site-packages/airflow/example_dags/example_inlet_event_extra.py for tasks to queue
[2024-12-09T05:16:55.896+0000] {logging_mixin.py:190} INFO - [2024-12-09T05:16:55.896+0000] {dagbag.py:588} INFO - Filling up the DagBag from /home/airflow/.local/lib/python3.12/site-packages/airflow/example_dags/example_inlet_event_extra.py
[2024-12-09T05:16:56.208+0000] {processor.py:925} INFO - DAG(s) 'read_dataset_event', 'read_dataset_event_from_classic' retrieved from /home/airflow/.local/lib/python3.12/site-packages/airflow/example_dags/example_inlet_event_extra.py
[2024-12-09T05:16:56.218+0000] {logging_mixin.py:190} INFO - [2024-12-09T05:16:56.218+0000] {dag.py:3239} INFO - Sync 2 DAGs
[2024-12-09T05:16:56.232+0000] {logging_mixin.py:190} INFO - [2024-12-09T05:16:56.232+0000] {dag.py:4180} INFO - Setting next_dagrun for read_dataset_event to 2024-12-08 00:00:00+00:00, run_after=2024-12-09 00:00:00+00:00
[2024-12-09T05:16:56.234+0000] {logging_mixin.py:190} INFO - [2024-12-09T05:16:56.234+0000] {dag.py:4180} INFO - Setting next_dagrun for read_dataset_event_from_classic to 2024-12-08 00:00:00+00:00, run_after=2024-12-09 00:00:00+00:00
[2024-12-09T05:16:56.242+0000] {processor.py:208} INFO - Processing /home/airflow/.local/lib/python3.12/site-packages/airflow/example_dags/example_inlet_event_extra.py took 0.352 seconds
