[2024-12-09T05:09:14.910+0000] {processor.py:186} INFO - Started process (PID=111) to work on /home/airflow/.local/lib/python3.12/site-packages/airflow/example_dags/example_nested_branch_dag.py
[2024-12-09T05:09:14.910+0000] {processor.py:914} INFO - Processing file /home/airflow/.local/lib/python3.12/site-packages/airflow/example_dags/example_nested_branch_dag.py for tasks to queue
[2024-12-09T05:09:14.911+0000] {logging_mixin.py:190} INFO - [2024-12-09T05:09:14.911+0000] {dagbag.py:588} INFO - Filling up the DagBag from /home/airflow/.local/lib/python3.12/site-packages/airflow/example_dags/example_nested_branch_dag.py
[2024-12-09T05:09:14.919+0000] {processor.py:925} INFO - DAG(s) 'example_nested_branch_dag' retrieved from /home/airflow/.local/lib/python3.12/site-packages/airflow/example_dags/example_nested_branch_dag.py
[2024-12-09T05:09:14.933+0000] {logging_mixin.py:190} INFO - [2024-12-09T05:09:14.933+0000] {dag.py:3239} INFO - Sync 1 DAGs
[2024-12-09T05:09:14.946+0000] {logging_mixin.py:190} INFO - [2024-12-09T05:09:14.946+0000] {dag.py:4180} INFO - Setting next_dagrun for example_nested_branch_dag to 2024-12-08 00:00:00+00:00, run_after=2024-12-09 00:00:00+00:00
[2024-12-09T05:09:14.956+0000] {processor.py:208} INFO - Processing /home/airflow/.local/lib/python3.12/site-packages/airflow/example_dags/example_nested_branch_dag.py took 0.050 seconds
[2024-12-09T05:09:44.976+0000] {processor.py:186} INFO - Started process (PID=173) to work on /home/airflow/.local/lib/python3.12/site-packages/airflow/example_dags/example_nested_branch_dag.py
[2024-12-09T05:09:44.976+0000] {processor.py:914} INFO - Processing file /home/airflow/.local/lib/python3.12/site-packages/airflow/example_dags/example_nested_branch_dag.py for tasks to queue
[2024-12-09T05:09:44.978+0000] {logging_mixin.py:190} INFO - [2024-12-09T05:09:44.978+0000] {dagbag.py:588} INFO - Filling up the DagBag from /home/airflow/.local/lib/python3.12/site-packages/airflow/example_dags/example_nested_branch_dag.py
[2024-12-09T05:09:44.984+0000] {processor.py:925} INFO - DAG(s) 'example_nested_branch_dag' retrieved from /home/airflow/.local/lib/python3.12/site-packages/airflow/example_dags/example_nested_branch_dag.py
[2024-12-09T05:09:44.995+0000] {logging_mixin.py:190} INFO - [2024-12-09T05:09:44.995+0000] {dag.py:3239} INFO - Sync 1 DAGs
[2024-12-09T05:09:45.007+0000] {logging_mixin.py:190} INFO - [2024-12-09T05:09:45.007+0000] {dag.py:4180} INFO - Setting next_dagrun for example_nested_branch_dag to 2024-12-08 00:00:00+00:00, run_after=2024-12-09 00:00:00+00:00
[2024-12-09T05:09:45.016+0000] {processor.py:208} INFO - Processing /home/airflow/.local/lib/python3.12/site-packages/airflow/example_dags/example_nested_branch_dag.py took 0.043 seconds
[2024-12-09T05:10:15.565+0000] {processor.py:186} INFO - Started process (PID=236) to work on /home/airflow/.local/lib/python3.12/site-packages/airflow/example_dags/example_nested_branch_dag.py
[2024-12-09T05:10:15.565+0000] {processor.py:914} INFO - Processing file /home/airflow/.local/lib/python3.12/site-packages/airflow/example_dags/example_nested_branch_dag.py for tasks to queue
[2024-12-09T05:10:15.567+0000] {logging_mixin.py:190} INFO - [2024-12-09T05:10:15.567+0000] {dagbag.py:588} INFO - Filling up the DagBag from /home/airflow/.local/lib/python3.12/site-packages/airflow/example_dags/example_nested_branch_dag.py
[2024-12-09T05:10:15.573+0000] {processor.py:925} INFO - DAG(s) 'example_nested_branch_dag' retrieved from /home/airflow/.local/lib/python3.12/site-packages/airflow/example_dags/example_nested_branch_dag.py
[2024-12-09T05:10:15.583+0000] {logging_mixin.py:190} INFO - [2024-12-09T05:10:15.583+0000] {dag.py:3239} INFO - Sync 1 DAGs
[2024-12-09T05:10:15.595+0000] {logging_mixin.py:190} INFO - [2024-12-09T05:10:15.595+0000] {dag.py:4180} INFO - Setting next_dagrun for example_nested_branch_dag to 2024-12-08 00:00:00+00:00, run_after=2024-12-09 00:00:00+00:00
[2024-12-09T05:10:15.604+0000] {processor.py:208} INFO - Processing /home/airflow/.local/lib/python3.12/site-packages/airflow/example_dags/example_nested_branch_dag.py took 0.043 seconds
[2024-12-09T05:10:46.265+0000] {processor.py:186} INFO - Started process (PID=299) to work on /home/airflow/.local/lib/python3.12/site-packages/airflow/example_dags/example_nested_branch_dag.py
[2024-12-09T05:10:46.266+0000] {processor.py:914} INFO - Processing file /home/airflow/.local/lib/python3.12/site-packages/airflow/example_dags/example_nested_branch_dag.py for tasks to queue
[2024-12-09T05:10:46.268+0000] {logging_mixin.py:190} INFO - [2024-12-09T05:10:46.268+0000] {dagbag.py:588} INFO - Filling up the DagBag from /home/airflow/.local/lib/python3.12/site-packages/airflow/example_dags/example_nested_branch_dag.py
[2024-12-09T05:10:46.274+0000] {processor.py:925} INFO - DAG(s) 'example_nested_branch_dag' retrieved from /home/airflow/.local/lib/python3.12/site-packages/airflow/example_dags/example_nested_branch_dag.py
[2024-12-09T05:10:46.286+0000] {logging_mixin.py:190} INFO - [2024-12-09T05:10:46.286+0000] {dag.py:3239} INFO - Sync 1 DAGs
[2024-12-09T05:10:46.299+0000] {logging_mixin.py:190} INFO - [2024-12-09T05:10:46.299+0000] {dag.py:4180} INFO - Setting next_dagrun for example_nested_branch_dag to 2024-12-08 00:00:00+00:00, run_after=2024-12-09 00:00:00+00:00
[2024-12-09T05:10:46.308+0000] {processor.py:208} INFO - Processing /home/airflow/.local/lib/python3.12/site-packages/airflow/example_dags/example_nested_branch_dag.py took 0.046 seconds
[2024-12-09T05:11:16.839+0000] {processor.py:186} INFO - Started process (PID=362) to work on /home/airflow/.local/lib/python3.12/site-packages/airflow/example_dags/example_nested_branch_dag.py
[2024-12-09T05:11:16.840+0000] {processor.py:914} INFO - Processing file /home/airflow/.local/lib/python3.12/site-packages/airflow/example_dags/example_nested_branch_dag.py for tasks to queue
[2024-12-09T05:11:16.841+0000] {logging_mixin.py:190} INFO - [2024-12-09T05:11:16.841+0000] {dagbag.py:588} INFO - Filling up the DagBag from /home/airflow/.local/lib/python3.12/site-packages/airflow/example_dags/example_nested_branch_dag.py
[2024-12-09T05:11:16.847+0000] {processor.py:925} INFO - DAG(s) 'example_nested_branch_dag' retrieved from /home/airflow/.local/lib/python3.12/site-packages/airflow/example_dags/example_nested_branch_dag.py
[2024-12-09T05:11:16.860+0000] {logging_mixin.py:190} INFO - [2024-12-09T05:11:16.859+0000] {dag.py:3239} INFO - Sync 1 DAGs
[2024-12-09T05:11:16.874+0000] {logging_mixin.py:190} INFO - [2024-12-09T05:11:16.874+0000] {dag.py:4180} INFO - Setting next_dagrun for example_nested_branch_dag to 2024-12-08 00:00:00+00:00, run_after=2024-12-09 00:00:00+00:00
[2024-12-09T05:11:16.885+0000] {processor.py:208} INFO - Processing /home/airflow/.local/lib/python3.12/site-packages/airflow/example_dags/example_nested_branch_dag.py took 0.050 seconds
[2024-12-09T05:11:47.542+0000] {processor.py:186} INFO - Started process (PID=425) to work on /home/airflow/.local/lib/python3.12/site-packages/airflow/example_dags/example_nested_branch_dag.py
[2024-12-09T05:11:47.542+0000] {processor.py:914} INFO - Processing file /home/airflow/.local/lib/python3.12/site-packages/airflow/example_dags/example_nested_branch_dag.py for tasks to queue
[2024-12-09T05:11:47.544+0000] {logging_mixin.py:190} INFO - [2024-12-09T05:11:47.544+0000] {dagbag.py:588} INFO - Filling up the DagBag from /home/airflow/.local/lib/python3.12/site-packages/airflow/example_dags/example_nested_branch_dag.py
[2024-12-09T05:11:47.551+0000] {processor.py:925} INFO - DAG(s) 'example_nested_branch_dag' retrieved from /home/airflow/.local/lib/python3.12/site-packages/airflow/example_dags/example_nested_branch_dag.py
[2024-12-09T05:11:47.564+0000] {logging_mixin.py:190} INFO - [2024-12-09T05:11:47.564+0000] {dag.py:3239} INFO - Sync 1 DAGs
[2024-12-09T05:11:47.579+0000] {logging_mixin.py:190} INFO - [2024-12-09T05:11:47.579+0000] {dag.py:4180} INFO - Setting next_dagrun for example_nested_branch_dag to 2024-12-08 00:00:00+00:00, run_after=2024-12-09 00:00:00+00:00
[2024-12-09T05:11:47.589+0000] {processor.py:208} INFO - Processing /home/airflow/.local/lib/python3.12/site-packages/airflow/example_dags/example_nested_branch_dag.py took 0.051 seconds
[2024-12-09T05:12:18.226+0000] {processor.py:186} INFO - Started process (PID=488) to work on /home/airflow/.local/lib/python3.12/site-packages/airflow/example_dags/example_nested_branch_dag.py
[2024-12-09T05:12:18.227+0000] {processor.py:914} INFO - Processing file /home/airflow/.local/lib/python3.12/site-packages/airflow/example_dags/example_nested_branch_dag.py for tasks to queue
[2024-12-09T05:12:18.228+0000] {logging_mixin.py:190} INFO - [2024-12-09T05:12:18.228+0000] {dagbag.py:588} INFO - Filling up the DagBag from /home/airflow/.local/lib/python3.12/site-packages/airflow/example_dags/example_nested_branch_dag.py
[2024-12-09T05:12:18.235+0000] {processor.py:925} INFO - DAG(s) 'example_nested_branch_dag' retrieved from /home/airflow/.local/lib/python3.12/site-packages/airflow/example_dags/example_nested_branch_dag.py
[2024-12-09T05:12:18.247+0000] {logging_mixin.py:190} INFO - [2024-12-09T05:12:18.247+0000] {dag.py:3239} INFO - Sync 1 DAGs
[2024-12-09T05:12:18.261+0000] {logging_mixin.py:190} INFO - [2024-12-09T05:12:18.261+0000] {dag.py:4180} INFO - Setting next_dagrun for example_nested_branch_dag to 2024-12-08 00:00:00+00:00, run_after=2024-12-09 00:00:00+00:00
[2024-12-09T05:12:18.270+0000] {processor.py:208} INFO - Processing /home/airflow/.local/lib/python3.12/site-packages/airflow/example_dags/example_nested_branch_dag.py took 0.047 seconds
[2024-12-09T05:12:48.764+0000] {processor.py:186} INFO - Started process (PID=552) to work on /home/airflow/.local/lib/python3.12/site-packages/airflow/example_dags/example_nested_branch_dag.py
[2024-12-09T05:12:48.765+0000] {processor.py:914} INFO - Processing file /home/airflow/.local/lib/python3.12/site-packages/airflow/example_dags/example_nested_branch_dag.py for tasks to queue
[2024-12-09T05:12:48.767+0000] {logging_mixin.py:190} INFO - [2024-12-09T05:12:48.766+0000] {dagbag.py:588} INFO - Filling up the DagBag from /home/airflow/.local/lib/python3.12/site-packages/airflow/example_dags/example_nested_branch_dag.py
[2024-12-09T05:12:48.773+0000] {processor.py:925} INFO - DAG(s) 'example_nested_branch_dag' retrieved from /home/airflow/.local/lib/python3.12/site-packages/airflow/example_dags/example_nested_branch_dag.py
[2024-12-09T05:12:48.784+0000] {logging_mixin.py:190} INFO - [2024-12-09T05:12:48.784+0000] {dag.py:3239} INFO - Sync 1 DAGs
[2024-12-09T05:12:48.797+0000] {logging_mixin.py:190} INFO - [2024-12-09T05:12:48.797+0000] {dag.py:4180} INFO - Setting next_dagrun for example_nested_branch_dag to 2024-12-08 00:00:00+00:00, run_after=2024-12-09 00:00:00+00:00
[2024-12-09T05:12:48.807+0000] {processor.py:208} INFO - Processing /home/airflow/.local/lib/python3.12/site-packages/airflow/example_dags/example_nested_branch_dag.py took 0.046 seconds
[2024-12-09T05:13:19.424+0000] {processor.py:186} INFO - Started process (PID=615) to work on /home/airflow/.local/lib/python3.12/site-packages/airflow/example_dags/example_nested_branch_dag.py
[2024-12-09T05:13:19.424+0000] {processor.py:914} INFO - Processing file /home/airflow/.local/lib/python3.12/site-packages/airflow/example_dags/example_nested_branch_dag.py for tasks to queue
[2024-12-09T05:13:19.426+0000] {logging_mixin.py:190} INFO - [2024-12-09T05:13:19.425+0000] {dagbag.py:588} INFO - Filling up the DagBag from /home/airflow/.local/lib/python3.12/site-packages/airflow/example_dags/example_nested_branch_dag.py
[2024-12-09T05:13:19.432+0000] {processor.py:925} INFO - DAG(s) 'example_nested_branch_dag' retrieved from /home/airflow/.local/lib/python3.12/site-packages/airflow/example_dags/example_nested_branch_dag.py
[2024-12-09T05:13:19.444+0000] {logging_mixin.py:190} INFO - [2024-12-09T05:13:19.444+0000] {dag.py:3239} INFO - Sync 1 DAGs
[2024-12-09T05:13:19.457+0000] {logging_mixin.py:190} INFO - [2024-12-09T05:13:19.457+0000] {dag.py:4180} INFO - Setting next_dagrun for example_nested_branch_dag to 2024-12-08 00:00:00+00:00, run_after=2024-12-09 00:00:00+00:00
[2024-12-09T05:13:19.467+0000] {processor.py:208} INFO - Processing /home/airflow/.local/lib/python3.12/site-packages/airflow/example_dags/example_nested_branch_dag.py took 0.047 seconds
[2024-12-09T05:13:50.148+0000] {processor.py:186} INFO - Started process (PID=678) to work on /home/airflow/.local/lib/python3.12/site-packages/airflow/example_dags/example_nested_branch_dag.py
[2024-12-09T05:13:50.149+0000] {processor.py:914} INFO - Processing file /home/airflow/.local/lib/python3.12/site-packages/airflow/example_dags/example_nested_branch_dag.py for tasks to queue
[2024-12-09T05:13:50.150+0000] {logging_mixin.py:190} INFO - [2024-12-09T05:13:50.150+0000] {dagbag.py:588} INFO - Filling up the DagBag from /home/airflow/.local/lib/python3.12/site-packages/airflow/example_dags/example_nested_branch_dag.py
[2024-12-09T05:13:50.157+0000] {processor.py:925} INFO - DAG(s) 'example_nested_branch_dag' retrieved from /home/airflow/.local/lib/python3.12/site-packages/airflow/example_dags/example_nested_branch_dag.py
[2024-12-09T05:13:50.168+0000] {logging_mixin.py:190} INFO - [2024-12-09T05:13:50.168+0000] {dag.py:3239} INFO - Sync 1 DAGs
[2024-12-09T05:13:50.182+0000] {logging_mixin.py:190} INFO - [2024-12-09T05:13:50.181+0000] {dag.py:4180} INFO - Setting next_dagrun for example_nested_branch_dag to 2024-12-08 00:00:00+00:00, run_after=2024-12-09 00:00:00+00:00
[2024-12-09T05:13:50.192+0000] {processor.py:208} INFO - Processing /home/airflow/.local/lib/python3.12/site-packages/airflow/example_dags/example_nested_branch_dag.py took 0.047 seconds
[2024-12-09T05:14:20.699+0000] {processor.py:186} INFO - Started process (PID=741) to work on /home/airflow/.local/lib/python3.12/site-packages/airflow/example_dags/example_nested_branch_dag.py
[2024-12-09T05:14:20.699+0000] {processor.py:914} INFO - Processing file /home/airflow/.local/lib/python3.12/site-packages/airflow/example_dags/example_nested_branch_dag.py for tasks to queue
[2024-12-09T05:14:20.701+0000] {logging_mixin.py:190} INFO - [2024-12-09T05:14:20.701+0000] {dagbag.py:588} INFO - Filling up the DagBag from /home/airflow/.local/lib/python3.12/site-packages/airflow/example_dags/example_nested_branch_dag.py
[2024-12-09T05:14:20.707+0000] {processor.py:925} INFO - DAG(s) 'example_nested_branch_dag' retrieved from /home/airflow/.local/lib/python3.12/site-packages/airflow/example_dags/example_nested_branch_dag.py
[2024-12-09T05:14:20.718+0000] {logging_mixin.py:190} INFO - [2024-12-09T05:14:20.718+0000] {dag.py:3239} INFO - Sync 1 DAGs
[2024-12-09T05:14:20.730+0000] {logging_mixin.py:190} INFO - [2024-12-09T05:14:20.730+0000] {dag.py:4180} INFO - Setting next_dagrun for example_nested_branch_dag to 2024-12-08 00:00:00+00:00, run_after=2024-12-09 00:00:00+00:00
[2024-12-09T05:14:20.739+0000] {processor.py:208} INFO - Processing /home/airflow/.local/lib/python3.12/site-packages/airflow/example_dags/example_nested_branch_dag.py took 0.043 seconds
[2024-12-09T05:14:51.262+0000] {processor.py:186} INFO - Started process (PID=804) to work on /home/airflow/.local/lib/python3.12/site-packages/airflow/example_dags/example_nested_branch_dag.py
[2024-12-09T05:14:51.262+0000] {processor.py:914} INFO - Processing file /home/airflow/.local/lib/python3.12/site-packages/airflow/example_dags/example_nested_branch_dag.py for tasks to queue
[2024-12-09T05:14:51.264+0000] {logging_mixin.py:190} INFO - [2024-12-09T05:14:51.264+0000] {dagbag.py:588} INFO - Filling up the DagBag from /home/airflow/.local/lib/python3.12/site-packages/airflow/example_dags/example_nested_branch_dag.py
[2024-12-09T05:14:51.270+0000] {processor.py:925} INFO - DAG(s) 'example_nested_branch_dag' retrieved from /home/airflow/.local/lib/python3.12/site-packages/airflow/example_dags/example_nested_branch_dag.py
[2024-12-09T05:14:51.282+0000] {logging_mixin.py:190} INFO - [2024-12-09T05:14:51.281+0000] {dag.py:3239} INFO - Sync 1 DAGs
[2024-12-09T05:14:51.294+0000] {logging_mixin.py:190} INFO - [2024-12-09T05:14:51.294+0000] {dag.py:4180} INFO - Setting next_dagrun for example_nested_branch_dag to 2024-12-08 00:00:00+00:00, run_after=2024-12-09 00:00:00+00:00
[2024-12-09T05:14:51.304+0000] {processor.py:208} INFO - Processing /home/airflow/.local/lib/python3.12/site-packages/airflow/example_dags/example_nested_branch_dag.py took 0.045 seconds
[2024-12-09T05:15:21.992+0000] {processor.py:186} INFO - Started process (PID=867) to work on /home/airflow/.local/lib/python3.12/site-packages/airflow/example_dags/example_nested_branch_dag.py
[2024-12-09T05:15:21.994+0000] {processor.py:914} INFO - Processing file /home/airflow/.local/lib/python3.12/site-packages/airflow/example_dags/example_nested_branch_dag.py for tasks to queue
[2024-12-09T05:15:21.995+0000] {logging_mixin.py:190} INFO - [2024-12-09T05:15:21.995+0000] {dagbag.py:588} INFO - Filling up the DagBag from /home/airflow/.local/lib/python3.12/site-packages/airflow/example_dags/example_nested_branch_dag.py
[2024-12-09T05:15:22.003+0000] {processor.py:925} INFO - DAG(s) 'example_nested_branch_dag' retrieved from /home/airflow/.local/lib/python3.12/site-packages/airflow/example_dags/example_nested_branch_dag.py
[2024-12-09T05:15:22.016+0000] {logging_mixin.py:190} INFO - [2024-12-09T05:15:22.016+0000] {dag.py:3239} INFO - Sync 1 DAGs
[2024-12-09T05:15:22.030+0000] {logging_mixin.py:190} INFO - [2024-12-09T05:15:22.030+0000] {dag.py:4180} INFO - Setting next_dagrun for example_nested_branch_dag to 2024-12-08 00:00:00+00:00, run_after=2024-12-09 00:00:00+00:00
[2024-12-09T05:15:22.041+0000] {processor.py:208} INFO - Processing /home/airflow/.local/lib/python3.12/site-packages/airflow/example_dags/example_nested_branch_dag.py took 0.052 seconds
[2024-12-09T05:15:52.693+0000] {processor.py:186} INFO - Started process (PID=930) to work on /home/airflow/.local/lib/python3.12/site-packages/airflow/example_dags/example_nested_branch_dag.py
[2024-12-09T05:15:52.694+0000] {processor.py:914} INFO - Processing file /home/airflow/.local/lib/python3.12/site-packages/airflow/example_dags/example_nested_branch_dag.py for tasks to queue
[2024-12-09T05:15:52.695+0000] {logging_mixin.py:190} INFO - [2024-12-09T05:15:52.695+0000] {dagbag.py:588} INFO - Filling up the DagBag from /home/airflow/.local/lib/python3.12/site-packages/airflow/example_dags/example_nested_branch_dag.py
[2024-12-09T05:15:52.702+0000] {processor.py:925} INFO - DAG(s) 'example_nested_branch_dag' retrieved from /home/airflow/.local/lib/python3.12/site-packages/airflow/example_dags/example_nested_branch_dag.py
[2024-12-09T05:15:52.714+0000] {logging_mixin.py:190} INFO - [2024-12-09T05:15:52.714+0000] {dag.py:3239} INFO - Sync 1 DAGs
[2024-12-09T05:15:52.727+0000] {logging_mixin.py:190} INFO - [2024-12-09T05:15:52.727+0000] {dag.py:4180} INFO - Setting next_dagrun for example_nested_branch_dag to 2024-12-08 00:00:00+00:00, run_after=2024-12-09 00:00:00+00:00
[2024-12-09T05:15:52.736+0000] {processor.py:208} INFO - Processing /home/airflow/.local/lib/python3.12/site-packages/airflow/example_dags/example_nested_branch_dag.py took 0.046 seconds
[2024-12-09T05:16:23.225+0000] {processor.py:186} INFO - Started process (PID=993) to work on /home/airflow/.local/lib/python3.12/site-packages/airflow/example_dags/example_nested_branch_dag.py
[2024-12-09T05:16:23.226+0000] {processor.py:914} INFO - Processing file /home/airflow/.local/lib/python3.12/site-packages/airflow/example_dags/example_nested_branch_dag.py for tasks to queue
[2024-12-09T05:16:23.227+0000] {logging_mixin.py:190} INFO - [2024-12-09T05:16:23.227+0000] {dagbag.py:588} INFO - Filling up the DagBag from /home/airflow/.local/lib/python3.12/site-packages/airflow/example_dags/example_nested_branch_dag.py
[2024-12-09T05:16:23.234+0000] {processor.py:925} INFO - DAG(s) 'example_nested_branch_dag' retrieved from /home/airflow/.local/lib/python3.12/site-packages/airflow/example_dags/example_nested_branch_dag.py
[2024-12-09T05:16:23.246+0000] {logging_mixin.py:190} INFO - [2024-12-09T05:16:23.245+0000] {dag.py:3239} INFO - Sync 1 DAGs
[2024-12-09T05:16:23.259+0000] {logging_mixin.py:190} INFO - [2024-12-09T05:16:23.258+0000] {dag.py:4180} INFO - Setting next_dagrun for example_nested_branch_dag to 2024-12-08 00:00:00+00:00, run_after=2024-12-09 00:00:00+00:00
[2024-12-09T05:16:23.268+0000] {processor.py:208} INFO - Processing /home/airflow/.local/lib/python3.12/site-packages/airflow/example_dags/example_nested_branch_dag.py took 0.046 seconds
[2024-12-09T05:16:54.103+0000] {processor.py:186} INFO - Started process (PID=1056) to work on /home/airflow/.local/lib/python3.12/site-packages/airflow/example_dags/example_nested_branch_dag.py
[2024-12-09T05:16:54.104+0000] {processor.py:914} INFO - Processing file /home/airflow/.local/lib/python3.12/site-packages/airflow/example_dags/example_nested_branch_dag.py for tasks to queue
[2024-12-09T05:16:54.105+0000] {logging_mixin.py:190} INFO - [2024-12-09T05:16:54.105+0000] {dagbag.py:588} INFO - Filling up the DagBag from /home/airflow/.local/lib/python3.12/site-packages/airflow/example_dags/example_nested_branch_dag.py
[2024-12-09T05:16:54.112+0000] {processor.py:925} INFO - DAG(s) 'example_nested_branch_dag' retrieved from /home/airflow/.local/lib/python3.12/site-packages/airflow/example_dags/example_nested_branch_dag.py
[2024-12-09T05:16:54.123+0000] {logging_mixin.py:190} INFO - [2024-12-09T05:16:54.123+0000] {dag.py:3239} INFO - Sync 1 DAGs
[2024-12-09T05:16:54.136+0000] {logging_mixin.py:190} INFO - [2024-12-09T05:16:54.136+0000] {dag.py:4180} INFO - Setting next_dagrun for example_nested_branch_dag to 2024-12-08 00:00:00+00:00, run_after=2024-12-09 00:00:00+00:00
[2024-12-09T05:16:54.145+0000] {processor.py:208} INFO - Processing /home/airflow/.local/lib/python3.12/site-packages/airflow/example_dags/example_nested_branch_dag.py took 0.045 seconds
