[2024-12-09T05:09:15.772+0000] {processor.py:186} INFO - Started process (PID=117) to work on /home/airflow/.local/lib/python3.12/site-packages/airflow/example_dags/example_branch_python_dop_operator_3.py
[2024-12-09T05:09:15.773+0000] {processor.py:914} INFO - Processing file /home/airflow/.local/lib/python3.12/site-packages/airflow/example_dags/example_branch_python_dop_operator_3.py for tasks to queue
[2024-12-09T05:09:15.776+0000] {logging_mixin.py:190} INFO - [2024-12-09T05:09:15.776+0000] {dagbag.py:588} INFO - Filling up the DagBag from /home/airflow/.local/lib/python3.12/site-packages/airflow/example_dags/example_branch_python_dop_operator_3.py
[2024-12-09T05:09:15.782+0000] {processor.py:925} INFO - DAG(s) 'example_branch_dop_operator_v3' retrieved from /home/airflow/.local/lib/python3.12/site-packages/airflow/example_dags/example_branch_python_dop_operator_3.py
[2024-12-09T05:09:15.795+0000] {logging_mixin.py:190} INFO - [2024-12-09T05:09:15.795+0000] {dag.py:3239} INFO - Sync 1 DAGs
[2024-12-09T05:09:15.808+0000] {logging_mixin.py:190} INFO - [2024-12-09T05:09:15.808+0000] {dag.py:4180} INFO - Setting next_dagrun for example_branch_dop_operator_v3 to 2024-12-09 05:08:00+00:00, run_after=2024-12-09 05:09:00+00:00
[2024-12-09T05:09:15.816+0000] {processor.py:208} INFO - Processing /home/airflow/.local/lib/python3.12/site-packages/airflow/example_dags/example_branch_python_dop_operator_3.py took 0.047 seconds
[2024-12-09T05:09:46.596+0000] {processor.py:186} INFO - Started process (PID=180) to work on /home/airflow/.local/lib/python3.12/site-packages/airflow/example_dags/example_branch_python_dop_operator_3.py
[2024-12-09T05:09:46.597+0000] {processor.py:914} INFO - Processing file /home/airflow/.local/lib/python3.12/site-packages/airflow/example_dags/example_branch_python_dop_operator_3.py for tasks to queue
[2024-12-09T05:09:46.598+0000] {logging_mixin.py:190} INFO - [2024-12-09T05:09:46.598+0000] {dagbag.py:588} INFO - Filling up the DagBag from /home/airflow/.local/lib/python3.12/site-packages/airflow/example_dags/example_branch_python_dop_operator_3.py
[2024-12-09T05:09:46.604+0000] {processor.py:925} INFO - DAG(s) 'example_branch_dop_operator_v3' retrieved from /home/airflow/.local/lib/python3.12/site-packages/airflow/example_dags/example_branch_python_dop_operator_3.py
[2024-12-09T05:09:46.613+0000] {logging_mixin.py:190} INFO - [2024-12-09T05:09:46.613+0000] {dag.py:3239} INFO - Sync 1 DAGs
[2024-12-09T05:09:46.626+0000] {logging_mixin.py:190} INFO - [2024-12-09T05:09:46.626+0000] {dag.py:4180} INFO - Setting next_dagrun for example_branch_dop_operator_v3 to 2024-12-09 05:08:00+00:00, run_after=2024-12-09 05:09:00+00:00
[2024-12-09T05:09:46.640+0000] {processor.py:208} INFO - Processing /home/airflow/.local/lib/python3.12/site-packages/airflow/example_dags/example_branch_python_dop_operator_3.py took 0.047 seconds
[2024-12-09T05:10:17.152+0000] {processor.py:186} INFO - Started process (PID=243) to work on /home/airflow/.local/lib/python3.12/site-packages/airflow/example_dags/example_branch_python_dop_operator_3.py
[2024-12-09T05:10:17.152+0000] {processor.py:914} INFO - Processing file /home/airflow/.local/lib/python3.12/site-packages/airflow/example_dags/example_branch_python_dop_operator_3.py for tasks to queue
[2024-12-09T05:10:17.154+0000] {logging_mixin.py:190} INFO - [2024-12-09T05:10:17.154+0000] {dagbag.py:588} INFO - Filling up the DagBag from /home/airflow/.local/lib/python3.12/site-packages/airflow/example_dags/example_branch_python_dop_operator_3.py
[2024-12-09T05:10:17.160+0000] {processor.py:925} INFO - DAG(s) 'example_branch_dop_operator_v3' retrieved from /home/airflow/.local/lib/python3.12/site-packages/airflow/example_dags/example_branch_python_dop_operator_3.py
[2024-12-09T05:10:17.172+0000] {logging_mixin.py:190} INFO - [2024-12-09T05:10:17.172+0000] {dag.py:3239} INFO - Sync 1 DAGs
[2024-12-09T05:10:17.187+0000] {logging_mixin.py:190} INFO - [2024-12-09T05:10:17.187+0000] {dag.py:4180} INFO - Setting next_dagrun for example_branch_dop_operator_v3 to 2024-12-09 05:09:00+00:00, run_after=2024-12-09 05:10:00+00:00
[2024-12-09T05:10:17.197+0000] {processor.py:208} INFO - Processing /home/airflow/.local/lib/python3.12/site-packages/airflow/example_dags/example_branch_python_dop_operator_3.py took 0.048 seconds
[2024-12-09T05:10:47.747+0000] {processor.py:186} INFO - Started process (PID=305) to work on /home/airflow/.local/lib/python3.12/site-packages/airflow/example_dags/example_branch_python_dop_operator_3.py
[2024-12-09T05:10:47.747+0000] {processor.py:914} INFO - Processing file /home/airflow/.local/lib/python3.12/site-packages/airflow/example_dags/example_branch_python_dop_operator_3.py for tasks to queue
[2024-12-09T05:10:47.749+0000] {logging_mixin.py:190} INFO - [2024-12-09T05:10:47.749+0000] {dagbag.py:588} INFO - Filling up the DagBag from /home/airflow/.local/lib/python3.12/site-packages/airflow/example_dags/example_branch_python_dop_operator_3.py
[2024-12-09T05:10:47.754+0000] {processor.py:925} INFO - DAG(s) 'example_branch_dop_operator_v3' retrieved from /home/airflow/.local/lib/python3.12/site-packages/airflow/example_dags/example_branch_python_dop_operator_3.py
[2024-12-09T05:10:47.764+0000] {logging_mixin.py:190} INFO - [2024-12-09T05:10:47.764+0000] {dag.py:3239} INFO - Sync 1 DAGs
[2024-12-09T05:10:47.778+0000] {logging_mixin.py:190} INFO - [2024-12-09T05:10:47.778+0000] {dag.py:4180} INFO - Setting next_dagrun for example_branch_dop_operator_v3 to 2024-12-09 05:09:00+00:00, run_after=2024-12-09 05:10:00+00:00
[2024-12-09T05:10:47.788+0000] {processor.py:208} INFO - Processing /home/airflow/.local/lib/python3.12/site-packages/airflow/example_dags/example_branch_python_dop_operator_3.py took 0.044 seconds
[2024-12-09T05:11:18.318+0000] {processor.py:186} INFO - Started process (PID=368) to work on /home/airflow/.local/lib/python3.12/site-packages/airflow/example_dags/example_branch_python_dop_operator_3.py
[2024-12-09T05:11:18.319+0000] {processor.py:914} INFO - Processing file /home/airflow/.local/lib/python3.12/site-packages/airflow/example_dags/example_branch_python_dop_operator_3.py for tasks to queue
[2024-12-09T05:11:18.320+0000] {logging_mixin.py:190} INFO - [2024-12-09T05:11:18.320+0000] {dagbag.py:588} INFO - Filling up the DagBag from /home/airflow/.local/lib/python3.12/site-packages/airflow/example_dags/example_branch_python_dop_operator_3.py
[2024-12-09T05:11:18.326+0000] {processor.py:925} INFO - DAG(s) 'example_branch_dop_operator_v3' retrieved from /home/airflow/.local/lib/python3.12/site-packages/airflow/example_dags/example_branch_python_dop_operator_3.py
[2024-12-09T05:11:18.335+0000] {logging_mixin.py:190} INFO - [2024-12-09T05:11:18.335+0000] {dag.py:3239} INFO - Sync 1 DAGs
[2024-12-09T05:11:18.348+0000] {logging_mixin.py:190} INFO - [2024-12-09T05:11:18.348+0000] {dag.py:4180} INFO - Setting next_dagrun for example_branch_dop_operator_v3 to 2024-12-09 05:10:00+00:00, run_after=2024-12-09 05:11:00+00:00
[2024-12-09T05:11:18.359+0000] {processor.py:208} INFO - Processing /home/airflow/.local/lib/python3.12/site-packages/airflow/example_dags/example_branch_python_dop_operator_3.py took 0.044 seconds
[2024-12-09T05:11:49.028+0000] {processor.py:186} INFO - Started process (PID=431) to work on /home/airflow/.local/lib/python3.12/site-packages/airflow/example_dags/example_branch_python_dop_operator_3.py
[2024-12-09T05:11:49.028+0000] {processor.py:914} INFO - Processing file /home/airflow/.local/lib/python3.12/site-packages/airflow/example_dags/example_branch_python_dop_operator_3.py for tasks to queue
[2024-12-09T05:11:49.030+0000] {logging_mixin.py:190} INFO - [2024-12-09T05:11:49.030+0000] {dagbag.py:588} INFO - Filling up the DagBag from /home/airflow/.local/lib/python3.12/site-packages/airflow/example_dags/example_branch_python_dop_operator_3.py
[2024-12-09T05:11:49.036+0000] {processor.py:925} INFO - DAG(s) 'example_branch_dop_operator_v3' retrieved from /home/airflow/.local/lib/python3.12/site-packages/airflow/example_dags/example_branch_python_dop_operator_3.py
[2024-12-09T05:11:49.046+0000] {logging_mixin.py:190} INFO - [2024-12-09T05:11:49.046+0000] {dag.py:3239} INFO - Sync 1 DAGs
[2024-12-09T05:11:49.060+0000] {logging_mixin.py:190} INFO - [2024-12-09T05:11:49.060+0000] {dag.py:4180} INFO - Setting next_dagrun for example_branch_dop_operator_v3 to 2024-12-09 05:10:00+00:00, run_after=2024-12-09 05:11:00+00:00
[2024-12-09T05:11:49.069+0000] {processor.py:208} INFO - Processing /home/airflow/.local/lib/python3.12/site-packages/airflow/example_dags/example_branch_python_dop_operator_3.py took 0.045 seconds
[2024-12-09T05:12:19.691+0000] {processor.py:186} INFO - Started process (PID=494) to work on /home/airflow/.local/lib/python3.12/site-packages/airflow/example_dags/example_branch_python_dop_operator_3.py
[2024-12-09T05:12:19.692+0000] {processor.py:914} INFO - Processing file /home/airflow/.local/lib/python3.12/site-packages/airflow/example_dags/example_branch_python_dop_operator_3.py for tasks to queue
[2024-12-09T05:12:19.693+0000] {logging_mixin.py:190} INFO - [2024-12-09T05:12:19.693+0000] {dagbag.py:588} INFO - Filling up the DagBag from /home/airflow/.local/lib/python3.12/site-packages/airflow/example_dags/example_branch_python_dop_operator_3.py
[2024-12-09T05:12:19.699+0000] {processor.py:925} INFO - DAG(s) 'example_branch_dop_operator_v3' retrieved from /home/airflow/.local/lib/python3.12/site-packages/airflow/example_dags/example_branch_python_dop_operator_3.py
[2024-12-09T05:12:19.709+0000] {logging_mixin.py:190} INFO - [2024-12-09T05:12:19.709+0000] {dag.py:3239} INFO - Sync 1 DAGs
[2024-12-09T05:12:19.724+0000] {logging_mixin.py:190} INFO - [2024-12-09T05:12:19.724+0000] {dag.py:4180} INFO - Setting next_dagrun for example_branch_dop_operator_v3 to 2024-12-09 05:11:00+00:00, run_after=2024-12-09 05:12:00+00:00
[2024-12-09T05:12:19.734+0000] {processor.py:208} INFO - Processing /home/airflow/.local/lib/python3.12/site-packages/airflow/example_dags/example_branch_python_dop_operator_3.py took 0.046 seconds
[2024-12-09T05:12:50.230+0000] {processor.py:186} INFO - Started process (PID=557) to work on /home/airflow/.local/lib/python3.12/site-packages/airflow/example_dags/example_branch_python_dop_operator_3.py
[2024-12-09T05:12:50.230+0000] {processor.py:914} INFO - Processing file /home/airflow/.local/lib/python3.12/site-packages/airflow/example_dags/example_branch_python_dop_operator_3.py for tasks to queue
[2024-12-09T05:12:50.232+0000] {logging_mixin.py:190} INFO - [2024-12-09T05:12:50.232+0000] {dagbag.py:588} INFO - Filling up the DagBag from /home/airflow/.local/lib/python3.12/site-packages/airflow/example_dags/example_branch_python_dop_operator_3.py
[2024-12-09T05:12:50.238+0000] {processor.py:925} INFO - DAG(s) 'example_branch_dop_operator_v3' retrieved from /home/airflow/.local/lib/python3.12/site-packages/airflow/example_dags/example_branch_python_dop_operator_3.py
[2024-12-09T05:12:50.249+0000] {logging_mixin.py:190} INFO - [2024-12-09T05:12:50.249+0000] {dag.py:3239} INFO - Sync 1 DAGs
[2024-12-09T05:12:50.264+0000] {logging_mixin.py:190} INFO - [2024-12-09T05:12:50.264+0000] {dag.py:4180} INFO - Setting next_dagrun for example_branch_dop_operator_v3 to 2024-12-09 05:11:00+00:00, run_after=2024-12-09 05:12:00+00:00
[2024-12-09T05:12:50.276+0000] {processor.py:208} INFO - Processing /home/airflow/.local/lib/python3.12/site-packages/airflow/example_dags/example_branch_python_dop_operator_3.py took 0.050 seconds
[2024-12-09T05:13:20.904+0000] {processor.py:186} INFO - Started process (PID=621) to work on /home/airflow/.local/lib/python3.12/site-packages/airflow/example_dags/example_branch_python_dop_operator_3.py
[2024-12-09T05:13:20.904+0000] {processor.py:914} INFO - Processing file /home/airflow/.local/lib/python3.12/site-packages/airflow/example_dags/example_branch_python_dop_operator_3.py for tasks to queue
[2024-12-09T05:13:20.906+0000] {logging_mixin.py:190} INFO - [2024-12-09T05:13:20.906+0000] {dagbag.py:588} INFO - Filling up the DagBag from /home/airflow/.local/lib/python3.12/site-packages/airflow/example_dags/example_branch_python_dop_operator_3.py
[2024-12-09T05:13:20.912+0000] {processor.py:925} INFO - DAG(s) 'example_branch_dop_operator_v3' retrieved from /home/airflow/.local/lib/python3.12/site-packages/airflow/example_dags/example_branch_python_dop_operator_3.py
[2024-12-09T05:13:20.922+0000] {logging_mixin.py:190} INFO - [2024-12-09T05:13:20.922+0000] {dag.py:3239} INFO - Sync 1 DAGs
[2024-12-09T05:13:20.935+0000] {logging_mixin.py:190} INFO - [2024-12-09T05:13:20.935+0000] {dag.py:4180} INFO - Setting next_dagrun for example_branch_dop_operator_v3 to 2024-12-09 05:12:00+00:00, run_after=2024-12-09 05:13:00+00:00
[2024-12-09T05:13:20.945+0000] {processor.py:208} INFO - Processing /home/airflow/.local/lib/python3.12/site-packages/airflow/example_dags/example_branch_python_dop_operator_3.py took 0.045 seconds
[2024-12-09T05:13:51.609+0000] {processor.py:186} INFO - Started process (PID=684) to work on /home/airflow/.local/lib/python3.12/site-packages/airflow/example_dags/example_branch_python_dop_operator_3.py
[2024-12-09T05:13:51.609+0000] {processor.py:914} INFO - Processing file /home/airflow/.local/lib/python3.12/site-packages/airflow/example_dags/example_branch_python_dop_operator_3.py for tasks to queue
[2024-12-09T05:13:51.611+0000] {logging_mixin.py:190} INFO - [2024-12-09T05:13:51.611+0000] {dagbag.py:588} INFO - Filling up the DagBag from /home/airflow/.local/lib/python3.12/site-packages/airflow/example_dags/example_branch_python_dop_operator_3.py
[2024-12-09T05:13:51.617+0000] {processor.py:925} INFO - DAG(s) 'example_branch_dop_operator_v3' retrieved from /home/airflow/.local/lib/python3.12/site-packages/airflow/example_dags/example_branch_python_dop_operator_3.py
[2024-12-09T05:13:51.627+0000] {logging_mixin.py:190} INFO - [2024-12-09T05:13:51.627+0000] {dag.py:3239} INFO - Sync 1 DAGs
[2024-12-09T05:13:51.641+0000] {logging_mixin.py:190} INFO - [2024-12-09T05:13:51.640+0000] {dag.py:4180} INFO - Setting next_dagrun for example_branch_dop_operator_v3 to 2024-12-09 05:12:00+00:00, run_after=2024-12-09 05:13:00+00:00
[2024-12-09T05:13:51.650+0000] {processor.py:208} INFO - Processing /home/airflow/.local/lib/python3.12/site-packages/airflow/example_dags/example_branch_python_dop_operator_3.py took 0.045 seconds
[2024-12-09T05:14:22.164+0000] {processor.py:186} INFO - Started process (PID=747) to work on /home/airflow/.local/lib/python3.12/site-packages/airflow/example_dags/example_branch_python_dop_operator_3.py
[2024-12-09T05:14:22.165+0000] {processor.py:914} INFO - Processing file /home/airflow/.local/lib/python3.12/site-packages/airflow/example_dags/example_branch_python_dop_operator_3.py for tasks to queue
[2024-12-09T05:14:22.166+0000] {logging_mixin.py:190} INFO - [2024-12-09T05:14:22.166+0000] {dagbag.py:588} INFO - Filling up the DagBag from /home/airflow/.local/lib/python3.12/site-packages/airflow/example_dags/example_branch_python_dop_operator_3.py
[2024-12-09T05:14:22.172+0000] {processor.py:925} INFO - DAG(s) 'example_branch_dop_operator_v3' retrieved from /home/airflow/.local/lib/python3.12/site-packages/airflow/example_dags/example_branch_python_dop_operator_3.py
[2024-12-09T05:14:22.182+0000] {logging_mixin.py:190} INFO - [2024-12-09T05:14:22.182+0000] {dag.py:3239} INFO - Sync 1 DAGs
[2024-12-09T05:14:22.196+0000] {logging_mixin.py:190} INFO - [2024-12-09T05:14:22.196+0000] {dag.py:4180} INFO - Setting next_dagrun for example_branch_dop_operator_v3 to 2024-12-09 05:13:00+00:00, run_after=2024-12-09 05:14:00+00:00
[2024-12-09T05:14:22.206+0000] {processor.py:208} INFO - Processing /home/airflow/.local/lib/python3.12/site-packages/airflow/example_dags/example_branch_python_dop_operator_3.py took 0.045 seconds
[2024-12-09T05:14:52.718+0000] {processor.py:186} INFO - Started process (PID=810) to work on /home/airflow/.local/lib/python3.12/site-packages/airflow/example_dags/example_branch_python_dop_operator_3.py
[2024-12-09T05:14:52.718+0000] {processor.py:914} INFO - Processing file /home/airflow/.local/lib/python3.12/site-packages/airflow/example_dags/example_branch_python_dop_operator_3.py for tasks to queue
[2024-12-09T05:14:52.720+0000] {logging_mixin.py:190} INFO - [2024-12-09T05:14:52.720+0000] {dagbag.py:588} INFO - Filling up the DagBag from /home/airflow/.local/lib/python3.12/site-packages/airflow/example_dags/example_branch_python_dop_operator_3.py
[2024-12-09T05:14:52.725+0000] {processor.py:925} INFO - DAG(s) 'example_branch_dop_operator_v3' retrieved from /home/airflow/.local/lib/python3.12/site-packages/airflow/example_dags/example_branch_python_dop_operator_3.py
[2024-12-09T05:14:52.736+0000] {logging_mixin.py:190} INFO - [2024-12-09T05:14:52.736+0000] {dag.py:3239} INFO - Sync 1 DAGs
[2024-12-09T05:14:52.750+0000] {logging_mixin.py:190} INFO - [2024-12-09T05:14:52.750+0000] {dag.py:4180} INFO - Setting next_dagrun for example_branch_dop_operator_v3 to 2024-12-09 05:13:00+00:00, run_after=2024-12-09 05:14:00+00:00
[2024-12-09T05:14:52.760+0000] {processor.py:208} INFO - Processing /home/airflow/.local/lib/python3.12/site-packages/airflow/example_dags/example_branch_python_dop_operator_3.py took 0.046 seconds
[2024-12-09T05:15:23.454+0000] {processor.py:186} INFO - Started process (PID=873) to work on /home/airflow/.local/lib/python3.12/site-packages/airflow/example_dags/example_branch_python_dop_operator_3.py
[2024-12-09T05:15:23.455+0000] {processor.py:914} INFO - Processing file /home/airflow/.local/lib/python3.12/site-packages/airflow/example_dags/example_branch_python_dop_operator_3.py for tasks to queue
[2024-12-09T05:15:23.456+0000] {logging_mixin.py:190} INFO - [2024-12-09T05:15:23.456+0000] {dagbag.py:588} INFO - Filling up the DagBag from /home/airflow/.local/lib/python3.12/site-packages/airflow/example_dags/example_branch_python_dop_operator_3.py
[2024-12-09T05:15:23.462+0000] {processor.py:925} INFO - DAG(s) 'example_branch_dop_operator_v3' retrieved from /home/airflow/.local/lib/python3.12/site-packages/airflow/example_dags/example_branch_python_dop_operator_3.py
[2024-12-09T05:15:23.471+0000] {logging_mixin.py:190} INFO - [2024-12-09T05:15:23.471+0000] {dag.py:3239} INFO - Sync 1 DAGs
[2024-12-09T05:15:23.485+0000] {logging_mixin.py:190} INFO - [2024-12-09T05:15:23.485+0000] {dag.py:4180} INFO - Setting next_dagrun for example_branch_dop_operator_v3 to 2024-12-09 05:14:00+00:00, run_after=2024-12-09 05:15:00+00:00
[2024-12-09T05:15:23.494+0000] {processor.py:208} INFO - Processing /home/airflow/.local/lib/python3.12/site-packages/airflow/example_dags/example_branch_python_dop_operator_3.py took 0.043 seconds
[2024-12-09T05:15:54.173+0000] {processor.py:186} INFO - Started process (PID=936) to work on /home/airflow/.local/lib/python3.12/site-packages/airflow/example_dags/example_branch_python_dop_operator_3.py
[2024-12-09T05:15:54.174+0000] {processor.py:914} INFO - Processing file /home/airflow/.local/lib/python3.12/site-packages/airflow/example_dags/example_branch_python_dop_operator_3.py for tasks to queue
[2024-12-09T05:15:54.175+0000] {logging_mixin.py:190} INFO - [2024-12-09T05:15:54.175+0000] {dagbag.py:588} INFO - Filling up the DagBag from /home/airflow/.local/lib/python3.12/site-packages/airflow/example_dags/example_branch_python_dop_operator_3.py
[2024-12-09T05:15:54.181+0000] {processor.py:925} INFO - DAG(s) 'example_branch_dop_operator_v3' retrieved from /home/airflow/.local/lib/python3.12/site-packages/airflow/example_dags/example_branch_python_dop_operator_3.py
[2024-12-09T05:15:54.192+0000] {logging_mixin.py:190} INFO - [2024-12-09T05:15:54.192+0000] {dag.py:3239} INFO - Sync 1 DAGs
[2024-12-09T05:15:54.206+0000] {logging_mixin.py:190} INFO - [2024-12-09T05:15:54.206+0000] {dag.py:4180} INFO - Setting next_dagrun for example_branch_dop_operator_v3 to 2024-12-09 05:14:00+00:00, run_after=2024-12-09 05:15:00+00:00
[2024-12-09T05:15:54.216+0000] {processor.py:208} INFO - Processing /home/airflow/.local/lib/python3.12/site-packages/airflow/example_dags/example_branch_python_dop_operator_3.py took 0.046 seconds
[2024-12-09T05:16:24.775+0000] {processor.py:186} INFO - Started process (PID=999) to work on /home/airflow/.local/lib/python3.12/site-packages/airflow/example_dags/example_branch_python_dop_operator_3.py
[2024-12-09T05:16:24.776+0000] {processor.py:914} INFO - Processing file /home/airflow/.local/lib/python3.12/site-packages/airflow/example_dags/example_branch_python_dop_operator_3.py for tasks to queue
[2024-12-09T05:16:24.777+0000] {logging_mixin.py:190} INFO - [2024-12-09T05:16:24.777+0000] {dagbag.py:588} INFO - Filling up the DagBag from /home/airflow/.local/lib/python3.12/site-packages/airflow/example_dags/example_branch_python_dop_operator_3.py
[2024-12-09T05:16:24.783+0000] {processor.py:925} INFO - DAG(s) 'example_branch_dop_operator_v3' retrieved from /home/airflow/.local/lib/python3.12/site-packages/airflow/example_dags/example_branch_python_dop_operator_3.py
[2024-12-09T05:16:24.794+0000] {logging_mixin.py:190} INFO - [2024-12-09T05:16:24.793+0000] {dag.py:3239} INFO - Sync 1 DAGs
[2024-12-09T05:16:24.807+0000] {logging_mixin.py:190} INFO - [2024-12-09T05:16:24.807+0000] {dag.py:4180} INFO - Setting next_dagrun for example_branch_dop_operator_v3 to 2024-12-09 05:15:00+00:00, run_after=2024-12-09 05:16:00+00:00
[2024-12-09T05:16:24.817+0000] {processor.py:208} INFO - Processing /home/airflow/.local/lib/python3.12/site-packages/airflow/example_dags/example_branch_python_dop_operator_3.py took 0.046 seconds
[2024-12-09T05:16:55.594+0000] {processor.py:186} INFO - Started process (PID=1062) to work on /home/airflow/.local/lib/python3.12/site-packages/airflow/example_dags/example_branch_python_dop_operator_3.py
[2024-12-09T05:16:55.595+0000] {processor.py:914} INFO - Processing file /home/airflow/.local/lib/python3.12/site-packages/airflow/example_dags/example_branch_python_dop_operator_3.py for tasks to queue
[2024-12-09T05:16:55.596+0000] {logging_mixin.py:190} INFO - [2024-12-09T05:16:55.596+0000] {dagbag.py:588} INFO - Filling up the DagBag from /home/airflow/.local/lib/python3.12/site-packages/airflow/example_dags/example_branch_python_dop_operator_3.py
[2024-12-09T05:16:55.602+0000] {processor.py:925} INFO - DAG(s) 'example_branch_dop_operator_v3' retrieved from /home/airflow/.local/lib/python3.12/site-packages/airflow/example_dags/example_branch_python_dop_operator_3.py
[2024-12-09T05:16:55.612+0000] {logging_mixin.py:190} INFO - [2024-12-09T05:16:55.612+0000] {dag.py:3239} INFO - Sync 1 DAGs
[2024-12-09T05:16:55.625+0000] {logging_mixin.py:190} INFO - [2024-12-09T05:16:55.625+0000] {dag.py:4180} INFO - Setting next_dagrun for example_branch_dop_operator_v3 to 2024-12-09 05:15:00+00:00, run_after=2024-12-09 05:16:00+00:00
[2024-12-09T05:16:55.634+0000] {processor.py:208} INFO - Processing /home/airflow/.local/lib/python3.12/site-packages/airflow/example_dags/example_branch_python_dop_operator_3.py took 0.044 seconds
