[2024-12-09T05:09:17.168+0000] {processor.py:186} INFO - Started process (PID=148) to work on /home/airflow/.local/lib/python3.12/site-packages/airflow/example_dags/example_subdag_operator.py
[2024-12-09T05:09:17.169+0000] {processor.py:914} INFO - Processing file /home/airflow/.local/lib/python3.12/site-packages/airflow/example_dags/example_subdag_operator.py for tasks to queue
[2024-12-09T05:09:17.170+0000] {logging_mixin.py:190} INFO - [2024-12-09T05:09:17.170+0000] {dagbag.py:588} INFO - Filling up the DagBag from /home/airflow/.local/lib/python3.12/site-packages/airflow/example_dags/example_subdag_operator.py
[2024-12-09T05:09:17.183+0000] {processor.py:925} INFO - DAG(s) 'example_subdag_operator.section-1', 'example_subdag_operator.section-2', 'example_subdag_operator' retrieved from /home/airflow/.local/lib/python3.12/site-packages/airflow/example_dags/example_subdag_operator.py
[2024-12-09T05:09:17.191+0000] {logging_mixin.py:190} INFO - [2024-12-09T05:09:17.191+0000] {dag.py:3239} INFO - Sync 3 DAGs
[2024-12-09T05:09:17.203+0000] {logging_mixin.py:190} INFO - [2024-12-09T05:09:17.203+0000] {dag.py:4180} INFO - Setting next_dagrun for example_subdag_operator to 2022-01-01 00:00:00+00:00, run_after=2022-01-01 00:00:00+00:00
[2024-12-09T05:09:17.205+0000] {logging_mixin.py:190} INFO - [2024-12-09T05:09:17.205+0000] {dag.py:4180} INFO - Setting next_dagrun for example_subdag_operator.section-1 to None, run_after=None
[2024-12-09T05:09:17.206+0000] {logging_mixin.py:190} INFO - [2024-12-09T05:09:17.206+0000] {dag.py:4180} INFO - Setting next_dagrun for example_subdag_operator.section-2 to None, run_after=None
[2024-12-09T05:09:17.209+0000] {logging_mixin.py:190} INFO - [2024-12-09T05:09:17.209+0000] {dag.py:3239} INFO - Sync 2 DAGs
[2024-12-09T05:09:17.211+0000] {logging_mixin.py:190} INFO - [2024-12-09T05:09:17.211+0000] {dag.py:4180} INFO - Setting next_dagrun for example_subdag_operator.section-1 to None, run_after=None
[2024-12-09T05:09:17.212+0000] {logging_mixin.py:190} INFO - [2024-12-09T05:09:17.211+0000] {dag.py:4180} INFO - Setting next_dagrun for example_subdag_operator.section-2 to None, run_after=None
[2024-12-09T05:09:17.217+0000] {processor.py:208} INFO - Processing /home/airflow/.local/lib/python3.12/site-packages/airflow/example_dags/example_subdag_operator.py took 0.052 seconds
[2024-12-09T05:09:47.836+0000] {processor.py:186} INFO - Started process (PID=211) to work on /home/airflow/.local/lib/python3.12/site-packages/airflow/example_dags/example_subdag_operator.py
[2024-12-09T05:09:47.836+0000] {processor.py:914} INFO - Processing file /home/airflow/.local/lib/python3.12/site-packages/airflow/example_dags/example_subdag_operator.py for tasks to queue
[2024-12-09T05:09:47.838+0000] {logging_mixin.py:190} INFO - [2024-12-09T05:09:47.838+0000] {dagbag.py:588} INFO - Filling up the DagBag from /home/airflow/.local/lib/python3.12/site-packages/airflow/example_dags/example_subdag_operator.py
[2024-12-09T05:09:47.850+0000] {processor.py:925} INFO - DAG(s) 'example_subdag_operator.section-1', 'example_subdag_operator.section-2', 'example_subdag_operator' retrieved from /home/airflow/.local/lib/python3.12/site-packages/airflow/example_dags/example_subdag_operator.py
[2024-12-09T05:09:47.858+0000] {logging_mixin.py:190} INFO - [2024-12-09T05:09:47.858+0000] {dag.py:3239} INFO - Sync 3 DAGs
[2024-12-09T05:09:47.870+0000] {logging_mixin.py:190} INFO - [2024-12-09T05:09:47.869+0000] {dag.py:4180} INFO - Setting next_dagrun for example_subdag_operator to 2022-01-01 00:00:00+00:00, run_after=2022-01-01 00:00:00+00:00
[2024-12-09T05:09:47.871+0000] {logging_mixin.py:190} INFO - [2024-12-09T05:09:47.871+0000] {dag.py:4180} INFO - Setting next_dagrun for example_subdag_operator.section-1 to None, run_after=None
[2024-12-09T05:09:47.872+0000] {logging_mixin.py:190} INFO - [2024-12-09T05:09:47.872+0000] {dag.py:4180} INFO - Setting next_dagrun for example_subdag_operator.section-2 to None, run_after=None
[2024-12-09T05:09:47.875+0000] {logging_mixin.py:190} INFO - [2024-12-09T05:09:47.875+0000] {dag.py:3239} INFO - Sync 2 DAGs
[2024-12-09T05:09:47.879+0000] {logging_mixin.py:190} INFO - [2024-12-09T05:09:47.879+0000] {dag.py:4180} INFO - Setting next_dagrun for example_subdag_operator.section-1 to None, run_after=None
[2024-12-09T05:09:47.882+0000] {logging_mixin.py:190} INFO - [2024-12-09T05:09:47.882+0000] {dag.py:4180} INFO - Setting next_dagrun for example_subdag_operator.section-2 to None, run_after=None
[2024-12-09T05:09:47.888+0000] {processor.py:208} INFO - Processing /home/airflow/.local/lib/python3.12/site-packages/airflow/example_dags/example_subdag_operator.py took 0.055 seconds
[2024-12-09T05:10:18.463+0000] {processor.py:186} INFO - Started process (PID=274) to work on /home/airflow/.local/lib/python3.12/site-packages/airflow/example_dags/example_subdag_operator.py
[2024-12-09T05:10:18.464+0000] {processor.py:914} INFO - Processing file /home/airflow/.local/lib/python3.12/site-packages/airflow/example_dags/example_subdag_operator.py for tasks to queue
[2024-12-09T05:10:18.465+0000] {logging_mixin.py:190} INFO - [2024-12-09T05:10:18.465+0000] {dagbag.py:588} INFO - Filling up the DagBag from /home/airflow/.local/lib/python3.12/site-packages/airflow/example_dags/example_subdag_operator.py
[2024-12-09T05:10:18.478+0000] {processor.py:925} INFO - DAG(s) 'example_subdag_operator.section-1', 'example_subdag_operator.section-2', 'example_subdag_operator' retrieved from /home/airflow/.local/lib/python3.12/site-packages/airflow/example_dags/example_subdag_operator.py
[2024-12-09T05:10:18.486+0000] {logging_mixin.py:190} INFO - [2024-12-09T05:10:18.486+0000] {dag.py:3239} INFO - Sync 3 DAGs
[2024-12-09T05:10:18.498+0000] {logging_mixin.py:190} INFO - [2024-12-09T05:10:18.498+0000] {dag.py:4180} INFO - Setting next_dagrun for example_subdag_operator to 2022-01-01 00:00:00+00:00, run_after=2022-01-01 00:00:00+00:00
[2024-12-09T05:10:18.500+0000] {logging_mixin.py:190} INFO - [2024-12-09T05:10:18.500+0000] {dag.py:4180} INFO - Setting next_dagrun for example_subdag_operator.section-1 to None, run_after=None
[2024-12-09T05:10:18.501+0000] {logging_mixin.py:190} INFO - [2024-12-09T05:10:18.501+0000] {dag.py:4180} INFO - Setting next_dagrun for example_subdag_operator.section-2 to None, run_after=None
[2024-12-09T05:10:18.504+0000] {logging_mixin.py:190} INFO - [2024-12-09T05:10:18.504+0000] {dag.py:3239} INFO - Sync 2 DAGs
[2024-12-09T05:10:18.506+0000] {logging_mixin.py:190} INFO - [2024-12-09T05:10:18.506+0000] {dag.py:4180} INFO - Setting next_dagrun for example_subdag_operator.section-1 to None, run_after=None
[2024-12-09T05:10:18.507+0000] {logging_mixin.py:190} INFO - [2024-12-09T05:10:18.507+0000] {dag.py:4180} INFO - Setting next_dagrun for example_subdag_operator.section-2 to None, run_after=None
[2024-12-09T05:10:18.513+0000] {processor.py:208} INFO - Processing /home/airflow/.local/lib/python3.12/site-packages/airflow/example_dags/example_subdag_operator.py took 0.053 seconds
[2024-12-09T05:10:49.140+0000] {processor.py:186} INFO - Started process (PID=337) to work on /home/airflow/.local/lib/python3.12/site-packages/airflow/example_dags/example_subdag_operator.py
[2024-12-09T05:10:49.141+0000] {processor.py:914} INFO - Processing file /home/airflow/.local/lib/python3.12/site-packages/airflow/example_dags/example_subdag_operator.py for tasks to queue
[2024-12-09T05:10:49.142+0000] {logging_mixin.py:190} INFO - [2024-12-09T05:10:49.142+0000] {dagbag.py:588} INFO - Filling up the DagBag from /home/airflow/.local/lib/python3.12/site-packages/airflow/example_dags/example_subdag_operator.py
[2024-12-09T05:10:49.155+0000] {processor.py:925} INFO - DAG(s) 'example_subdag_operator.section-1', 'example_subdag_operator.section-2', 'example_subdag_operator' retrieved from /home/airflow/.local/lib/python3.12/site-packages/airflow/example_dags/example_subdag_operator.py
[2024-12-09T05:10:49.163+0000] {logging_mixin.py:190} INFO - [2024-12-09T05:10:49.163+0000] {dag.py:3239} INFO - Sync 3 DAGs
[2024-12-09T05:10:49.174+0000] {logging_mixin.py:190} INFO - [2024-12-09T05:10:49.174+0000] {dag.py:4180} INFO - Setting next_dagrun for example_subdag_operator to 2022-01-01 00:00:00+00:00, run_after=2022-01-01 00:00:00+00:00
[2024-12-09T05:10:49.176+0000] {logging_mixin.py:190} INFO - [2024-12-09T05:10:49.176+0000] {dag.py:4180} INFO - Setting next_dagrun for example_subdag_operator.section-1 to None, run_after=None
[2024-12-09T05:10:49.177+0000] {logging_mixin.py:190} INFO - [2024-12-09T05:10:49.177+0000] {dag.py:4180} INFO - Setting next_dagrun for example_subdag_operator.section-2 to None, run_after=None
[2024-12-09T05:10:49.180+0000] {logging_mixin.py:190} INFO - [2024-12-09T05:10:49.180+0000] {dag.py:3239} INFO - Sync 2 DAGs
[2024-12-09T05:10:49.183+0000] {logging_mixin.py:190} INFO - [2024-12-09T05:10:49.183+0000] {dag.py:4180} INFO - Setting next_dagrun for example_subdag_operator.section-1 to None, run_after=None
[2024-12-09T05:10:49.184+0000] {logging_mixin.py:190} INFO - [2024-12-09T05:10:49.184+0000] {dag.py:4180} INFO - Setting next_dagrun for example_subdag_operator.section-2 to None, run_after=None
[2024-12-09T05:10:49.189+0000] {processor.py:208} INFO - Processing /home/airflow/.local/lib/python3.12/site-packages/airflow/example_dags/example_subdag_operator.py took 0.052 seconds
[2024-12-09T05:11:19.791+0000] {processor.py:186} INFO - Started process (PID=400) to work on /home/airflow/.local/lib/python3.12/site-packages/airflow/example_dags/example_subdag_operator.py
[2024-12-09T05:11:19.792+0000] {processor.py:914} INFO - Processing file /home/airflow/.local/lib/python3.12/site-packages/airflow/example_dags/example_subdag_operator.py for tasks to queue
[2024-12-09T05:11:19.793+0000] {logging_mixin.py:190} INFO - [2024-12-09T05:11:19.793+0000] {dagbag.py:588} INFO - Filling up the DagBag from /home/airflow/.local/lib/python3.12/site-packages/airflow/example_dags/example_subdag_operator.py
[2024-12-09T05:11:19.806+0000] {processor.py:925} INFO - DAG(s) 'example_subdag_operator.section-1', 'example_subdag_operator.section-2', 'example_subdag_operator' retrieved from /home/airflow/.local/lib/python3.12/site-packages/airflow/example_dags/example_subdag_operator.py
[2024-12-09T05:11:19.815+0000] {logging_mixin.py:190} INFO - [2024-12-09T05:11:19.815+0000] {dag.py:3239} INFO - Sync 3 DAGs
[2024-12-09T05:11:19.829+0000] {logging_mixin.py:190} INFO - [2024-12-09T05:11:19.828+0000] {dag.py:4180} INFO - Setting next_dagrun for example_subdag_operator to 2022-01-01 00:00:00+00:00, run_after=2022-01-01 00:00:00+00:00
[2024-12-09T05:11:19.831+0000] {logging_mixin.py:190} INFO - [2024-12-09T05:11:19.831+0000] {dag.py:4180} INFO - Setting next_dagrun for example_subdag_operator.section-1 to None, run_after=None
[2024-12-09T05:11:19.832+0000] {logging_mixin.py:190} INFO - [2024-12-09T05:11:19.832+0000] {dag.py:4180} INFO - Setting next_dagrun for example_subdag_operator.section-2 to None, run_after=None
[2024-12-09T05:11:19.835+0000] {logging_mixin.py:190} INFO - [2024-12-09T05:11:19.835+0000] {dag.py:3239} INFO - Sync 2 DAGs
[2024-12-09T05:11:19.838+0000] {logging_mixin.py:190} INFO - [2024-12-09T05:11:19.838+0000] {dag.py:4180} INFO - Setting next_dagrun for example_subdag_operator.section-1 to None, run_after=None
[2024-12-09T05:11:19.838+0000] {logging_mixin.py:190} INFO - [2024-12-09T05:11:19.838+0000] {dag.py:4180} INFO - Setting next_dagrun for example_subdag_operator.section-2 to None, run_after=None
[2024-12-09T05:11:19.845+0000] {processor.py:208} INFO - Processing /home/airflow/.local/lib/python3.12/site-packages/airflow/example_dags/example_subdag_operator.py took 0.057 seconds
[2024-12-09T05:11:50.445+0000] {processor.py:186} INFO - Started process (PID=463) to work on /home/airflow/.local/lib/python3.12/site-packages/airflow/example_dags/example_subdag_operator.py
[2024-12-09T05:11:50.445+0000] {processor.py:914} INFO - Processing file /home/airflow/.local/lib/python3.12/site-packages/airflow/example_dags/example_subdag_operator.py for tasks to queue
[2024-12-09T05:11:50.447+0000] {logging_mixin.py:190} INFO - [2024-12-09T05:11:50.447+0000] {dagbag.py:588} INFO - Filling up the DagBag from /home/airflow/.local/lib/python3.12/site-packages/airflow/example_dags/example_subdag_operator.py
[2024-12-09T05:11:50.460+0000] {processor.py:925} INFO - DAG(s) 'example_subdag_operator.section-1', 'example_subdag_operator.section-2', 'example_subdag_operator' retrieved from /home/airflow/.local/lib/python3.12/site-packages/airflow/example_dags/example_subdag_operator.py
[2024-12-09T05:11:50.469+0000] {logging_mixin.py:190} INFO - [2024-12-09T05:11:50.468+0000] {dag.py:3239} INFO - Sync 3 DAGs
[2024-12-09T05:11:50.482+0000] {logging_mixin.py:190} INFO - [2024-12-09T05:11:50.482+0000] {dag.py:4180} INFO - Setting next_dagrun for example_subdag_operator to 2022-01-01 00:00:00+00:00, run_after=2022-01-01 00:00:00+00:00
[2024-12-09T05:11:50.484+0000] {logging_mixin.py:190} INFO - [2024-12-09T05:11:50.484+0000] {dag.py:4180} INFO - Setting next_dagrun for example_subdag_operator.section-1 to None, run_after=None
[2024-12-09T05:11:50.485+0000] {logging_mixin.py:190} INFO - [2024-12-09T05:11:50.485+0000] {dag.py:4180} INFO - Setting next_dagrun for example_subdag_operator.section-2 to None, run_after=None
[2024-12-09T05:11:50.488+0000] {logging_mixin.py:190} INFO - [2024-12-09T05:11:50.488+0000] {dag.py:3239} INFO - Sync 2 DAGs
[2024-12-09T05:11:50.491+0000] {logging_mixin.py:190} INFO - [2024-12-09T05:11:50.491+0000] {dag.py:4180} INFO - Setting next_dagrun for example_subdag_operator.section-1 to None, run_after=None
[2024-12-09T05:11:50.491+0000] {logging_mixin.py:190} INFO - [2024-12-09T05:11:50.491+0000] {dag.py:4180} INFO - Setting next_dagrun for example_subdag_operator.section-2 to None, run_after=None
[2024-12-09T05:11:50.499+0000] {processor.py:208} INFO - Processing /home/airflow/.local/lib/python3.12/site-packages/airflow/example_dags/example_subdag_operator.py took 0.057 seconds
[2024-12-09T05:12:21.099+0000] {processor.py:186} INFO - Started process (PID=526) to work on /home/airflow/.local/lib/python3.12/site-packages/airflow/example_dags/example_subdag_operator.py
[2024-12-09T05:12:21.100+0000] {processor.py:914} INFO - Processing file /home/airflow/.local/lib/python3.12/site-packages/airflow/example_dags/example_subdag_operator.py for tasks to queue
[2024-12-09T05:12:21.101+0000] {logging_mixin.py:190} INFO - [2024-12-09T05:12:21.101+0000] {dagbag.py:588} INFO - Filling up the DagBag from /home/airflow/.local/lib/python3.12/site-packages/airflow/example_dags/example_subdag_operator.py
[2024-12-09T05:12:21.115+0000] {processor.py:925} INFO - DAG(s) 'example_subdag_operator.section-1', 'example_subdag_operator.section-2', 'example_subdag_operator' retrieved from /home/airflow/.local/lib/python3.12/site-packages/airflow/example_dags/example_subdag_operator.py
[2024-12-09T05:12:21.124+0000] {logging_mixin.py:190} INFO - [2024-12-09T05:12:21.124+0000] {dag.py:3239} INFO - Sync 3 DAGs
[2024-12-09T05:12:21.137+0000] {logging_mixin.py:190} INFO - [2024-12-09T05:12:21.136+0000] {dag.py:4180} INFO - Setting next_dagrun for example_subdag_operator to 2022-01-01 00:00:00+00:00, run_after=2022-01-01 00:00:00+00:00
[2024-12-09T05:12:21.139+0000] {logging_mixin.py:190} INFO - [2024-12-09T05:12:21.138+0000] {dag.py:4180} INFO - Setting next_dagrun for example_subdag_operator.section-1 to None, run_after=None
[2024-12-09T05:12:21.139+0000] {logging_mixin.py:190} INFO - [2024-12-09T05:12:21.139+0000] {dag.py:4180} INFO - Setting next_dagrun for example_subdag_operator.section-2 to None, run_after=None
[2024-12-09T05:12:21.143+0000] {logging_mixin.py:190} INFO - [2024-12-09T05:12:21.143+0000] {dag.py:3239} INFO - Sync 2 DAGs
[2024-12-09T05:12:21.146+0000] {logging_mixin.py:190} INFO - [2024-12-09T05:12:21.146+0000] {dag.py:4180} INFO - Setting next_dagrun for example_subdag_operator.section-1 to None, run_after=None
[2024-12-09T05:12:21.146+0000] {logging_mixin.py:190} INFO - [2024-12-09T05:12:21.146+0000] {dag.py:4180} INFO - Setting next_dagrun for example_subdag_operator.section-2 to None, run_after=None
[2024-12-09T05:12:21.152+0000] {processor.py:208} INFO - Processing /home/airflow/.local/lib/python3.12/site-packages/airflow/example_dags/example_subdag_operator.py took 0.056 seconds
[2024-12-09T05:12:51.727+0000] {processor.py:186} INFO - Started process (PID=590) to work on /home/airflow/.local/lib/python3.12/site-packages/airflow/example_dags/example_subdag_operator.py
[2024-12-09T05:12:51.728+0000] {processor.py:914} INFO - Processing file /home/airflow/.local/lib/python3.12/site-packages/airflow/example_dags/example_subdag_operator.py for tasks to queue
[2024-12-09T05:12:51.729+0000] {logging_mixin.py:190} INFO - [2024-12-09T05:12:51.729+0000] {dagbag.py:588} INFO - Filling up the DagBag from /home/airflow/.local/lib/python3.12/site-packages/airflow/example_dags/example_subdag_operator.py
[2024-12-09T05:12:51.742+0000] {processor.py:925} INFO - DAG(s) 'example_subdag_operator.section-1', 'example_subdag_operator.section-2', 'example_subdag_operator' retrieved from /home/airflow/.local/lib/python3.12/site-packages/airflow/example_dags/example_subdag_operator.py
[2024-12-09T05:12:51.750+0000] {logging_mixin.py:190} INFO - [2024-12-09T05:12:51.750+0000] {dag.py:3239} INFO - Sync 3 DAGs
[2024-12-09T05:12:51.762+0000] {logging_mixin.py:190} INFO - [2024-12-09T05:12:51.762+0000] {dag.py:4180} INFO - Setting next_dagrun for example_subdag_operator to 2022-01-01 00:00:00+00:00, run_after=2022-01-01 00:00:00+00:00
[2024-12-09T05:12:51.764+0000] {logging_mixin.py:190} INFO - [2024-12-09T05:12:51.764+0000] {dag.py:4180} INFO - Setting next_dagrun for example_subdag_operator.section-1 to None, run_after=None
[2024-12-09T05:12:51.765+0000] {logging_mixin.py:190} INFO - [2024-12-09T05:12:51.765+0000] {dag.py:4180} INFO - Setting next_dagrun for example_subdag_operator.section-2 to None, run_after=None
[2024-12-09T05:12:51.769+0000] {logging_mixin.py:190} INFO - [2024-12-09T05:12:51.769+0000] {dag.py:3239} INFO - Sync 2 DAGs
[2024-12-09T05:12:51.772+0000] {logging_mixin.py:190} INFO - [2024-12-09T05:12:51.771+0000] {dag.py:4180} INFO - Setting next_dagrun for example_subdag_operator.section-1 to None, run_after=None
[2024-12-09T05:12:51.772+0000] {logging_mixin.py:190} INFO - [2024-12-09T05:12:51.772+0000] {dag.py:4180} INFO - Setting next_dagrun for example_subdag_operator.section-2 to None, run_after=None
[2024-12-09T05:12:51.778+0000] {processor.py:208} INFO - Processing /home/airflow/.local/lib/python3.12/site-packages/airflow/example_dags/example_subdag_operator.py took 0.054 seconds
[2024-12-09T05:13:22.429+0000] {processor.py:186} INFO - Started process (PID=653) to work on /home/airflow/.local/lib/python3.12/site-packages/airflow/example_dags/example_subdag_operator.py
[2024-12-09T05:13:22.429+0000] {processor.py:914} INFO - Processing file /home/airflow/.local/lib/python3.12/site-packages/airflow/example_dags/example_subdag_operator.py for tasks to queue
[2024-12-09T05:13:22.431+0000] {logging_mixin.py:190} INFO - [2024-12-09T05:13:22.431+0000] {dagbag.py:588} INFO - Filling up the DagBag from /home/airflow/.local/lib/python3.12/site-packages/airflow/example_dags/example_subdag_operator.py
[2024-12-09T05:13:22.446+0000] {processor.py:925} INFO - DAG(s) 'example_subdag_operator.section-1', 'example_subdag_operator.section-2', 'example_subdag_operator' retrieved from /home/airflow/.local/lib/python3.12/site-packages/airflow/example_dags/example_subdag_operator.py
[2024-12-09T05:13:22.454+0000] {logging_mixin.py:190} INFO - [2024-12-09T05:13:22.454+0000] {dag.py:3239} INFO - Sync 3 DAGs
[2024-12-09T05:13:22.467+0000] {logging_mixin.py:190} INFO - [2024-12-09T05:13:22.467+0000] {dag.py:4180} INFO - Setting next_dagrun for example_subdag_operator to 2022-01-01 00:00:00+00:00, run_after=2022-01-01 00:00:00+00:00
[2024-12-09T05:13:22.469+0000] {logging_mixin.py:190} INFO - [2024-12-09T05:13:22.469+0000] {dag.py:4180} INFO - Setting next_dagrun for example_subdag_operator.section-1 to None, run_after=None
[2024-12-09T05:13:22.469+0000] {logging_mixin.py:190} INFO - [2024-12-09T05:13:22.469+0000] {dag.py:4180} INFO - Setting next_dagrun for example_subdag_operator.section-2 to None, run_after=None
[2024-12-09T05:13:22.473+0000] {logging_mixin.py:190} INFO - [2024-12-09T05:13:22.473+0000] {dag.py:3239} INFO - Sync 2 DAGs
[2024-12-09T05:13:22.476+0000] {logging_mixin.py:190} INFO - [2024-12-09T05:13:22.475+0000] {dag.py:4180} INFO - Setting next_dagrun for example_subdag_operator.section-1 to None, run_after=None
[2024-12-09T05:13:22.476+0000] {logging_mixin.py:190} INFO - [2024-12-09T05:13:22.476+0000] {dag.py:4180} INFO - Setting next_dagrun for example_subdag_operator.section-2 to None, run_after=None
[2024-12-09T05:13:22.482+0000] {processor.py:208} INFO - Processing /home/airflow/.local/lib/python3.12/site-packages/airflow/example_dags/example_subdag_operator.py took 0.056 seconds
[2024-12-09T05:13:52.979+0000] {processor.py:186} INFO - Started process (PID=716) to work on /home/airflow/.local/lib/python3.12/site-packages/airflow/example_dags/example_subdag_operator.py
[2024-12-09T05:13:52.979+0000] {processor.py:914} INFO - Processing file /home/airflow/.local/lib/python3.12/site-packages/airflow/example_dags/example_subdag_operator.py for tasks to queue
[2024-12-09T05:13:52.981+0000] {logging_mixin.py:190} INFO - [2024-12-09T05:13:52.980+0000] {dagbag.py:588} INFO - Filling up the DagBag from /home/airflow/.local/lib/python3.12/site-packages/airflow/example_dags/example_subdag_operator.py
[2024-12-09T05:13:52.994+0000] {processor.py:925} INFO - DAG(s) 'example_subdag_operator.section-1', 'example_subdag_operator.section-2', 'example_subdag_operator' retrieved from /home/airflow/.local/lib/python3.12/site-packages/airflow/example_dags/example_subdag_operator.py
[2024-12-09T05:13:53.002+0000] {logging_mixin.py:190} INFO - [2024-12-09T05:13:53.002+0000] {dag.py:3239} INFO - Sync 3 DAGs
[2024-12-09T05:13:53.016+0000] {logging_mixin.py:190} INFO - [2024-12-09T05:13:53.016+0000] {dag.py:4180} INFO - Setting next_dagrun for example_subdag_operator to 2022-01-01 00:00:00+00:00, run_after=2022-01-01 00:00:00+00:00
[2024-12-09T05:13:53.018+0000] {logging_mixin.py:190} INFO - [2024-12-09T05:13:53.018+0000] {dag.py:4180} INFO - Setting next_dagrun for example_subdag_operator.section-1 to None, run_after=None
[2024-12-09T05:13:53.019+0000] {logging_mixin.py:190} INFO - [2024-12-09T05:13:53.018+0000] {dag.py:4180} INFO - Setting next_dagrun for example_subdag_operator.section-2 to None, run_after=None
[2024-12-09T05:13:53.022+0000] {logging_mixin.py:190} INFO - [2024-12-09T05:13:53.022+0000] {dag.py:3239} INFO - Sync 2 DAGs
[2024-12-09T05:13:53.025+0000] {logging_mixin.py:190} INFO - [2024-12-09T05:13:53.025+0000] {dag.py:4180} INFO - Setting next_dagrun for example_subdag_operator.section-1 to None, run_after=None
[2024-12-09T05:13:53.025+0000] {logging_mixin.py:190} INFO - [2024-12-09T05:13:53.025+0000] {dag.py:4180} INFO - Setting next_dagrun for example_subdag_operator.section-2 to None, run_after=None
[2024-12-09T05:13:53.031+0000] {processor.py:208} INFO - Processing /home/airflow/.local/lib/python3.12/site-packages/airflow/example_dags/example_subdag_operator.py took 0.056 seconds
[2024-12-09T05:14:23.555+0000] {processor.py:186} INFO - Started process (PID=779) to work on /home/airflow/.local/lib/python3.12/site-packages/airflow/example_dags/example_subdag_operator.py
[2024-12-09T05:14:23.556+0000] {processor.py:914} INFO - Processing file /home/airflow/.local/lib/python3.12/site-packages/airflow/example_dags/example_subdag_operator.py for tasks to queue
[2024-12-09T05:14:23.557+0000] {logging_mixin.py:190} INFO - [2024-12-09T05:14:23.557+0000] {dagbag.py:588} INFO - Filling up the DagBag from /home/airflow/.local/lib/python3.12/site-packages/airflow/example_dags/example_subdag_operator.py
[2024-12-09T05:14:23.570+0000] {processor.py:925} INFO - DAG(s) 'example_subdag_operator.section-1', 'example_subdag_operator.section-2', 'example_subdag_operator' retrieved from /home/airflow/.local/lib/python3.12/site-packages/airflow/example_dags/example_subdag_operator.py
[2024-12-09T05:14:23.578+0000] {logging_mixin.py:190} INFO - [2024-12-09T05:14:23.578+0000] {dag.py:3239} INFO - Sync 3 DAGs
[2024-12-09T05:14:23.591+0000] {logging_mixin.py:190} INFO - [2024-12-09T05:14:23.591+0000] {dag.py:4180} INFO - Setting next_dagrun for example_subdag_operator to 2022-01-01 00:00:00+00:00, run_after=2022-01-01 00:00:00+00:00
[2024-12-09T05:14:23.593+0000] {logging_mixin.py:190} INFO - [2024-12-09T05:14:23.593+0000] {dag.py:4180} INFO - Setting next_dagrun for example_subdag_operator.section-1 to None, run_after=None
[2024-12-09T05:14:23.594+0000] {logging_mixin.py:190} INFO - [2024-12-09T05:14:23.594+0000] {dag.py:4180} INFO - Setting next_dagrun for example_subdag_operator.section-2 to None, run_after=None
[2024-12-09T05:14:23.597+0000] {logging_mixin.py:190} INFO - [2024-12-09T05:14:23.597+0000] {dag.py:3239} INFO - Sync 2 DAGs
[2024-12-09T05:14:23.600+0000] {logging_mixin.py:190} INFO - [2024-12-09T05:14:23.600+0000] {dag.py:4180} INFO - Setting next_dagrun for example_subdag_operator.section-1 to None, run_after=None
[2024-12-09T05:14:23.600+0000] {logging_mixin.py:190} INFO - [2024-12-09T05:14:23.600+0000] {dag.py:4180} INFO - Setting next_dagrun for example_subdag_operator.section-2 to None, run_after=None
[2024-12-09T05:14:23.607+0000] {processor.py:208} INFO - Processing /home/airflow/.local/lib/python3.12/site-packages/airflow/example_dags/example_subdag_operator.py took 0.055 seconds
[2024-12-09T05:14:54.207+0000] {processor.py:186} INFO - Started process (PID=842) to work on /home/airflow/.local/lib/python3.12/site-packages/airflow/example_dags/example_subdag_operator.py
[2024-12-09T05:14:54.207+0000] {processor.py:914} INFO - Processing file /home/airflow/.local/lib/python3.12/site-packages/airflow/example_dags/example_subdag_operator.py for tasks to queue
[2024-12-09T05:14:54.209+0000] {logging_mixin.py:190} INFO - [2024-12-09T05:14:54.208+0000] {dagbag.py:588} INFO - Filling up the DagBag from /home/airflow/.local/lib/python3.12/site-packages/airflow/example_dags/example_subdag_operator.py
[2024-12-09T05:14:54.222+0000] {processor.py:925} INFO - DAG(s) 'example_subdag_operator.section-1', 'example_subdag_operator.section-2', 'example_subdag_operator' retrieved from /home/airflow/.local/lib/python3.12/site-packages/airflow/example_dags/example_subdag_operator.py
[2024-12-09T05:14:54.230+0000] {logging_mixin.py:190} INFO - [2024-12-09T05:14:54.230+0000] {dag.py:3239} INFO - Sync 3 DAGs
[2024-12-09T05:14:54.243+0000] {logging_mixin.py:190} INFO - [2024-12-09T05:14:54.243+0000] {dag.py:4180} INFO - Setting next_dagrun for example_subdag_operator to 2022-01-01 00:00:00+00:00, run_after=2022-01-01 00:00:00+00:00
[2024-12-09T05:14:54.245+0000] {logging_mixin.py:190} INFO - [2024-12-09T05:14:54.245+0000] {dag.py:4180} INFO - Setting next_dagrun for example_subdag_operator.section-1 to None, run_after=None
[2024-12-09T05:14:54.246+0000] {logging_mixin.py:190} INFO - [2024-12-09T05:14:54.246+0000] {dag.py:4180} INFO - Setting next_dagrun for example_subdag_operator.section-2 to None, run_after=None
[2024-12-09T05:14:54.250+0000] {logging_mixin.py:190} INFO - [2024-12-09T05:14:54.250+0000] {dag.py:3239} INFO - Sync 2 DAGs
[2024-12-09T05:14:54.253+0000] {logging_mixin.py:190} INFO - [2024-12-09T05:14:54.252+0000] {dag.py:4180} INFO - Setting next_dagrun for example_subdag_operator.section-1 to None, run_after=None
[2024-12-09T05:14:54.253+0000] {logging_mixin.py:190} INFO - [2024-12-09T05:14:54.253+0000] {dag.py:4180} INFO - Setting next_dagrun for example_subdag_operator.section-2 to None, run_after=None
[2024-12-09T05:14:54.259+0000] {processor.py:208} INFO - Processing /home/airflow/.local/lib/python3.12/site-packages/airflow/example_dags/example_subdag_operator.py took 0.056 seconds
[2024-12-09T05:15:24.789+0000] {processor.py:186} INFO - Started process (PID=905) to work on /home/airflow/.local/lib/python3.12/site-packages/airflow/example_dags/example_subdag_operator.py
[2024-12-09T05:15:24.790+0000] {processor.py:914} INFO - Processing file /home/airflow/.local/lib/python3.12/site-packages/airflow/example_dags/example_subdag_operator.py for tasks to queue
[2024-12-09T05:15:24.791+0000] {logging_mixin.py:190} INFO - [2024-12-09T05:15:24.791+0000] {dagbag.py:588} INFO - Filling up the DagBag from /home/airflow/.local/lib/python3.12/site-packages/airflow/example_dags/example_subdag_operator.py
[2024-12-09T05:15:24.804+0000] {processor.py:925} INFO - DAG(s) 'example_subdag_operator.section-1', 'example_subdag_operator.section-2', 'example_subdag_operator' retrieved from /home/airflow/.local/lib/python3.12/site-packages/airflow/example_dags/example_subdag_operator.py
[2024-12-09T05:15:24.812+0000] {logging_mixin.py:190} INFO - [2024-12-09T05:15:24.812+0000] {dag.py:3239} INFO - Sync 3 DAGs
[2024-12-09T05:15:24.826+0000] {logging_mixin.py:190} INFO - [2024-12-09T05:15:24.826+0000] {dag.py:4180} INFO - Setting next_dagrun for example_subdag_operator to 2022-01-01 00:00:00+00:00, run_after=2022-01-01 00:00:00+00:00
[2024-12-09T05:15:24.828+0000] {logging_mixin.py:190} INFO - [2024-12-09T05:15:24.828+0000] {dag.py:4180} INFO - Setting next_dagrun for example_subdag_operator.section-1 to None, run_after=None
[2024-12-09T05:15:24.829+0000] {logging_mixin.py:190} INFO - [2024-12-09T05:15:24.829+0000] {dag.py:4180} INFO - Setting next_dagrun for example_subdag_operator.section-2 to None, run_after=None
[2024-12-09T05:15:24.833+0000] {logging_mixin.py:190} INFO - [2024-12-09T05:15:24.833+0000] {dag.py:3239} INFO - Sync 2 DAGs
[2024-12-09T05:15:24.836+0000] {logging_mixin.py:190} INFO - [2024-12-09T05:15:24.835+0000] {dag.py:4180} INFO - Setting next_dagrun for example_subdag_operator.section-1 to None, run_after=None
[2024-12-09T05:15:24.836+0000] {logging_mixin.py:190} INFO - [2024-12-09T05:15:24.836+0000] {dag.py:4180} INFO - Setting next_dagrun for example_subdag_operator.section-2 to None, run_after=None
[2024-12-09T05:15:24.842+0000] {processor.py:208} INFO - Processing /home/airflow/.local/lib/python3.12/site-packages/airflow/example_dags/example_subdag_operator.py took 0.056 seconds
[2024-12-09T05:15:55.375+0000] {processor.py:186} INFO - Started process (PID=967) to work on /home/airflow/.local/lib/python3.12/site-packages/airflow/example_dags/example_subdag_operator.py
[2024-12-09T05:15:55.375+0000] {processor.py:914} INFO - Processing file /home/airflow/.local/lib/python3.12/site-packages/airflow/example_dags/example_subdag_operator.py for tasks to queue
[2024-12-09T05:15:55.377+0000] {logging_mixin.py:190} INFO - [2024-12-09T05:15:55.377+0000] {dagbag.py:588} INFO - Filling up the DagBag from /home/airflow/.local/lib/python3.12/site-packages/airflow/example_dags/example_subdag_operator.py
[2024-12-09T05:15:55.390+0000] {processor.py:925} INFO - DAG(s) 'example_subdag_operator.section-1', 'example_subdag_operator.section-2', 'example_subdag_operator' retrieved from /home/airflow/.local/lib/python3.12/site-packages/airflow/example_dags/example_subdag_operator.py
[2024-12-09T05:15:55.398+0000] {logging_mixin.py:190} INFO - [2024-12-09T05:15:55.398+0000] {dag.py:3239} INFO - Sync 3 DAGs
[2024-12-09T05:15:55.410+0000] {logging_mixin.py:190} INFO - [2024-12-09T05:15:55.410+0000] {dag.py:4180} INFO - Setting next_dagrun for example_subdag_operator to 2022-01-01 00:00:00+00:00, run_after=2022-01-01 00:00:00+00:00
[2024-12-09T05:15:55.413+0000] {logging_mixin.py:190} INFO - [2024-12-09T05:15:55.412+0000] {dag.py:4180} INFO - Setting next_dagrun for example_subdag_operator.section-1 to None, run_after=None
[2024-12-09T05:15:55.413+0000] {logging_mixin.py:190} INFO - [2024-12-09T05:15:55.413+0000] {dag.py:4180} INFO - Setting next_dagrun for example_subdag_operator.section-2 to None, run_after=None
[2024-12-09T05:15:55.417+0000] {logging_mixin.py:190} INFO - [2024-12-09T05:15:55.417+0000] {dag.py:3239} INFO - Sync 2 DAGs
[2024-12-09T05:15:55.420+0000] {logging_mixin.py:190} INFO - [2024-12-09T05:15:55.420+0000] {dag.py:4180} INFO - Setting next_dagrun for example_subdag_operator.section-1 to None, run_after=None
[2024-12-09T05:15:55.420+0000] {logging_mixin.py:190} INFO - [2024-12-09T05:15:55.420+0000] {dag.py:4180} INFO - Setting next_dagrun for example_subdag_operator.section-2 to None, run_after=None
[2024-12-09T05:15:55.428+0000] {processor.py:208} INFO - Processing /home/airflow/.local/lib/python3.12/site-packages/airflow/example_dags/example_subdag_operator.py took 0.057 seconds
[2024-12-09T05:16:26.040+0000] {processor.py:186} INFO - Started process (PID=1030) to work on /home/airflow/.local/lib/python3.12/site-packages/airflow/example_dags/example_subdag_operator.py
[2024-12-09T05:16:26.040+0000] {processor.py:914} INFO - Processing file /home/airflow/.local/lib/python3.12/site-packages/airflow/example_dags/example_subdag_operator.py for tasks to queue
[2024-12-09T05:16:26.042+0000] {logging_mixin.py:190} INFO - [2024-12-09T05:16:26.042+0000] {dagbag.py:588} INFO - Filling up the DagBag from /home/airflow/.local/lib/python3.12/site-packages/airflow/example_dags/example_subdag_operator.py
[2024-12-09T05:16:26.055+0000] {processor.py:925} INFO - DAG(s) 'example_subdag_operator.section-1', 'example_subdag_operator.section-2', 'example_subdag_operator' retrieved from /home/airflow/.local/lib/python3.12/site-packages/airflow/example_dags/example_subdag_operator.py
[2024-12-09T05:16:26.063+0000] {logging_mixin.py:190} INFO - [2024-12-09T05:16:26.063+0000] {dag.py:3239} INFO - Sync 3 DAGs
[2024-12-09T05:16:26.075+0000] {logging_mixin.py:190} INFO - [2024-12-09T05:16:26.075+0000] {dag.py:4180} INFO - Setting next_dagrun for example_subdag_operator to 2022-01-01 00:00:00+00:00, run_after=2022-01-01 00:00:00+00:00
[2024-12-09T05:16:26.077+0000] {logging_mixin.py:190} INFO - [2024-12-09T05:16:26.077+0000] {dag.py:4180} INFO - Setting next_dagrun for example_subdag_operator.section-1 to None, run_after=None
[2024-12-09T05:16:26.077+0000] {logging_mixin.py:190} INFO - [2024-12-09T05:16:26.077+0000] {dag.py:4180} INFO - Setting next_dagrun for example_subdag_operator.section-2 to None, run_after=None
[2024-12-09T05:16:26.081+0000] {logging_mixin.py:190} INFO - [2024-12-09T05:16:26.081+0000] {dag.py:3239} INFO - Sync 2 DAGs
[2024-12-09T05:16:26.083+0000] {logging_mixin.py:190} INFO - [2024-12-09T05:16:26.083+0000] {dag.py:4180} INFO - Setting next_dagrun for example_subdag_operator.section-1 to None, run_after=None
[2024-12-09T05:16:26.084+0000] {logging_mixin.py:190} INFO - [2024-12-09T05:16:26.084+0000] {dag.py:4180} INFO - Setting next_dagrun for example_subdag_operator.section-2 to None, run_after=None
[2024-12-09T05:16:26.089+0000] {processor.py:208} INFO - Processing /home/airflow/.local/lib/python3.12/site-packages/airflow/example_dags/example_subdag_operator.py took 0.053 seconds
[2024-12-09T05:16:57.017+0000] {processor.py:186} INFO - Started process (PID=1094) to work on /home/airflow/.local/lib/python3.12/site-packages/airflow/example_dags/example_subdag_operator.py
[2024-12-09T05:16:57.017+0000] {processor.py:914} INFO - Processing file /home/airflow/.local/lib/python3.12/site-packages/airflow/example_dags/example_subdag_operator.py for tasks to queue
[2024-12-09T05:16:57.019+0000] {logging_mixin.py:190} INFO - [2024-12-09T05:16:57.018+0000] {dagbag.py:588} INFO - Filling up the DagBag from /home/airflow/.local/lib/python3.12/site-packages/airflow/example_dags/example_subdag_operator.py
[2024-12-09T05:16:57.032+0000] {processor.py:925} INFO - DAG(s) 'example_subdag_operator.section-1', 'example_subdag_operator.section-2', 'example_subdag_operator' retrieved from /home/airflow/.local/lib/python3.12/site-packages/airflow/example_dags/example_subdag_operator.py
[2024-12-09T05:16:57.040+0000] {logging_mixin.py:190} INFO - [2024-12-09T05:16:57.040+0000] {dag.py:3239} INFO - Sync 3 DAGs
[2024-12-09T05:16:57.052+0000] {logging_mixin.py:190} INFO - [2024-12-09T05:16:57.052+0000] {dag.py:4180} INFO - Setting next_dagrun for example_subdag_operator to 2022-01-01 00:00:00+00:00, run_after=2022-01-01 00:00:00+00:00
[2024-12-09T05:16:57.054+0000] {logging_mixin.py:190} INFO - [2024-12-09T05:16:57.054+0000] {dag.py:4180} INFO - Setting next_dagrun for example_subdag_operator.section-1 to None, run_after=None
[2024-12-09T05:16:57.055+0000] {logging_mixin.py:190} INFO - [2024-12-09T05:16:57.055+0000] {dag.py:4180} INFO - Setting next_dagrun for example_subdag_operator.section-2 to None, run_after=None
[2024-12-09T05:16:57.058+0000] {logging_mixin.py:190} INFO - [2024-12-09T05:16:57.058+0000] {dag.py:3239} INFO - Sync 2 DAGs
[2024-12-09T05:16:57.061+0000] {logging_mixin.py:190} INFO - [2024-12-09T05:16:57.061+0000] {dag.py:4180} INFO - Setting next_dagrun for example_subdag_operator.section-1 to None, run_after=None
[2024-12-09T05:16:57.061+0000] {logging_mixin.py:190} INFO - [2024-12-09T05:16:57.061+0000] {dag.py:4180} INFO - Setting next_dagrun for example_subdag_operator.section-2 to None, run_after=None
[2024-12-09T05:16:57.066+0000] {processor.py:208} INFO - Processing /home/airflow/.local/lib/python3.12/site-packages/airflow/example_dags/example_subdag_operator.py took 0.053 seconds
