[2024-12-09T05:09:17.058+0000] {processor.py:186} INFO - Started process (PID=146) to work on /home/airflow/.local/lib/python3.12/site-packages/airflow/example_dags/example_external_task_marker_dag.py
[2024-12-09T05:09:17.058+0000] {processor.py:914} INFO - Processing file /home/airflow/.local/lib/python3.12/site-packages/airflow/example_dags/example_external_task_marker_dag.py for tasks to queue
[2024-12-09T05:09:17.059+0000] {logging_mixin.py:190} INFO - [2024-12-09T05:09:17.059+0000] {dagbag.py:588} INFO - Filling up the DagBag from /home/airflow/.local/lib/python3.12/site-packages/airflow/example_dags/example_external_task_marker_dag.py
[2024-12-09T05:09:17.064+0000] {processor.py:925} INFO - DAG(s) 'example_external_task_marker_child', 'example_external_task_marker_parent' retrieved from /home/airflow/.local/lib/python3.12/site-packages/airflow/example_dags/example_external_task_marker_dag.py
[2024-12-09T05:09:17.075+0000] {logging_mixin.py:190} INFO - [2024-12-09T05:09:17.075+0000] {dag.py:3239} INFO - Sync 2 DAGs
[2024-12-09T05:09:17.083+0000] {logging_mixin.py:190} INFO - [2024-12-09T05:09:17.083+0000] {dag.py:4180} INFO - Setting next_dagrun for example_external_task_marker_child to None, run_after=None
[2024-12-09T05:09:17.085+0000] {logging_mixin.py:190} INFO - [2024-12-09T05:09:17.085+0000] {dag.py:4180} INFO - Setting next_dagrun for example_external_task_marker_parent to None, run_after=None
[2024-12-09T05:09:17.094+0000] {processor.py:208} INFO - Processing /home/airflow/.local/lib/python3.12/site-packages/airflow/example_dags/example_external_task_marker_dag.py took 0.040 seconds
[2024-12-09T05:09:47.727+0000] {processor.py:186} INFO - Started process (PID=209) to work on /home/airflow/.local/lib/python3.12/site-packages/airflow/example_dags/example_external_task_marker_dag.py
[2024-12-09T05:09:47.727+0000] {processor.py:914} INFO - Processing file /home/airflow/.local/lib/python3.12/site-packages/airflow/example_dags/example_external_task_marker_dag.py for tasks to queue
[2024-12-09T05:09:47.728+0000] {logging_mixin.py:190} INFO - [2024-12-09T05:09:47.728+0000] {dagbag.py:588} INFO - Filling up the DagBag from /home/airflow/.local/lib/python3.12/site-packages/airflow/example_dags/example_external_task_marker_dag.py
[2024-12-09T05:09:47.733+0000] {processor.py:925} INFO - DAG(s) 'example_external_task_marker_child', 'example_external_task_marker_parent' retrieved from /home/airflow/.local/lib/python3.12/site-packages/airflow/example_dags/example_external_task_marker_dag.py
[2024-12-09T05:09:47.744+0000] {logging_mixin.py:190} INFO - [2024-12-09T05:09:47.744+0000] {dag.py:3239} INFO - Sync 2 DAGs
[2024-12-09T05:09:47.752+0000] {logging_mixin.py:190} INFO - [2024-12-09T05:09:47.752+0000] {dag.py:4180} INFO - Setting next_dagrun for example_external_task_marker_child to None, run_after=None
[2024-12-09T05:09:47.754+0000] {logging_mixin.py:190} INFO - [2024-12-09T05:09:47.754+0000] {dag.py:4180} INFO - Setting next_dagrun for example_external_task_marker_parent to None, run_after=None
[2024-12-09T05:09:47.762+0000] {processor.py:208} INFO - Processing /home/airflow/.local/lib/python3.12/site-packages/airflow/example_dags/example_external_task_marker_dag.py took 0.038 seconds
[2024-12-09T05:10:18.351+0000] {processor.py:186} INFO - Started process (PID=272) to work on /home/airflow/.local/lib/python3.12/site-packages/airflow/example_dags/example_external_task_marker_dag.py
[2024-12-09T05:10:18.351+0000] {processor.py:914} INFO - Processing file /home/airflow/.local/lib/python3.12/site-packages/airflow/example_dags/example_external_task_marker_dag.py for tasks to queue
[2024-12-09T05:10:18.353+0000] {logging_mixin.py:190} INFO - [2024-12-09T05:10:18.352+0000] {dagbag.py:588} INFO - Filling up the DagBag from /home/airflow/.local/lib/python3.12/site-packages/airflow/example_dags/example_external_task_marker_dag.py
[2024-12-09T05:10:18.357+0000] {processor.py:925} INFO - DAG(s) 'example_external_task_marker_parent', 'example_external_task_marker_child' retrieved from /home/airflow/.local/lib/python3.12/site-packages/airflow/example_dags/example_external_task_marker_dag.py
[2024-12-09T05:10:18.369+0000] {logging_mixin.py:190} INFO - [2024-12-09T05:10:18.369+0000] {dag.py:3239} INFO - Sync 2 DAGs
[2024-12-09T05:10:18.377+0000] {logging_mixin.py:190} INFO - [2024-12-09T05:10:18.376+0000] {dag.py:4180} INFO - Setting next_dagrun for example_external_task_marker_child to None, run_after=None
[2024-12-09T05:10:18.379+0000] {logging_mixin.py:190} INFO - [2024-12-09T05:10:18.379+0000] {dag.py:4180} INFO - Setting next_dagrun for example_external_task_marker_parent to None, run_after=None
[2024-12-09T05:10:18.387+0000] {processor.py:208} INFO - Processing /home/airflow/.local/lib/python3.12/site-packages/airflow/example_dags/example_external_task_marker_dag.py took 0.040 seconds
[2024-12-09T05:10:49.030+0000] {processor.py:186} INFO - Started process (PID=335) to work on /home/airflow/.local/lib/python3.12/site-packages/airflow/example_dags/example_external_task_marker_dag.py
[2024-12-09T05:10:49.030+0000] {processor.py:914} INFO - Processing file /home/airflow/.local/lib/python3.12/site-packages/airflow/example_dags/example_external_task_marker_dag.py for tasks to queue
[2024-12-09T05:10:49.032+0000] {logging_mixin.py:190} INFO - [2024-12-09T05:10:49.031+0000] {dagbag.py:588} INFO - Filling up the DagBag from /home/airflow/.local/lib/python3.12/site-packages/airflow/example_dags/example_external_task_marker_dag.py
[2024-12-09T05:10:49.036+0000] {processor.py:925} INFO - DAG(s) 'example_external_task_marker_parent', 'example_external_task_marker_child' retrieved from /home/airflow/.local/lib/python3.12/site-packages/airflow/example_dags/example_external_task_marker_dag.py
[2024-12-09T05:10:49.048+0000] {logging_mixin.py:190} INFO - [2024-12-09T05:10:49.048+0000] {dag.py:3239} INFO - Sync 2 DAGs
[2024-12-09T05:10:49.056+0000] {logging_mixin.py:190} INFO - [2024-12-09T05:10:49.055+0000] {dag.py:4180} INFO - Setting next_dagrun for example_external_task_marker_child to None, run_after=None
[2024-12-09T05:10:49.058+0000] {logging_mixin.py:190} INFO - [2024-12-09T05:10:49.057+0000] {dag.py:4180} INFO - Setting next_dagrun for example_external_task_marker_parent to None, run_after=None
[2024-12-09T05:10:49.066+0000] {processor.py:208} INFO - Processing /home/airflow/.local/lib/python3.12/site-packages/airflow/example_dags/example_external_task_marker_dag.py took 0.039 seconds
[2024-12-09T05:11:19.663+0000] {processor.py:186} INFO - Started process (PID=398) to work on /home/airflow/.local/lib/python3.12/site-packages/airflow/example_dags/example_external_task_marker_dag.py
[2024-12-09T05:11:19.663+0000] {processor.py:914} INFO - Processing file /home/airflow/.local/lib/python3.12/site-packages/airflow/example_dags/example_external_task_marker_dag.py for tasks to queue
[2024-12-09T05:11:19.665+0000] {logging_mixin.py:190} INFO - [2024-12-09T05:11:19.665+0000] {dagbag.py:588} INFO - Filling up the DagBag from /home/airflow/.local/lib/python3.12/site-packages/airflow/example_dags/example_external_task_marker_dag.py
[2024-12-09T05:11:19.670+0000] {processor.py:925} INFO - DAG(s) 'example_external_task_marker_child', 'example_external_task_marker_parent' retrieved from /home/airflow/.local/lib/python3.12/site-packages/airflow/example_dags/example_external_task_marker_dag.py
[2024-12-09T05:11:19.683+0000] {logging_mixin.py:190} INFO - [2024-12-09T05:11:19.683+0000] {dag.py:3239} INFO - Sync 2 DAGs
[2024-12-09T05:11:19.692+0000] {logging_mixin.py:190} INFO - [2024-12-09T05:11:19.692+0000] {dag.py:4180} INFO - Setting next_dagrun for example_external_task_marker_child to None, run_after=None
[2024-12-09T05:11:19.694+0000] {logging_mixin.py:190} INFO - [2024-12-09T05:11:19.694+0000] {dag.py:4180} INFO - Setting next_dagrun for example_external_task_marker_parent to None, run_after=None
[2024-12-09T05:11:19.704+0000] {processor.py:208} INFO - Processing /home/airflow/.local/lib/python3.12/site-packages/airflow/example_dags/example_external_task_marker_dag.py took 0.045 seconds
[2024-12-09T05:11:50.323+0000] {processor.py:186} INFO - Started process (PID=460) to work on /home/airflow/.local/lib/python3.12/site-packages/airflow/example_dags/example_external_task_marker_dag.py
[2024-12-09T05:11:50.323+0000] {processor.py:914} INFO - Processing file /home/airflow/.local/lib/python3.12/site-packages/airflow/example_dags/example_external_task_marker_dag.py for tasks to queue
[2024-12-09T05:11:50.325+0000] {logging_mixin.py:190} INFO - [2024-12-09T05:11:50.324+0000] {dagbag.py:588} INFO - Filling up the DagBag from /home/airflow/.local/lib/python3.12/site-packages/airflow/example_dags/example_external_task_marker_dag.py
[2024-12-09T05:11:50.329+0000] {processor.py:925} INFO - DAG(s) 'example_external_task_marker_parent', 'example_external_task_marker_child' retrieved from /home/airflow/.local/lib/python3.12/site-packages/airflow/example_dags/example_external_task_marker_dag.py
[2024-12-09T05:11:50.340+0000] {logging_mixin.py:190} INFO - [2024-12-09T05:11:50.340+0000] {dag.py:3239} INFO - Sync 2 DAGs
[2024-12-09T05:11:50.348+0000] {logging_mixin.py:190} INFO - [2024-12-09T05:11:50.348+0000] {dag.py:4180} INFO - Setting next_dagrun for example_external_task_marker_child to None, run_after=None
[2024-12-09T05:11:50.350+0000] {logging_mixin.py:190} INFO - [2024-12-09T05:11:50.350+0000] {dag.py:4180} INFO - Setting next_dagrun for example_external_task_marker_parent to None, run_after=None
[2024-12-09T05:11:50.361+0000] {processor.py:208} INFO - Processing /home/airflow/.local/lib/python3.12/site-packages/airflow/example_dags/example_external_task_marker_dag.py took 0.041 seconds
[2024-12-09T05:12:20.979+0000] {processor.py:186} INFO - Started process (PID=524) to work on /home/airflow/.local/lib/python3.12/site-packages/airflow/example_dags/example_external_task_marker_dag.py
[2024-12-09T05:12:20.980+0000] {processor.py:914} INFO - Processing file /home/airflow/.local/lib/python3.12/site-packages/airflow/example_dags/example_external_task_marker_dag.py for tasks to queue
[2024-12-09T05:12:20.981+0000] {logging_mixin.py:190} INFO - [2024-12-09T05:12:20.981+0000] {dagbag.py:588} INFO - Filling up the DagBag from /home/airflow/.local/lib/python3.12/site-packages/airflow/example_dags/example_external_task_marker_dag.py
[2024-12-09T05:12:20.986+0000] {processor.py:925} INFO - DAG(s) 'example_external_task_marker_child', 'example_external_task_marker_parent' retrieved from /home/airflow/.local/lib/python3.12/site-packages/airflow/example_dags/example_external_task_marker_dag.py
[2024-12-09T05:12:20.999+0000] {logging_mixin.py:190} INFO - [2024-12-09T05:12:20.999+0000] {dag.py:3239} INFO - Sync 2 DAGs
[2024-12-09T05:12:21.007+0000] {logging_mixin.py:190} INFO - [2024-12-09T05:12:21.007+0000] {dag.py:4180} INFO - Setting next_dagrun for example_external_task_marker_child to None, run_after=None
[2024-12-09T05:12:21.009+0000] {logging_mixin.py:190} INFO - [2024-12-09T05:12:21.009+0000] {dag.py:4180} INFO - Setting next_dagrun for example_external_task_marker_parent to None, run_after=None
[2024-12-09T05:12:21.018+0000] {processor.py:208} INFO - Processing /home/airflow/.local/lib/python3.12/site-packages/airflow/example_dags/example_external_task_marker_dag.py took 0.042 seconds
[2024-12-09T05:12:51.600+0000] {processor.py:186} INFO - Started process (PID=588) to work on /home/airflow/.local/lib/python3.12/site-packages/airflow/example_dags/example_external_task_marker_dag.py
[2024-12-09T05:12:51.600+0000] {processor.py:914} INFO - Processing file /home/airflow/.local/lib/python3.12/site-packages/airflow/example_dags/example_external_task_marker_dag.py for tasks to queue
[2024-12-09T05:12:51.602+0000] {logging_mixin.py:190} INFO - [2024-12-09T05:12:51.602+0000] {dagbag.py:588} INFO - Filling up the DagBag from /home/airflow/.local/lib/python3.12/site-packages/airflow/example_dags/example_external_task_marker_dag.py
[2024-12-09T05:12:51.606+0000] {processor.py:925} INFO - DAG(s) 'example_external_task_marker_parent', 'example_external_task_marker_child' retrieved from /home/airflow/.local/lib/python3.12/site-packages/airflow/example_dags/example_external_task_marker_dag.py
[2024-12-09T05:12:51.618+0000] {logging_mixin.py:190} INFO - [2024-12-09T05:12:51.618+0000] {dag.py:3239} INFO - Sync 2 DAGs
[2024-12-09T05:12:51.626+0000] {logging_mixin.py:190} INFO - [2024-12-09T05:12:51.626+0000] {dag.py:4180} INFO - Setting next_dagrun for example_external_task_marker_child to None, run_after=None
[2024-12-09T05:12:51.628+0000] {logging_mixin.py:190} INFO - [2024-12-09T05:12:51.628+0000] {dag.py:4180} INFO - Setting next_dagrun for example_external_task_marker_parent to None, run_after=None
[2024-12-09T05:12:51.636+0000] {processor.py:208} INFO - Processing /home/airflow/.local/lib/python3.12/site-packages/airflow/example_dags/example_external_task_marker_dag.py took 0.040 seconds
[2024-12-09T05:13:22.300+0000] {processor.py:186} INFO - Started process (PID=651) to work on /home/airflow/.local/lib/python3.12/site-packages/airflow/example_dags/example_external_task_marker_dag.py
[2024-12-09T05:13:22.302+0000] {processor.py:914} INFO - Processing file /home/airflow/.local/lib/python3.12/site-packages/airflow/example_dags/example_external_task_marker_dag.py for tasks to queue
[2024-12-09T05:13:22.303+0000] {logging_mixin.py:190} INFO - [2024-12-09T05:13:22.303+0000] {dagbag.py:588} INFO - Filling up the DagBag from /home/airflow/.local/lib/python3.12/site-packages/airflow/example_dags/example_external_task_marker_dag.py
[2024-12-09T05:13:22.308+0000] {processor.py:925} INFO - DAG(s) 'example_external_task_marker_parent', 'example_external_task_marker_child' retrieved from /home/airflow/.local/lib/python3.12/site-packages/airflow/example_dags/example_external_task_marker_dag.py
[2024-12-09T05:13:22.321+0000] {logging_mixin.py:190} INFO - [2024-12-09T05:13:22.321+0000] {dag.py:3239} INFO - Sync 2 DAGs
[2024-12-09T05:13:22.330+0000] {logging_mixin.py:190} INFO - [2024-12-09T05:13:22.330+0000] {dag.py:4180} INFO - Setting next_dagrun for example_external_task_marker_child to None, run_after=None
[2024-12-09T05:13:22.332+0000] {logging_mixin.py:190} INFO - [2024-12-09T05:13:22.332+0000] {dag.py:4180} INFO - Setting next_dagrun for example_external_task_marker_parent to None, run_after=None
[2024-12-09T05:13:22.341+0000] {processor.py:208} INFO - Processing /home/airflow/.local/lib/python3.12/site-packages/airflow/example_dags/example_external_task_marker_dag.py took 0.045 seconds
[2024-12-09T05:13:52.867+0000] {processor.py:186} INFO - Started process (PID=714) to work on /home/airflow/.local/lib/python3.12/site-packages/airflow/example_dags/example_external_task_marker_dag.py
[2024-12-09T05:13:52.867+0000] {processor.py:914} INFO - Processing file /home/airflow/.local/lib/python3.12/site-packages/airflow/example_dags/example_external_task_marker_dag.py for tasks to queue
[2024-12-09T05:13:52.868+0000] {logging_mixin.py:190} INFO - [2024-12-09T05:13:52.868+0000] {dagbag.py:588} INFO - Filling up the DagBag from /home/airflow/.local/lib/python3.12/site-packages/airflow/example_dags/example_external_task_marker_dag.py
[2024-12-09T05:13:52.873+0000] {processor.py:925} INFO - DAG(s) 'example_external_task_marker_child', 'example_external_task_marker_parent' retrieved from /home/airflow/.local/lib/python3.12/site-packages/airflow/example_dags/example_external_task_marker_dag.py
[2024-12-09T05:13:52.885+0000] {logging_mixin.py:190} INFO - [2024-12-09T05:13:52.885+0000] {dag.py:3239} INFO - Sync 2 DAGs
[2024-12-09T05:13:52.894+0000] {logging_mixin.py:190} INFO - [2024-12-09T05:13:52.894+0000] {dag.py:4180} INFO - Setting next_dagrun for example_external_task_marker_child to None, run_after=None
[2024-12-09T05:13:52.897+0000] {logging_mixin.py:190} INFO - [2024-12-09T05:13:52.896+0000] {dag.py:4180} INFO - Setting next_dagrun for example_external_task_marker_parent to None, run_after=None
[2024-12-09T05:13:52.905+0000] {processor.py:208} INFO - Processing /home/airflow/.local/lib/python3.12/site-packages/airflow/example_dags/example_external_task_marker_dag.py took 0.042 seconds
[2024-12-09T05:14:23.438+0000] {processor.py:186} INFO - Started process (PID=777) to work on /home/airflow/.local/lib/python3.12/site-packages/airflow/example_dags/example_external_task_marker_dag.py
[2024-12-09T05:14:23.438+0000] {processor.py:914} INFO - Processing file /home/airflow/.local/lib/python3.12/site-packages/airflow/example_dags/example_external_task_marker_dag.py for tasks to queue
[2024-12-09T05:14:23.440+0000] {logging_mixin.py:190} INFO - [2024-12-09T05:14:23.440+0000] {dagbag.py:588} INFO - Filling up the DagBag from /home/airflow/.local/lib/python3.12/site-packages/airflow/example_dags/example_external_task_marker_dag.py
[2024-12-09T05:14:23.444+0000] {processor.py:925} INFO - DAG(s) 'example_external_task_marker_child', 'example_external_task_marker_parent' retrieved from /home/airflow/.local/lib/python3.12/site-packages/airflow/example_dags/example_external_task_marker_dag.py
[2024-12-09T05:14:23.457+0000] {logging_mixin.py:190} INFO - [2024-12-09T05:14:23.457+0000] {dag.py:3239} INFO - Sync 2 DAGs
[2024-12-09T05:14:23.465+0000] {logging_mixin.py:190} INFO - [2024-12-09T05:14:23.465+0000] {dag.py:4180} INFO - Setting next_dagrun for example_external_task_marker_child to None, run_after=None
[2024-12-09T05:14:23.468+0000] {logging_mixin.py:190} INFO - [2024-12-09T05:14:23.468+0000] {dag.py:4180} INFO - Setting next_dagrun for example_external_task_marker_parent to None, run_after=None
[2024-12-09T05:14:23.477+0000] {processor.py:208} INFO - Processing /home/airflow/.local/lib/python3.12/site-packages/airflow/example_dags/example_external_task_marker_dag.py took 0.042 seconds
[2024-12-09T05:14:54.092+0000] {processor.py:186} INFO - Started process (PID=840) to work on /home/airflow/.local/lib/python3.12/site-packages/airflow/example_dags/example_external_task_marker_dag.py
[2024-12-09T05:14:54.092+0000] {processor.py:914} INFO - Processing file /home/airflow/.local/lib/python3.12/site-packages/airflow/example_dags/example_external_task_marker_dag.py for tasks to queue
[2024-12-09T05:14:54.094+0000] {logging_mixin.py:190} INFO - [2024-12-09T05:14:54.093+0000] {dagbag.py:588} INFO - Filling up the DagBag from /home/airflow/.local/lib/python3.12/site-packages/airflow/example_dags/example_external_task_marker_dag.py
[2024-12-09T05:14:54.098+0000] {processor.py:925} INFO - DAG(s) 'example_external_task_marker_parent', 'example_external_task_marker_child' retrieved from /home/airflow/.local/lib/python3.12/site-packages/airflow/example_dags/example_external_task_marker_dag.py
[2024-12-09T05:14:54.110+0000] {logging_mixin.py:190} INFO - [2024-12-09T05:14:54.110+0000] {dag.py:3239} INFO - Sync 2 DAGs
[2024-12-09T05:14:54.118+0000] {logging_mixin.py:190} INFO - [2024-12-09T05:14:54.118+0000] {dag.py:4180} INFO - Setting next_dagrun for example_external_task_marker_child to None, run_after=None
[2024-12-09T05:14:54.120+0000] {logging_mixin.py:190} INFO - [2024-12-09T05:14:54.120+0000] {dag.py:4180} INFO - Setting next_dagrun for example_external_task_marker_parent to None, run_after=None
[2024-12-09T05:14:54.129+0000] {processor.py:208} INFO - Processing /home/airflow/.local/lib/python3.12/site-packages/airflow/example_dags/example_external_task_marker_dag.py took 0.041 seconds
[2024-12-09T05:15:24.674+0000] {processor.py:186} INFO - Started process (PID=902) to work on /home/airflow/.local/lib/python3.12/site-packages/airflow/example_dags/example_external_task_marker_dag.py
[2024-12-09T05:15:24.675+0000] {processor.py:914} INFO - Processing file /home/airflow/.local/lib/python3.12/site-packages/airflow/example_dags/example_external_task_marker_dag.py for tasks to queue
[2024-12-09T05:15:24.676+0000] {logging_mixin.py:190} INFO - [2024-12-09T05:15:24.676+0000] {dagbag.py:588} INFO - Filling up the DagBag from /home/airflow/.local/lib/python3.12/site-packages/airflow/example_dags/example_external_task_marker_dag.py
[2024-12-09T05:15:24.680+0000] {processor.py:925} INFO - DAG(s) 'example_external_task_marker_parent', 'example_external_task_marker_child' retrieved from /home/airflow/.local/lib/python3.12/site-packages/airflow/example_dags/example_external_task_marker_dag.py
[2024-12-09T05:15:24.692+0000] {logging_mixin.py:190} INFO - [2024-12-09T05:15:24.692+0000] {dag.py:3239} INFO - Sync 2 DAGs
[2024-12-09T05:15:24.700+0000] {logging_mixin.py:190} INFO - [2024-12-09T05:15:24.700+0000] {dag.py:4180} INFO - Setting next_dagrun for example_external_task_marker_child to None, run_after=None
[2024-12-09T05:15:24.703+0000] {logging_mixin.py:190} INFO - [2024-12-09T05:15:24.702+0000] {dag.py:4180} INFO - Setting next_dagrun for example_external_task_marker_parent to None, run_after=None
[2024-12-09T05:15:24.711+0000] {processor.py:208} INFO - Processing /home/airflow/.local/lib/python3.12/site-packages/airflow/example_dags/example_external_task_marker_dag.py took 0.040 seconds
[2024-12-09T05:15:55.322+0000] {processor.py:186} INFO - Started process (PID=965) to work on /home/airflow/.local/lib/python3.12/site-packages/airflow/example_dags/example_external_task_marker_dag.py
[2024-12-09T05:15:55.323+0000] {processor.py:914} INFO - Processing file /home/airflow/.local/lib/python3.12/site-packages/airflow/example_dags/example_external_task_marker_dag.py for tasks to queue
[2024-12-09T05:15:55.324+0000] {logging_mixin.py:190} INFO - [2024-12-09T05:15:55.324+0000] {dagbag.py:588} INFO - Filling up the DagBag from /home/airflow/.local/lib/python3.12/site-packages/airflow/example_dags/example_external_task_marker_dag.py
[2024-12-09T05:15:55.328+0000] {processor.py:925} INFO - DAG(s) 'example_external_task_marker_child', 'example_external_task_marker_parent' retrieved from /home/airflow/.local/lib/python3.12/site-packages/airflow/example_dags/example_external_task_marker_dag.py
[2024-12-09T05:15:55.340+0000] {logging_mixin.py:190} INFO - [2024-12-09T05:15:55.340+0000] {dag.py:3239} INFO - Sync 2 DAGs
[2024-12-09T05:15:55.348+0000] {logging_mixin.py:190} INFO - [2024-12-09T05:15:55.348+0000] {dag.py:4180} INFO - Setting next_dagrun for example_external_task_marker_child to None, run_after=None
[2024-12-09T05:15:55.350+0000] {logging_mixin.py:190} INFO - [2024-12-09T05:15:55.350+0000] {dag.py:4180} INFO - Setting next_dagrun for example_external_task_marker_parent to None, run_after=None
[2024-12-09T05:15:55.358+0000] {processor.py:208} INFO - Processing /home/airflow/.local/lib/python3.12/site-packages/airflow/example_dags/example_external_task_marker_dag.py took 0.040 seconds
[2024-12-09T05:16:25.986+0000] {processor.py:186} INFO - Started process (PID=1028) to work on /home/airflow/.local/lib/python3.12/site-packages/airflow/example_dags/example_external_task_marker_dag.py
[2024-12-09T05:16:25.986+0000] {processor.py:914} INFO - Processing file /home/airflow/.local/lib/python3.12/site-packages/airflow/example_dags/example_external_task_marker_dag.py for tasks to queue
[2024-12-09T05:16:25.988+0000] {logging_mixin.py:190} INFO - [2024-12-09T05:16:25.987+0000] {dagbag.py:588} INFO - Filling up the DagBag from /home/airflow/.local/lib/python3.12/site-packages/airflow/example_dags/example_external_task_marker_dag.py
[2024-12-09T05:16:25.992+0000] {processor.py:925} INFO - DAG(s) 'example_external_task_marker_child', 'example_external_task_marker_parent' retrieved from /home/airflow/.local/lib/python3.12/site-packages/airflow/example_dags/example_external_task_marker_dag.py
[2024-12-09T05:16:26.004+0000] {logging_mixin.py:190} INFO - [2024-12-09T05:16:26.004+0000] {dag.py:3239} INFO - Sync 2 DAGs
[2024-12-09T05:16:26.012+0000] {logging_mixin.py:190} INFO - [2024-12-09T05:16:26.012+0000] {dag.py:4180} INFO - Setting next_dagrun for example_external_task_marker_child to None, run_after=None
[2024-12-09T05:16:26.014+0000] {logging_mixin.py:190} INFO - [2024-12-09T05:16:26.014+0000] {dag.py:4180} INFO - Setting next_dagrun for example_external_task_marker_parent to None, run_after=None
[2024-12-09T05:16:26.023+0000] {processor.py:208} INFO - Processing /home/airflow/.local/lib/python3.12/site-packages/airflow/example_dags/example_external_task_marker_dag.py took 0.040 seconds
[2024-12-09T05:16:56.965+0000] {processor.py:186} INFO - Started process (PID=1092) to work on /home/airflow/.local/lib/python3.12/site-packages/airflow/example_dags/example_external_task_marker_dag.py
[2024-12-09T05:16:56.965+0000] {processor.py:914} INFO - Processing file /home/airflow/.local/lib/python3.12/site-packages/airflow/example_dags/example_external_task_marker_dag.py for tasks to queue
[2024-12-09T05:16:56.967+0000] {logging_mixin.py:190} INFO - [2024-12-09T05:16:56.966+0000] {dagbag.py:588} INFO - Filling up the DagBag from /home/airflow/.local/lib/python3.12/site-packages/airflow/example_dags/example_external_task_marker_dag.py
[2024-12-09T05:16:56.971+0000] {processor.py:925} INFO - DAG(s) 'example_external_task_marker_child', 'example_external_task_marker_parent' retrieved from /home/airflow/.local/lib/python3.12/site-packages/airflow/example_dags/example_external_task_marker_dag.py
[2024-12-09T05:16:56.983+0000] {logging_mixin.py:190} INFO - [2024-12-09T05:16:56.983+0000] {dag.py:3239} INFO - Sync 2 DAGs
[2024-12-09T05:16:56.991+0000] {logging_mixin.py:190} INFO - [2024-12-09T05:16:56.991+0000] {dag.py:4180} INFO - Setting next_dagrun for example_external_task_marker_child to None, run_after=None
[2024-12-09T05:16:56.993+0000] {logging_mixin.py:190} INFO - [2024-12-09T05:16:56.993+0000] {dag.py:4180} INFO - Setting next_dagrun for example_external_task_marker_parent to None, run_after=None
[2024-12-09T05:16:57.001+0000] {processor.py:208} INFO - Processing /home/airflow/.local/lib/python3.12/site-packages/airflow/example_dags/example_external_task_marker_dag.py took 0.039 seconds
