[2024-12-09T05:09:14.598+0000] {processor.py:186} INFO - Started process (PID=108) to work on /home/airflow/.local/lib/python3.12/site-packages/airflow/example_dags/example_datasets.py
[2024-12-09T05:09:14.599+0000] {processor.py:914} INFO - Processing file /home/airflow/.local/lib/python3.12/site-packages/airflow/example_dags/example_datasets.py for tasks to queue
[2024-12-09T05:09:14.600+0000] {logging_mixin.py:190} INFO - [2024-12-09T05:09:14.600+0000] {dagbag.py:588} INFO - Filling up the DagBag from /home/airflow/.local/lib/python3.12/site-packages/airflow/example_dags/example_datasets.py
[2024-12-09T05:09:15.436+0000] {processor.py:925} INFO - DAG(s) 'consume_1_or_both_2_and_3_with_dataset_expressions', 'dataset_consumes_unknown_never_scheduled', 'dataset_consumes_1_never_scheduled', 'dataset_consumes_1_and_2', 'dataset_produces_1', 'consume_1_and_2_with_dataset_expressions', 'dataset_produces_2', 'dataset_consumes_1', 'conditional_dataset_and_time_based_timetable', 'consume_1_or_2_with_dataset_expressions' retrieved from /home/airflow/.local/lib/python3.12/site-packages/airflow/example_dags/example_datasets.py
[2024-12-09T05:09:15.461+0000] {logging_mixin.py:190} INFO - [2024-12-09T05:09:15.461+0000] {dag.py:3239} INFO - Sync 10 DAGs
[2024-12-09T05:09:15.476+0000] {logging_mixin.py:190} INFO - [2024-12-09T05:09:15.475+0000] {dag.py:4180} INFO - Setting next_dagrun for conditional_dataset_and_time_based_timetable to 2024-12-04 01:00:00+00:00, run_after=2024-12-04 01:00:00+00:00
[2024-12-09T05:09:15.478+0000] {logging_mixin.py:190} INFO - [2024-12-09T05:09:15.478+0000] {dag.py:4180} INFO - Setting next_dagrun for consume_1_and_2_with_dataset_expressions to None, run_after=None
[2024-12-09T05:09:15.479+0000] {logging_mixin.py:190} INFO - [2024-12-09T05:09:15.479+0000] {dag.py:4180} INFO - Setting next_dagrun for consume_1_or_2_with_dataset_expressions to None, run_after=None
[2024-12-09T05:09:15.479+0000] {logging_mixin.py:190} INFO - [2024-12-09T05:09:15.479+0000] {dag.py:4180} INFO - Setting next_dagrun for consume_1_or_both_2_and_3_with_dataset_expressions to None, run_after=None
[2024-12-09T05:09:15.480+0000] {logging_mixin.py:190} INFO - [2024-12-09T05:09:15.480+0000] {dag.py:4180} INFO - Setting next_dagrun for dataset_consumes_1 to None, run_after=None
[2024-12-09T05:09:15.481+0000] {logging_mixin.py:190} INFO - [2024-12-09T05:09:15.481+0000] {dag.py:4180} INFO - Setting next_dagrun for dataset_consumes_1_and_2 to None, run_after=None
[2024-12-09T05:09:15.482+0000] {logging_mixin.py:190} INFO - [2024-12-09T05:09:15.482+0000] {dag.py:4180} INFO - Setting next_dagrun for dataset_consumes_1_never_scheduled to None, run_after=None
[2024-12-09T05:09:15.483+0000] {logging_mixin.py:190} INFO - [2024-12-09T05:09:15.483+0000] {dag.py:4180} INFO - Setting next_dagrun for dataset_consumes_unknown_never_scheduled to None, run_after=None
[2024-12-09T05:09:15.484+0000] {logging_mixin.py:190} INFO - [2024-12-09T05:09:15.484+0000] {dag.py:4180} INFO - Setting next_dagrun for dataset_produces_1 to 2024-12-08 00:00:00+00:00, run_after=2024-12-09 00:00:00+00:00
[2024-12-09T05:09:15.485+0000] {logging_mixin.py:190} INFO - [2024-12-09T05:09:15.485+0000] {dag.py:4180} INFO - Setting next_dagrun for dataset_produces_2 to None, run_after=None
[2024-12-09T05:09:15.504+0000] {processor.py:208} INFO - Processing /home/airflow/.local/lib/python3.12/site-packages/airflow/example_dags/example_datasets.py took 0.911 seconds
[2024-12-09T05:09:45.995+0000] {processor.py:186} INFO - Started process (PID=174) to work on /home/airflow/.local/lib/python3.12/site-packages/airflow/example_dags/example_datasets.py
[2024-12-09T05:09:45.996+0000] {processor.py:914} INFO - Processing file /home/airflow/.local/lib/python3.12/site-packages/airflow/example_dags/example_datasets.py for tasks to queue
[2024-12-09T05:09:45.998+0000] {logging_mixin.py:190} INFO - [2024-12-09T05:09:45.997+0000] {dagbag.py:588} INFO - Filling up the DagBag from /home/airflow/.local/lib/python3.12/site-packages/airflow/example_dags/example_datasets.py
[2024-12-09T05:09:46.301+0000] {processor.py:925} INFO - DAG(s) 'dataset_consumes_1_never_scheduled', 'dataset_consumes_1', 'consume_1_or_2_with_dataset_expressions', 'conditional_dataset_and_time_based_timetable', 'dataset_produces_1', 'consume_1_or_both_2_and_3_with_dataset_expressions', 'dataset_consumes_unknown_never_scheduled', 'consume_1_and_2_with_dataset_expressions', 'dataset_consumes_1_and_2', 'dataset_produces_2' retrieved from /home/airflow/.local/lib/python3.12/site-packages/airflow/example_dags/example_datasets.py
[2024-12-09T05:09:46.322+0000] {logging_mixin.py:190} INFO - [2024-12-09T05:09:46.322+0000] {dag.py:3239} INFO - Sync 10 DAGs
[2024-12-09T05:09:46.335+0000] {logging_mixin.py:190} INFO - [2024-12-09T05:09:46.335+0000] {dag.py:4180} INFO - Setting next_dagrun for conditional_dataset_and_time_based_timetable to 2024-12-04 01:00:00+00:00, run_after=2024-12-04 01:00:00+00:00
[2024-12-09T05:09:46.337+0000] {logging_mixin.py:190} INFO - [2024-12-09T05:09:46.337+0000] {dag.py:4180} INFO - Setting next_dagrun for consume_1_and_2_with_dataset_expressions to None, run_after=None
[2024-12-09T05:09:46.338+0000] {logging_mixin.py:190} INFO - [2024-12-09T05:09:46.338+0000] {dag.py:4180} INFO - Setting next_dagrun for consume_1_or_2_with_dataset_expressions to None, run_after=None
[2024-12-09T05:09:46.339+0000] {logging_mixin.py:190} INFO - [2024-12-09T05:09:46.339+0000] {dag.py:4180} INFO - Setting next_dagrun for consume_1_or_both_2_and_3_with_dataset_expressions to None, run_after=None
[2024-12-09T05:09:46.339+0000] {logging_mixin.py:190} INFO - [2024-12-09T05:09:46.339+0000] {dag.py:4180} INFO - Setting next_dagrun for dataset_consumes_1 to None, run_after=None
[2024-12-09T05:09:46.340+0000] {logging_mixin.py:190} INFO - [2024-12-09T05:09:46.340+0000] {dag.py:4180} INFO - Setting next_dagrun for dataset_consumes_1_and_2 to None, run_after=None
[2024-12-09T05:09:46.341+0000] {logging_mixin.py:190} INFO - [2024-12-09T05:09:46.341+0000] {dag.py:4180} INFO - Setting next_dagrun for dataset_consumes_1_never_scheduled to None, run_after=None
[2024-12-09T05:09:46.342+0000] {logging_mixin.py:190} INFO - [2024-12-09T05:09:46.341+0000] {dag.py:4180} INFO - Setting next_dagrun for dataset_consumes_unknown_never_scheduled to None, run_after=None
[2024-12-09T05:09:46.343+0000] {logging_mixin.py:190} INFO - [2024-12-09T05:09:46.343+0000] {dag.py:4180} INFO - Setting next_dagrun for dataset_produces_1 to 2024-12-08 00:00:00+00:00, run_after=2024-12-09 00:00:00+00:00
[2024-12-09T05:09:46.345+0000] {logging_mixin.py:190} INFO - [2024-12-09T05:09:46.345+0000] {dag.py:4180} INFO - Setting next_dagrun for dataset_produces_2 to None, run_after=None
[2024-12-09T05:09:46.361+0000] {processor.py:208} INFO - Processing /home/airflow/.local/lib/python3.12/site-packages/airflow/example_dags/example_datasets.py took 0.369 seconds
[2024-12-09T05:10:16.581+0000] {processor.py:186} INFO - Started process (PID=237) to work on /home/airflow/.local/lib/python3.12/site-packages/airflow/example_dags/example_datasets.py
[2024-12-09T05:10:16.582+0000] {processor.py:914} INFO - Processing file /home/airflow/.local/lib/python3.12/site-packages/airflow/example_dags/example_datasets.py for tasks to queue
[2024-12-09T05:10:16.583+0000] {logging_mixin.py:190} INFO - [2024-12-09T05:10:16.583+0000] {dagbag.py:588} INFO - Filling up the DagBag from /home/airflow/.local/lib/python3.12/site-packages/airflow/example_dags/example_datasets.py
[2024-12-09T05:10:16.919+0000] {processor.py:925} INFO - DAG(s) 'consume_1_and_2_with_dataset_expressions', 'dataset_consumes_unknown_never_scheduled', 'dataset_consumes_1', 'dataset_produces_1', 'dataset_consumes_1_never_scheduled', 'dataset_produces_2', 'consume_1_or_both_2_and_3_with_dataset_expressions', 'conditional_dataset_and_time_based_timetable', 'consume_1_or_2_with_dataset_expressions', 'dataset_consumes_1_and_2' retrieved from /home/airflow/.local/lib/python3.12/site-packages/airflow/example_dags/example_datasets.py
[2024-12-09T05:10:16.939+0000] {logging_mixin.py:190} INFO - [2024-12-09T05:10:16.939+0000] {dag.py:3239} INFO - Sync 10 DAGs
[2024-12-09T05:10:16.953+0000] {logging_mixin.py:190} INFO - [2024-12-09T05:10:16.953+0000] {dag.py:4180} INFO - Setting next_dagrun for conditional_dataset_and_time_based_timetable to 2024-12-04 01:00:00+00:00, run_after=2024-12-04 01:00:00+00:00
[2024-12-09T05:10:16.955+0000] {logging_mixin.py:190} INFO - [2024-12-09T05:10:16.955+0000] {dag.py:4180} INFO - Setting next_dagrun for consume_1_and_2_with_dataset_expressions to None, run_after=None
[2024-12-09T05:10:16.956+0000] {logging_mixin.py:190} INFO - [2024-12-09T05:10:16.956+0000] {dag.py:4180} INFO - Setting next_dagrun for consume_1_or_2_with_dataset_expressions to None, run_after=None
[2024-12-09T05:10:16.957+0000] {logging_mixin.py:190} INFO - [2024-12-09T05:10:16.957+0000] {dag.py:4180} INFO - Setting next_dagrun for consume_1_or_both_2_and_3_with_dataset_expressions to None, run_after=None
[2024-12-09T05:10:16.958+0000] {logging_mixin.py:190} INFO - [2024-12-09T05:10:16.958+0000] {dag.py:4180} INFO - Setting next_dagrun for dataset_consumes_1 to None, run_after=None
[2024-12-09T05:10:16.958+0000] {logging_mixin.py:190} INFO - [2024-12-09T05:10:16.958+0000] {dag.py:4180} INFO - Setting next_dagrun for dataset_consumes_1_and_2 to None, run_after=None
[2024-12-09T05:10:16.959+0000] {logging_mixin.py:190} INFO - [2024-12-09T05:10:16.959+0000] {dag.py:4180} INFO - Setting next_dagrun for dataset_consumes_1_never_scheduled to None, run_after=None
[2024-12-09T05:10:16.960+0000] {logging_mixin.py:190} INFO - [2024-12-09T05:10:16.960+0000] {dag.py:4180} INFO - Setting next_dagrun for dataset_consumes_unknown_never_scheduled to None, run_after=None
[2024-12-09T05:10:16.961+0000] {logging_mixin.py:190} INFO - [2024-12-09T05:10:16.961+0000] {dag.py:4180} INFO - Setting next_dagrun for dataset_produces_1 to 2024-12-08 00:00:00+00:00, run_after=2024-12-09 00:00:00+00:00
[2024-12-09T05:10:16.962+0000] {logging_mixin.py:190} INFO - [2024-12-09T05:10:16.962+0000] {dag.py:4180} INFO - Setting next_dagrun for dataset_produces_2 to None, run_after=None
[2024-12-09T05:10:16.977+0000] {processor.py:208} INFO - Processing /home/airflow/.local/lib/python3.12/site-packages/airflow/example_dags/example_datasets.py took 0.399 seconds
[2024-12-09T05:10:47.272+0000] {processor.py:186} INFO - Started process (PID=300) to work on /home/airflow/.local/lib/python3.12/site-packages/airflow/example_dags/example_datasets.py
[2024-12-09T05:10:47.272+0000] {processor.py:914} INFO - Processing file /home/airflow/.local/lib/python3.12/site-packages/airflow/example_dags/example_datasets.py for tasks to queue
[2024-12-09T05:10:47.274+0000] {logging_mixin.py:190} INFO - [2024-12-09T05:10:47.273+0000] {dagbag.py:588} INFO - Filling up the DagBag from /home/airflow/.local/lib/python3.12/site-packages/airflow/example_dags/example_datasets.py
[2024-12-09T05:10:47.609+0000] {processor.py:925} INFO - DAG(s) 'consume_1_and_2_with_dataset_expressions', 'dataset_consumes_1', 'dataset_produces_2', 'dataset_produces_1', 'dataset_consumes_1_and_2', 'dataset_consumes_unknown_never_scheduled', 'conditional_dataset_and_time_based_timetable', 'consume_1_or_both_2_and_3_with_dataset_expressions', 'dataset_consumes_1_never_scheduled', 'consume_1_or_2_with_dataset_expressions' retrieved from /home/airflow/.local/lib/python3.12/site-packages/airflow/example_dags/example_datasets.py
[2024-12-09T05:10:47.630+0000] {logging_mixin.py:190} INFO - [2024-12-09T05:10:47.630+0000] {dag.py:3239} INFO - Sync 10 DAGs
[2024-12-09T05:10:47.644+0000] {logging_mixin.py:190} INFO - [2024-12-09T05:10:47.644+0000] {dag.py:4180} INFO - Setting next_dagrun for conditional_dataset_and_time_based_timetable to 2024-12-04 01:00:00+00:00, run_after=2024-12-04 01:00:00+00:00
[2024-12-09T05:10:47.646+0000] {logging_mixin.py:190} INFO - [2024-12-09T05:10:47.646+0000] {dag.py:4180} INFO - Setting next_dagrun for consume_1_and_2_with_dataset_expressions to None, run_after=None
[2024-12-09T05:10:47.647+0000] {logging_mixin.py:190} INFO - [2024-12-09T05:10:47.647+0000] {dag.py:4180} INFO - Setting next_dagrun for consume_1_or_2_with_dataset_expressions to None, run_after=None
[2024-12-09T05:10:47.647+0000] {logging_mixin.py:190} INFO - [2024-12-09T05:10:47.647+0000] {dag.py:4180} INFO - Setting next_dagrun for consume_1_or_both_2_and_3_with_dataset_expressions to None, run_after=None
[2024-12-09T05:10:47.648+0000] {logging_mixin.py:190} INFO - [2024-12-09T05:10:47.648+0000] {dag.py:4180} INFO - Setting next_dagrun for dataset_consumes_1 to None, run_after=None
[2024-12-09T05:10:47.649+0000] {logging_mixin.py:190} INFO - [2024-12-09T05:10:47.649+0000] {dag.py:4180} INFO - Setting next_dagrun for dataset_consumes_1_and_2 to None, run_after=None
[2024-12-09T05:10:47.649+0000] {logging_mixin.py:190} INFO - [2024-12-09T05:10:47.649+0000] {dag.py:4180} INFO - Setting next_dagrun for dataset_consumes_1_never_scheduled to None, run_after=None
[2024-12-09T05:10:47.650+0000] {logging_mixin.py:190} INFO - [2024-12-09T05:10:47.650+0000] {dag.py:4180} INFO - Setting next_dagrun for dataset_consumes_unknown_never_scheduled to None, run_after=None
[2024-12-09T05:10:47.652+0000] {logging_mixin.py:190} INFO - [2024-12-09T05:10:47.651+0000] {dag.py:4180} INFO - Setting next_dagrun for dataset_produces_1 to 2024-12-08 00:00:00+00:00, run_after=2024-12-09 00:00:00+00:00
[2024-12-09T05:10:47.652+0000] {logging_mixin.py:190} INFO - [2024-12-09T05:10:47.652+0000] {dag.py:4180} INFO - Setting next_dagrun for dataset_produces_2 to None, run_after=None
[2024-12-09T05:10:47.668+0000] {processor.py:208} INFO - Processing /home/airflow/.local/lib/python3.12/site-packages/airflow/example_dags/example_datasets.py took 0.400 seconds
[2024-12-09T05:11:17.849+0000] {processor.py:186} INFO - Started process (PID=363) to work on /home/airflow/.local/lib/python3.12/site-packages/airflow/example_dags/example_datasets.py
[2024-12-09T05:11:17.849+0000] {processor.py:914} INFO - Processing file /home/airflow/.local/lib/python3.12/site-packages/airflow/example_dags/example_datasets.py for tasks to queue
[2024-12-09T05:11:17.851+0000] {logging_mixin.py:190} INFO - [2024-12-09T05:11:17.851+0000] {dagbag.py:588} INFO - Filling up the DagBag from /home/airflow/.local/lib/python3.12/site-packages/airflow/example_dags/example_datasets.py
[2024-12-09T05:11:18.180+0000] {processor.py:925} INFO - DAG(s) 'dataset_produces_2', 'dataset_consumes_1_and_2', 'dataset_produces_1', 'dataset_consumes_unknown_never_scheduled', 'consume_1_or_2_with_dataset_expressions', 'dataset_consumes_1_never_scheduled', 'conditional_dataset_and_time_based_timetable', 'consume_1_or_both_2_and_3_with_dataset_expressions', 'consume_1_and_2_with_dataset_expressions', 'dataset_consumes_1' retrieved from /home/airflow/.local/lib/python3.12/site-packages/airflow/example_dags/example_datasets.py
[2024-12-09T05:11:18.202+0000] {logging_mixin.py:190} INFO - [2024-12-09T05:11:18.202+0000] {dag.py:3239} INFO - Sync 10 DAGs
[2024-12-09T05:11:18.218+0000] {logging_mixin.py:190} INFO - [2024-12-09T05:11:18.218+0000] {dag.py:4180} INFO - Setting next_dagrun for conditional_dataset_and_time_based_timetable to 2024-12-04 01:00:00+00:00, run_after=2024-12-04 01:00:00+00:00
[2024-12-09T05:11:18.220+0000] {logging_mixin.py:190} INFO - [2024-12-09T05:11:18.220+0000] {dag.py:4180} INFO - Setting next_dagrun for consume_1_and_2_with_dataset_expressions to None, run_after=None
[2024-12-09T05:11:18.221+0000] {logging_mixin.py:190} INFO - [2024-12-09T05:11:18.221+0000] {dag.py:4180} INFO - Setting next_dagrun for consume_1_or_2_with_dataset_expressions to None, run_after=None
[2024-12-09T05:11:18.222+0000] {logging_mixin.py:190} INFO - [2024-12-09T05:11:18.222+0000] {dag.py:4180} INFO - Setting next_dagrun for consume_1_or_both_2_and_3_with_dataset_expressions to None, run_after=None
[2024-12-09T05:11:18.223+0000] {logging_mixin.py:190} INFO - [2024-12-09T05:11:18.222+0000] {dag.py:4180} INFO - Setting next_dagrun for dataset_consumes_1 to None, run_after=None
[2024-12-09T05:11:18.223+0000] {logging_mixin.py:190} INFO - [2024-12-09T05:11:18.223+0000] {dag.py:4180} INFO - Setting next_dagrun for dataset_consumes_1_and_2 to None, run_after=None
[2024-12-09T05:11:18.224+0000] {logging_mixin.py:190} INFO - [2024-12-09T05:11:18.224+0000] {dag.py:4180} INFO - Setting next_dagrun for dataset_consumes_1_never_scheduled to None, run_after=None
[2024-12-09T05:11:18.225+0000] {logging_mixin.py:190} INFO - [2024-12-09T05:11:18.225+0000] {dag.py:4180} INFO - Setting next_dagrun for dataset_consumes_unknown_never_scheduled to None, run_after=None
[2024-12-09T05:11:18.226+0000] {logging_mixin.py:190} INFO - [2024-12-09T05:11:18.226+0000] {dag.py:4180} INFO - Setting next_dagrun for dataset_produces_1 to 2024-12-08 00:00:00+00:00, run_after=2024-12-09 00:00:00+00:00
[2024-12-09T05:11:18.226+0000] {logging_mixin.py:190} INFO - [2024-12-09T05:11:18.226+0000] {dag.py:4180} INFO - Setting next_dagrun for dataset_produces_2 to None, run_after=None
[2024-12-09T05:11:18.243+0000] {processor.py:208} INFO - Processing /home/airflow/.local/lib/python3.12/site-packages/airflow/example_dags/example_datasets.py took 0.398 seconds
[2024-12-09T05:11:48.550+0000] {processor.py:186} INFO - Started process (PID=426) to work on /home/airflow/.local/lib/python3.12/site-packages/airflow/example_dags/example_datasets.py
[2024-12-09T05:11:48.551+0000] {processor.py:914} INFO - Processing file /home/airflow/.local/lib/python3.12/site-packages/airflow/example_dags/example_datasets.py for tasks to queue
[2024-12-09T05:11:48.552+0000] {logging_mixin.py:190} INFO - [2024-12-09T05:11:48.552+0000] {dagbag.py:588} INFO - Filling up the DagBag from /home/airflow/.local/lib/python3.12/site-packages/airflow/example_dags/example_datasets.py
[2024-12-09T05:11:48.883+0000] {processor.py:925} INFO - DAG(s) 'conditional_dataset_and_time_based_timetable', 'dataset_consumes_unknown_never_scheduled', 'dataset_consumes_1_and_2', 'dataset_consumes_1', 'consume_1_or_2_with_dataset_expressions', 'consume_1_or_both_2_and_3_with_dataset_expressions', 'dataset_produces_1', 'dataset_consumes_1_never_scheduled', 'dataset_produces_2', 'consume_1_and_2_with_dataset_expressions' retrieved from /home/airflow/.local/lib/python3.12/site-packages/airflow/example_dags/example_datasets.py
[2024-12-09T05:11:48.904+0000] {logging_mixin.py:190} INFO - [2024-12-09T05:11:48.904+0000] {dag.py:3239} INFO - Sync 10 DAGs
[2024-12-09T05:11:48.917+0000] {logging_mixin.py:190} INFO - [2024-12-09T05:11:48.917+0000] {dag.py:4180} INFO - Setting next_dagrun for conditional_dataset_and_time_based_timetable to 2024-12-04 01:00:00+00:00, run_after=2024-12-04 01:00:00+00:00
[2024-12-09T05:11:48.919+0000] {logging_mixin.py:190} INFO - [2024-12-09T05:11:48.919+0000] {dag.py:4180} INFO - Setting next_dagrun for consume_1_and_2_with_dataset_expressions to None, run_after=None
[2024-12-09T05:11:48.920+0000] {logging_mixin.py:190} INFO - [2024-12-09T05:11:48.920+0000] {dag.py:4180} INFO - Setting next_dagrun for consume_1_or_2_with_dataset_expressions to None, run_after=None
[2024-12-09T05:11:48.921+0000] {logging_mixin.py:190} INFO - [2024-12-09T05:11:48.921+0000] {dag.py:4180} INFO - Setting next_dagrun for consume_1_or_both_2_and_3_with_dataset_expressions to None, run_after=None
[2024-12-09T05:11:48.921+0000] {logging_mixin.py:190} INFO - [2024-12-09T05:11:48.921+0000] {dag.py:4180} INFO - Setting next_dagrun for dataset_consumes_1 to None, run_after=None
[2024-12-09T05:11:48.922+0000] {logging_mixin.py:190} INFO - [2024-12-09T05:11:48.922+0000] {dag.py:4180} INFO - Setting next_dagrun for dataset_consumes_1_and_2 to None, run_after=None
[2024-12-09T05:11:48.923+0000] {logging_mixin.py:190} INFO - [2024-12-09T05:11:48.923+0000] {dag.py:4180} INFO - Setting next_dagrun for dataset_consumes_1_never_scheduled to None, run_after=None
[2024-12-09T05:11:48.923+0000] {logging_mixin.py:190} INFO - [2024-12-09T05:11:48.923+0000] {dag.py:4180} INFO - Setting next_dagrun for dataset_consumes_unknown_never_scheduled to None, run_after=None
[2024-12-09T05:11:48.925+0000] {logging_mixin.py:190} INFO - [2024-12-09T05:11:48.925+0000] {dag.py:4180} INFO - Setting next_dagrun for dataset_produces_1 to 2024-12-08 00:00:00+00:00, run_after=2024-12-09 00:00:00+00:00
[2024-12-09T05:11:48.926+0000] {logging_mixin.py:190} INFO - [2024-12-09T05:11:48.925+0000] {dag.py:4180} INFO - Setting next_dagrun for dataset_produces_2 to None, run_after=None
[2024-12-09T05:11:48.945+0000] {processor.py:208} INFO - Processing /home/airflow/.local/lib/python3.12/site-packages/airflow/example_dags/example_datasets.py took 0.398 seconds
[2024-12-09T05:12:19.236+0000] {processor.py:186} INFO - Started process (PID=489) to work on /home/airflow/.local/lib/python3.12/site-packages/airflow/example_dags/example_datasets.py
[2024-12-09T05:12:19.236+0000] {processor.py:914} INFO - Processing file /home/airflow/.local/lib/python3.12/site-packages/airflow/example_dags/example_datasets.py for tasks to queue
[2024-12-09T05:12:19.238+0000] {logging_mixin.py:190} INFO - [2024-12-09T05:12:19.237+0000] {dagbag.py:588} INFO - Filling up the DagBag from /home/airflow/.local/lib/python3.12/site-packages/airflow/example_dags/example_datasets.py
[2024-12-09T05:12:19.545+0000] {processor.py:925} INFO - DAG(s) 'dataset_consumes_1', 'dataset_produces_2', 'consume_1_and_2_with_dataset_expressions', 'consume_1_or_both_2_and_3_with_dataset_expressions', 'dataset_consumes_1_and_2', 'consume_1_or_2_with_dataset_expressions', 'dataset_produces_1', 'dataset_consumes_unknown_never_scheduled', 'conditional_dataset_and_time_based_timetable', 'dataset_consumes_1_never_scheduled' retrieved from /home/airflow/.local/lib/python3.12/site-packages/airflow/example_dags/example_datasets.py
[2024-12-09T05:12:19.568+0000] {logging_mixin.py:190} INFO - [2024-12-09T05:12:19.568+0000] {dag.py:3239} INFO - Sync 10 DAGs
[2024-12-09T05:12:19.583+0000] {logging_mixin.py:190} INFO - [2024-12-09T05:12:19.583+0000] {dag.py:4180} INFO - Setting next_dagrun for conditional_dataset_and_time_based_timetable to 2024-12-04 01:00:00+00:00, run_after=2024-12-04 01:00:00+00:00
[2024-12-09T05:12:19.586+0000] {logging_mixin.py:190} INFO - [2024-12-09T05:12:19.586+0000] {dag.py:4180} INFO - Setting next_dagrun for consume_1_and_2_with_dataset_expressions to None, run_after=None
[2024-12-09T05:12:19.587+0000] {logging_mixin.py:190} INFO - [2024-12-09T05:12:19.587+0000] {dag.py:4180} INFO - Setting next_dagrun for consume_1_or_2_with_dataset_expressions to None, run_after=None
[2024-12-09T05:12:19.588+0000] {logging_mixin.py:190} INFO - [2024-12-09T05:12:19.587+0000] {dag.py:4180} INFO - Setting next_dagrun for consume_1_or_both_2_and_3_with_dataset_expressions to None, run_after=None
[2024-12-09T05:12:19.588+0000] {logging_mixin.py:190} INFO - [2024-12-09T05:12:19.588+0000] {dag.py:4180} INFO - Setting next_dagrun for dataset_consumes_1 to None, run_after=None
[2024-12-09T05:12:19.589+0000] {logging_mixin.py:190} INFO - [2024-12-09T05:12:19.589+0000] {dag.py:4180} INFO - Setting next_dagrun for dataset_consumes_1_and_2 to None, run_after=None
[2024-12-09T05:12:19.590+0000] {logging_mixin.py:190} INFO - [2024-12-09T05:12:19.590+0000] {dag.py:4180} INFO - Setting next_dagrun for dataset_consumes_1_never_scheduled to None, run_after=None
[2024-12-09T05:12:19.591+0000] {logging_mixin.py:190} INFO - [2024-12-09T05:12:19.591+0000] {dag.py:4180} INFO - Setting next_dagrun for dataset_consumes_unknown_never_scheduled to None, run_after=None
[2024-12-09T05:12:19.592+0000] {logging_mixin.py:190} INFO - [2024-12-09T05:12:19.592+0000] {dag.py:4180} INFO - Setting next_dagrun for dataset_produces_1 to 2024-12-08 00:00:00+00:00, run_after=2024-12-09 00:00:00+00:00
[2024-12-09T05:12:19.593+0000] {logging_mixin.py:190} INFO - [2024-12-09T05:12:19.593+0000] {dag.py:4180} INFO - Setting next_dagrun for dataset_produces_2 to None, run_after=None
[2024-12-09T05:12:19.611+0000] {processor.py:208} INFO - Processing /home/airflow/.local/lib/python3.12/site-packages/airflow/example_dags/example_datasets.py took 0.378 seconds
[2024-12-09T05:12:49.772+0000] {processor.py:186} INFO - Started process (PID=553) to work on /home/airflow/.local/lib/python3.12/site-packages/airflow/example_dags/example_datasets.py
[2024-12-09T05:12:49.772+0000] {processor.py:914} INFO - Processing file /home/airflow/.local/lib/python3.12/site-packages/airflow/example_dags/example_datasets.py for tasks to queue
[2024-12-09T05:12:49.774+0000] {logging_mixin.py:190} INFO - [2024-12-09T05:12:49.774+0000] {dagbag.py:588} INFO - Filling up the DagBag from /home/airflow/.local/lib/python3.12/site-packages/airflow/example_dags/example_datasets.py
[2024-12-09T05:12:50.095+0000] {processor.py:925} INFO - DAG(s) 'dataset_consumes_1_never_scheduled', 'dataset_produces_2', 'dataset_consumes_1', 'consume_1_and_2_with_dataset_expressions', 'dataset_produces_1', 'consume_1_or_both_2_and_3_with_dataset_expressions', 'conditional_dataset_and_time_based_timetable', 'dataset_consumes_1_and_2', 'consume_1_or_2_with_dataset_expressions', 'dataset_consumes_unknown_never_scheduled' retrieved from /home/airflow/.local/lib/python3.12/site-packages/airflow/example_dags/example_datasets.py
[2024-12-09T05:12:50.120+0000] {logging_mixin.py:190} INFO - [2024-12-09T05:12:50.120+0000] {dag.py:3239} INFO - Sync 10 DAGs
[2024-12-09T05:12:50.137+0000] {logging_mixin.py:190} INFO - [2024-12-09T05:12:50.137+0000] {dag.py:4180} INFO - Setting next_dagrun for conditional_dataset_and_time_based_timetable to 2024-12-04 01:00:00+00:00, run_after=2024-12-04 01:00:00+00:00
[2024-12-09T05:12:50.140+0000] {logging_mixin.py:190} INFO - [2024-12-09T05:12:50.140+0000] {dag.py:4180} INFO - Setting next_dagrun for consume_1_and_2_with_dataset_expressions to None, run_after=None
[2024-12-09T05:12:50.142+0000] {logging_mixin.py:190} INFO - [2024-12-09T05:12:50.142+0000] {dag.py:4180} INFO - Setting next_dagrun for consume_1_or_2_with_dataset_expressions to None, run_after=None
[2024-12-09T05:12:50.144+0000] {logging_mixin.py:190} INFO - [2024-12-09T05:12:50.144+0000] {dag.py:4180} INFO - Setting next_dagrun for consume_1_or_both_2_and_3_with_dataset_expressions to None, run_after=None
[2024-12-09T05:12:50.145+0000] {logging_mixin.py:190} INFO - [2024-12-09T05:12:50.145+0000] {dag.py:4180} INFO - Setting next_dagrun for dataset_consumes_1 to None, run_after=None
[2024-12-09T05:12:50.147+0000] {logging_mixin.py:190} INFO - [2024-12-09T05:12:50.146+0000] {dag.py:4180} INFO - Setting next_dagrun for dataset_consumes_1_and_2 to None, run_after=None
[2024-12-09T05:12:50.147+0000] {logging_mixin.py:190} INFO - [2024-12-09T05:12:50.147+0000] {dag.py:4180} INFO - Setting next_dagrun for dataset_consumes_1_never_scheduled to None, run_after=None
[2024-12-09T05:12:50.148+0000] {logging_mixin.py:190} INFO - [2024-12-09T05:12:50.148+0000] {dag.py:4180} INFO - Setting next_dagrun for dataset_consumes_unknown_never_scheduled to None, run_after=None
[2024-12-09T05:12:50.149+0000] {logging_mixin.py:190} INFO - [2024-12-09T05:12:50.149+0000] {dag.py:4180} INFO - Setting next_dagrun for dataset_produces_1 to 2024-12-08 00:00:00+00:00, run_after=2024-12-09 00:00:00+00:00
[2024-12-09T05:12:50.150+0000] {logging_mixin.py:190} INFO - [2024-12-09T05:12:50.150+0000] {dag.py:4180} INFO - Setting next_dagrun for dataset_produces_2 to None, run_after=None
[2024-12-09T05:12:50.171+0000] {processor.py:208} INFO - Processing /home/airflow/.local/lib/python3.12/site-packages/airflow/example_dags/example_datasets.py took 0.402 seconds
[2024-12-09T05:13:20.439+0000] {processor.py:186} INFO - Started process (PID=616) to work on /home/airflow/.local/lib/python3.12/site-packages/airflow/example_dags/example_datasets.py
[2024-12-09T05:13:20.440+0000] {processor.py:914} INFO - Processing file /home/airflow/.local/lib/python3.12/site-packages/airflow/example_dags/example_datasets.py for tasks to queue
[2024-12-09T05:13:20.441+0000] {logging_mixin.py:190} INFO - [2024-12-09T05:13:20.441+0000] {dagbag.py:588} INFO - Filling up the DagBag from /home/airflow/.local/lib/python3.12/site-packages/airflow/example_dags/example_datasets.py
[2024-12-09T05:13:20.763+0000] {processor.py:925} INFO - DAG(s) 'dataset_consumes_1_never_scheduled', 'dataset_produces_1', 'dataset_consumes_1', 'consume_1_or_2_with_dataset_expressions', 'dataset_consumes_1_and_2', 'consume_1_and_2_with_dataset_expressions', 'dataset_produces_2', 'consume_1_or_both_2_and_3_with_dataset_expressions', 'dataset_consumes_unknown_never_scheduled', 'conditional_dataset_and_time_based_timetable' retrieved from /home/airflow/.local/lib/python3.12/site-packages/airflow/example_dags/example_datasets.py
[2024-12-09T05:13:20.784+0000] {logging_mixin.py:190} INFO - [2024-12-09T05:13:20.784+0000] {dag.py:3239} INFO - Sync 10 DAGs
[2024-12-09T05:13:20.798+0000] {logging_mixin.py:190} INFO - [2024-12-09T05:13:20.797+0000] {dag.py:4180} INFO - Setting next_dagrun for conditional_dataset_and_time_based_timetable to 2024-12-04 01:00:00+00:00, run_after=2024-12-04 01:00:00+00:00
[2024-12-09T05:13:20.800+0000] {logging_mixin.py:190} INFO - [2024-12-09T05:13:20.799+0000] {dag.py:4180} INFO - Setting next_dagrun for consume_1_and_2_with_dataset_expressions to None, run_after=None
[2024-12-09T05:13:20.801+0000] {logging_mixin.py:190} INFO - [2024-12-09T05:13:20.801+0000] {dag.py:4180} INFO - Setting next_dagrun for consume_1_or_2_with_dataset_expressions to None, run_after=None
[2024-12-09T05:13:20.802+0000] {logging_mixin.py:190} INFO - [2024-12-09T05:13:20.801+0000] {dag.py:4180} INFO - Setting next_dagrun for consume_1_or_both_2_and_3_with_dataset_expressions to None, run_after=None
[2024-12-09T05:13:20.802+0000] {logging_mixin.py:190} INFO - [2024-12-09T05:13:20.802+0000] {dag.py:4180} INFO - Setting next_dagrun for dataset_consumes_1 to None, run_after=None
[2024-12-09T05:13:20.803+0000] {logging_mixin.py:190} INFO - [2024-12-09T05:13:20.803+0000] {dag.py:4180} INFO - Setting next_dagrun for dataset_consumes_1_and_2 to None, run_after=None
[2024-12-09T05:13:20.804+0000] {logging_mixin.py:190} INFO - [2024-12-09T05:13:20.804+0000] {dag.py:4180} INFO - Setting next_dagrun for dataset_consumes_1_never_scheduled to None, run_after=None
[2024-12-09T05:13:20.804+0000] {logging_mixin.py:190} INFO - [2024-12-09T05:13:20.804+0000] {dag.py:4180} INFO - Setting next_dagrun for dataset_consumes_unknown_never_scheduled to None, run_after=None
[2024-12-09T05:13:20.806+0000] {logging_mixin.py:190} INFO - [2024-12-09T05:13:20.806+0000] {dag.py:4180} INFO - Setting next_dagrun for dataset_produces_1 to 2024-12-08 00:00:00+00:00, run_after=2024-12-09 00:00:00+00:00
[2024-12-09T05:13:20.807+0000] {logging_mixin.py:190} INFO - [2024-12-09T05:13:20.806+0000] {dag.py:4180} INFO - Setting next_dagrun for dataset_produces_2 to None, run_after=None
[2024-12-09T05:13:20.825+0000] {processor.py:208} INFO - Processing /home/airflow/.local/lib/python3.12/site-packages/airflow/example_dags/example_datasets.py took 0.389 seconds
[2024-12-09T05:13:51.154+0000] {processor.py:186} INFO - Started process (PID=679) to work on /home/airflow/.local/lib/python3.12/site-packages/airflow/example_dags/example_datasets.py
[2024-12-09T05:13:51.155+0000] {processor.py:914} INFO - Processing file /home/airflow/.local/lib/python3.12/site-packages/airflow/example_dags/example_datasets.py for tasks to queue
[2024-12-09T05:13:51.157+0000] {logging_mixin.py:190} INFO - [2024-12-09T05:13:51.157+0000] {dagbag.py:588} INFO - Filling up the DagBag from /home/airflow/.local/lib/python3.12/site-packages/airflow/example_dags/example_datasets.py
[2024-12-09T05:13:51.465+0000] {processor.py:925} INFO - DAG(s) 'dataset_consumes_1_and_2', 'conditional_dataset_and_time_based_timetable', 'consume_1_and_2_with_dataset_expressions', 'consume_1_or_2_with_dataset_expressions', 'dataset_produces_1', 'dataset_consumes_unknown_never_scheduled', 'dataset_consumes_1_never_scheduled', 'dataset_produces_2', 'dataset_consumes_1', 'consume_1_or_both_2_and_3_with_dataset_expressions' retrieved from /home/airflow/.local/lib/python3.12/site-packages/airflow/example_dags/example_datasets.py
[2024-12-09T05:13:51.486+0000] {logging_mixin.py:190} INFO - [2024-12-09T05:13:51.486+0000] {dag.py:3239} INFO - Sync 10 DAGs
[2024-12-09T05:13:51.499+0000] {logging_mixin.py:190} INFO - [2024-12-09T05:13:51.499+0000] {dag.py:4180} INFO - Setting next_dagrun for conditional_dataset_and_time_based_timetable to 2024-12-04 01:00:00+00:00, run_after=2024-12-04 01:00:00+00:00
[2024-12-09T05:13:51.501+0000] {logging_mixin.py:190} INFO - [2024-12-09T05:13:51.501+0000] {dag.py:4180} INFO - Setting next_dagrun for consume_1_and_2_with_dataset_expressions to None, run_after=None
[2024-12-09T05:13:51.502+0000] {logging_mixin.py:190} INFO - [2024-12-09T05:13:51.502+0000] {dag.py:4180} INFO - Setting next_dagrun for consume_1_or_2_with_dataset_expressions to None, run_after=None
[2024-12-09T05:13:51.503+0000] {logging_mixin.py:190} INFO - [2024-12-09T05:13:51.503+0000] {dag.py:4180} INFO - Setting next_dagrun for consume_1_or_both_2_and_3_with_dataset_expressions to None, run_after=None
[2024-12-09T05:13:51.503+0000] {logging_mixin.py:190} INFO - [2024-12-09T05:13:51.503+0000] {dag.py:4180} INFO - Setting next_dagrun for dataset_consumes_1 to None, run_after=None
[2024-12-09T05:13:51.504+0000] {logging_mixin.py:190} INFO - [2024-12-09T05:13:51.504+0000] {dag.py:4180} INFO - Setting next_dagrun for dataset_consumes_1_and_2 to None, run_after=None
[2024-12-09T05:13:51.505+0000] {logging_mixin.py:190} INFO - [2024-12-09T05:13:51.505+0000] {dag.py:4180} INFO - Setting next_dagrun for dataset_consumes_1_never_scheduled to None, run_after=None
[2024-12-09T05:13:51.505+0000] {logging_mixin.py:190} INFO - [2024-12-09T05:13:51.505+0000] {dag.py:4180} INFO - Setting next_dagrun for dataset_consumes_unknown_never_scheduled to None, run_after=None
[2024-12-09T05:13:51.507+0000] {logging_mixin.py:190} INFO - [2024-12-09T05:13:51.507+0000] {dag.py:4180} INFO - Setting next_dagrun for dataset_produces_1 to 2024-12-08 00:00:00+00:00, run_after=2024-12-09 00:00:00+00:00
[2024-12-09T05:13:51.508+0000] {logging_mixin.py:190} INFO - [2024-12-09T05:13:51.508+0000] {dag.py:4180} INFO - Setting next_dagrun for dataset_produces_2 to None, run_after=None
[2024-12-09T05:13:51.525+0000] {processor.py:208} INFO - Processing /home/airflow/.local/lib/python3.12/site-packages/airflow/example_dags/example_datasets.py took 0.374 seconds
[2024-12-09T05:14:21.711+0000] {processor.py:186} INFO - Started process (PID=742) to work on /home/airflow/.local/lib/python3.12/site-packages/airflow/example_dags/example_datasets.py
[2024-12-09T05:14:21.712+0000] {processor.py:914} INFO - Processing file /home/airflow/.local/lib/python3.12/site-packages/airflow/example_dags/example_datasets.py for tasks to queue
[2024-12-09T05:14:21.713+0000] {logging_mixin.py:190} INFO - [2024-12-09T05:14:21.713+0000] {dagbag.py:588} INFO - Filling up the DagBag from /home/airflow/.local/lib/python3.12/site-packages/airflow/example_dags/example_datasets.py
[2024-12-09T05:14:22.018+0000] {processor.py:925} INFO - DAG(s) 'dataset_consumes_1_and_2', 'dataset_consumes_1_never_scheduled', 'dataset_produces_1', 'consume_1_and_2_with_dataset_expressions', 'dataset_consumes_1', 'dataset_consumes_unknown_never_scheduled', 'consume_1_or_2_with_dataset_expressions', 'conditional_dataset_and_time_based_timetable', 'consume_1_or_both_2_and_3_with_dataset_expressions', 'dataset_produces_2' retrieved from /home/airflow/.local/lib/python3.12/site-packages/airflow/example_dags/example_datasets.py
[2024-12-09T05:14:22.041+0000] {logging_mixin.py:190} INFO - [2024-12-09T05:14:22.041+0000] {dag.py:3239} INFO - Sync 10 DAGs
[2024-12-09T05:14:22.054+0000] {logging_mixin.py:190} INFO - [2024-12-09T05:14:22.054+0000] {dag.py:4180} INFO - Setting next_dagrun for conditional_dataset_and_time_based_timetable to 2024-12-04 01:00:00+00:00, run_after=2024-12-04 01:00:00+00:00
[2024-12-09T05:14:22.056+0000] {logging_mixin.py:190} INFO - [2024-12-09T05:14:22.056+0000] {dag.py:4180} INFO - Setting next_dagrun for consume_1_and_2_with_dataset_expressions to None, run_after=None
[2024-12-09T05:14:22.057+0000] {logging_mixin.py:190} INFO - [2024-12-09T05:14:22.057+0000] {dag.py:4180} INFO - Setting next_dagrun for consume_1_or_2_with_dataset_expressions to None, run_after=None
[2024-12-09T05:14:22.058+0000] {logging_mixin.py:190} INFO - [2024-12-09T05:14:22.058+0000] {dag.py:4180} INFO - Setting next_dagrun for consume_1_or_both_2_and_3_with_dataset_expressions to None, run_after=None
[2024-12-09T05:14:22.059+0000] {logging_mixin.py:190} INFO - [2024-12-09T05:14:22.059+0000] {dag.py:4180} INFO - Setting next_dagrun for dataset_consumes_1 to None, run_after=None
[2024-12-09T05:14:22.059+0000] {logging_mixin.py:190} INFO - [2024-12-09T05:14:22.059+0000] {dag.py:4180} INFO - Setting next_dagrun for dataset_consumes_1_and_2 to None, run_after=None
[2024-12-09T05:14:22.060+0000] {logging_mixin.py:190} INFO - [2024-12-09T05:14:22.060+0000] {dag.py:4180} INFO - Setting next_dagrun for dataset_consumes_1_never_scheduled to None, run_after=None
[2024-12-09T05:14:22.060+0000] {logging_mixin.py:190} INFO - [2024-12-09T05:14:22.060+0000] {dag.py:4180} INFO - Setting next_dagrun for dataset_consumes_unknown_never_scheduled to None, run_after=None
[2024-12-09T05:14:22.062+0000] {logging_mixin.py:190} INFO - [2024-12-09T05:14:22.062+0000] {dag.py:4180} INFO - Setting next_dagrun for dataset_produces_1 to 2024-12-08 00:00:00+00:00, run_after=2024-12-09 00:00:00+00:00
[2024-12-09T05:14:22.063+0000] {logging_mixin.py:190} INFO - [2024-12-09T05:14:22.063+0000] {dag.py:4180} INFO - Setting next_dagrun for dataset_produces_2 to None, run_after=None
[2024-12-09T05:14:22.082+0000] {processor.py:208} INFO - Processing /home/airflow/.local/lib/python3.12/site-packages/airflow/example_dags/example_datasets.py took 0.374 seconds
[2024-12-09T05:14:52.269+0000] {processor.py:186} INFO - Started process (PID=805) to work on /home/airflow/.local/lib/python3.12/site-packages/airflow/example_dags/example_datasets.py
[2024-12-09T05:14:52.269+0000] {processor.py:914} INFO - Processing file /home/airflow/.local/lib/python3.12/site-packages/airflow/example_dags/example_datasets.py for tasks to queue
[2024-12-09T05:14:52.271+0000] {logging_mixin.py:190} INFO - [2024-12-09T05:14:52.270+0000] {dagbag.py:588} INFO - Filling up the DagBag from /home/airflow/.local/lib/python3.12/site-packages/airflow/example_dags/example_datasets.py
[2024-12-09T05:14:52.577+0000] {processor.py:925} INFO - DAG(s) 'consume_1_or_both_2_and_3_with_dataset_expressions', 'dataset_consumes_1_never_scheduled', 'dataset_consumes_1_and_2', 'consume_1_and_2_with_dataset_expressions', 'dataset_consumes_1', 'consume_1_or_2_with_dataset_expressions', 'conditional_dataset_and_time_based_timetable', 'dataset_produces_1', 'dataset_consumes_unknown_never_scheduled', 'dataset_produces_2' retrieved from /home/airflow/.local/lib/python3.12/site-packages/airflow/example_dags/example_datasets.py
[2024-12-09T05:14:52.600+0000] {logging_mixin.py:190} INFO - [2024-12-09T05:14:52.599+0000] {dag.py:3239} INFO - Sync 10 DAGs
[2024-12-09T05:14:52.612+0000] {logging_mixin.py:190} INFO - [2024-12-09T05:14:52.612+0000] {dag.py:4180} INFO - Setting next_dagrun for conditional_dataset_and_time_based_timetable to 2024-12-04 01:00:00+00:00, run_after=2024-12-04 01:00:00+00:00
[2024-12-09T05:14:52.615+0000] {logging_mixin.py:190} INFO - [2024-12-09T05:14:52.615+0000] {dag.py:4180} INFO - Setting next_dagrun for consume_1_and_2_with_dataset_expressions to None, run_after=None
[2024-12-09T05:14:52.616+0000] {logging_mixin.py:190} INFO - [2024-12-09T05:14:52.615+0000] {dag.py:4180} INFO - Setting next_dagrun for consume_1_or_2_with_dataset_expressions to None, run_after=None
[2024-12-09T05:14:52.616+0000] {logging_mixin.py:190} INFO - [2024-12-09T05:14:52.616+0000] {dag.py:4180} INFO - Setting next_dagrun for consume_1_or_both_2_and_3_with_dataset_expressions to None, run_after=None
[2024-12-09T05:14:52.617+0000] {logging_mixin.py:190} INFO - [2024-12-09T05:14:52.617+0000] {dag.py:4180} INFO - Setting next_dagrun for dataset_consumes_1 to None, run_after=None
[2024-12-09T05:14:52.618+0000] {logging_mixin.py:190} INFO - [2024-12-09T05:14:52.617+0000] {dag.py:4180} INFO - Setting next_dagrun for dataset_consumes_1_and_2 to None, run_after=None
[2024-12-09T05:14:52.618+0000] {logging_mixin.py:190} INFO - [2024-12-09T05:14:52.618+0000] {dag.py:4180} INFO - Setting next_dagrun for dataset_consumes_1_never_scheduled to None, run_after=None
[2024-12-09T05:14:52.619+0000] {logging_mixin.py:190} INFO - [2024-12-09T05:14:52.619+0000] {dag.py:4180} INFO - Setting next_dagrun for dataset_consumes_unknown_never_scheduled to None, run_after=None
[2024-12-09T05:14:52.620+0000] {logging_mixin.py:190} INFO - [2024-12-09T05:14:52.620+0000] {dag.py:4180} INFO - Setting next_dagrun for dataset_produces_1 to 2024-12-08 00:00:00+00:00, run_after=2024-12-09 00:00:00+00:00
[2024-12-09T05:14:52.621+0000] {logging_mixin.py:190} INFO - [2024-12-09T05:14:52.621+0000] {dag.py:4180} INFO - Setting next_dagrun for dataset_produces_2 to None, run_after=None
[2024-12-09T05:14:52.637+0000] {processor.py:208} INFO - Processing /home/airflow/.local/lib/python3.12/site-packages/airflow/example_dags/example_datasets.py took 0.371 seconds
[2024-12-09T05:15:23.003+0000] {processor.py:186} INFO - Started process (PID=868) to work on /home/airflow/.local/lib/python3.12/site-packages/airflow/example_dags/example_datasets.py
[2024-12-09T05:15:23.003+0000] {processor.py:914} INFO - Processing file /home/airflow/.local/lib/python3.12/site-packages/airflow/example_dags/example_datasets.py for tasks to queue
[2024-12-09T05:15:23.005+0000] {logging_mixin.py:190} INFO - [2024-12-09T05:15:23.005+0000] {dagbag.py:588} INFO - Filling up the DagBag from /home/airflow/.local/lib/python3.12/site-packages/airflow/example_dags/example_datasets.py
[2024-12-09T05:15:23.317+0000] {processor.py:925} INFO - DAG(s) 'dataset_produces_1', 'consume_1_and_2_with_dataset_expressions', 'consume_1_or_both_2_and_3_with_dataset_expressions', 'dataset_consumes_unknown_never_scheduled', 'dataset_consumes_1_and_2', 'dataset_produces_2', 'dataset_consumes_1_never_scheduled', 'consume_1_or_2_with_dataset_expressions', 'conditional_dataset_and_time_based_timetable', 'dataset_consumes_1' retrieved from /home/airflow/.local/lib/python3.12/site-packages/airflow/example_dags/example_datasets.py
[2024-12-09T05:15:23.338+0000] {logging_mixin.py:190} INFO - [2024-12-09T05:15:23.337+0000] {dag.py:3239} INFO - Sync 10 DAGs
[2024-12-09T05:15:23.351+0000] {logging_mixin.py:190} INFO - [2024-12-09T05:15:23.351+0000] {dag.py:4180} INFO - Setting next_dagrun for conditional_dataset_and_time_based_timetable to 2024-12-04 01:00:00+00:00, run_after=2024-12-04 01:00:00+00:00
[2024-12-09T05:15:23.353+0000] {logging_mixin.py:190} INFO - [2024-12-09T05:15:23.353+0000] {dag.py:4180} INFO - Setting next_dagrun for consume_1_and_2_with_dataset_expressions to None, run_after=None
[2024-12-09T05:15:23.354+0000] {logging_mixin.py:190} INFO - [2024-12-09T05:15:23.354+0000] {dag.py:4180} INFO - Setting next_dagrun for consume_1_or_2_with_dataset_expressions to None, run_after=None
[2024-12-09T05:15:23.355+0000] {logging_mixin.py:190} INFO - [2024-12-09T05:15:23.355+0000] {dag.py:4180} INFO - Setting next_dagrun for consume_1_or_both_2_and_3_with_dataset_expressions to None, run_after=None
[2024-12-09T05:15:23.356+0000] {logging_mixin.py:190} INFO - [2024-12-09T05:15:23.356+0000] {dag.py:4180} INFO - Setting next_dagrun for dataset_consumes_1 to None, run_after=None
[2024-12-09T05:15:23.356+0000] {logging_mixin.py:190} INFO - [2024-12-09T05:15:23.356+0000] {dag.py:4180} INFO - Setting next_dagrun for dataset_consumes_1_and_2 to None, run_after=None
[2024-12-09T05:15:23.357+0000] {logging_mixin.py:190} INFO - [2024-12-09T05:15:23.357+0000] {dag.py:4180} INFO - Setting next_dagrun for dataset_consumes_1_never_scheduled to None, run_after=None
[2024-12-09T05:15:23.358+0000] {logging_mixin.py:190} INFO - [2024-12-09T05:15:23.358+0000] {dag.py:4180} INFO - Setting next_dagrun for dataset_consumes_unknown_never_scheduled to None, run_after=None
[2024-12-09T05:15:23.359+0000] {logging_mixin.py:190} INFO - [2024-12-09T05:15:23.359+0000] {dag.py:4180} INFO - Setting next_dagrun for dataset_produces_1 to 2024-12-08 00:00:00+00:00, run_after=2024-12-09 00:00:00+00:00
[2024-12-09T05:15:23.360+0000] {logging_mixin.py:190} INFO - [2024-12-09T05:15:23.360+0000] {dag.py:4180} INFO - Setting next_dagrun for dataset_produces_2 to None, run_after=None
[2024-12-09T05:15:23.377+0000] {processor.py:208} INFO - Processing /home/airflow/.local/lib/python3.12/site-packages/airflow/example_dags/example_datasets.py took 0.377 seconds
[2024-12-09T05:15:53.703+0000] {processor.py:186} INFO - Started process (PID=931) to work on /home/airflow/.local/lib/python3.12/site-packages/airflow/example_dags/example_datasets.py
[2024-12-09T05:15:53.703+0000] {processor.py:914} INFO - Processing file /home/airflow/.local/lib/python3.12/site-packages/airflow/example_dags/example_datasets.py for tasks to queue
[2024-12-09T05:15:53.705+0000] {logging_mixin.py:190} INFO - [2024-12-09T05:15:53.704+0000] {dagbag.py:588} INFO - Filling up the DagBag from /home/airflow/.local/lib/python3.12/site-packages/airflow/example_dags/example_datasets.py
[2024-12-09T05:15:54.032+0000] {processor.py:925} INFO - DAG(s) 'dataset_produces_1', 'conditional_dataset_and_time_based_timetable', 'dataset_consumes_1_and_2', 'dataset_produces_2', 'dataset_consumes_1', 'dataset_consumes_unknown_never_scheduled', 'dataset_consumes_1_never_scheduled', 'consume_1_and_2_with_dataset_expressions', 'consume_1_or_both_2_and_3_with_dataset_expressions', 'consume_1_or_2_with_dataset_expressions' retrieved from /home/airflow/.local/lib/python3.12/site-packages/airflow/example_dags/example_datasets.py
[2024-12-09T05:15:54.054+0000] {logging_mixin.py:190} INFO - [2024-12-09T05:15:54.054+0000] {dag.py:3239} INFO - Sync 10 DAGs
[2024-12-09T05:15:54.069+0000] {logging_mixin.py:190} INFO - [2024-12-09T05:15:54.069+0000] {dag.py:4180} INFO - Setting next_dagrun for conditional_dataset_and_time_based_timetable to 2024-12-04 01:00:00+00:00, run_after=2024-12-04 01:00:00+00:00
[2024-12-09T05:15:54.071+0000] {logging_mixin.py:190} INFO - [2024-12-09T05:15:54.071+0000] {dag.py:4180} INFO - Setting next_dagrun for consume_1_and_2_with_dataset_expressions to None, run_after=None
[2024-12-09T05:15:54.071+0000] {logging_mixin.py:190} INFO - [2024-12-09T05:15:54.071+0000] {dag.py:4180} INFO - Setting next_dagrun for consume_1_or_2_with_dataset_expressions to None, run_after=None
[2024-12-09T05:15:54.072+0000] {logging_mixin.py:190} INFO - [2024-12-09T05:15:54.072+0000] {dag.py:4180} INFO - Setting next_dagrun for consume_1_or_both_2_and_3_with_dataset_expressions to None, run_after=None
[2024-12-09T05:15:54.073+0000] {logging_mixin.py:190} INFO - [2024-12-09T05:15:54.073+0000] {dag.py:4180} INFO - Setting next_dagrun for dataset_consumes_1 to None, run_after=None
[2024-12-09T05:15:54.074+0000] {logging_mixin.py:190} INFO - [2024-12-09T05:15:54.073+0000] {dag.py:4180} INFO - Setting next_dagrun for dataset_consumes_1_and_2 to None, run_after=None
[2024-12-09T05:15:54.074+0000] {logging_mixin.py:190} INFO - [2024-12-09T05:15:54.074+0000] {dag.py:4180} INFO - Setting next_dagrun for dataset_consumes_1_never_scheduled to None, run_after=None
[2024-12-09T05:15:54.075+0000] {logging_mixin.py:190} INFO - [2024-12-09T05:15:54.075+0000] {dag.py:4180} INFO - Setting next_dagrun for dataset_consumes_unknown_never_scheduled to None, run_after=None
[2024-12-09T05:15:54.076+0000] {logging_mixin.py:190} INFO - [2024-12-09T05:15:54.076+0000] {dag.py:4180} INFO - Setting next_dagrun for dataset_produces_1 to 2024-12-08 00:00:00+00:00, run_after=2024-12-09 00:00:00+00:00
[2024-12-09T05:15:54.077+0000] {logging_mixin.py:190} INFO - [2024-12-09T05:15:54.077+0000] {dag.py:4180} INFO - Setting next_dagrun for dataset_produces_2 to None, run_after=None
[2024-12-09T05:15:54.094+0000] {processor.py:208} INFO - Processing /home/airflow/.local/lib/python3.12/site-packages/airflow/example_dags/example_datasets.py took 0.395 seconds
[2024-12-09T05:16:24.237+0000] {processor.py:186} INFO - Started process (PID=994) to work on /home/airflow/.local/lib/python3.12/site-packages/airflow/example_dags/example_datasets.py
[2024-12-09T05:16:24.237+0000] {processor.py:914} INFO - Processing file /home/airflow/.local/lib/python3.12/site-packages/airflow/example_dags/example_datasets.py for tasks to queue
[2024-12-09T05:16:24.239+0000] {logging_mixin.py:190} INFO - [2024-12-09T05:16:24.238+0000] {dagbag.py:588} INFO - Filling up the DagBag from /home/airflow/.local/lib/python3.12/site-packages/airflow/example_dags/example_datasets.py
[2024-12-09T05:16:24.539+0000] {processor.py:925} INFO - DAG(s) 'dataset_consumes_unknown_never_scheduled', 'consume_1_and_2_with_dataset_expressions', 'consume_1_or_2_with_dataset_expressions', 'dataset_produces_2', 'consume_1_or_both_2_and_3_with_dataset_expressions', 'conditional_dataset_and_time_based_timetable', 'dataset_produces_1', 'dataset_consumes_1_never_scheduled', 'dataset_consumes_1', 'dataset_consumes_1_and_2' retrieved from /home/airflow/.local/lib/python3.12/site-packages/airflow/example_dags/example_datasets.py
[2024-12-09T05:16:24.560+0000] {logging_mixin.py:190} INFO - [2024-12-09T05:16:24.559+0000] {dag.py:3239} INFO - Sync 10 DAGs
[2024-12-09T05:16:24.573+0000] {logging_mixin.py:190} INFO - [2024-12-09T05:16:24.573+0000] {dag.py:4180} INFO - Setting next_dagrun for conditional_dataset_and_time_based_timetable to 2024-12-04 01:00:00+00:00, run_after=2024-12-04 01:00:00+00:00
[2024-12-09T05:16:24.575+0000] {logging_mixin.py:190} INFO - [2024-12-09T05:16:24.575+0000] {dag.py:4180} INFO - Setting next_dagrun for consume_1_and_2_with_dataset_expressions to None, run_after=None
[2024-12-09T05:16:24.576+0000] {logging_mixin.py:190} INFO - [2024-12-09T05:16:24.576+0000] {dag.py:4180} INFO - Setting next_dagrun for consume_1_or_2_with_dataset_expressions to None, run_after=None
[2024-12-09T05:16:24.577+0000] {logging_mixin.py:190} INFO - [2024-12-09T05:16:24.577+0000] {dag.py:4180} INFO - Setting next_dagrun for consume_1_or_both_2_and_3_with_dataset_expressions to None, run_after=None
[2024-12-09T05:16:24.577+0000] {logging_mixin.py:190} INFO - [2024-12-09T05:16:24.577+0000] {dag.py:4180} INFO - Setting next_dagrun for dataset_consumes_1 to None, run_after=None
[2024-12-09T05:16:24.578+0000] {logging_mixin.py:190} INFO - [2024-12-09T05:16:24.578+0000] {dag.py:4180} INFO - Setting next_dagrun for dataset_consumes_1_and_2 to None, run_after=None
[2024-12-09T05:16:24.579+0000] {logging_mixin.py:190} INFO - [2024-12-09T05:16:24.579+0000] {dag.py:4180} INFO - Setting next_dagrun for dataset_consumes_1_never_scheduled to None, run_after=None
[2024-12-09T05:16:24.579+0000] {logging_mixin.py:190} INFO - [2024-12-09T05:16:24.579+0000] {dag.py:4180} INFO - Setting next_dagrun for dataset_consumes_unknown_never_scheduled to None, run_after=None
[2024-12-09T05:16:24.580+0000] {logging_mixin.py:190} INFO - [2024-12-09T05:16:24.580+0000] {dag.py:4180} INFO - Setting next_dagrun for dataset_produces_1 to 2024-12-08 00:00:00+00:00, run_after=2024-12-09 00:00:00+00:00
[2024-12-09T05:16:24.581+0000] {logging_mixin.py:190} INFO - [2024-12-09T05:16:24.581+0000] {dag.py:4180} INFO - Setting next_dagrun for dataset_produces_2 to None, run_after=None
[2024-12-09T05:16:24.597+0000] {processor.py:208} INFO - Processing /home/airflow/.local/lib/python3.12/site-packages/airflow/example_dags/example_datasets.py took 0.365 seconds
[2024-12-09T05:16:55.111+0000] {processor.py:186} INFO - Started process (PID=1057) to work on /home/airflow/.local/lib/python3.12/site-packages/airflow/example_dags/example_datasets.py
[2024-12-09T05:16:55.112+0000] {processor.py:914} INFO - Processing file /home/airflow/.local/lib/python3.12/site-packages/airflow/example_dags/example_datasets.py for tasks to queue
[2024-12-09T05:16:55.113+0000] {logging_mixin.py:190} INFO - [2024-12-09T05:16:55.113+0000] {dagbag.py:588} INFO - Filling up the DagBag from /home/airflow/.local/lib/python3.12/site-packages/airflow/example_dags/example_datasets.py
[2024-12-09T05:16:55.443+0000] {processor.py:925} INFO - DAG(s) 'dataset_consumes_1', 'consume_1_and_2_with_dataset_expressions', 'dataset_consumes_1_and_2', 'dataset_produces_2', 'consume_1_or_both_2_and_3_with_dataset_expressions', 'dataset_produces_1', 'consume_1_or_2_with_dataset_expressions', 'conditional_dataset_and_time_based_timetable', 'dataset_consumes_unknown_never_scheduled', 'dataset_consumes_1_never_scheduled' retrieved from /home/airflow/.local/lib/python3.12/site-packages/airflow/example_dags/example_datasets.py
[2024-12-09T05:16:55.467+0000] {logging_mixin.py:190} INFO - [2024-12-09T05:16:55.466+0000] {dag.py:3239} INFO - Sync 10 DAGs
[2024-12-09T05:16:55.483+0000] {logging_mixin.py:190} INFO - [2024-12-09T05:16:55.483+0000] {dag.py:4180} INFO - Setting next_dagrun for conditional_dataset_and_time_based_timetable to 2024-12-04 01:00:00+00:00, run_after=2024-12-04 01:00:00+00:00
[2024-12-09T05:16:55.485+0000] {logging_mixin.py:190} INFO - [2024-12-09T05:16:55.485+0000] {dag.py:4180} INFO - Setting next_dagrun for consume_1_and_2_with_dataset_expressions to None, run_after=None
[2024-12-09T05:16:55.486+0000] {logging_mixin.py:190} INFO - [2024-12-09T05:16:55.486+0000] {dag.py:4180} INFO - Setting next_dagrun for consume_1_or_2_with_dataset_expressions to None, run_after=None
[2024-12-09T05:16:55.487+0000] {logging_mixin.py:190} INFO - [2024-12-09T05:16:55.487+0000] {dag.py:4180} INFO - Setting next_dagrun for consume_1_or_both_2_and_3_with_dataset_expressions to None, run_after=None
[2024-12-09T05:16:55.488+0000] {logging_mixin.py:190} INFO - [2024-12-09T05:16:55.488+0000] {dag.py:4180} INFO - Setting next_dagrun for dataset_consumes_1 to None, run_after=None
[2024-12-09T05:16:55.489+0000] {logging_mixin.py:190} INFO - [2024-12-09T05:16:55.489+0000] {dag.py:4180} INFO - Setting next_dagrun for dataset_consumes_1_and_2 to None, run_after=None
[2024-12-09T05:16:55.489+0000] {logging_mixin.py:190} INFO - [2024-12-09T05:16:55.489+0000] {dag.py:4180} INFO - Setting next_dagrun for dataset_consumes_1_never_scheduled to None, run_after=None
[2024-12-09T05:16:55.490+0000] {logging_mixin.py:190} INFO - [2024-12-09T05:16:55.490+0000] {dag.py:4180} INFO - Setting next_dagrun for dataset_consumes_unknown_never_scheduled to None, run_after=None
[2024-12-09T05:16:55.492+0000] {logging_mixin.py:190} INFO - [2024-12-09T05:16:55.492+0000] {dag.py:4180} INFO - Setting next_dagrun for dataset_produces_1 to 2024-12-08 00:00:00+00:00, run_after=2024-12-09 00:00:00+00:00
[2024-12-09T05:16:55.492+0000] {logging_mixin.py:190} INFO - [2024-12-09T05:16:55.492+0000] {dag.py:4180} INFO - Setting next_dagrun for dataset_produces_2 to None, run_after=None
[2024-12-09T05:16:55.511+0000] {processor.py:208} INFO - Processing /home/airflow/.local/lib/python3.12/site-packages/airflow/example_dags/example_datasets.py took 0.403 seconds
