[2024-12-09T05:09:16.742+0000] {processor.py:186} INFO - Started process (PID=139) to work on /home/airflow/.local/lib/python3.12/site-packages/airflow/example_dags/tutorial_objectstorage.py
[2024-12-09T05:09:16.743+0000] {processor.py:914} INFO - Processing file /home/airflow/.local/lib/python3.12/site-packages/airflow/example_dags/tutorial_objectstorage.py for tasks to queue
[2024-12-09T05:09:16.744+0000] {logging_mixin.py:190} INFO - [2024-12-09T05:09:16.744+0000] {dagbag.py:588} INFO - Filling up the DagBag from /home/airflow/.local/lib/python3.12/site-packages/airflow/example_dags/tutorial_objectstorage.py
[2024-12-09T05:09:16.750+0000] {processor.py:925} INFO - DAG(s) 'tutorial_objectstorage' retrieved from /home/airflow/.local/lib/python3.12/site-packages/airflow/example_dags/tutorial_objectstorage.py
[2024-12-09T05:09:16.762+0000] {logging_mixin.py:190} INFO - [2024-12-09T05:09:16.762+0000] {dag.py:3239} INFO - Sync 1 DAGs
[2024-12-09T05:09:16.770+0000] {logging_mixin.py:190} INFO - [2024-12-09T05:09:16.770+0000] {dag.py:4180} INFO - Setting next_dagrun for tutorial_objectstorage to None, run_after=None
[2024-12-09T05:09:16.779+0000] {processor.py:208} INFO - Processing /home/airflow/.local/lib/python3.12/site-packages/airflow/example_dags/tutorial_objectstorage.py took 0.040 seconds
[2024-12-09T05:09:47.472+0000] {processor.py:186} INFO - Started process (PID=202) to work on /home/airflow/.local/lib/python3.12/site-packages/airflow/example_dags/tutorial_objectstorage.py
[2024-12-09T05:09:47.473+0000] {processor.py:914} INFO - Processing file /home/airflow/.local/lib/python3.12/site-packages/airflow/example_dags/tutorial_objectstorage.py for tasks to queue
[2024-12-09T05:09:47.475+0000] {logging_mixin.py:190} INFO - [2024-12-09T05:09:47.474+0000] {dagbag.py:588} INFO - Filling up the DagBag from /home/airflow/.local/lib/python3.12/site-packages/airflow/example_dags/tutorial_objectstorage.py
[2024-12-09T05:09:47.481+0000] {processor.py:925} INFO - DAG(s) 'tutorial_objectstorage' retrieved from /home/airflow/.local/lib/python3.12/site-packages/airflow/example_dags/tutorial_objectstorage.py
[2024-12-09T05:09:47.490+0000] {logging_mixin.py:190} INFO - [2024-12-09T05:09:47.490+0000] {dag.py:3239} INFO - Sync 1 DAGs
[2024-12-09T05:09:47.498+0000] {logging_mixin.py:190} INFO - [2024-12-09T05:09:47.498+0000] {dag.py:4180} INFO - Setting next_dagrun for tutorial_objectstorage to None, run_after=None
[2024-12-09T05:09:47.508+0000] {processor.py:208} INFO - Processing /home/airflow/.local/lib/python3.12/site-packages/airflow/example_dags/tutorial_objectstorage.py took 0.039 seconds
[2024-12-09T05:10:18.105+0000] {processor.py:186} INFO - Started process (PID=265) to work on /home/airflow/.local/lib/python3.12/site-packages/airflow/example_dags/tutorial_objectstorage.py
[2024-12-09T05:10:18.106+0000] {processor.py:914} INFO - Processing file /home/airflow/.local/lib/python3.12/site-packages/airflow/example_dags/tutorial_objectstorage.py for tasks to queue
[2024-12-09T05:10:18.107+0000] {logging_mixin.py:190} INFO - [2024-12-09T05:10:18.107+0000] {dagbag.py:588} INFO - Filling up the DagBag from /home/airflow/.local/lib/python3.12/site-packages/airflow/example_dags/tutorial_objectstorage.py
[2024-12-09T05:10:18.112+0000] {processor.py:925} INFO - DAG(s) 'tutorial_objectstorage' retrieved from /home/airflow/.local/lib/python3.12/site-packages/airflow/example_dags/tutorial_objectstorage.py
[2024-12-09T05:10:18.121+0000] {logging_mixin.py:190} INFO - [2024-12-09T05:10:18.121+0000] {dag.py:3239} INFO - Sync 1 DAGs
[2024-12-09T05:10:18.129+0000] {logging_mixin.py:190} INFO - [2024-12-09T05:10:18.129+0000] {dag.py:4180} INFO - Setting next_dagrun for tutorial_objectstorage to None, run_after=None
[2024-12-09T05:10:18.137+0000] {processor.py:208} INFO - Processing /home/airflow/.local/lib/python3.12/site-packages/airflow/example_dags/tutorial_objectstorage.py took 0.035 seconds
[2024-12-09T05:10:48.751+0000] {processor.py:186} INFO - Started process (PID=328) to work on /home/airflow/.local/lib/python3.12/site-packages/airflow/example_dags/tutorial_objectstorage.py
[2024-12-09T05:10:48.752+0000] {processor.py:914} INFO - Processing file /home/airflow/.local/lib/python3.12/site-packages/airflow/example_dags/tutorial_objectstorage.py for tasks to queue
[2024-12-09T05:10:48.753+0000] {logging_mixin.py:190} INFO - [2024-12-09T05:10:48.753+0000] {dagbag.py:588} INFO - Filling up the DagBag from /home/airflow/.local/lib/python3.12/site-packages/airflow/example_dags/tutorial_objectstorage.py
[2024-12-09T05:10:48.758+0000] {processor.py:925} INFO - DAG(s) 'tutorial_objectstorage' retrieved from /home/airflow/.local/lib/python3.12/site-packages/airflow/example_dags/tutorial_objectstorage.py
[2024-12-09T05:10:48.767+0000] {logging_mixin.py:190} INFO - [2024-12-09T05:10:48.767+0000] {dag.py:3239} INFO - Sync 1 DAGs
[2024-12-09T05:10:48.775+0000] {logging_mixin.py:190} INFO - [2024-12-09T05:10:48.774+0000] {dag.py:4180} INFO - Setting next_dagrun for tutorial_objectstorage to None, run_after=None
[2024-12-09T05:10:48.784+0000] {processor.py:208} INFO - Processing /home/airflow/.local/lib/python3.12/site-packages/airflow/example_dags/tutorial_objectstorage.py took 0.036 seconds
[2024-12-09T05:11:19.484+0000] {processor.py:186} INFO - Started process (PID=391) to work on /home/airflow/.local/lib/python3.12/site-packages/airflow/example_dags/tutorial_objectstorage.py
[2024-12-09T05:11:19.484+0000] {processor.py:914} INFO - Processing file /home/airflow/.local/lib/python3.12/site-packages/airflow/example_dags/tutorial_objectstorage.py for tasks to queue
[2024-12-09T05:11:19.486+0000] {logging_mixin.py:190} INFO - [2024-12-09T05:11:19.485+0000] {dagbag.py:588} INFO - Filling up the DagBag from /home/airflow/.local/lib/python3.12/site-packages/airflow/example_dags/tutorial_objectstorage.py
[2024-12-09T05:11:19.491+0000] {processor.py:925} INFO - DAG(s) 'tutorial_objectstorage' retrieved from /home/airflow/.local/lib/python3.12/site-packages/airflow/example_dags/tutorial_objectstorage.py
[2024-12-09T05:11:19.500+0000] {logging_mixin.py:190} INFO - [2024-12-09T05:11:19.500+0000] {dag.py:3239} INFO - Sync 1 DAGs
[2024-12-09T05:11:19.507+0000] {logging_mixin.py:190} INFO - [2024-12-09T05:11:19.507+0000] {dag.py:4180} INFO - Setting next_dagrun for tutorial_objectstorage to None, run_after=None
[2024-12-09T05:11:19.517+0000] {processor.py:208} INFO - Processing /home/airflow/.local/lib/python3.12/site-packages/airflow/example_dags/tutorial_objectstorage.py took 0.037 seconds
[2024-12-09T05:11:50.172+0000] {processor.py:186} INFO - Started process (PID=454) to work on /home/airflow/.local/lib/python3.12/site-packages/airflow/example_dags/tutorial_objectstorage.py
[2024-12-09T05:11:50.173+0000] {processor.py:914} INFO - Processing file /home/airflow/.local/lib/python3.12/site-packages/airflow/example_dags/tutorial_objectstorage.py for tasks to queue
[2024-12-09T05:11:50.174+0000] {logging_mixin.py:190} INFO - [2024-12-09T05:11:50.174+0000] {dagbag.py:588} INFO - Filling up the DagBag from /home/airflow/.local/lib/python3.12/site-packages/airflow/example_dags/tutorial_objectstorage.py
[2024-12-09T05:11:50.179+0000] {processor.py:925} INFO - DAG(s) 'tutorial_objectstorage' retrieved from /home/airflow/.local/lib/python3.12/site-packages/airflow/example_dags/tutorial_objectstorage.py
[2024-12-09T05:11:50.189+0000] {logging_mixin.py:190} INFO - [2024-12-09T05:11:50.189+0000] {dag.py:3239} INFO - Sync 1 DAGs
[2024-12-09T05:11:50.197+0000] {logging_mixin.py:190} INFO - [2024-12-09T05:11:50.197+0000] {dag.py:4180} INFO - Setting next_dagrun for tutorial_objectstorage to None, run_after=None
[2024-12-09T05:11:50.207+0000] {processor.py:208} INFO - Processing /home/airflow/.local/lib/python3.12/site-packages/airflow/example_dags/tutorial_objectstorage.py took 0.037 seconds
[2024-12-09T05:12:20.705+0000] {processor.py:186} INFO - Started process (PID=517) to work on /home/airflow/.local/lib/python3.12/site-packages/airflow/example_dags/tutorial_objectstorage.py
[2024-12-09T05:12:20.705+0000] {processor.py:914} INFO - Processing file /home/airflow/.local/lib/python3.12/site-packages/airflow/example_dags/tutorial_objectstorage.py for tasks to queue
[2024-12-09T05:12:20.707+0000] {logging_mixin.py:190} INFO - [2024-12-09T05:12:20.706+0000] {dagbag.py:588} INFO - Filling up the DagBag from /home/airflow/.local/lib/python3.12/site-packages/airflow/example_dags/tutorial_objectstorage.py
[2024-12-09T05:12:20.712+0000] {processor.py:925} INFO - DAG(s) 'tutorial_objectstorage' retrieved from /home/airflow/.local/lib/python3.12/site-packages/airflow/example_dags/tutorial_objectstorage.py
[2024-12-09T05:12:20.722+0000] {logging_mixin.py:190} INFO - [2024-12-09T05:12:20.722+0000] {dag.py:3239} INFO - Sync 1 DAGs
[2024-12-09T05:12:20.730+0000] {logging_mixin.py:190} INFO - [2024-12-09T05:12:20.729+0000] {dag.py:4180} INFO - Setting next_dagrun for tutorial_objectstorage to None, run_after=None
[2024-12-09T05:12:20.739+0000] {processor.py:208} INFO - Processing /home/airflow/.local/lib/python3.12/site-packages/airflow/example_dags/tutorial_objectstorage.py took 0.038 seconds
[2024-12-09T05:12:51.326+0000] {processor.py:186} INFO - Started process (PID=581) to work on /home/airflow/.local/lib/python3.12/site-packages/airflow/example_dags/tutorial_objectstorage.py
[2024-12-09T05:12:51.326+0000] {processor.py:914} INFO - Processing file /home/airflow/.local/lib/python3.12/site-packages/airflow/example_dags/tutorial_objectstorage.py for tasks to queue
[2024-12-09T05:12:51.327+0000] {logging_mixin.py:190} INFO - [2024-12-09T05:12:51.327+0000] {dagbag.py:588} INFO - Filling up the DagBag from /home/airflow/.local/lib/python3.12/site-packages/airflow/example_dags/tutorial_objectstorage.py
[2024-12-09T05:12:51.332+0000] {processor.py:925} INFO - DAG(s) 'tutorial_objectstorage' retrieved from /home/airflow/.local/lib/python3.12/site-packages/airflow/example_dags/tutorial_objectstorage.py
[2024-12-09T05:12:51.342+0000] {logging_mixin.py:190} INFO - [2024-12-09T05:12:51.342+0000] {dag.py:3239} INFO - Sync 1 DAGs
[2024-12-09T05:12:51.350+0000] {logging_mixin.py:190} INFO - [2024-12-09T05:12:51.350+0000] {dag.py:4180} INFO - Setting next_dagrun for tutorial_objectstorage to None, run_after=None
[2024-12-09T05:12:51.360+0000] {processor.py:208} INFO - Processing /home/airflow/.local/lib/python3.12/site-packages/airflow/example_dags/tutorial_objectstorage.py took 0.038 seconds
[2024-12-09T05:13:22.086+0000] {processor.py:186} INFO - Started process (PID=644) to work on /home/airflow/.local/lib/python3.12/site-packages/airflow/example_dags/tutorial_objectstorage.py
[2024-12-09T05:13:22.087+0000] {processor.py:914} INFO - Processing file /home/airflow/.local/lib/python3.12/site-packages/airflow/example_dags/tutorial_objectstorage.py for tasks to queue
[2024-12-09T05:13:22.088+0000] {logging_mixin.py:190} INFO - [2024-12-09T05:13:22.088+0000] {dagbag.py:588} INFO - Filling up the DagBag from /home/airflow/.local/lib/python3.12/site-packages/airflow/example_dags/tutorial_objectstorage.py
[2024-12-09T05:13:22.094+0000] {processor.py:925} INFO - DAG(s) 'tutorial_objectstorage' retrieved from /home/airflow/.local/lib/python3.12/site-packages/airflow/example_dags/tutorial_objectstorage.py
[2024-12-09T05:13:22.103+0000] {logging_mixin.py:190} INFO - [2024-12-09T05:13:22.103+0000] {dag.py:3239} INFO - Sync 1 DAGs
[2024-12-09T05:13:22.111+0000] {logging_mixin.py:190} INFO - [2024-12-09T05:13:22.110+0000] {dag.py:4180} INFO - Setting next_dagrun for tutorial_objectstorage to None, run_after=None
[2024-12-09T05:13:22.120+0000] {processor.py:208} INFO - Processing /home/airflow/.local/lib/python3.12/site-packages/airflow/example_dags/tutorial_objectstorage.py took 0.037 seconds
[2024-12-09T05:13:52.618+0000] {processor.py:186} INFO - Started process (PID=707) to work on /home/airflow/.local/lib/python3.12/site-packages/airflow/example_dags/tutorial_objectstorage.py
[2024-12-09T05:13:52.619+0000] {processor.py:914} INFO - Processing file /home/airflow/.local/lib/python3.12/site-packages/airflow/example_dags/tutorial_objectstorage.py for tasks to queue
[2024-12-09T05:13:52.620+0000] {logging_mixin.py:190} INFO - [2024-12-09T05:13:52.620+0000] {dagbag.py:588} INFO - Filling up the DagBag from /home/airflow/.local/lib/python3.12/site-packages/airflow/example_dags/tutorial_objectstorage.py
[2024-12-09T05:13:52.626+0000] {processor.py:925} INFO - DAG(s) 'tutorial_objectstorage' retrieved from /home/airflow/.local/lib/python3.12/site-packages/airflow/example_dags/tutorial_objectstorage.py
[2024-12-09T05:13:52.635+0000] {logging_mixin.py:190} INFO - [2024-12-09T05:13:52.635+0000] {dag.py:3239} INFO - Sync 1 DAGs
[2024-12-09T05:13:52.643+0000] {logging_mixin.py:190} INFO - [2024-12-09T05:13:52.643+0000] {dag.py:4180} INFO - Setting next_dagrun for tutorial_objectstorage to None, run_after=None
[2024-12-09T05:13:52.652+0000] {processor.py:208} INFO - Processing /home/airflow/.local/lib/python3.12/site-packages/airflow/example_dags/tutorial_objectstorage.py took 0.037 seconds
[2024-12-09T05:14:23.162+0000] {processor.py:186} INFO - Started process (PID=770) to work on /home/airflow/.local/lib/python3.12/site-packages/airflow/example_dags/tutorial_objectstorage.py
[2024-12-09T05:14:23.163+0000] {processor.py:914} INFO - Processing file /home/airflow/.local/lib/python3.12/site-packages/airflow/example_dags/tutorial_objectstorage.py for tasks to queue
[2024-12-09T05:14:23.164+0000] {logging_mixin.py:190} INFO - [2024-12-09T05:14:23.164+0000] {dagbag.py:588} INFO - Filling up the DagBag from /home/airflow/.local/lib/python3.12/site-packages/airflow/example_dags/tutorial_objectstorage.py
[2024-12-09T05:14:23.169+0000] {processor.py:925} INFO - DAG(s) 'tutorial_objectstorage' retrieved from /home/airflow/.local/lib/python3.12/site-packages/airflow/example_dags/tutorial_objectstorage.py
[2024-12-09T05:14:23.179+0000] {logging_mixin.py:190} INFO - [2024-12-09T05:14:23.179+0000] {dag.py:3239} INFO - Sync 1 DAGs
[2024-12-09T05:14:23.187+0000] {logging_mixin.py:190} INFO - [2024-12-09T05:14:23.187+0000] {dag.py:4180} INFO - Setting next_dagrun for tutorial_objectstorage to None, run_after=None
[2024-12-09T05:14:23.197+0000] {processor.py:208} INFO - Processing /home/airflow/.local/lib/python3.12/site-packages/airflow/example_dags/tutorial_objectstorage.py took 0.039 seconds
[2024-12-09T05:14:53.799+0000] {processor.py:186} INFO - Started process (PID=833) to work on /home/airflow/.local/lib/python3.12/site-packages/airflow/example_dags/tutorial_objectstorage.py
[2024-12-09T05:14:53.800+0000] {processor.py:914} INFO - Processing file /home/airflow/.local/lib/python3.12/site-packages/airflow/example_dags/tutorial_objectstorage.py for tasks to queue
[2024-12-09T05:14:53.801+0000] {logging_mixin.py:190} INFO - [2024-12-09T05:14:53.801+0000] {dagbag.py:588} INFO - Filling up the DagBag from /home/airflow/.local/lib/python3.12/site-packages/airflow/example_dags/tutorial_objectstorage.py
[2024-12-09T05:14:53.806+0000] {processor.py:925} INFO - DAG(s) 'tutorial_objectstorage' retrieved from /home/airflow/.local/lib/python3.12/site-packages/airflow/example_dags/tutorial_objectstorage.py
[2024-12-09T05:14:53.817+0000] {logging_mixin.py:190} INFO - [2024-12-09T05:14:53.816+0000] {dag.py:3239} INFO - Sync 1 DAGs
[2024-12-09T05:14:53.824+0000] {logging_mixin.py:190} INFO - [2024-12-09T05:14:53.824+0000] {dag.py:4180} INFO - Setting next_dagrun for tutorial_objectstorage to None, run_after=None
[2024-12-09T05:14:53.834+0000] {processor.py:208} INFO - Processing /home/airflow/.local/lib/python3.12/site-packages/airflow/example_dags/tutorial_objectstorage.py took 0.038 seconds
[2024-12-09T05:15:24.481+0000] {processor.py:186} INFO - Started process (PID=896) to work on /home/airflow/.local/lib/python3.12/site-packages/airflow/example_dags/tutorial_objectstorage.py
[2024-12-09T05:15:24.482+0000] {processor.py:914} INFO - Processing file /home/airflow/.local/lib/python3.12/site-packages/airflow/example_dags/tutorial_objectstorage.py for tasks to queue
[2024-12-09T05:15:24.483+0000] {logging_mixin.py:190} INFO - [2024-12-09T05:15:24.483+0000] {dagbag.py:588} INFO - Filling up the DagBag from /home/airflow/.local/lib/python3.12/site-packages/airflow/example_dags/tutorial_objectstorage.py
[2024-12-09T05:15:24.488+0000] {processor.py:925} INFO - DAG(s) 'tutorial_objectstorage' retrieved from /home/airflow/.local/lib/python3.12/site-packages/airflow/example_dags/tutorial_objectstorage.py
[2024-12-09T05:15:24.498+0000] {logging_mixin.py:190} INFO - [2024-12-09T05:15:24.498+0000] {dag.py:3239} INFO - Sync 1 DAGs
[2024-12-09T05:15:24.505+0000] {logging_mixin.py:190} INFO - [2024-12-09T05:15:24.505+0000] {dag.py:4180} INFO - Setting next_dagrun for tutorial_objectstorage to None, run_after=None
[2024-12-09T05:15:24.515+0000] {processor.py:208} INFO - Processing /home/airflow/.local/lib/python3.12/site-packages/airflow/example_dags/tutorial_objectstorage.py took 0.037 seconds
[2024-12-09T05:15:55.085+0000] {processor.py:186} INFO - Started process (PID=959) to work on /home/airflow/.local/lib/python3.12/site-packages/airflow/example_dags/tutorial_objectstorage.py
[2024-12-09T05:15:55.086+0000] {processor.py:914} INFO - Processing file /home/airflow/.local/lib/python3.12/site-packages/airflow/example_dags/tutorial_objectstorage.py for tasks to queue
[2024-12-09T05:15:55.087+0000] {logging_mixin.py:190} INFO - [2024-12-09T05:15:55.087+0000] {dagbag.py:588} INFO - Filling up the DagBag from /home/airflow/.local/lib/python3.12/site-packages/airflow/example_dags/tutorial_objectstorage.py
[2024-12-09T05:15:55.092+0000] {processor.py:925} INFO - DAG(s) 'tutorial_objectstorage' retrieved from /home/airflow/.local/lib/python3.12/site-packages/airflow/example_dags/tutorial_objectstorage.py
[2024-12-09T05:15:55.103+0000] {logging_mixin.py:190} INFO - [2024-12-09T05:15:55.102+0000] {dag.py:3239} INFO - Sync 1 DAGs
[2024-12-09T05:15:55.110+0000] {logging_mixin.py:190} INFO - [2024-12-09T05:15:55.110+0000] {dag.py:4180} INFO - Setting next_dagrun for tutorial_objectstorage to None, run_after=None
[2024-12-09T05:15:55.120+0000] {processor.py:208} INFO - Processing /home/airflow/.local/lib/python3.12/site-packages/airflow/example_dags/tutorial_objectstorage.py took 0.037 seconds
[2024-12-09T05:16:25.654+0000] {processor.py:186} INFO - Started process (PID=1022) to work on /home/airflow/.local/lib/python3.12/site-packages/airflow/example_dags/tutorial_objectstorage.py
[2024-12-09T05:16:25.654+0000] {processor.py:914} INFO - Processing file /home/airflow/.local/lib/python3.12/site-packages/airflow/example_dags/tutorial_objectstorage.py for tasks to queue
[2024-12-09T05:16:25.655+0000] {logging_mixin.py:190} INFO - [2024-12-09T05:16:25.655+0000] {dagbag.py:588} INFO - Filling up the DagBag from /home/airflow/.local/lib/python3.12/site-packages/airflow/example_dags/tutorial_objectstorage.py
[2024-12-09T05:16:25.661+0000] {processor.py:925} INFO - DAG(s) 'tutorial_objectstorage' retrieved from /home/airflow/.local/lib/python3.12/site-packages/airflow/example_dags/tutorial_objectstorage.py
[2024-12-09T05:16:25.671+0000] {logging_mixin.py:190} INFO - [2024-12-09T05:16:25.671+0000] {dag.py:3239} INFO - Sync 1 DAGs
[2024-12-09T05:16:25.680+0000] {logging_mixin.py:190} INFO - [2024-12-09T05:16:25.679+0000] {dag.py:4180} INFO - Setting next_dagrun for tutorial_objectstorage to None, run_after=None
[2024-12-09T05:16:25.689+0000] {processor.py:208} INFO - Processing /home/airflow/.local/lib/python3.12/site-packages/airflow/example_dags/tutorial_objectstorage.py took 0.039 seconds
[2024-12-09T05:16:56.436+0000] {processor.py:186} INFO - Started process (PID=1084) to work on /home/airflow/.local/lib/python3.12/site-packages/airflow/example_dags/tutorial_objectstorage.py
[2024-12-09T05:16:56.436+0000] {processor.py:914} INFO - Processing file /home/airflow/.local/lib/python3.12/site-packages/airflow/example_dags/tutorial_objectstorage.py for tasks to queue
[2024-12-09T05:16:56.437+0000] {logging_mixin.py:190} INFO - [2024-12-09T05:16:56.437+0000] {dagbag.py:588} INFO - Filling up the DagBag from /home/airflow/.local/lib/python3.12/site-packages/airflow/example_dags/tutorial_objectstorage.py
[2024-12-09T05:16:56.443+0000] {processor.py:925} INFO - DAG(s) 'tutorial_objectstorage' retrieved from /home/airflow/.local/lib/python3.12/site-packages/airflow/example_dags/tutorial_objectstorage.py
[2024-12-09T05:16:56.452+0000] {logging_mixin.py:190} INFO - [2024-12-09T05:16:56.452+0000] {dag.py:3239} INFO - Sync 1 DAGs
[2024-12-09T05:16:56.460+0000] {logging_mixin.py:190} INFO - [2024-12-09T05:16:56.460+0000] {dag.py:4180} INFO - Setting next_dagrun for tutorial_objectstorage to None, run_after=None
[2024-12-09T05:16:56.470+0000] {processor.py:208} INFO - Processing /home/airflow/.local/lib/python3.12/site-packages/airflow/example_dags/tutorial_objectstorage.py took 0.037 seconds
