[2024-12-09T05:09:16.251+0000] {processor.py:186} INFO - Started process (PID=125) to work on /home/airflow/.local/lib/python3.12/site-packages/airflow/example_dags/tutorial.py
[2024-12-09T05:09:16.252+0000] {processor.py:914} INFO - Processing file /home/airflow/.local/lib/python3.12/site-packages/airflow/example_dags/tutorial.py for tasks to queue
[2024-12-09T05:09:16.253+0000] {logging_mixin.py:190} INFO - [2024-12-09T05:09:16.253+0000] {dagbag.py:588} INFO - Filling up the DagBag from /home/airflow/.local/lib/python3.12/site-packages/airflow/example_dags/tutorial.py
[2024-12-09T05:09:16.258+0000] {processor.py:925} INFO - DAG(s) 'tutorial' retrieved from /home/airflow/.local/lib/python3.12/site-packages/airflow/example_dags/tutorial.py
[2024-12-09T05:09:16.272+0000] {logging_mixin.py:190} INFO - [2024-12-09T05:09:16.272+0000] {dag.py:3239} INFO - Sync 1 DAGs
[2024-12-09T05:09:16.285+0000] {logging_mixin.py:190} INFO - [2024-12-09T05:09:16.285+0000] {dag.py:4180} INFO - Setting next_dagrun for tutorial to 2024-12-08 00:00:00+00:00, run_after=2024-12-09 00:00:00+00:00
[2024-12-09T05:09:16.295+0000] {processor.py:208} INFO - Processing /home/airflow/.local/lib/python3.12/site-packages/airflow/example_dags/tutorial.py took 0.047 seconds
[2024-12-09T05:09:47.001+0000] {processor.py:186} INFO - Started process (PID=188) to work on /home/airflow/.local/lib/python3.12/site-packages/airflow/example_dags/tutorial.py
[2024-12-09T05:09:47.002+0000] {processor.py:914} INFO - Processing file /home/airflow/.local/lib/python3.12/site-packages/airflow/example_dags/tutorial.py for tasks to queue
[2024-12-09T05:09:47.003+0000] {logging_mixin.py:190} INFO - [2024-12-09T05:09:47.003+0000] {dagbag.py:588} INFO - Filling up the DagBag from /home/airflow/.local/lib/python3.12/site-packages/airflow/example_dags/tutorial.py
[2024-12-09T05:09:47.007+0000] {processor.py:925} INFO - DAG(s) 'tutorial' retrieved from /home/airflow/.local/lib/python3.12/site-packages/airflow/example_dags/tutorial.py
[2024-12-09T05:09:47.017+0000] {logging_mixin.py:190} INFO - [2024-12-09T05:09:47.017+0000] {dag.py:3239} INFO - Sync 1 DAGs
[2024-12-09T05:09:47.029+0000] {logging_mixin.py:190} INFO - [2024-12-09T05:09:47.028+0000] {dag.py:4180} INFO - Setting next_dagrun for tutorial to 2024-12-08 00:00:00+00:00, run_after=2024-12-09 00:00:00+00:00
[2024-12-09T05:09:47.038+0000] {processor.py:208} INFO - Processing /home/airflow/.local/lib/python3.12/site-packages/airflow/example_dags/tutorial.py took 0.040 seconds
[2024-12-09T05:10:17.537+0000] {processor.py:186} INFO - Started process (PID=251) to work on /home/airflow/.local/lib/python3.12/site-packages/airflow/example_dags/tutorial.py
[2024-12-09T05:10:17.538+0000] {processor.py:914} INFO - Processing file /home/airflow/.local/lib/python3.12/site-packages/airflow/example_dags/tutorial.py for tasks to queue
[2024-12-09T05:10:17.539+0000] {logging_mixin.py:190} INFO - [2024-12-09T05:10:17.539+0000] {dagbag.py:588} INFO - Filling up the DagBag from /home/airflow/.local/lib/python3.12/site-packages/airflow/example_dags/tutorial.py
[2024-12-09T05:10:17.544+0000] {processor.py:925} INFO - DAG(s) 'tutorial' retrieved from /home/airflow/.local/lib/python3.12/site-packages/airflow/example_dags/tutorial.py
[2024-12-09T05:10:17.556+0000] {logging_mixin.py:190} INFO - [2024-12-09T05:10:17.556+0000] {dag.py:3239} INFO - Sync 1 DAGs
[2024-12-09T05:10:17.570+0000] {logging_mixin.py:190} INFO - [2024-12-09T05:10:17.570+0000] {dag.py:4180} INFO - Setting next_dagrun for tutorial to 2024-12-08 00:00:00+00:00, run_after=2024-12-09 00:00:00+00:00
[2024-12-09T05:10:17.580+0000] {processor.py:208} INFO - Processing /home/airflow/.local/lib/python3.12/site-packages/airflow/example_dags/tutorial.py took 0.047 seconds
[2024-12-09T05:10:48.154+0000] {processor.py:186} INFO - Started process (PID=313) to work on /home/airflow/.local/lib/python3.12/site-packages/airflow/example_dags/tutorial.py
[2024-12-09T05:10:48.155+0000] {processor.py:914} INFO - Processing file /home/airflow/.local/lib/python3.12/site-packages/airflow/example_dags/tutorial.py for tasks to queue
[2024-12-09T05:10:48.156+0000] {logging_mixin.py:190} INFO - [2024-12-09T05:10:48.156+0000] {dagbag.py:588} INFO - Filling up the DagBag from /home/airflow/.local/lib/python3.12/site-packages/airflow/example_dags/tutorial.py
[2024-12-09T05:10:48.160+0000] {processor.py:925} INFO - DAG(s) 'tutorial' retrieved from /home/airflow/.local/lib/python3.12/site-packages/airflow/example_dags/tutorial.py
[2024-12-09T05:10:48.170+0000] {logging_mixin.py:190} INFO - [2024-12-09T05:10:48.170+0000] {dag.py:3239} INFO - Sync 1 DAGs
[2024-12-09T05:10:48.183+0000] {logging_mixin.py:190} INFO - [2024-12-09T05:10:48.183+0000] {dag.py:4180} INFO - Setting next_dagrun for tutorial to 2024-12-08 00:00:00+00:00, run_after=2024-12-09 00:00:00+00:00
[2024-12-09T05:10:48.192+0000] {processor.py:208} INFO - Processing /home/airflow/.local/lib/python3.12/site-packages/airflow/example_dags/tutorial.py took 0.041 seconds
[2024-12-09T05:11:18.900+0000] {processor.py:186} INFO - Started process (PID=376) to work on /home/airflow/.local/lib/python3.12/site-packages/airflow/example_dags/tutorial.py
[2024-12-09T05:11:18.900+0000] {processor.py:914} INFO - Processing file /home/airflow/.local/lib/python3.12/site-packages/airflow/example_dags/tutorial.py for tasks to queue
[2024-12-09T05:11:18.902+0000] {logging_mixin.py:190} INFO - [2024-12-09T05:11:18.901+0000] {dagbag.py:588} INFO - Filling up the DagBag from /home/airflow/.local/lib/python3.12/site-packages/airflow/example_dags/tutorial.py
[2024-12-09T05:11:18.906+0000] {processor.py:925} INFO - DAG(s) 'tutorial' retrieved from /home/airflow/.local/lib/python3.12/site-packages/airflow/example_dags/tutorial.py
[2024-12-09T05:11:18.916+0000] {logging_mixin.py:190} INFO - [2024-12-09T05:11:18.916+0000] {dag.py:3239} INFO - Sync 1 DAGs
[2024-12-09T05:11:18.929+0000] {logging_mixin.py:190} INFO - [2024-12-09T05:11:18.929+0000] {dag.py:4180} INFO - Setting next_dagrun for tutorial to 2024-12-08 00:00:00+00:00, run_after=2024-12-09 00:00:00+00:00
[2024-12-09T05:11:18.940+0000] {processor.py:208} INFO - Processing /home/airflow/.local/lib/python3.12/site-packages/airflow/example_dags/tutorial.py took 0.043 seconds
[2024-12-09T05:11:49.480+0000] {processor.py:186} INFO - Started process (PID=439) to work on /home/airflow/.local/lib/python3.12/site-packages/airflow/example_dags/tutorial.py
[2024-12-09T05:11:49.480+0000] {processor.py:914} INFO - Processing file /home/airflow/.local/lib/python3.12/site-packages/airflow/example_dags/tutorial.py for tasks to queue
[2024-12-09T05:11:49.482+0000] {logging_mixin.py:190} INFO - [2024-12-09T05:11:49.482+0000] {dagbag.py:588} INFO - Filling up the DagBag from /home/airflow/.local/lib/python3.12/site-packages/airflow/example_dags/tutorial.py
[2024-12-09T05:11:49.487+0000] {processor.py:925} INFO - DAG(s) 'tutorial' retrieved from /home/airflow/.local/lib/python3.12/site-packages/airflow/example_dags/tutorial.py
[2024-12-09T05:11:49.498+0000] {logging_mixin.py:190} INFO - [2024-12-09T05:11:49.497+0000] {dag.py:3239} INFO - Sync 1 DAGs
[2024-12-09T05:11:49.510+0000] {logging_mixin.py:190} INFO - [2024-12-09T05:11:49.510+0000] {dag.py:4180} INFO - Setting next_dagrun for tutorial to 2024-12-08 00:00:00+00:00, run_after=2024-12-09 00:00:00+00:00
[2024-12-09T05:11:49.521+0000] {processor.py:208} INFO - Processing /home/airflow/.local/lib/python3.12/site-packages/airflow/example_dags/tutorial.py took 0.045 seconds
[2024-12-09T05:12:20.075+0000] {processor.py:186} INFO - Started process (PID=502) to work on /home/airflow/.local/lib/python3.12/site-packages/airflow/example_dags/tutorial.py
[2024-12-09T05:12:20.076+0000] {processor.py:914} INFO - Processing file /home/airflow/.local/lib/python3.12/site-packages/airflow/example_dags/tutorial.py for tasks to queue
[2024-12-09T05:12:20.077+0000] {logging_mixin.py:190} INFO - [2024-12-09T05:12:20.077+0000] {dagbag.py:588} INFO - Filling up the DagBag from /home/airflow/.local/lib/python3.12/site-packages/airflow/example_dags/tutorial.py
[2024-12-09T05:12:20.081+0000] {processor.py:925} INFO - DAG(s) 'tutorial' retrieved from /home/airflow/.local/lib/python3.12/site-packages/airflow/example_dags/tutorial.py
[2024-12-09T05:12:20.092+0000] {logging_mixin.py:190} INFO - [2024-12-09T05:12:20.092+0000] {dag.py:3239} INFO - Sync 1 DAGs
[2024-12-09T05:12:20.104+0000] {logging_mixin.py:190} INFO - [2024-12-09T05:12:20.104+0000] {dag.py:4180} INFO - Setting next_dagrun for tutorial to 2024-12-08 00:00:00+00:00, run_after=2024-12-09 00:00:00+00:00
[2024-12-09T05:12:20.113+0000] {processor.py:208} INFO - Processing /home/airflow/.local/lib/python3.12/site-packages/airflow/example_dags/tutorial.py took 0.042 seconds
[2024-12-09T05:12:50.723+0000] {processor.py:186} INFO - Started process (PID=566) to work on /home/airflow/.local/lib/python3.12/site-packages/airflow/example_dags/tutorial.py
[2024-12-09T05:12:50.724+0000] {processor.py:914} INFO - Processing file /home/airflow/.local/lib/python3.12/site-packages/airflow/example_dags/tutorial.py for tasks to queue
[2024-12-09T05:12:50.725+0000] {logging_mixin.py:190} INFO - [2024-12-09T05:12:50.725+0000] {dagbag.py:588} INFO - Filling up the DagBag from /home/airflow/.local/lib/python3.12/site-packages/airflow/example_dags/tutorial.py
[2024-12-09T05:12:50.729+0000] {processor.py:925} INFO - DAG(s) 'tutorial' retrieved from /home/airflow/.local/lib/python3.12/site-packages/airflow/example_dags/tutorial.py
[2024-12-09T05:12:50.740+0000] {logging_mixin.py:190} INFO - [2024-12-09T05:12:50.740+0000] {dag.py:3239} INFO - Sync 1 DAGs
[2024-12-09T05:12:50.753+0000] {logging_mixin.py:190} INFO - [2024-12-09T05:12:50.753+0000] {dag.py:4180} INFO - Setting next_dagrun for tutorial to 2024-12-08 00:00:00+00:00, run_after=2024-12-09 00:00:00+00:00
[2024-12-09T05:12:50.764+0000] {processor.py:208} INFO - Processing /home/airflow/.local/lib/python3.12/site-packages/airflow/example_dags/tutorial.py took 0.044 seconds
[2024-12-09T05:13:21.510+0000] {processor.py:186} INFO - Started process (PID=629) to work on /home/airflow/.local/lib/python3.12/site-packages/airflow/example_dags/tutorial.py
[2024-12-09T05:13:21.510+0000] {processor.py:914} INFO - Processing file /home/airflow/.local/lib/python3.12/site-packages/airflow/example_dags/tutorial.py for tasks to queue
[2024-12-09T05:13:21.512+0000] {logging_mixin.py:190} INFO - [2024-12-09T05:13:21.511+0000] {dagbag.py:588} INFO - Filling up the DagBag from /home/airflow/.local/lib/python3.12/site-packages/airflow/example_dags/tutorial.py
[2024-12-09T05:13:21.517+0000] {processor.py:925} INFO - DAG(s) 'tutorial' retrieved from /home/airflow/.local/lib/python3.12/site-packages/airflow/example_dags/tutorial.py
[2024-12-09T05:13:21.527+0000] {logging_mixin.py:190} INFO - [2024-12-09T05:13:21.527+0000] {dag.py:3239} INFO - Sync 1 DAGs
[2024-12-09T05:13:21.539+0000] {logging_mixin.py:190} INFO - [2024-12-09T05:13:21.539+0000] {dag.py:4180} INFO - Setting next_dagrun for tutorial to 2024-12-08 00:00:00+00:00, run_after=2024-12-09 00:00:00+00:00
[2024-12-09T05:13:21.549+0000] {processor.py:208} INFO - Processing /home/airflow/.local/lib/python3.12/site-packages/airflow/example_dags/tutorial.py took 0.043 seconds
[2024-12-09T05:13:52.051+0000] {processor.py:186} INFO - Started process (PID=692) to work on /home/airflow/.local/lib/python3.12/site-packages/airflow/example_dags/tutorial.py
[2024-12-09T05:13:52.052+0000] {processor.py:914} INFO - Processing file /home/airflow/.local/lib/python3.12/site-packages/airflow/example_dags/tutorial.py for tasks to queue
[2024-12-09T05:13:52.053+0000] {logging_mixin.py:190} INFO - [2024-12-09T05:13:52.053+0000] {dagbag.py:588} INFO - Filling up the DagBag from /home/airflow/.local/lib/python3.12/site-packages/airflow/example_dags/tutorial.py
[2024-12-09T05:13:52.058+0000] {processor.py:925} INFO - DAG(s) 'tutorial' retrieved from /home/airflow/.local/lib/python3.12/site-packages/airflow/example_dags/tutorial.py
[2024-12-09T05:13:52.068+0000] {logging_mixin.py:190} INFO - [2024-12-09T05:13:52.068+0000] {dag.py:3239} INFO - Sync 1 DAGs
[2024-12-09T05:13:52.080+0000] {logging_mixin.py:190} INFO - [2024-12-09T05:13:52.080+0000] {dag.py:4180} INFO - Setting next_dagrun for tutorial to 2024-12-08 00:00:00+00:00, run_after=2024-12-09 00:00:00+00:00
[2024-12-09T05:13:52.090+0000] {processor.py:208} INFO - Processing /home/airflow/.local/lib/python3.12/site-packages/airflow/example_dags/tutorial.py took 0.042 seconds
[2024-12-09T05:14:22.586+0000] {processor.py:186} INFO - Started process (PID=755) to work on /home/airflow/.local/lib/python3.12/site-packages/airflow/example_dags/tutorial.py
[2024-12-09T05:14:22.587+0000] {processor.py:914} INFO - Processing file /home/airflow/.local/lib/python3.12/site-packages/airflow/example_dags/tutorial.py for tasks to queue
[2024-12-09T05:14:22.588+0000] {logging_mixin.py:190} INFO - [2024-12-09T05:14:22.588+0000] {dagbag.py:588} INFO - Filling up the DagBag from /home/airflow/.local/lib/python3.12/site-packages/airflow/example_dags/tutorial.py
[2024-12-09T05:14:22.592+0000] {processor.py:925} INFO - DAG(s) 'tutorial' retrieved from /home/airflow/.local/lib/python3.12/site-packages/airflow/example_dags/tutorial.py
[2024-12-09T05:14:22.603+0000] {logging_mixin.py:190} INFO - [2024-12-09T05:14:22.603+0000] {dag.py:3239} INFO - Sync 1 DAGs
[2024-12-09T05:14:22.615+0000] {logging_mixin.py:190} INFO - [2024-12-09T05:14:22.615+0000] {dag.py:4180} INFO - Setting next_dagrun for tutorial to 2024-12-08 00:00:00+00:00, run_after=2024-12-09 00:00:00+00:00
[2024-12-09T05:14:22.624+0000] {processor.py:208} INFO - Processing /home/airflow/.local/lib/python3.12/site-packages/airflow/example_dags/tutorial.py took 0.041 seconds
[2024-12-09T05:14:53.154+0000] {processor.py:186} INFO - Started process (PID=818) to work on /home/airflow/.local/lib/python3.12/site-packages/airflow/example_dags/tutorial.py
[2024-12-09T05:14:53.154+0000] {processor.py:914} INFO - Processing file /home/airflow/.local/lib/python3.12/site-packages/airflow/example_dags/tutorial.py for tasks to queue
[2024-12-09T05:14:53.156+0000] {logging_mixin.py:190} INFO - [2024-12-09T05:14:53.156+0000] {dagbag.py:588} INFO - Filling up the DagBag from /home/airflow/.local/lib/python3.12/site-packages/airflow/example_dags/tutorial.py
[2024-12-09T05:14:53.161+0000] {processor.py:925} INFO - DAG(s) 'tutorial' retrieved from /home/airflow/.local/lib/python3.12/site-packages/airflow/example_dags/tutorial.py
[2024-12-09T05:14:53.171+0000] {logging_mixin.py:190} INFO - [2024-12-09T05:14:53.171+0000] {dag.py:3239} INFO - Sync 1 DAGs
[2024-12-09T05:14:53.184+0000] {logging_mixin.py:190} INFO - [2024-12-09T05:14:53.184+0000] {dag.py:4180} INFO - Setting next_dagrun for tutorial to 2024-12-08 00:00:00+00:00, run_after=2024-12-09 00:00:00+00:00
[2024-12-09T05:14:53.194+0000] {processor.py:208} INFO - Processing /home/airflow/.local/lib/python3.12/site-packages/airflow/example_dags/tutorial.py took 0.043 seconds
[2024-12-09T05:15:23.805+0000] {processor.py:186} INFO - Started process (PID=881) to work on /home/airflow/.local/lib/python3.12/site-packages/airflow/example_dags/tutorial.py
[2024-12-09T05:15:23.805+0000] {processor.py:914} INFO - Processing file /home/airflow/.local/lib/python3.12/site-packages/airflow/example_dags/tutorial.py for tasks to queue
[2024-12-09T05:15:23.807+0000] {logging_mixin.py:190} INFO - [2024-12-09T05:15:23.807+0000] {dagbag.py:588} INFO - Filling up the DagBag from /home/airflow/.local/lib/python3.12/site-packages/airflow/example_dags/tutorial.py
[2024-12-09T05:15:23.811+0000] {processor.py:925} INFO - DAG(s) 'tutorial' retrieved from /home/airflow/.local/lib/python3.12/site-packages/airflow/example_dags/tutorial.py
[2024-12-09T05:15:23.822+0000] {logging_mixin.py:190} INFO - [2024-12-09T05:15:23.822+0000] {dag.py:3239} INFO - Sync 1 DAGs
[2024-12-09T05:15:23.835+0000] {logging_mixin.py:190} INFO - [2024-12-09T05:15:23.835+0000] {dag.py:4180} INFO - Setting next_dagrun for tutorial to 2024-12-08 00:00:00+00:00, run_after=2024-12-09 00:00:00+00:00
[2024-12-09T05:15:23.844+0000] {processor.py:208} INFO - Processing /home/airflow/.local/lib/python3.12/site-packages/airflow/example_dags/tutorial.py took 0.043 seconds
[2024-12-09T05:15:54.489+0000] {processor.py:186} INFO - Started process (PID=944) to work on /home/airflow/.local/lib/python3.12/site-packages/airflow/example_dags/tutorial.py
[2024-12-09T05:15:54.490+0000] {processor.py:914} INFO - Processing file /home/airflow/.local/lib/python3.12/site-packages/airflow/example_dags/tutorial.py for tasks to queue
[2024-12-09T05:15:54.491+0000] {logging_mixin.py:190} INFO - [2024-12-09T05:15:54.491+0000] {dagbag.py:588} INFO - Filling up the DagBag from /home/airflow/.local/lib/python3.12/site-packages/airflow/example_dags/tutorial.py
[2024-12-09T05:15:54.496+0000] {processor.py:925} INFO - DAG(s) 'tutorial' retrieved from /home/airflow/.local/lib/python3.12/site-packages/airflow/example_dags/tutorial.py
[2024-12-09T05:15:54.507+0000] {logging_mixin.py:190} INFO - [2024-12-09T05:15:54.507+0000] {dag.py:3239} INFO - Sync 1 DAGs
[2024-12-09T05:15:54.519+0000] {logging_mixin.py:190} INFO - [2024-12-09T05:15:54.519+0000] {dag.py:4180} INFO - Setting next_dagrun for tutorial to 2024-12-08 00:00:00+00:00, run_after=2024-12-09 00:00:00+00:00
[2024-12-09T05:15:54.528+0000] {processor.py:208} INFO - Processing /home/airflow/.local/lib/python3.12/site-packages/airflow/example_dags/tutorial.py took 0.043 seconds
[2024-12-09T05:16:25.002+0000] {processor.py:186} INFO - Started process (PID=1006) to work on /home/airflow/.local/lib/python3.12/site-packages/airflow/example_dags/tutorial.py
[2024-12-09T05:16:25.003+0000] {processor.py:914} INFO - Processing file /home/airflow/.local/lib/python3.12/site-packages/airflow/example_dags/tutorial.py for tasks to queue
[2024-12-09T05:16:25.004+0000] {logging_mixin.py:190} INFO - [2024-12-09T05:16:25.004+0000] {dagbag.py:588} INFO - Filling up the DagBag from /home/airflow/.local/lib/python3.12/site-packages/airflow/example_dags/tutorial.py
[2024-12-09T05:16:25.009+0000] {processor.py:925} INFO - DAG(s) 'tutorial' retrieved from /home/airflow/.local/lib/python3.12/site-packages/airflow/example_dags/tutorial.py
[2024-12-09T05:16:25.019+0000] {logging_mixin.py:190} INFO - [2024-12-09T05:16:25.019+0000] {dag.py:3239} INFO - Sync 1 DAGs
[2024-12-09T05:16:25.032+0000] {logging_mixin.py:190} INFO - [2024-12-09T05:16:25.032+0000] {dag.py:4180} INFO - Setting next_dagrun for tutorial to 2024-12-08 00:00:00+00:00, run_after=2024-12-09 00:00:00+00:00
[2024-12-09T05:16:25.042+0000] {processor.py:208} INFO - Processing /home/airflow/.local/lib/python3.12/site-packages/airflow/example_dags/tutorial.py took 0.043 seconds
[2024-12-09T05:16:55.830+0000] {processor.py:186} INFO - Started process (PID=1069) to work on /home/airflow/.local/lib/python3.12/site-packages/airflow/example_dags/tutorial.py
[2024-12-09T05:16:55.831+0000] {processor.py:914} INFO - Processing file /home/airflow/.local/lib/python3.12/site-packages/airflow/example_dags/tutorial.py for tasks to queue
[2024-12-09T05:16:55.833+0000] {logging_mixin.py:190} INFO - [2024-12-09T05:16:55.832+0000] {dagbag.py:588} INFO - Filling up the DagBag from /home/airflow/.local/lib/python3.12/site-packages/airflow/example_dags/tutorial.py
[2024-12-09T05:16:55.838+0000] {processor.py:925} INFO - DAG(s) 'tutorial' retrieved from /home/airflow/.local/lib/python3.12/site-packages/airflow/example_dags/tutorial.py
[2024-12-09T05:16:55.849+0000] {logging_mixin.py:190} INFO - [2024-12-09T05:16:55.849+0000] {dag.py:3239} INFO - Sync 1 DAGs
[2024-12-09T05:16:55.863+0000] {logging_mixin.py:190} INFO - [2024-12-09T05:16:55.863+0000] {dag.py:4180} INFO - Setting next_dagrun for tutorial to 2024-12-08 00:00:00+00:00, run_after=2024-12-09 00:00:00+00:00
[2024-12-09T05:16:55.874+0000] {processor.py:208} INFO - Processing /home/airflow/.local/lib/python3.12/site-packages/airflow/example_dags/tutorial.py took 0.048 seconds
